View "Exported field " {
ST (0.505197,0.505539,0,0.497739,0.498268,0,0.505137,0.490934,0) {-1.04345,-1.04337,-1.04345};
ST (0.521377,0.49818,0,0.505197,0.505539,0,0.505137,0.490934,0) {-0.657514,-0.656561,-0.656559};
ST (0.518591,0.518735,0,0.505197,0.505539,0,0.521377,0.49818,0) {-1.02028,-1.01939,-1.02052};
ST (0.521377,0.49818,0,0.505137,0.490934,0,0.518445,0.477736,0) {-1.0207,-1.01957,-1.02044};
ST (0.540442,0.510619,0,0.518591,0.518735,0,0.521377,0.49818,0) {-0.792718,-0.789685,-0.790007};
ST (0.540378,0.485809,0,0.540442,0.510619,0,0.521377,0.49818,0) {-0.983291,-0.983303,-0.980251};
ST (0.564188,0.498221,0,0.540442,0.510619,0,0.540378,0.485809,0) {-0.783863,-0.777991,-0.777977};
ST (0.540378,0.485809,0,0.521377,0.49818,0,0.518445,0.477736,0) {-0.79481,-0.792112,-0.791775};
ST (0.535877,0.535868,0,0.518591,0.518735,0,0.540442,0.510619,0) {-0.989774,-0.987267,-0.990559};
ST (0.56221,0.526941,0,0.535877,0.535868,0,0.540442,0.510619,0) {-0.84505,-0.838887,-0.839834};
ST (0.556326,0.556165,0,0.535877,0.535868,0,0.56221,0.526941,0) {-0.951845,-0.946941,-0.953445};
ST (0.56221,0.526941,0,0.540442,0.510619,0,0.564188,0.498221,0) {-0.94149,-0.935774,-0.942067};
ST (0.540378,0.485809,0,0.518445,0.477736,0,0.535668,0.460691,0) {-0.990809,-0.987518,-0.990002};
ST (0.562102,0.469571,0,0.540378,0.485809,0,0.535668,0.460691,0) {-0.845949,-0.840754,-0.83978};
ST (0.564188,0.498221,0,0.540378,0.485809,0,0.562102,0.469571,0) {-0.942084,-0.935779,-0.941476};
ST (0.562102,0.469571,0,0.535668,0.460691,0,0.556082,0.440494,0) {-0.953849,-0.947343,-0.952218};
ST (0.586463,0.546507,0,0.556326,0.556165,0,0.56221,0.526941,0) {-0.848071,-0.837765,-0.839605};
ST (0.589976,0.514272,0,0.586463,0.546507,0,0.56221,0.526941,0) {-0.893481,-0.892043,-0.882924};
ST (0.617725,0.533498,0,0.586463,0.546507,0,0.589976,0.514272,0) {-0.796414,-0.78123,-0.782822};
ST (0.589976,0.514272,0,0.56221,0.526941,0,0.564188,0.498221,0) {-0.79783,-0.787768,-0.788423};
ST (0.619286,0.498297,0,0.617725,0.533498,0,0.589976,0.514272,0) {-0.821074,-0.820217,-0.805915};
ST (0.589931,0.482258,0,0.619286,0.498297,0,0.589976,0.514272,0) {-0.749103,-0.763649,-0.749124};
ST (0.617652,0.463138,0,0.619286,0.498297,0,0.589931,0.482258,0) {-0.820453,-0.821351,-0.806172};
ST (0.589931,0.482258,0,0.589976,0.514272,0,0.564188,0.498221,0) {-0.887488,-0.887507,-0.877529};
ST (0.650198,0.51742,0,0.617725,0.533498,0,0.619286,0.498297,0) {-0.74049,-0.720012,-0.720942};
ST (0.650158,0.479324,0,0.650198,0.51742,0,0.619286,0.498297,0) {-0.729535,-0.729562,-0.709262};
ST (0.683913,0.498445,0,0.650198,0.51742,0,0.650158,0.479324,0) {-0.705568,-0.679442,-0.679413};
ST (0.650158,0.479324,0,0.619286,0.498297,0,0.617652,0.463138,0) {-0.741383,-0.721864,-0.720891};
ST (0.589931,0.482258,0,0.564188,0.498221,0,0.562102,0.469571,0) {-0.798518,-0.789133,-0.788442};
ST (0.586322,0.450136,0,0.589931,0.482258,0,0.562102,0.469571,0) {-0.892223,-0.893698,-0.883129};
ST (0.617652,0.463138,0,0.589931,0.482258,0,0.586322,0.450136,0) {-0.797615,-0.784045,-0.782412};
ST (0.586322,0.450136,0,0.562102,0.469571,0,0.556082,0.440494,0) {-0.849008,-0.84057,-0.838692};
ST (0.579546,0.579227,0,0.556326,0.556165,0,0.586463,0.546507,0) {-0.902475,-0.894404,-0.905129};
ST (0.613015,0.568952,0,0.579546,0.579227,0,0.586463,0.546507,0) {-0.828078,-0.812677,-0.815643};
ST (0.605276,0.604818,0,0.579546,0.579227,0,0.613015,0.568952,0) {-0.840714,-0.828729,-0.844623};
ST (0.613015,0.568952,0,0.586463,0.546507,0,0.617725,0.533498,0) {-0.827634,-0.814406,-0.830152};
ST (0.64174,0.594045,0,0.605276,0.604818,0,0.613015,0.568952,0) {-0.800606,-0.77923,-0.783512};
ST (0.647371,0.555622,0,0.64174,0.594045,0,0.613015,0.568952,0) {-0.752544,-0.748796,-0.730785};
ST (0.678872,0.580436,0,0.64174,0.594045,0,0.647371,0.555622,0) {-0.747236,-0.719439,-0.723461};
ST (0.647371,0.555622,0,0.613015,0.568952,0,0.617725,0.533498,0) {-0.776157,-0.75502,-0.757759};
ST (0.633351,0.632803,0,0.605276,0.604818,0,0.64174,0.594045,0) {-0.765027,-0.748402,-0.770342};
ST (0.672532,0.621662,0,0.633351,0.632803,0,0.64174,0.594045,0) {-0.766873,-0.738751,-0.744488};
ST (0.663668,0.663099,0,0.633351,0.632803,0,0.672532,0.621662,0) {-0.675978,-0.654026,-0.682774};
ST (0.672532,0.621662,0,0.64174,0.594045,0,0.678872,0.580436,0) {-0.656828,-0.633428,-0.661899};
ST (0.647371,0.555622,0,0.617725,0.533498,0,0.650198,0.51742,0) {-0.734672,-0.715445,-0.736608};
ST (0.682667,0.539388,0,0.647371,0.555622,0,0.650198,0.51742,0) {-0.721411,-0.694316,-0.696387};
ST (0.678872,0.580436,0,0.647371,0.555622,0,0.682667,0.539388,0) {-0.639089,-0.61439,-0.642207};
ST (0.682667,0.539388,0,0.650198,0.51742,0,0.683913,0.498445,0) {-0.627228,-0.601359,-0.628265};
ST (0.586322,0.450136,0,0.556082,0.440494,0,0.579283,0.417575,0) {-0.905383,-0.894651,-0.902689};
ST (0.612854,0.427824,0,0.586322,0.450136,0,0.579283,0.417575,0) {-0.829568,-0.817164,-0.814152};
ST (0.617652,0.463138,0,0.586322,0.450136,0,0.612854,0.427824,0) {-0.830405,-0.814641,-0.827842};
ST (0.612854,0.427824,0,0.579283,0.417575,0,0.604995,0.392122,0) {-0.844816,-0.828908,-0.840855};
ST (0.647265,0.441204,0,0.617652,0.463138,0,0.612854,0.427824,0) {-0.777586,-0.759223,-0.756435};
ST (0.641549,0.402918,0,0.647265,0.441204,0,0.612854,0.427824,0) {-0.749197,-0.752998,-0.731227};
ST (0.67874,0.4166,0,0.647265,0.441204,0,0.641549,0.402918,0) {-0.748358,-0.72462,-0.72054};
ST (0.641549,0.402918,0,0.612854,0.427824,0,0.604995,0.392122,0) {-0.802178,-0.785127,-0.780787};
ST (0.650158,0.479324,0,0.617652,0.463138,0,0.647265,0.441204,0) {-0.737188,-0.716013,-0.735208};
ST (0.682593,0.457557,0,0.650158,0.479324,0,0.647265,0.441204,0) {-0.722094,-0.697106,-0.694988};
ST (0.683913,0.498445,0,0.650158,0.479324,0,0.682593,0.457557,0) {-0.628677,-0.601743,-0.627578};
ST (0.682593,0.457557,0,0.647265,0.441204,0,0.67874,0.4166,0) {-0.642915,-0.615087,-0.639751};
ST (0.641549,0.402918,0,0.604995,0.392122,0,0.633056,0.364362,0) {-0.770577,-0.748623,-0.765205};
ST (0.672332,0.375556,0,0.641549,0.402918,0,0.633056,0.364362,0) {-0.767926,-0.745576,-0.739777};
ST (0.67874,0.4166,0,0.641549,0.402918,0,0.672332,0.375556,0) {-0.662341,-0.633852,-0.65722};
ST (0.672332,0.375556,0,0.633056,0.364362,0,0.663398,0.334347,0) {-0.682999,-0.654224,-0.676158};
ST (0.705315,0.651756,0,0.663668,0.663099,0,0.672532,0.621662,0) {-0.725821,-0.690342,-0.697591};
ST (0.712133,0.607882,0,0.705315,0.651756,0,0.672532,0.621662,0) {-0.561042,-0.554674,-0.52536};
ST (0.747178,0.637903,0,0.705315,0.651756,0,0.712133,0.607882,0) {-0.666215,-0.62369,-0.630389};
ST (0.712133,0.607882,0,0.672532,0.621662,0,0.678872,0.580436,0) {-0.70819,-0.673216,-0.678599};
ST (0.75216,0.591477,0,0.747178,0.637903,0,0.712133,0.607882,0) {-0.436231,-0.430813,-0.393973};
ST (0.716652,0.564095,0,0.75216,0.591477,0,0.712133,0.607882,0) {-0.619237,-0.656208,-0.6147};
ST (0.755114,0.545065,0,0.75216,0.591477,0,0.716652,0.564095,0) {-0.424801,-0.421546,-0.383644};
ST (0.716652,0.564095,0,0.712133,0.607882,0,0.678872,0.580436,0) {-0.541752,-0.537428,-0.506851};
ST (0.789183,0.621504,0,0.747178,0.637903,0,0.75216,0.591477,0) {-0.610823,-0.56196,-0.567601};
ST (0.79257,0.572457,0,0.789183,0.621504,0,0.75216,0.591477,0) {-0.316029,-0.311883,-0.267748};
ST (0.831303,0.602525,0,0.789183,0.621504,0,0.79257,0.572457,0) {-0.535704,-0.48131,-0.485591};
ST (0.79257,0.572457,0,0.75216,0.591477,0,0.755114,0.545065,0) {-0.59241,-0.544872,-0.548255};
ST (0.716652,0.564095,0,0.678872,0.580436,0,0.682667,0.539388,0) {-0.697322,-0.663166,-0.666466};
ST (0.718889,0.520392,0,0.716652,0.564095,0,0.682667,0.539388,0) {-0.528568,-0.526398,-0.494636};
ST (0.755114,0.545065,0,0.716652,0.564095,0,0.718889,0.520392,0) {-0.646861,-0.606482,-0.608755};
ST (0.718889,0.520392,0,0.682667,0.539388,0,0.683913,0.498445,0) {-0.682581,-0.649437,-0.650533};
ST (0.83337,0.550814,0,0.831303,0.602525,0,0.79257,0.572457,0) {-0.189146,-0.186374,-0.135477};
ST (0.794238,0.523404,0,0.83337,0.550814,0,0.79257,0.572457,0) {-0.458209,-0.509069,-0.456089};
ST (0.834053,0.499094,0,0.83337,0.550814,0,0.794238,0.523404,0) {-0.187864,-0.186946,-0.135348};
ST (0.794238,0.523404,0,0.79257,0.572457,0,0.755114,0.545065,0) {-0.308782,-0.306728,-0.261727};
ST (0.794226,0.474387,0,0.834053,0.499094,0,0.794238,0.523404,0) {-0.444736,-0.49656,-0.444751};
ST (0.756071,0.498714,0,0.794226,0.474387,0,0.794238,0.523404,0) {-0.259442,-0.305414,-0.305429};
ST (0.75507,0.452388,0,0.794226,0.474387,0,0.756071,0.498714,0) {-0.527766,-0.574093,-0.528919};
ST (0.756071,0.498714,0,0.794238,0.523404,0,0.755114,0.545065,0) {-0.52861,-0.5738,-0.527508};
ST (0.833355,0.447431,0,0.834053,0.499094,0,0.794226,0.474387,0) {-0.187149,-0.188087,-0.135557};
ST (0.792531,0.425431,0,0.833355,0.447431,0,0.794226,0.474387,0) {-0.456702,-0.50971,-0.458856};
ST (0.831274,0.39583,0,0.833355,0.447431,0,0.792531,0.425431,0) {-0.18663,-0.189421,-0.135723};
ST (0.792531,0.425431,0,0.794226,0.474387,0,0.75507,0.452388,0) {-0.306968,-0.309056,-0.261966};
ST (0.756071,0.498714,0,0.755114,0.545065,0,0.718889,0.520392,0) {-0.420591,-0.41953,-0.380559};
ST (0.71886,0.476755,0,0.756071,0.498714,0,0.718889,0.520392,0) {-0.59921,-0.638456,-0.599239};
ST (0.75507,0.452388,0,0.756071,0.498714,0,0.71886,0.476755,0) {-0.419548,-0.420658,-0.380598};
ST (0.71886,0.476755,0,0.718889,0.520392,0,0.683913,0.498445,0) {-0.523711,-0.523739,-0.490852};
ST (0.873473,0.580922,0,0.831303,0.602525,0,0.83337,0.550814,0) {-0.442095,-0.38316,-0.386001};
ST (0.874526,0.526526,0,0.873473,0.580922,0,0.83337,0.550814,0) {-0.0636294,-0.0621173,-0.00538877};
ST (0.915664,0.556655,0,0.873473,0.580922,0,0.874526,0.526526,0) {-0.345511,-0.283081,-0.284621};
ST (0.874526,0.526526,0,0.83337,0.550814,0,0.834053,0.499094,0) {-0.432595,-0.374945,-0.375886};
ST (0.916016,0.499563,0,0.915664,0.556655,0,0.874526,0.526526,0) {0.0612517,0.0617821,0.123139};
ST (0.874519,0.472145,0,0.916016,0.499563,0,0.874526,0.526526,0) {-0.28237,-0.343813,-0.28238};
ST (0.915655,0.442499,0,0.916016,0.499563,0,0.874519,0.472145,0) {0.0614718,0.0609277,0.122825};
ST (0.874519,0.472145,0,0.874526,0.526526,0,0.834053,0.499094,0) {-0.065827,-0.0658372,-0.00852288};
ST (0.957837,0.529687,0,0.915664,0.556655,0,0.916016,0.499563,0) {-0.247188,-0.182405,-0.182941};
ST (0.957833,0.469897,0,0.957837,0.529687,0,0.916016,0.499563,0) {0.196597,0.196591,0.261124};
ST (1,0.5,0,0.957837,0.529687,0,0.957833,0.469897,0) {-0.15373,-0.08771,-0.0877036};
ST (0.957833,0.469897,0,0.916016,0.499563,0,0.915655,0.442499,0) {-0.247078,-0.182837,-0.182286};
ST (0.874519,0.472145,0,0.834053,0.499094,0,0.833355,0.447431,0) {-0.43262,-0.375921,-0.37496};
ST (0.873455,0.417822,0,0.874519,0.472145,0,0.833355,0.447431,0) {-0.062408,-0.063936,-0.00568507};
ST (0.915655,0.442499,0,0.874519,0.472145,0,0.873455,0.417822,0) {-0.345242,-0.284356,-0.2828};
ST (0.873455,0.417822,0,0.833355,0.447431,0,0.831274,0.39583,0) {-0.442351,-0.386262,-0.383402};
ST (0.71886,0.476755,0,0.683913,0.498445,0,0.682593,0.457557,0) {-0.682727,-0.650708,-0.649547};
ST (0.716571,0.433133,0,0.71886,0.476755,0,0.682593,0.457557,0) {-0.526633,-0.528853,-0.494887};
ST (0.75507,0.452388,0,0.71886,0.476755,0,0.716571,0.433133,0) {-0.646822,-0.608737,-0.606411};
ST (0.716571,0.433133,0,0.682593,0.457557,0,0.67874,0.4166,0) {-0.697314,-0.666477,-0.663128};
ST (0.752077,0.406123,0,0.75507,0.452388,0,0.716571,0.433133,0) {-0.421619,-0.424916,-0.383729};
ST (0.712006,0.389497,0,0.752077,0.406123,0,0.716571,0.433133,0) {-0.614808,-0.656346,-0.619389};
ST (0.74708,0.359866,0,0.752077,0.406123,0,0.712006,0.389497,0) {-0.431019,-0.436452,-0.394163};
ST (0.712006,0.389497,0,0.716571,0.433133,0,0.67874,0.4166,0) {-0.537875,-0.542241,-0.50731};
ST (0.792531,0.425431,0,0.75507,0.452388,0,0.752077,0.406123,0) {-0.593137,-0.548982,-0.545554};
ST (0.789125,0.376541,0,0.792531,0.425431,0,0.752077,0.406123,0) {-0.311878,-0.316046,-0.267721};
ST (0.831274,0.39583,0,0.792531,0.425431,0,0.789125,0.376541,0) {-0.536307,-0.486186,-0.481881};
ST (0.789125,0.376541,0,0.752077,0.406123,0,0.74708,0.359866,0) {-0.611282,-0.568039,-0.562383};
ST (0.712006,0.389497,0,0.67874,0.4166,0,0.672332,0.375556,0) {-0.708712,-0.679136,-0.6737};
ST (0.705144,0.345828,0,0.712006,0.389497,0,0.672332,0.375556,0) {-0.554859,-0.561263,-0.525542};
ST (0.74708,0.359866,0,0.712006,0.389497,0,0.705144,0.345828,0) {-0.666818,-0.630979,-0.62424};
ST (0.705144,0.345828,0,0.672332,0.375556,0,0.663398,0.334347,0) {-0.726859,-0.69863,-0.691333};
ST (0.696181,0.695691,0,0.663668,0.663099,0,0.705315,0.651756,0) {-0.575801,-0.547878,-0.584035};
ST (0.740116,0.684285,0,0.696181,0.695691,0,0.705315,0.651756,0) {-0.691272,-0.64796,-0.656658};
ST (0.730955,0.730566,0,0.696181,0.695691,0,0.740116,0.684285,0) {-0.478158,-0.443611,-0.48764};
ST (0.740116,0.684285,0,0.705315,0.651756,0,0.747178,0.637903,0) {-0.450245,-0.414514,-0.457768};
ST (0.777022,0.719265,0,0.730955,0.730566,0,0.740116,0.684285,0) {-0.656459,-0.605034,-0.614965};
ST (0.784018,0.670464,0,0.777022,0.719265,0,0.740116,0.684285,0) {-0.349934,-0.341605,-0.299003};
ST (0.822779,0.705609,0,0.777022,0.719265,0,0.784018,0.670464,0) {-0.572009,-0.51424,-0.522872};
ST (0.784018,0.670464,0,0.740116,0.684285,0,0.747178,0.637903,0) {-0.628226,-0.578027,-0.58588};
ST (0.768072,0.767775,0,0.730955,0.730566,0,0.777022,0.719265,0) {-0.378744,-0.336996,-0.38916};
ST (0.816139,0.756775,0,0.768072,0.767775,0,0.777022,0.719265,0) {-0.59571,-0.536125,-0.546951};
ST (0.807691,0.807479,0,0.768072,0.767775,0,0.816139,0.756775,0) {-0.272424,-0.222949,-0.283272};
ST (0.816139,0.756775,0,0.777022,0.719265,0,0.822779,0.705609,0) {-0.231493,-0.181684,-0.240163};
ST (0.784018,0.670464,0,0.747178,0.637903,0,0.789183,0.621504,0) {-0.318644,-0.2753,-0.324896};
ST (0.827786,0.654145,0,0.784018,0.670464,0,0.789183,0.621504,0) {-0.553859,-0.497857,-0.504321};
ST (0.822779,0.705609,0,0.784018,0.670464,0,0.827786,0.654145,0) {-0.202014,-0.151939,-0.208634};
ST (0.827786,0.654145,0,0.789183,0.621504,0,0.831303,0.602525,0) {-0.190229,-0.139841,-0.194919};
ST (0.857648,0.797011,0,0.807691,0.807479,0,0.816139,0.756775,0) {-0.516755,-0.449239,-0.460433};
ST (0.863556,0.743426,0,0.857648,0.797011,0,0.816139,0.756775,0) {-0.112362,-0.104051,-0.0467926};
ST (0.906543,0.784128,0,0.857648,0.797011,0,0.863556,0.743426,0) {-0.41635,-0.345046,-0.353543};
ST (0.863556,0.743426,0,0.816139,0.756775,0,0.822779,0.705609,0) {-0.496875,-0.431962,-0.440886};
ST (0.910105,0.727527,0,0.906543,0.784128,0,0.863556,0.743426,0) {0.0536121,0.0589379,0.122402};
ST (0.868058,0.689449,0,0.910105,0.727527,0,0.863556,0.743426,0) {-0.337263,-0.399023,-0.330745};
ST (0.912748,0.67069,0,0.910105,0.727527,0,0.868058,0.689449,0) {0.075486,0.0794507,0.141792};
ST (0.868058,0.689449,0,0.863556,0.743426,0,0.822779,0.705609,0) {-0.0789316,-0.0725458,-0.0157319};
ST (0.954044,0.768507,0,0.906543,0.784128,0,0.910105,0.727527,0) {-0.298424,-0.225784,-0.231185};
ST (0.955611,0.708912,0,0.954044,0.768507,0,0.910105,0.727527,0) {0.209904,0.212332,0.279948};
ST (1,0.75,0,0.954044,0.768507,0,0.955611,0.708912,0) {-0.15543,-0.0835096,-0.0859536};
ST (0.955611,0.708912,0,0.910105,0.727527,0,0.912748,0.67069,0) {-0.277651,-0.207931,-0.211948};
ST (0.868058,0.689449,0,0.822779,0.705609,0,0.827786,0.654145,0) {-0.477832,-0.415253,-0.422053};
ST (0.87133,0.635251,0,0.868058,0.689449,0,0.827786,0.654145,0) {-0.0622856,-0.0576166,-0.00109844};
ST (0.912748,0.67069,0,0.868058,0.689449,0,0.87133,0.635251,0) {-0.374819,-0.308994,-0.313754};
ST (0.87133,0.635251,0,0.827786,0.654145,0,0.831303,0.602525,0) {-0.458328,-0.39774,-0.402552};
ST (0.850032,0.849897,0,0.807691,0.807479,0,0.857648,0.797011,0) {-0.144961,-0.0873388,-0.155553};
ST (0.901808,0.84023,0,0.850032,0.849897,0,0.857648,0.797011,0) {-0.430934,-0.356025,-0.366879};
ST (0.895515,0.895445,0,0.850032,0.849897,0,0.901808,0.84023,0) {-0.0297145,0.0364997,-0.0390209};
ST (0.901808,0.84023,0,0.857648,0.797011,0,0.906543,0.784128,0) {0.0237378,0.0885509,0.0166905};
ST (0.949041,0.886842,0,0.895515,0.895445,0,0.901808,0.84023,0) {-0.324756,-0.243418,-0.252884};
ST (0.951919,0.827883,0,0.949041,0.886842,0,0.901808,0.84023,0) {0.138672,0.143119,0.2155};
ST (1,0.875,0,0.949041,0.886842,0,0.951919,0.827883,0) {-0.189895,-0.110207,-0.11469};
ST (0.951919,0.827883,0,0.901808,0.84023,0,0.906543,0.784128,0) {-0.309518,-0.233087,-0.240243};
ST (0.944835,0.944811,0,0.895515,0.895445,0,0.949041,0.886842,0) {0.128787,0.204098,0.122304};
ST (1,0.9375,0,0.944835,0.944811,0,0.949041,0.886842,0) {-0.188465,-0.102262,-0.108805};
ST (1,1,0,0.944835,0.944811,0,1,0.9375,0) {0.31809,0.40449,0.31809};
ST (1,0.9375,0,0.949041,0.886842,0,1,0.875,0) {0.305724,0.385571,0.305724};
ST (0.951919,0.827883,0,0.906543,0.784128,0,0.954044,0.768507,0) {0.187919,0.257624,0.18463};
ST (1,0.8125,0,0.951919,0.827883,0,0.954044,0.768507,0) {-0.17649,-0.101269,-0.104581};
ST (1,0.875,0,0.951919,0.827883,0,1,0.8125,0) {0.311333,0.386692,0.311333};
ST (1,0.8125,0,0.954044,0.768507,0,1,0.75,0) {0.345618,0.41766,0.345618};
ST (0.87133,0.635251,0,0.831303,0.602525,0,0.873473,0.580922,0) {-0.0569147,-0.000460628,-0.0599851};
ST (0.914576,0.61371,0,0.87133,0.635251,0,0.873473,0.580922,0) {-0.353603,-0.289722,-0.29285};
ST (0.912748,0.67069,0,0.87133,0.635251,0,0.914576,0.61371,0) {0.0823543,0.143947,0.0796054};
ST (0.914576,0.61371,0,0.873473,0.580922,0,0.915664,0.556655,0) {0.0717828,0.133026,0.0701444};
ST (0.956738,0.649219,0,0.912748,0.67069,0,0.914576,0.61371,0) {-0.260523,-0.193037,-0.19582};
ST (0.957472,0.589469,0,0.956738,0.649219,0,0.914576,0.61371,0) {0.215329,0.216468,0.281483};
ST (1,0.625,0,0.956738,0.649219,0,0.957472,0.589469,0) {-0.158734,-0.0910029,-0.0921484};
ST (0.957472,0.589469,0,0.914576,0.61371,0,0.915664,0.556655,0) {-0.25206,-0.186195,-0.187854};
ST (0.955611,0.708912,0,0.912748,0.67069,0,0.956738,0.649219,0) {0.225883,0.291924,0.224136};
ST (1,0.6875,0,0.955611,0.708912,0,0.956738,0.649219,0) {-0.151213,-0.0817286,-0.0834872};
ST (1,0.75,0,0.955611,0.708912,0,1,0.6875,0) {0.347086,0.41668,0.347086};
ST (1,0.6875,0,0.956738,0.649219,0,1,0.625,0) {0.36817,0.436004,0.36817};
ST (0.957472,0.589469,0,0.915664,0.556655,0,0.957837,0.529687,0) {0.20121,0.265711,0.200644};
ST (1,0.5625,0,0.957472,0.589469,0,0.957837,0.529687,0) {-0.157064,-0.0904754,-0.0910453};
ST (1,0.625,0,0.957472,0.589469,0,1,0.5625,0) {0.353508,0.420194,0.353508};
ST (1,0.5625,0,0.957837,0.529687,0,1,0.5,0) {0.339107,0.405223,0.339107};
ST (0.705144,0.345828,0,0.663398,0.334347,0,0.695959,0.302152,0) {-0.584144,-0.547939,-0.575872};
ST (0.739994,0.313706,0,0.705144,0.345828,0,0.695959,0.302152,0) {-0.692418,-0.657777,-0.649037};
ST (0.74708,0.359866,0,0.705144,0.345828,0,0.739994,0.313706,0) {-0.457882,-0.414573,-0.450336};
ST (0.739994,0.313706,0,0.695959,0.302152,0,0.730781,0.26767,0) {-0.487685,-0.443585,-0.478156};
ST (0.783953,0.327752,0,0.74708,0.359866,0,0.739994,0.313706,0) {-0.628521,-0.586149,-0.578271};
ST (0.776924,0.279154,0,0.783953,0.327752,0,0.739994,0.313706,0) {-0.34167,-0.350036,-0.299052};
ST (0.82274,0.293026,0,0.783953,0.327752,0,0.776924,0.279154,0) {-0.57214,-0.522977,-0.514306};
ST (0.776924,0.279154,0,0.739994,0.313706,0,0.730781,0.26767,0) {-0.65721,-0.615705,-0.605722};
ST (0.789125,0.376541,0,0.74708,0.359866,0,0.783953,0.327752,0) {-0.324883,-0.27525,-0.318624};
ST (0.827752,0.344352,0,0.789125,0.376541,0,0.783953,0.327752,0) {-0.554019,-0.504456,-0.497984};
ST (0.831274,0.39583,0,0.789125,0.376541,0,0.827752,0.344352,0) {-0.194749,-0.139638,-0.190053};
ST (0.827752,0.344352,0,0.783953,0.327752,0,0.82274,0.293026,0) {-0.208251,-0.151522,-0.201625};
ST (0.776924,0.279154,0,0.730781,0.26767,0,0.767912,0.230877,0) {-0.38877,-0.336542,-0.378286};
ST (0.816058,0.242041,0,0.776924,0.279154,0,0.767912,0.230877,0) {-0.596722,-0.547954,-0.537055};
ST (0.82274,0.293026,0,0.776924,0.279154,0,0.816058,0.242041,0) {-0.239885,-0.18134,-0.231161};
ST (0.816058,0.242041,0,0.767912,0.230877,0,0.80755,0.191555,0) {-0.282599,-0.222196,-0.271678};
ST (0.871312,0.363581,0,0.831274,0.39583,0,0.827752,0.344352,0) {-0.458694,-0.402905,-0.398087};
ST (0.868039,0.309476,0,0.871312,0.363581,0,0.827752,0.344352,0) {-0.0572523,-0.0619227,-0.000715195};
ST (0.912734,0.328577,0,0.871312,0.363581,0,0.868039,0.309476,0) {-0.375045,-0.313975,-0.309214};
ST (0.868039,0.309476,0,0.827752,0.344352,0,0.82274,0.293026,0) {-0.477987,-0.422191,-0.415385};
ST (0.910084,0.271804,0,0.912734,0.328577,0,0.868039,0.309476,0) {0.0803785,0.0764032,0.142715};
ST (0.863516,0.25562,0,0.910084,0.271804,0,0.868039,0.309476,0) {-0.330777,-0.39908,-0.337325};
ST (0.906503,0.215296,0,0.910084,0.271804,0,0.863516,0.25562,0) {0.0600568,0.0547027,0.123518};
ST (0.863516,0.25562,0,0.868039,0.309476,0,0.82274,0.293026,0) {-0.0717602,-0.0781755,-0.0149511};
ST (0.955599,0.290749,0,0.912734,0.328577,0,0.910084,0.271804,0) {-0.277763,-0.212058,-0.208031};
ST (0.954022,0.231195,0,0.955599,0.290749,0,0.910084,0.271804,0) {0.21375,0.211306,0.281362};
ST (1,0.25,0,0.955599,0.290749,0,0.954022,0.231195,0) {-0.155755,-0.0862593,-0.0837996};
ST (0.954022,0.231195,0,0.910084,0.271804,0,0.906503,0.215296,0) {-0.298968,-0.231732,-0.226302};
ST (0.863516,0.25562,0,0.82274,0.293026,0,0.816058,0.242041,0) {-0.497143,-0.441159,-0.432179};
ST (0.857567,0.202196,0,0.863516,0.25562,0,0.816058,0.242041,0) {-0.102944,-0.111311,-0.045693};
ST (0.906503,0.215296,0,0.863516,0.25562,0,0.857567,0.202196,0) {-0.416891,-0.354087,-0.345532};
ST (0.857567,0.202196,0,0.816058,0.242041,0,0.80755,0.191555,0) {-0.517666,-0.461353,-0.450082};
ST (0.873455,0.417822,0,0.831274,0.39583,0,0.871312,0.363581,0) {-0.0601472,-0.000609063,-0.057077};
ST (0.914561,0.385503,0,0.873455,0.417822,0,0.871312,0.363581,0) {-0.35381,-0.293054,-0.289926};
ST (0.915655,0.442499,0,0.873455,0.417822,0,0.914561,0.385503,0) {0.0694898,0.132384,0.0711373};
ST (0.914561,0.385503,0,0.871312,0.363581,0,0.912734,0.328577,0) {0.0797023,0.144047,0.0824495};
ST (0.957464,0.410136,0,0.915655,0.442499,0,0.914561,0.385503,0) {-0.251984,-0.187777,-0.186109};
ST (0.956727,0.350414,0,0.957464,0.410136,0,0.914561,0.385503,0) {0.215743,0.2146,0.280764};
ST (1,0.375,0,0.957464,0.410136,0,0.956727,0.350414,0) {-0.158912,-0.0923141,-0.0911639};
ST (0.956727,0.350414,0,0.914561,0.385503,0,0.912734,0.328577,0) {-0.26047,-0.195762,-0.19298};
ST (0.957833,0.469897,0,0.915655,0.442499,0,0.957464,0.410136,0) {0.199822,0.264897,0.200395};
ST (1,0.4375,0,0.957833,0.469897,0,0.957464,0.410136,0) {-0.157198,-0.0911727,-0.0905967};
ST (1,0.5,0,0.957833,0.469897,0,1,0.4375,0) {0.338984,0.405107,0.338984};
ST (1,0.4375,0,0.957464,0.410136,0,1,0.375,0) {0.352023,0.418723,0.352023};
ST (0.956727,0.350414,0,0.912734,0.328577,0,0.955599,0.290749,0) {0.224946,0.292739,0.226695};
ST (1,0.3125,0,0.956727,0.350414,0,0.955599,0.290749,0) {-0.151274,-0.0835311,-0.081771};
ST (1,0.375,0,0.956727,0.350414,0,1,0.3125,0) {0.368893,0.436744,0.368893};
ST (1,0.3125,0,0.955599,0.290749,0,1,0.25,0) {0.348755,0.418368,0.348755};
ST (0.857567,0.202196,0,0.80755,0.191555,0,0.849906,0.149502,0) {-0.154847,-0.0865642,-0.144193};
ST (0.901741,0.159316,0,0.857567,0.202196,0,0.849906,0.149502,0) {-0.431432,-0.367363,-0.356447};
ST (0.906503,0.215296,0,0.857567,0.202196,0,0.901741,0.159316,0) {0.017685,0.0896004,0.0247722};
ST (0.901741,0.159316,0,0.849906,0.149502,0,0.895424,0.104243,0) {-0.0375424,0.0380553,-0.0282013};
ST (0.951892,0.171865,0,0.906503,0.215296,0,0.901741,0.159316,0) {-0.309978,-0.240686,-0.233489};
ST (0.948994,0.112981,0,0.951892,0.171865,0,0.901741,0.159316,0) {0.145233,0.140755,0.217642};
ST (1,0.125,0,0.951892,0.171865,0,0.948994,0.112981,0) {-0.19025,-0.115004,-0.11049};
ST (0.948994,0.112981,0,0.901741,0.159316,0,0.895424,0.104243,0) {-0.325777,-0.253879,-0.244377};
ST (0.954022,0.231195,0,0.906503,0.215296,0,0.951892,0.171865,0) {0.185563,0.258583,0.188859};
ST (1,0.1875,0,0.954022,0.231195,0,0.951892,0.171865,0) {-0.176557,-0.104614,-0.101293};
ST (1,0.25,0,0.954022,0.231195,0,1,0.1875,0) {0.346298,0.418374,0.346298};
ST (1,0.1875,0,0.951892,0.171865,0,1,0.125,0) {0.314626,0.390026,0.314626};
ST (0.948994,0.112981,0,0.895424,0.104243,0,0.944796,0.055084,0) {0.121175,0.203033,0.127646};
ST (1,0.0625,0,0.948994,0.112981,0,0.944796,0.055084,0) {-0.188982,-0.10925,-0.10272};
ST (1,0.125,0,0.948994,0.112981,0,1,0.0625,0) {0.304289,0.384209,0.304289};
ST (1,0.0625,0,0.944796,0.055084,0,1,0,0) {0.318483,0.404944,0.318483};
ST (0.490439,0.491071,0,0.497739,0.498268,0,0.490529,0.505682,0) {-1.06317,-1.06293,-1.06316};
ST (0.474502,0.49853,0,0.490439,0.491071,0,0.490529,0.505682,0) {-0.657333,-0.65606,-0.656055};
ST (0.477322,0.478029,0,0.490439,0.491071,0,0.474502,0.49853,0) {-1.08276,-1.08161,-1.08306};
ST (0.474502,0.49853,0,0.490529,0.505682,0,0.477494,0.518996,0) {-1.08282,-1.08137,-1.0825};
ST (0.455701,0.486269,0,0.477322,0.478029,0,0.474502,0.49853,0) {-0.790684,-0.787259,-0.78764};
ST (0.455777,0.51106,0,0.455701,0.486269,0,0.474502,0.49853,0) {-1.10637,-1.10638,-1.10301};
ST (0.432226,0.498792,0,0.455701,0.486269,0,0.455777,0.51106,0) {-0.783493,-0.77726,-0.777241};
ST (0.455777,0.51106,0,0.474502,0.49853,0,0.477494,0.518996,0) {-0.794982,-0.791956,-0.791552};
ST (0.460348,0.461043,0,0.477322,0.478029,0,0.455701,0.486269,0) {-1.10191,-1.09912,-1.1028};
ST (0.434206,0.470083,0,0.460348,0.461043,0,0.455701,0.486269,0) {-0.843256,-0.836664,-0.837714};
ST (0.440243,0.440884,0,0.460348,0.461043,0,0.434206,0.470083,0) {-1.11814,-1.11297,-1.11989};
ST (0.434206,0.470083,0,0.455701,0.486269,0,0.432226,0.498792,0) {-1.12263,-1.1166,-1.12324};
ST (0.455777,0.51106,0,0.477494,0.518996,0,0.460623,0.536197,0) {-1.10228,-1.09861,-1.10136};
ST (0.434387,0.52745,0,0.455777,0.51106,0,0.460623,0.536197,0) {-0.846062,-0.840564,-0.839473};
ST (0.432226,0.498792,0,0.455777,0.51106,0,0.434387,0.52745,0) {-1.12285,-1.1162,-1.12219};
ST (0.434387,0.52745,0,0.460623,0.536197,0,0.440554,0.556569,0) {-1.11931,-1.1124,-1.11754};
ST (0.410329,0.450682,0,0.440243,0.440884,0,0.434206,0.470083,0) {-0.85188,-0.841166,-0.843155};
ST (0.406727,0.4829,0,0.410329,0.450682,0,0.434206,0.470083,0) {-1.13464,-1.13311,-1.12374};
ST (0.379356,0.463881,0,0.410329,0.450682,0,0.406727,0.4829,0) {-0.806205,-0.790711,-0.792397};
ST (0.406727,0.4829,0,0.434206,0.470083,0,0.432226,0.498792,0) {-0.799537,-0.789122,-0.789812};
ST (0.377735,0.499087,0,0.379356,0.463881,0,0.406727,0.4829,0) {-1.14517,-1.14426,-1.12976};
ST (0.40679,0.514937,0,0.377735,0.499087,0,0.406727,0.4829,0) {-0.758976,-0.773802,-0.759006};
ST (0.379432,0.534277,0,0.377735,0.499087,0,0.40679,0.514937,0) {-1.14391,-1.14487,-1.12942};
ST (0.40679,0.514937,0,0.406727,0.4829,0,0.432226,0.498792,0) {-1.13492,-1.13495,-1.12466};
ST (0.347177,0.480219,0,0.379356,0.463881,0,0.377735,0.499087,0) {-0.761173,-0.740473,-0.741459};
ST (0.347222,0.518341,0,0.347177,0.480219,0,0.377735,0.499087,0) {-1.15604,-1.15607,-1.13563};
ST (0.313781,0.499494,0,0.347177,0.480219,0,0.347222,0.518341,0) {-0.735789,-0.709553,-0.709519};
ST (0.347222,0.518341,0,0.377735,0.499087,0,0.379432,0.534277,0) {-0.762483,-0.742803,-0.74177};
ST (0.40679,0.514937,0,0.432226,0.498792,0,0.434387,0.52745,0) {-0.801535,-0.791841,-0.791089};
ST (0.410522,0.547106,0,0.40679,0.514937,0,0.434387,0.52745,0) {-1.1325,-1.13408,-1.12316};
ST (0.379432,0.534277,0,0.40679,0.514937,0,0.410522,0.547106,0) {-0.80793,-0.79414,-0.792395};
ST (0.410522,0.547106,0,0.434387,0.52745,0,0.440554,0.556569,0) {-0.852896,-0.844199,-0.842174};
ST (0.417459,0.41802,0,0.440243,0.440884,0,0.410329,0.450682,0) {-1.13026,-1.12199,-1.13311};
ST (0.384198,0.428472,0,0.417459,0.41802,0,0.410329,0.450682,0) {-0.84035,-0.824583,-0.827744};
ST (0.392157,0.392667,0,0.417459,0.41802,0,0.384198,0.428472,0) {-1.13871,-1.12659,-1.14283};
ST (0.384198,0.428472,0,0.410329,0.450682,0,0.379356,0.463881,0) {-1.14141,-1.12802,-1.14406};
ST (0.35589,0.403652,0,0.392157,0.392667,0,0.384198,0.428472,0) {-0.823173,-0.801494,-0.805994};
ST (0.350098,0.442035,0,0.35589,0.403652,0,0.384198,0.428472,0) {-1.15193,-1.14801,-1.12993};
ST (0.318981,0.417508,0,0.35589,0.403652,0,0.350098,0.442035,0) {-0.778468,-0.750469,-0.754667};
ST (0.350098,0.442035,0,0.384198,0.428472,0,0.379356,0.463881,0) {-0.79776,-0.776364,-0.779241};
ST (0.364504,0.364979,0,0.392157,0.392667,0,0.35589,0.403652,0) {-1.14508,-1.12841,-1.15063};
ST (0.325498,0.376344,0,0.364504,0.364979,0,0.35589,0.403652,0) {-0.798471,-0.770114,-0.776089};
ST (0.334558,0.334992,0,0.364504,0.364979,0,0.325498,0.376344,0) {-1.15117,-1.12922,-1.15819};
ST (0.325498,0.376344,0,0.35589,0.403652,0,0.318981,0.417508,0) {-1.15026,-1.12688,-1.15553};
ST (0.350098,0.442035,0,0.379356,0.463881,0,0.347177,0.480219,0) {-1.1532,-1.13387,-1.15524};
ST (0.315081,0.458543,0,0.350098,0.442035,0,0.347177,0.480219,0) {-0.752787,-0.725541,-0.727713};
ST (0.318981,0.417508,0,0.350098,0.442035,0,0.315081,0.458543,0) {-1.1541,-1.12939,-1.15734};
ST (0.315081,0.458543,0,0.347177,0.480219,0,0.313781,0.499494,0) {-1.159,-1.1331,-1.16009};
ST (0.410522,0.547106,0,0.440554,0.556569,0,0.417764,0.579722,0) {-1.13274,-1.12162,-1.12986};
ST (0.384381,0.569651,0,0.410522,0.547106,0,0.417764,0.579722,0) {-0.840373,-0.827788,-0.824586};
ST (0.379432,0.534277,0,0.410522,0.547106,0,0.384381,0.569651,0) {-1.14384,-1.12776,-1.14113};
ST (0.384381,0.569651,0,0.417764,0.579722,0,0.392449,0.60541,0) {-1.14273,-1.12647,-1.13856};
ST (0.350208,0.556496,0,0.379432,0.534277,0,0.384381,0.569651,0) {-0.79859,-0.780107,-0.777169};
ST (0.35609,0.594816,0,0.350208,0.556496,0,0.384381,0.569651,0) {-1.14793,-1.1519,-1.12988};
ST (0.319111,0.581386,0,0.350208,0.556496,0,0.35609,0.594816,0) {-0.778761,-0.754994,-0.750734};
ST (0.35609,0.594816,0,0.384381,0.569651,0,0.392449,0.60541,0) {-0.822667,-0.805526,-0.800973};
ST (0.347222,0.518341,0,0.379432,0.534277,0,0.350208,0.556496,0) {-1.15516,-1.13379,-1.15308};
ST (0.315153,0.540413,0,0.347222,0.518341,0,0.350208,0.556496,0) {-0.754408,-0.729364,-0.727145};
ST (0.313781,0.499494,0,0.347222,0.518341,0,0.315153,0.540413,0) {-1.16004,-1.13302,-1.15889};
ST (0.315153,0.540413,0,0.350208,0.556496,0,0.319111,0.581386,0) {-1.15719,-1.12922,-1.1539};
ST (0.35609,0.594816,0,0.392449,0.60541,0,0.364797,0.633432,0) {-1.15035,-1.12812,-1.14475};
ST (0.325697,0.622451,0,0.35609,0.594816,0,0.364797,0.633432,0) {-0.798246,-0.775892,-0.769862};
ST (0.319111,0.581386,0,0.35609,0.594816,0,0.325697,0.622451,0) {-1.15525,-1.12657,-1.14993};
ST (0.325697,0.622451,0,0.364797,0.633432,0,0.334827,0.663719,0) {-1.15778,-1.12879,-1.15071};
ST (0.293051,0.346579,0,0.334558,0.334992,0,0.325498,0.376344,0) {-0.766947,-0.731287,-0.738766};
ST (0.286077,0.390392,0,0.293051,0.346579,0,0.325498,0.376344,0) {-1.14698,-1.14042,-1.11117};
ST (0.251351,0.360692,0,0.293051,0.346579,0,0.286077,0.390392,0) {-0.712692,-0.670084,-0.676981};
ST (0.286077,0.390392,0,0.325498,0.376344,0,0.318981,0.417508,0) {-0.747298,-0.712175,-0.717763};
ST (0.246265,0.40708,0,0.251351,0.360692,0,0.286077,0.390392,0) {-1.11314,-1.10759,-1.07088};
ST (0.281443,0.434146,0,0.246265,0.40708,0,0.286077,0.390392,0) {-0.666346,-0.703201,-0.661663};
ST (0.24323,0.453474,0,0.246265,0.40708,0,0.281443,0.434146,0) {-1.11268,-1.10932,-1.07155};
ST (0.281443,0.434146,0,0.286077,0.390392,0,0.318981,0.417508,0) {-1.14738,-1.14291,-1.1124};
ST (0.209544,0.377364,0,0.251351,0.360692,0,0.246265,0.40708,0) {-0.66498,-0.616151,-0.621936};
ST (0.206094,0.426393,0,0.209544,0.377364,0,0.246265,0.40708,0) {-1.05171,-1.04747,-1.00353};
ST (0.167657,0.396623,0,0.209544,0.377364,0,0.206094,0.426393,0) {-0.583399,-0.529167,-0.53354};
ST (0.206094,0.426393,0,0.246265,0.40708,0,0.24323,0.453474,0) {-0.647723,-0.60027,-0.603763};
ST (0.281443,0.434146,0,0.318981,0.417508,0,0.315081,0.458543,0) {-0.734796,-0.700547,-0.703973};
ST (0.279139,0.477847,0,0.281443,0.434146,0,0.315081,0.458543,0) {-1.14495,-1.1427,-1.11099};
ST (0.24323,0.453474,0,0.281443,0.434146,0,0.279139,0.477847,0) {-0.694376,-0.654004,-0.656362};
ST (0.279139,0.477847,0,0.315081,0.458543,0,0.313781,0.499494,0) {-0.721266,-0.688069,-0.689225};
ST (0.165566,0.448324,0,0.167657,0.396623,0,0.206094,0.426393,0) {-0.976771,-0.973961,-0.923331};
ST (0.204391,0.475435,0,0.165566,0.448324,0,0.206094,0.426393,0) {-0.506925,-0.557519,-0.504754};
ST (0.164871,0.500036,0,0.165566,0.448324,0,0.204391,0.475435,0) {-0.976692,-0.975756,-0.924439};
ST (0.204391,0.475435,0,0.206094,0.426393,0,0.24323,0.453474,0) {-1.05309,-1.05098,-1.00619};
ST (0.204403,0.524449,0,0.164871,0.500036,0,0.204391,0.475435,0) {-0.493173,-0.544749,-0.493188};
ST (0.242255,0.49983,0,0.204403,0.524449,0,0.204391,0.475435,0) {-1.00946,-1.05524,-1.05526};
ST (0.243274,0.54617,0,0.204403,0.524449,0,0.242255,0.49983,0) {-0.585405,-0.631589,-0.586584};
ST (0.242255,0.49983,0,0.204391,0.475435,0,0.24323,0.453474,0) {-0.585927,-0.630947,-0.584799};
ST (0.165586,0.551673,0,0.164871,0.500036,0,0.204403,0.524449,0) {-0.975438,-0.976401,-0.924133};
ST (0.20614,0.5734,0,0.165586,0.551673,0,0.204403,0.524449,0) {-0.505456,-0.558251,-0.50767};
ST (0.167703,0.603268,0,0.165586,0.551673,0,0.20614,0.5734,0) {-0.973385,-0.97623,-0.92276};
ST (0.20614,0.5734,0,0.204403,0.524449,0,0.243274,0.54617,0) {-1.05058,-1.05273,-1.00579};
ST (0.242255,0.49983,0,0.24323,0.453474,0,0.279139,0.477847,0) {-1.10783,-1.10675,-1.06789};
ST (0.279173,0.5215,0,0.242255,0.49983,0,0.279139,0.477847,0) {-0.648801,-0.687987,-0.648835};
ST (0.243274,0.54617,0,0.242255,0.49983,0,0.279173,0.5215,0) {-1.10632,-1.10746,-1.06748};
ST (0.279173,0.5215,0,0.279139,0.477847,0,0.313781,0.499494,0) {-1.14312,-1.14315,-1.11029};
ST (0.125749,0.418489,0,0.167657,0.396623,0,0.165566,0.448324,0) {-0.47341,-0.414752,-0.417631};
ST (0.12468,0.47289,0,0.125749,0.418489,0,0.165566,0.448324,0) {-0.880727,-0.87919,-0.822789};
ST (0.083821,0.442984,0,0.125749,0.418489,0,0.12468,0.47289,0) {-0.375332,-0.313244,-0.314809};
ST (0.12468,0.47289,0,0.165566,0.448324,0,0.164871,0.500036,0) {-0.460375,-0.403016,-0.403976};
ST (0.083464,0.500059,0,0.083821,0.442984,0,0.12468,0.47289,0) {-0.768909,-0.768371,-0.707391};
ST (0.124692,0.527238,0,0.083464,0.500059,0,0.12468,0.47289,0) {-0.307626,-0.368717,-0.307643};
ST (0.083831,0.557103,0,0.083464,0.500059,0,0.124692,0.527238,0) {-0.767963,-0.768516,-0.70698};
ST (0.124692,0.527238,0,0.12468,0.47289,0,0.164871,0.500036,0) {-0.881789,-0.881806,-0.824813};
ST (0.041905,0.470135,0,0.083821,0.442984,0,0.083464,0.500059,0) {-0.288623,-0.224217,-0.224761};
ST (0.041909,0.529913,0,0.041905,0.470135,0,0.083464,0.500059,0) {-0.669506,-0.669512,-0.60537};
ST (0,0.5,0,0.041905,0.470135,0,0.041909,0.529913,0) {-0.196102,-0.130484,-0.130478};
ST (0.041909,0.529913,0,0.083464,0.500059,0,0.083831,0.557103,0) {-0.288607,-0.224751,-0.224192};
ST (0.124692,0.527238,0,0.164871,0.500036,0,0.165586,0.551673,0) {-0.460976,-0.404594,-0.403607};
ST (0.125774,0.581539,0,0.124692,0.527238,0,0.165586,0.551673,0) {-0.878474,-0.880029,-0.822082};
ST (0.083831,0.557103,0,0.124692,0.527238,0,0.125774,0.581539,0) {-0.376175,-0.31565,-0.314067};
ST (0.125774,0.581539,0,0.165586,0.551673,0,0.167703,0.603268,0) {-0.474121,-0.418351,-0.415436};
ST (0.279173,0.5215,0,0.313781,0.499494,0,0.315153,0.540413,0) {-0.722533,-0.690527,-0.689308};
ST (0.281517,0.565152,0,0.279173,0.5215,0,0.315153,0.540413,0) {-1.14215,-1.14444,-1.11045};
ST (0.243274,0.54617,0,0.279173,0.5215,0,0.281517,0.565152,0) {-0.696025,-0.658027,-0.655628};
ST (0.281517,0.565152,0,0.315153,0.540413,0,0.319111,0.581386,0) {-0.736204,-0.705393,-0.701918};
ST (0.246348,0.592445,0,0.243274,0.54617,0,0.281517,0.565152,0) {-1.1087,-1.11211,-1.07095};
ST (0.28621,0.608789,0,0.246348,0.592445,0,0.281517,0.565152,0) {-0.662021,-0.703596,-0.666762};
ST (0.251468,0.638703,0,0.246348,0.592445,0,0.28621,0.608789,0) {-1.1074,-1.113,-1.07069};
ST (0.28621,0.608789,0,0.281517,0.565152,0,0.319111,0.581386,0) {-1.14249,-1.14702,-1.11201};
ST (0.20614,0.5734,0,0.243274,0.54617,0,0.246348,0.592445,0) {-0.648535,-0.604583,-0.601046};
ST (0.209626,0.622293,0,0.20614,0.5734,0,0.246348,0.592445,0) {-1.0469,-1.05118,-1.00297};
ST (0.167703,0.603268,0,0.20614,0.5734,0,0.209626,0.622293,0) {-0.58378,-0.533926,-0.529508};
ST (0.209626,0.622293,0,0.246348,0.592445,0,0.251468,0.638703,0) {-0.664902,-0.621868,-0.616046};
ST (0.28621,0.608789,0,0.319111,0.581386,0,0.325697,0.622451,0) {-0.747213,-0.717699,-0.712056};
ST (0.293234,0.652479,0,0.28621,0.608789,0,0.325697,0.622451,0) {-1.14031,-1.14691,-1.11106};
ST (0.251468,0.638703,0,0.28621,0.608789,0,0.293234,0.652479,0) {-0.712176,-0.676466,-0.669523};
ST (0.293234,0.652479,0,0.325697,0.622451,0,0.334827,0.663719,0) {-0.766726,-0.738558,-0.731029};
ST (0.30236,0.302733,0,0.334558,0.334992,0,0.293051,0.346579,0) {-1.13735,-1.10949,-1.14581};
ST (0.258547,0.314369,0,0.30236,0.302733,0,0.293051,0.346579,0) {-0.735976,-0.692543,-0.701462};
ST (0.26787,0.268168,0,0.30236,0.302733,0,0.258547,0.314369,0) {-1.09755,-1.06311,-1.10724};
ST (0.258547,0.314369,0,0.293051,0.346579,0,0.251351,0.360692,0) {-1.09902,-1.0634,-1.10672};
ST (0.221922,0.279688,0,0.26787,0.268168,0,0.258547,0.314369,0) {-0.706018,-0.654542,-0.664689};
ST (0.214805,0.328437,0,0.221922,0.279688,0,0.258547,0.314369,0) {-1.05213,-1.04363,-1.00121};
ST (0.176319,0.293571,0,0.221922,0.279688,0,0.214805,0.328437,0) {-0.63055,-0.572841,-0.581645};
ST (0.214805,0.328437,0,0.258547,0.314369,0,0.251351,0.360692,0) {-0.681461,-0.631254,-0.63929};
ST (0.231021,0.23125,0,0.26787,0.268168,0,0.221922,0.279688,0) {-1.04122,-0.999642,-1.05184};
ST (0.183074,0.242449,0,0.231021,0.23125,0,0.221922,0.279688,0) {-0.653393,-0.593828,-0.604862};
ST (0.191646,0.191809,0,0.231021,0.23125,0,0.183074,0.242449,0) {-0.965797,-0.916534,-0.976822};
ST (0.183074,0.242449,0,0.221922,0.279688,0,0.176319,0.293571,0) {-0.963067,-0.913497,-0.971903};
ST (0.214805,0.328437,0,0.251351,0.360692,0,0.209544,0.377364,0) {-1.04708,-1.00392,-1.05347};
ST (0.171232,0.34501,0,0.214805,0.328437,0,0.209544,0.377364,0) {-0.607276,-0.551384,-0.557988};
ST (0.176319,0.293571,0,0.214805,0.328437,0,0.171232,0.34501,0) {-0.965177,-0.915346,-0.971915};
ST (0.171232,0.34501,0,0.209544,0.377364,0,0.167657,0.396623,0) {-0.969128,-0.919003,-0.973906};
ST (0.141815,0.202461,0,0.191646,0.191809,0,0.183074,0.242449,0) {-0.570829,-0.503404,-0.514778};
ST (0.135814,0.256005,0,0.141815,0.202461,0,0.183074,0.242449,0) {-0.892518,-0.884069,-0.827091};
ST (0.093072,0.215525,0,0.141815,0.202461,0,0.135814,0.256005,0) {-0.460328,-0.389202,-0.397839};
ST (0.135814,0.256005,0,0.183074,0.242449,0,0.176319,0.293571,0) {-0.55217,-0.487386,-0.496479};
ST (0.089453,0.272103,0,0.093072,0.215525,0,0.135814,0.256005,0) {-0.779845,-0.774431,-0.711293};
ST (0.13124,0.309958,0,0.089453,0.272103,0,0.135814,0.256005,0) {-0.380601,-0.442021,-0.373973};
ST (0.086767,0.328935,0,0.089453,0.272103,0,0.13124,0.309958,0) {-0.780465,-0.776434,-0.71444};
ST (0.13124,0.309958,0,0.135814,0.256005,0,0.176319,0.293571,0) {-0.892031,-0.885536,-0.829031};
ST (0.04575,0.23132,0,0.093072,0.215525,0,0.089453,0.272103,0) {-0.33703,-0.264647,-0.270136};
ST (0.044158,0.290907,0,0.04575,0.23132,0,0.089453,0.272103,0) {-0.648213,-0.645746,-0.578481};
ST (0,0.25,0,0.04575,0.23132,0,0.044158,0.290907,0) {-0.194774,-0.123172,-0.125656};
ST (0.044158,0.290907,0,0.089453,0.272103,0,0.086767,0.328935,0) {-0.314077,-0.244662,-0.248746};
ST (0.13124,0.309958,0,0.176319,0.293571,0,0.171232,0.34501,0) {-0.530227,-0.467838,-0.474757};
ST (0.127918,0.364151,0,0.13124,0.309958,0,0.171232,0.34501,0) {-0.885493,-0.880747,-0.824548};
ST (0.086767,0.328935,0,0.13124,0.309958,0,0.127918,0.364151,0) {-0.418037,-0.352485,-0.357321};
ST (0.127918,0.364151,0,0.171232,0.34501,0,0.167657,0.396623,0) {-0.499821,-0.439464,-0.444364};
ST (0.149549,0.149652,0,0.191646,0.191809,0,0.141815,0.202461,0) {-0.879435,-0.822089,-0.890201};
ST (0.097884,0.159464,0,0.149549,0.149652,0,0.141815,0.202461,0) {-0.486197,-0.41141,-0.422439};
ST (0.104276,0.104322,0,0.149549,0.149652,0,0.097884,0.159464,0) {-0.744116,-0.678181,-0.753572};
ST (0.097884,0.159464,0,0.141815,0.202461,0,0.093072,0.215525,0) {-0.763588,-0.699079,-0.770753};
ST (0.050834,0.11303,0,0.104276,0.104322,0,0.097884,0.159464,0) {-0.374524,-0.293301,-0.302919};
ST (0.04791,0.171959,0,0.050834,0.11303,0,0.097884,0.159464,0) {-0.613274,-0.608755,-0.536643};
ST (0,0.125,0,0.050834,0.11303,0,0.04791,0.171959,0) {-0.235079,-0.155585,-0.16014};
ST (0.04791,0.171959,0,0.097884,0.159464,0,0.093072,0.215525,0) {-0.356005,-0.279768,-0.287043};
ST (0.055097,0.055111,0,0.104276,0.104322,0,0.050834,0.11303,0) {-0.613194,-0.53809,-0.619765};
ST (0,0.0625,0,0.055097,0.055111,0,0.050834,0.11303,0) {-0.235277,-0.149179,-0.155811};
ST (0,0,0,0.055097,0.055111,0,0,0.0625,0) {-0.475652,-0.389358,-0.475652};
ST (0,0.0625,0,0.050834,0.11303,0,0,0.125,0) {-0.458306,-0.378654,-0.458306};
ST (0.04791,0.171959,0,0.093072,0.215525,0,0.04575,0.23132,0) {-0.633574,-0.564184,-0.636917};
ST (0,0.1875,0,0.04791,0.171959,0,0.04575,0.23132,0) {-0.217775,-0.142818,-0.146185};
ST (0,0.125,0,0.04791,0.171959,0,0,0.1875,0) {-0.461836,-0.386745,-0.461836};
ST (0,0.1875,0,0.04575,0.23132,0,0,0.25,0) {-0.492807,-0.421087,-0.492807};
ST (0.127918,0.364151,0,0.167657,0.396623,0,0.125749,0.418489,0) {-0.877841,-0.821717,-0.880952};
ST (0.084919,0.385917,0,0.127918,0.364151,0,0.125749,0.418489,0) {-0.393448,-0.329884,-0.333053};
ST (0.086767,0.328935,0,0.127918,0.364151,0,0.084919,0.385917,0) {-0.775814,-0.714579,-0.778594};
ST (0.084919,0.385917,0,0.125749,0.418489,0,0.083821,0.442984,0) {-0.772557,-0.711681,-0.774211};
ST (0.043016,0.3506,0,0.086767,0.328935,0,0.084919,0.385917,0) {-0.295787,-0.228649,-0.231464};
ST (0.042273,0.410353,0,0.043016,0.3506,0,0.084919,0.385917,0) {-0.654085,-0.652932,-0.588303};
ST (0,0.375,0,0.043016,0.3506,0,0.042273,0.410353,0) {-0.192661,-0.125313,-0.126472};
ST (0.042273,0.410353,0,0.084919,0.385917,0,0.083821,0.442984,0) {-0.290428,-0.22493,-0.226604};
ST (0.044158,0.290907,0,0.086767,0.328935,0,0.043016,0.3506,0) {-0.655628,-0.589964,-0.657399};
ST (0,0.3125,0,0.044158,0.290907,0,0.043016,0.3506,0) {-0.189827,-0.120702,-0.122484};
ST (0,0.25,0,0.044158,0.290907,0,0,0.3125,0) {-0.497989,-0.428755,-0.497989};
ST (0,0.3125,0,0.043016,0.3506,0,0,0.375,0) {-0.526805,-0.459356,-0.526805};
ST (0.042273,0.410353,0,0.083821,0.442984,0,0.041905,0.470135,0) {-0.660047,-0.595933,-0.660618};
ST (0,0.4375,0,0.042273,0.410353,0,0.041905,0.470135,0) {-0.19475,-0.128558,-0.129133};
ST (0,0.375,0,0.042273,0.410353,0,0,0.4375,0) {-0.537917,-0.471628,-0.537917};
ST (0,0.4375,0,0.041905,0.470135,0,0,0.5,0) {-0.559488,-0.493774,-0.559488};
ST (0.293234,0.652479,0,0.334827,0.663719,0,0.302604,0.696221,0) {-1.14563,-1.10927,-1.13713};
ST (0.258707,0.684893,0,0.293234,0.652479,0,0.302604,0.696221,0) {-0.735859,-0.701346,-0.692376};
ST (0.251468,0.638703,0,0.293234,0.652479,0,0.258707,0.684893,0) {-1.10648,-1.06311,-1.09873};
ST (0.258707,0.684893,0,0.302604,0.696221,0,0.268086,0.730996,0) {-1.10667,-1.06248,-1.09692};
ST (0.214911,0.671092,0,0.251468,0.638703,0,0.258707,0.684893,0) {-0.681362,-0.639193,-0.631112};
ST (0.222073,0.719727,0,0.214911,0.671092,0,0.258707,0.684893,0) {-1.04316,-1.05171,-1.00074};
ST (0.176411,0.706079,0,0.214911,0.671092,0,0.222073,0.719727,0) {-0.630705,-0.581794,-0.572937};
ST (0.222073,0.719727,0,0.258707,0.684893,0,0.268086,0.730996,0) {-0.706163,-0.664845,-0.654643};
ST (0.209626,0.622293,0,0.251468,0.638703,0,0.214911,0.671092,0) {-1.05311,-1.00353,-1.04669};
ST (0.171302,0.654742,0,0.209626,0.622293,0,0.214911,0.671092,0) {-0.607291,-0.557997,-0.551365};
ST (0.167703,0.603268,0,0.209626,0.622293,0,0.171302,0.654742,0) {-0.973335,-0.918392,-0.968525};
ST (0.171302,0.654742,0,0.214911,0.671092,0,0.176411,0.706079,0) {-0.971373,-0.914767,-0.964606};
ST (0.222073,0.719727,0,0.268086,0.730996,0,0.231231,0.768083,0) {-1.05143,-0.999184,-1.04074};
ST (0.183206,0.75711,0,0.222073,0.719727,0,0.231231,0.768083,0) {-0.653349,-0.604813,-0.593712};
ST (0.176411,0.706079,0,0.222073,0.719727,0,0.183206,0.75711,0) {-0.971394,-0.912928,-0.962507};
ST (0.183206,0.75711,0,0.231231,0.768083,0,0.191838,0.807676,0) {-0.976485,-0.916124,-0.965387};
ST (0.127958,0.63576,0,0.167703,0.603268,0,0.171302,0.654742,0) {-0.499933,-0.444471,-0.439539};
ST (0.131294,0.689862,0,0.127958,0.63576,0,0.171302,0.654742,0) {-0.880297,-0.885062,-0.824081};
ST (0.086802,0.670992,0,0.127958,0.63576,0,0.131294,0.689862,0) {-0.418272,-0.357552,-0.352695};
ST (0.131294,0.689862,0,0.171302,0.654742,0,0.176411,0.706079,0) {-0.530518,-0.475032,-0.468083};
ST (0.089499,0.727767,0,0.086802,0.670992,0,0.131294,0.689862,0) {-0.775432,-0.77948,-0.71343};
ST (0.135895,0.743737,0,0.089499,0.727767,0,0.131294,0.689862,0) {-0.374437,-0.442531,-0.381103};
ST (0.093136,0.784295,0,0.089499,0.727767,0,0.135895,0.743737,0) {-0.773439,-0.778879,-0.71028};
ST (0.135895,0.743737,0,0.131294,0.689862,0,0.176411,0.706079,0) {-0.884793,-0.891325,-0.82828};
ST (0.044181,0.709038,0,0.086802,0.670992,0,0.089499,0.727767,0) {-0.314005,-0.248658,-0.244557};
ST (0.045784,0.768598,0,0.044181,0.709038,0,0.089499,0.727767,0) {-0.644704,-0.647188,-0.577422};
ST (0,0.75,0,0.044181,0.709038,0,0.045784,0.768598,0) {-0.194749,-0.125596,-0.123095};
ST (0.045784,0.768598,0,0.089499,0.727767,0,0.093136,0.784295,0) {-0.337165,-0.270254,-0.264738};
ST (0.135895,0.743737,0,0.176411,0.706079,0,0.183206,0.75711,0) {-0.552539,-0.496842,-0.487697};
ST (0.141934,0.797209,0,0.135895,0.743737,0,0.183206,0.75711,0) {-0.883455,-0.891957,-0.826471};
ST (0.093136,0.784295,0,0.135895,0.743737,0,0.141934,0.797209,0) {-0.460302,-0.397794,-0.389103};
ST (0.141934,0.797209,0,0.183206,0.75711,0,0.191838,0.807676,0) {-0.57064,-0.514585,-0.503135};
ST (0.125774,0.581539,0,0.167703,0.603268,0,0.127958,0.63576,0) {-0.880549,-0.821288,-0.877417};
ST (0.084943,0.614076,0,0.125774,0.581539,0,0.127958,0.63576,0) {-0.393752,-0.333358,-0.330168};
ST (0.083831,0.557103,0,0.125774,0.581539,0,0.084943,0.614076,0) {-0.773594,-0.711042,-0.771918};
ST (0.084943,0.614076,0,0.127958,0.63576,0,0.086802,0.670992,0) {-0.778274,-0.714237,-0.775477};
ST (0.042283,0.589662,0,0.083831,0.557103,0,0.084943,0.614076,0) {-0.290622,-0.226798,-0.225103};
ST (0.043034,0.649375,0,0.042283,0.589662,0,0.084943,0.614076,0) {-0.652464,-0.65363,-0.587826};
ST (0,0.625,0,0.042283,0.589662,0,0.043034,0.649375,0) {-0.192387,-0.126183,-0.12501};
ST (0.043034,0.649375,0,0.084943,0.614076,0,0.086802,0.670992,0) {-0.295953,-0.231621,-0.22879};
ST (0.041909,0.529913,0,0.083831,0.557103,0,0.042283,0.589662,0) {-0.659626,-0.594932,-0.659045};
ST (0,0.5625,0,0.041909,0.529913,0,0.042283,0.589662,0) {-0.194776,-0.129152,-0.128568};
ST (0,0.5,0,0.041909,0.529913,0,0,0.5625,0) {-0.557851,-0.492132,-0.557851};
ST (0,0.5625,0,0.042283,0.589662,0,0,0.625,0) {-0.536976,-0.470672,-0.536976};
ST (0.043034,0.649375,0,0.086802,0.670992,0,0.044181,0.709038,0) {-0.656734,-0.589274,-0.654955};
ST (0,0.6875,0,0.043034,0.649375,0,0.044181,0.709038,0) {-0.189836,-0.122465,-0.120675};
ST (0,0.625,0,0.043034,0.649375,0,0,0.6875,0) {-0.526337,-0.45886,-0.526337};
ST (0,0.6875,0,0.044181,0.709038,0,0,0.75,0) {-0.496182,-0.426913,-0.496182};
ST (0.141934,0.797209,0,0.191838,0.807676,0,0.149696,0.849989,0) {-0.889348,-0.821155,-0.878545};
ST (0.097964,0.840323,0,0.141934,0.797209,0,0.149696,0.849989,0) {-0.486037,-0.422232,-0.411165};
ST (0.093136,0.784295,0,0.141934,0.797209,0,0.097964,0.840323,0) {-0.769966,-0.698218,-0.762778};
ST (0.097964,0.840323,0,0.149696,0.849989,0,0.104357,0.895473,0) {-0.752385,-0.676907,-0.742929};
ST (0.047945,0.827945,0,0.093136,0.784295,0,0.097964,0.840323,0) {-0.356031,-0.287027,-0.279729};
ST (0.05088,0.886861,0,0.047945,0.827945,0,0.097964,0.840323,0) {-0.606891,-0.611426,-0.53473};
ST (0,0.875,0,0.047945,0.827945,0,0.05088,0.886861,0) {-0.235002,-0.160009,-0.155437};
ST (0.05088,0.886861,0,0.097964,0.840323,0,0.104357,0.895473,0) {-0.373876,-0.302222,-0.292604};
ST (0.045784,0.768598,0,0.093136,0.784295,0,0.047945,0.827945,0) {-0.635902,-0.563125,-0.632557};
ST (0,0.8125,0,0.045784,0.768598,0,0.047945,0.827945,0) {-0.21783,-0.146188,-0.142819};
ST (0,0.75,0,0.045784,0.768598,0,0,0.8125,0) {-0.492392,-0.42062,-0.492392};
ST (0,0.8125,0,0.047945,0.827945,0,0,0.875,0) {-0.458905,-0.383759,-0.458905};
ST (0.05088,0.886861,0,0.104357,0.895473,0,0.055126,0.944814,0) {-0.621303,-0.539578,-0.614758};
ST (0,0.9375,0,0.05088,0.886861,0,0.055126,0.944814,0) {-0.235169,-0.155632,-0.149027};
ST (0,0.875,0,0.05088,0.886861,0,0,0.9375,0) {-0.460112,-0.380388,-0.460112};
ST (0,0.9375,0,0.055126,0.944814,0,0,1,0) {-0.475499,-0.38916,-0.475499};
ST (0.055097,0.055111,0,0,0,0,0.0625,0,0) {-0.166113,-0.252157,-0.154622};
ST (0.113046,0.050904,0,0.055097,0.055111,0,0.0625,0,0) {-0.569913,-0.658015,-0.646649};
ST (0.104276,0.104322,0,0.055097,0.055111,0,0.113046,0.050904,0) {-0.312192,-0.38667,-0.299087};
ST (0.113046,0.050904,0,0.0625,0,0,0.125,0,0) {-0.335669,-0.411611,-0.317994};
ST (0.159434,0.098002,0,0.104276,0.104322,0,0.113046,0.050904,0) {-0.688138,-0.767767,-0.754913};
ST (0.171962,0.048001,0,0.159434,0.098002,0,0.113046,0.050904,0) {-0.434608,-0.451944,-0.517645};
ST (0.215468,0.093235,0,0.159434,0.098002,0,0.171962,0.048001,0) {-0.832604,-0.906166,-0.889355};
ST (0.171962,0.048001,0,0.113046,0.050904,0,0.125,0,0) {-0.726255,-0.810014,-0.792731};
ST (0.149549,0.149652,0,0.104276,0.104322,0,0.159434,0.098002,0) {-0.442577,-0.50762,-0.428657};
ST (0.202345,0.141977,0,0.149549,0.149652,0,0.159434,0.098002,0) {-0.817739,-0.888674,-0.875126};
ST (0.191646,0.191809,0,0.149549,0.149652,0,0.202345,0.141977,0) {-0.541571,-0.597845,-0.527644};
ST (0.202345,0.141977,0,0.159434,0.098002,0,0.215468,0.093235,0) {-0.563238,-0.619372,-0.546587};
ST (0.171962,0.048001,0,0.125,0,0,0.1875,0,0) {-0.495729,-0.560909,-0.474745};
ST (0.231288,0.045849,0,0.171962,0.048001,0,0.1875,0,0) {-0.875774,-0.951263,-0.931005};
ST (0.215468,0.093235,0,0.171962,0.048001,0,0.231288,0.045849,0) {-0.578619,-0.633898,-0.559216};
ST (0.231288,0.045849,0,0.1875,0,0,0.25,0,0) {-0.63899,-0.692501,-0.617052};
ST (0.24225,0.183284,0,0.191646,0.191809,0,0.202345,0.141977,0) {-0.924456,-0.986551,-0.973097};
ST (0.255836,0.136013,0,0.24225,0.183284,0,0.202345,0.141977,0) {-0.638828,-0.654327,-0.701612};
ST (0.293315,0.176572,0,0.24225,0.183284,0,0.255836,0.136013,0) {-1.00403,-1.05786,-1.04307};
ST (0.255836,0.136013,0,0.202345,0.141977,0,0.215468,0.093235,0) {-0.930827,-0.994387,-0.97837};
ST (0.309721,0.131451,0,0.293315,0.176572,0,0.255836,0.136013,0) {-0.744501,-0.760044,-0.797504};
ST (0.271977,0.089617,0,0.309721,0.131451,0,0.255836,0.136013,0) {-1.05848,-1.02141,-1.07515};
ST (0.328748,0.086927,0,0.309721,0.131451,0,0.271977,0.089617,0) {-0.769683,-0.786376,-0.821646};
ST (0.271977,0.089617,0,0.255836,0.136013,0,0.215468,0.093235,0) {-0.660371,-0.677967,-0.723949};
ST (0.344664,0.171501,0,0.293315,0.176572,0,0.309721,0.131451,0) {-1.08181,-1.12556,-1.11099};
ST (0.363835,0.128132,0,0.344664,0.171501,0,0.309721,0.131451,0) {-0.828016,-0.841954,-0.869399};
ST (0.396165,0.167932,0,0.344664,0.171501,0,0.363835,0.128132,0) {-1.11993,-1.15221,-1.1395};
ST (0.363835,0.128132,0,0.309721,0.131451,0,0.328748,0.086927,0) {-1.09375,-1.13575,-1.12027};
ST (0.271977,0.089617,0,0.215468,0.093235,0,0.231288,0.045849,0) {-0.960122,-1.02449,-1.00593};
ST (0.290832,0.044246,0,0.271977,0.089617,0,0.231288,0.045849,0) {-0.678595,-0.697967,-0.741979};
ST (0.328748,0.086927,0,0.271977,0.089617,0,0.290832,0.044246,0) {-1.05546,-1.10814,-1.08994};
ST (0.290832,0.044246,0,0.231288,0.045849,0,0.25,0,0) {-1.00453,-1.0687,-1.04786};
ST (0.231021,0.23125,0,0.191646,0.191809,0,0.24225,0.183284,0) {-0.626269,-0.674349,-0.613006};
ST (0.279422,0.222202,0,0.231021,0.23125,0,0.24225,0.183284,0) {-1.00005,-1.05328,-1.04056};
ST (0.26787,0.268168,0,0.231021,0.23125,0,0.279422,0.222202,0) {-0.695032,-0.73538,-0.682885};
ST (0.279422,0.222202,0,0.24225,0.183284,0,0.293315,0.176572,0) {-0.726101,-0.765223,-0.712139};
ST (0.314018,0.258893,0,0.26787,0.268168,0,0.279422,0.222202,0) {-1.06846,-1.11306,-1.10151};
ST (0.32809,0.21512,0,0.314018,0.258893,0,0.279422,0.222202,0) {-0.760548,-0.772735,-0.804403};
ST (0.360244,0.251734,0,0.314018,0.258893,0,0.32809,0.21512,0) {-1.11018,-1.14602,-1.13463};
ST (0.32809,0.21512,0,0.279422,0.222202,0,0.293315,0.176572,0) {-1.07201,-1.11654,-1.10335};
ST (0.30236,0.302733,0,0.26787,0.268168,0,0.314018,0.258893,0) {-0.738476,-0.771686,-0.727781};
ST (0.346143,0.293458,0,0.30236,0.302733,0,0.314018,0.258893,0) {-1.11014,-1.14652,-1.13644};
ST (0.334558,0.334992,0,0.30236,0.302733,0,0.346143,0.293458,0) {-0.773915,-0.800598,-0.76485};
ST (0.346143,0.293458,0,0.314018,0.258893,0,0.360244,0.251734,0) {-0.811322,-0.836307,-0.80106};
ST (0.32809,0.21512,0,0.293315,0.176572,0,0.344664,0.171501,0) {-0.802631,-0.832422,-0.789323};
ST (0.376908,0.209881,0,0.32809,0.21512,0,0.344664,0.171501,0) {-1.11386,-1.14841,-1.13609};
ST (0.360244,0.251734,0,0.32809,0.21512,0,0.376908,0.209881,0) {-0.841788,-0.864769,-0.830779};
ST (0.376908,0.209881,0,0.344664,0.171501,0,0.396165,0.167932,0) {-0.869531,-0.890127,-0.858357};
ST (0.290832,0.044246,0,0.25,0,0,0.3125,0,0) {-0.75574,-0.797014,-0.735139};
ST (0.350493,0.043096,0,0.290832,0.044246,0,0.3125,0,0) {-1.08839,-1.13876,-1.11961};
ST (0.328748,0.086927,0,0.290832,0.044246,0,0.350493,0.043096,0) {-0.796461,-0.828909,-0.779213};
ST (0.350493,0.043096,0,0.3125,0,0,0.375,0,0) {-0.844424,-0.873376,-0.827421};
ST (0.385667,0.085066,0,0.328748,0.086927,0,0.350493,0.043096,0) {-1.10753,-1.14658,-1.13081};
ST (0.41021,0.042348,0,0.385667,0.085066,0,0.350493,0.043096,0) {-0.848815,-0.86187,-0.882994};
ST (0.442653,0.083959,0,0.385667,0.085066,0,0.41021,0.042348,0) {-1.11281,-1.13683,-1.12554};
ST (0.41021,0.042348,0,0.350493,0.043096,0,0.375,0,0) {-1.11973,-1.1544,-1.13919};
ST (0.363835,0.128132,0,0.328748,0.086927,0,0.385667,0.085066,0) {-0.865851,-0.890428,-0.851945};
ST (0.41807,0.125955,0,0.363835,0.128132,0,0.385667,0.085066,0) {-1.11691,-1.14574,-1.13331};
ST (0.396165,0.167932,0,0.363835,0.128132,0,0.41807,0.125955,0) {-0.897128,-0.914876,-0.886485};
ST (0.41807,0.125955,0,0.385667,0.085066,0,0.442653,0.083959,0) {-0.90314,-0.917543,-0.89388};
ST (0.41021,0.042348,0,0.375,0,0,0.4375,0,0) {-0.8956,-0.912674,-0.884382};
ST (0.469957,0.041975,0,0.41021,0.042348,0,0.4375,0,0) {-1.09959,-1.11727,-1.10812};
ST (0.442653,0.083959,0,0.41021,0.042348,0,0.469957,0.041975,0) {-0.884636,-0.895175,-0.877743};
ST (0.469957,0.041975,0,0.4375,0,0,0.5,0,0) {-0.906668,-0.912828,-0.903271};
ST (0.375842,0.325938,0,0.334558,0.334992,0,0.346143,0.293458,0) {-1.12788,-1.15665,-1.1482};
ST (0.389849,0.286493,0,0.375842,0.325938,0,0.346143,0.293458,0) {-0.830104,-0.838413,-0.857501};
ST (0.416909,0.319402,0,0.375842,0.325938,0,0.389849,0.286493,0) {-1.1216,-1.14244,-1.13489};
ST (0.389849,0.286493,0,0.346143,0.293458,0,0.360244,0.251734,0) {-1.12713,-1.15504,-1.14556};
ST (0.433489,0.281819,0,0.416909,0.319402,0,0.389849,0.286493,0) {-0.879384,-0.885915,-0.897978};
ST (0.406509,0.246645,0,0.433489,0.281819,0,0.389849,0.286493,0) {-1.13373,-1.12254,-1.14149};
ST (0.452788,0.243564,0,0.433489,0.281819,0,0.406509,0.246645,0) {-0.906835,-0.912792,-0.922625};
ST (0.406509,0.246645,0,0.389849,0.286493,0,0.360244,0.251734,0) {-0.86074,-0.869461,-0.886539};
ST (0.457837,0.315436,0,0.416909,0.319402,0,0.433489,0.281819,0) {-1.10809,-1.12079,-1.11516};
ST (0.477097,0.279444,0,0.457837,0.315436,0,0.433489,0.281819,0) {-0.907385,-0.911006,-0.916882};
ST (0.498703,0.314046,0,0.457837,0.315436,0,0.477097,0.279444,0) {-1.07232,-1.07673,-1.07414};
ST (0.477097,0.279444,0,0.433489,0.281819,0,0.452788,0.243564,0) {-1.0984,-1.10807,-1.10322};
ST (0.406509,0.246645,0,0.360244,0.251734,0,0.376908,0.209881,0) {-1.12746,-1.15372,-1.1437};
ST (0.425813,0.206406,0,0.406509,0.246645,0,0.376908,0.209881,0) {-0.888867,-0.897361,-0.91209};
ST (0.452788,0.243564,0,0.406509,0.246645,0,0.425813,0.206406,0) {-1.12067,-1.13674,-1.12941};
ST (0.425813,0.206406,0,0.376908,0.209881,0,0.396165,0.167932,0) {-1.12781,-1.15143,-1.14146};
ST (0.5207,0.279368,0,0.498703,0.314046,0,0.477097,0.279444,0) {-0.913069,-0.912606,-0.913313};
ST (0.499083,0.242503,0,0.5207,0.279368,0,0.477097,0.279444,0) {-1.03829,-1.03877,-1.039};
ST (0.54538,0.243441,0,0.5207,0.279368,0,0.499083,0.242503,0) {-0.924553,-0.921223,-0.919537};
ST (0.499083,0.242503,0,0.477097,0.279444,0,0.452788,0.243564,0) {-0.927633,-0.929562,-0.93308};
ST (0.523733,0.2046,0,0.54538,0.243441,0,0.499083,0.242503,0) {-0.988334,-0.991389,-0.986258};
ST (0.474765,0.204653,0,0.523733,0.2046,0,0.499083,0.242503,0) {-0.93463,-0.934441,-0.933797};
ST (0.499396,0.165068,0,0.523733,0.2046,0,0.474765,0.204653,0) {-1.03526,-1.03591,-1.03608};
ST (0.474765,0.204653,0,0.499083,0.242503,0,0.452788,0.243564,0) {-1.07643,-1.07418,-1.07971};
ST (0.572696,0.206264,0,0.54538,0.243441,0,0.523733,0.2046,0) {-0.917013,-0.909882,-0.905524};
ST (0.551036,0.165733,0,0.572696,0.206264,0,0.523733,0.2046,0) {-0.933117,-0.93902,-0.927305};
ST (0.602656,0.167796,0,0.572696,0.206264,0,0.551036,0.165733,0) {-0.897495,-0.885568,-0.878286};
ST (0.551036,0.165733,0,0.523733,0.2046,0,0.499396,0.165068,0) {-0.924982,-0.920805,-0.918627};
ST (0.474765,0.204653,0,0.452788,0.243564,0,0.425813,0.206406,0) {-0.926509,-0.93111,-0.938367};
ST (0.447758,0.165808,0,0.474765,0.204653,0,0.425813,0.206406,0) {-1.11349,-1.10756,-1.11962};
ST (0.499396,0.165068,0,0.474765,0.204653,0,0.447758,0.165808,0) {-0.930378,-0.932744,-0.937052};
ST (0.447758,0.165808,0,0.425813,0.206406,0,0.396165,0.167932,0) {-0.907634,-0.915151,-0.92714};
ST (0.539607,0.315274,0,0.498703,0.314046,0,0.5207,0.279368,0) {-1.0045,-1.00059,-1.00218};
ST (0.564348,0.281607,0,0.539607,0.315274,0,0.5207,0.279368,0) {-0.903456,-0.897767,-0.894429};
ST (0.580633,0.319076,0,0.539607,0.315274,0,0.564348,0.281607,0) {-0.917927,-0.90569,-0.912582};
ST (0.564348,0.281607,0,0.5207,0.279368,0,0.54538,0.243441,0) {-0.953449,-0.944217,-0.948865};
ST (0.608093,0.286144,0,0.580633,0.319076,0,0.564348,0.281607,0) {-0.872172,-0.860222,-0.853984};
ST (0.591704,0.246413,0,0.608093,0.286144,0,0.564348,0.281607,0) {-0.850477,-0.857967,-0.839395};
ST (0.638067,0.251402,0,0.608093,0.286144,0,0.591704,0.246413,0) {-0.851492,-0.834457,-0.826022};
ST (0.591704,0.246413,0,0.564348,0.281607,0,0.54538,0.243441,0) {-0.900189,-0.890476,-0.884801};
ST (0.621882,0.325457,0,0.580633,0.319076,0,0.608093,0.286144,0) {-0.8209,-0.800418,-0.81361};
ST (0.65197,0.292987,0,0.621882,0.325457,0,0.608093,0.286144,0) {-0.819285,-0.800228,-0.792182};
ST (0.663398,0.334347,0,0.621882,0.325457,0,0.65197,0.292987,0) {-0.707562,-0.679026,-0.699327};
ST (0.65197,0.292987,0,0.608093,0.286144,0,0.638067,0.251402,0) {-0.746077,-0.718438,-0.736849};
ST (0.591704,0.246413,0,0.54538,0.243441,0,0.572696,0.206264,0) {-0.897787,-0.882089,-0.890721};
ST (0.621651,0.209661,0,0.591704,0.246413,0,0.572696,0.206264,0) {-0.879,-0.864323,-0.856103};
ST (0.638067,0.251402,0,0.591704,0.246413,0,0.621651,0.209661,0) {-0.792356,-0.766402,-0.7826};
ST (0.621651,0.209661,0,0.572696,0.206264,0,0.602656,0.167796,0) {-0.838108,-0.814791,-0.828392};
ST (0.447758,0.165808,0,0.396165,0.167932,0,0.41807,0.125955,0) {-1.12177,-1.14159,-1.1324};
ST (0.472371,0.124863,0,0.447758,0.165808,0,0.41807,0.125955,0) {-0.917243,-0.922923,-0.931734};
ST (0.499396,0.165068,0,0.447758,0.165808,0,0.472371,0.124863,0) {-1.08126,-1.08803,-1.08399};
ST (0.472371,0.124863,0,0.41807,0.125955,0,0.442653,0.083959,0) {-1.10476,-1.11948,-1.11193};
ST (0.526702,0.124836,0,0.499396,0.165068,0,0.472371,0.124863,0) {-0.92727,-0.926426,-0.927401};
ST (0.499681,0.083585,0,0.526702,0.124836,0,0.472371,0.124863,0) {-1.04062,-1.04148,-1.04159};
ST (0.556719,0.083924,0,0.526702,0.124836,0,0.499681,0.083585,0) {-0.908313,-0.903183,-0.900459};
ST (0.499681,0.083585,0,0.472371,0.124863,0,0.442653,0.083959,0) {-0.911236,-0.914091,-0.91928};
ST (0.551036,0.165733,0,0.499396,0.165068,0,0.526702,0.124836,0) {-0.989342,-0.982862,-0.985471};
ST (0.581024,0.125878,0,0.551036,0.165733,0,0.526702,0.124836,0) {-0.909287,-0.900538,-0.895046};
ST (0.602656,0.167796,0,0.551036,0.165733,0,0.581024,0.125878,0) {-0.887272,-0.86772,-0.878302};
ST (0.581024,0.125878,0,0.526702,0.124836,0,0.556719,0.083924,0) {-0.940161,-0.925669,-0.93279};
ST (0.499681,0.083585,0,0.442653,0.083959,0,0.469957,0.041975,0) {-1.07746,-1.08561,-1.08071};
ST (0.529721,0.041966,0,0.499681,0.083585,0,0.469957,0.041975,0) {-0.879153,-0.878079,-0.879208};
ST (0.556719,0.083924,0,0.499681,0.083585,0,0.529721,0.041966,0) {-0.996617,-0.988621,-0.991836};
ST (0.529721,0.041966,0,0.469957,0.041975,0,0.5,0,0) {-1.03957,-1.03961,-1.03848};
ST (0.364504,0.364979,0,0.334558,0.334992,0,0.375842,0.325938,0) {-0.80448,-0.825316,-0.797112};
ST (0.40311,0.356347,0,0.364504,0.364979,0,0.375842,0.325938,0) {-1.12605,-1.14793,-1.14115};
ST (0.392157,0.392667,0,0.364504,0.364979,0,0.40311,0.356347,0) {-0.828263,-0.843939,-0.822542};
ST (0.40311,0.356347,0,0.375842,0.325938,0,0.416909,0.319402,0) {-0.855692,-0.869686,-0.849274};
ST (0.427884,0.384682,0,0.392157,0.392667,0,0.40311,0.356347,0) {-1.12369,-1.13954,-1.13436};
ST (0.441399,0.350512,0,0.427884,0.384682,0,0.40311,0.356347,0) {-0.859131,-0.863802,-0.873501};
ST (0.4632,0.379782,0,0.427884,0.384682,0,0.441399,0.350512,0) {-1.11089,-1.12045,-1.11643};
ST (0.441399,0.350512,0,0.40311,0.356347,0,0.416909,0.319402,0) {-1.11646,-1.13116,-1.12546};
ST (0.417459,0.41802,0,0.392157,0.392667,0,0.427884,0.384682,0) {-0.845545,-0.856793,-0.841352};
ST (0.450038,0.410875,0,0.417459,0.41802,0,0.427884,0.384682,0) {-1.11844,-1.12917,-1.12546};
ST (0.440243,0.440884,0,0.417459,0.41802,0,0.450038,0.410875,0) {-0.859008,-0.866553,-0.85615};
ST (0.450038,0.410875,0,0.427884,0.384682,0,0.4632,0.379782,0) {-0.868955,-0.875152,-0.865838};
ST (0.441399,0.350512,0,0.416909,0.319402,0,0.457837,0.315436,0) {-0.886292,-0.894218,-0.881786};
ST (0.479497,0.347533,0,0.441399,0.350512,0,0.457837,0.315436,0) {-1.09551,-1.103,-1.09933};
ST (0.4632,0.379782,0,0.441399,0.350512,0,0.479497,0.347533,0) {-0.879948,-0.884578,-0.877248};
ST (0.479497,0.347533,0,0.457837,0.315436,0,0.498703,0.314046,0) {-0.894916,-0.897726,-0.893389};
ST (0.469364,0.434799,0,0.440243,0.440884,0,0.450038,0.410875,0) {-1.10766,-1.11424,-1.1118};
ST (0.482171,0.407204,0,0.469364,0.434799,0,0.450038,0.410875,0) {-0.872846,-0.874646,-0.878124};
ST (0.49801,0.432647,0,0.469364,0.434799,0,0.482171,0.407204,0) {-1.07731,-1.07965,-1.07835};
ST (0.482171,0.407204,0,0.450038,0.410875,0,0.4632,0.379782,0) {-1.09688,-1.10232,-1.09978};
ST (0.514184,0.407115,0,0.49801,0.432647,0,0.482171,0.407204,0) {-0.879118,-0.87895,-0.879411};
ST (0.498345,0.378103,0,0.514184,0.407115,0,0.482171,0.407204,0) {-1.05433,-1.05451,-1.05479};
ST (0.533528,0.379619,0,0.514184,0.407115,0,0.498345,0.378103,0) {-0.87652,-0.87465,-0.873805};
ST (0.498345,0.378103,0,0.482171,0.407204,0,0.4632,0.379782,0) {-0.875927,-0.877064,-0.879219};
ST (0.526761,0.434596,0,0.49801,0.432647,0,0.514184,0.407115,0) {-1.02994,-1.02814,-1.02891};
ST (0.54646,0.410614,0,0.526761,0.434596,0,0.514184,0.407115,0) {-0.876285,-0.873095,-0.871558};
ST (0.556082,0.440494,0,0.526761,0.434596,0,0.54646,0.410614,0) {-0.970854,-0.964757,-0.968621};
ST (0.54646,0.410614,0,0.514184,0.407115,0,0.533528,0.379619,0) {-0.99374,-0.988833,-0.991467};
ST (0.498345,0.378103,0,0.4632,0.379782,0,0.479497,0.347533,0) {-1.0775,-1.08087,-1.07893};
ST (0.517564,0.347452,0,0.498345,0.378103,0,0.479497,0.347533,0) {-0.881865,-0.88156,-0.882147};
ST (0.533528,0.379619,0,0.498345,0.378103,0,0.517564,0.347452,0) {-1.01958,-1.01677,-1.01793};
ST (0.517564,0.347452,0,0.479497,0.347533,0,0.498703,0.314046,0) {-1.04665,-1.04692,-1.04634};
ST (0.460348,0.461043,0,0.440243,0.440884,0,0.469364,0.434799,0) {-0.872213,-0.876813,-0.870471};
ST (0.485508,0.456256,0,0.460348,0.461043,0,0.469364,0.434799,0) {-1.09083,-1.09426,-1.09285};
ST (0.477322,0.478029,0,0.460348,0.461043,0,0.485508,0.456256,0) {-0.879094,-0.881468,-0.878202};
ST (0.485508,0.456256,0,0.469364,0.434799,0,0.49801,0.432647,0) {-0.880724,-0.882247,-0.879985};
ST (0.497838,0.475009,0,0.477322,0.478029,0,0.485508,0.456256,0) {-1.07131,-1.0726,-1.07196};
ST (0.510353,0.456136,0,0.497838,0.475009,0,0.485508,0.456256,0) {-0.885049,-0.884987,-0.885304};
ST (0.518445,0.477736,0,0.497838,0.475009,0,0.510353,0.456136,0) {-1.03463,-1.03377,-1.03417};
ST (0.510353,0.456136,0,0.485508,0.456256,0,0.49801,0.432647,0) {-1.05509,-1.05535,-1.05503};
ST (0.490439,0.491071,0,0.477322,0.478029,0,0.497838,0.475009,0) {-0.871138,-0.872031,-0.870822};
ST (0.505137,0.490934,0,0.490439,0.491071,0,0.497838,0.475009,0) {-1.0538,-1.05396,-1.05381};
ST (0.497739,0.498268,0,0.490439,0.491071,0,0.505137,0.490934,0) {-0.65544,-0.655587,-0.655426};
ST (0.505137,0.490934,0,0.497838,0.475009,0,0.518445,0.477736,0) {-0.873573,-0.873418,-0.874195};
ST (0.510353,0.456136,0,0.49801,0.432647,0,0.526761,0.434596,0) {-0.880301,-0.879818,-0.881526};
ST (0.535668,0.460691,0,0.510353,0.456136,0,0.526761,0.434596,0) {-1.00798,-1.00503,-1.00677};
ST (0.518445,0.477736,0,0.510353,0.456136,0,0.535668,0.460691,0) {-0.880625,-0.879909,-0.882686};
ST (0.535668,0.460691,0,0.526761,0.434596,0,0.556082,0.440494,0) {-0.871029,-0.869478,-0.875317};
ST (0.517564,0.347452,0,0.498703,0.314046,0,0.539607,0.315274,0) {-0.890766,-0.889521,-0.893331};
ST (0.555751,0.350261,0,0.517564,0.347452,0,0.539607,0.315274,0) {-0.972788,-0.965804,-0.9694};
ST (0.533528,0.379619,0,0.517564,0.347452,0,0.555751,0.350261,0) {-0.873673,-0.871268,-0.878062};
ST (0.555751,0.350261,0,0.539607,0.315274,0,0.580633,0.319076,0) {-0.872819,-0.868603,-0.880555};
ST (0.569028,0.384341,0,0.533528,0.379619,0,0.555751,0.350261,0) {-0.945125,-0.936053,-0.941373};
ST (0.594216,0.355923,0,0.569028,0.384341,0,0.555751,0.350261,0) {-0.860166,-0.850652,-0.84625};
ST (0.604995,0.392122,0,0.569028,0.384341,0,0.594216,0.355923,0) {-0.861932,-0.846477,-0.856978};
ST (0.594216,0.355923,0,0.555751,0.350261,0,0.580633,0.319076,0) {-0.88661,-0.872337,-0.881165};
ST (0.54646,0.410614,0,0.533528,0.379619,0,0.569028,0.384341,0) {-0.862036,-0.859184,-0.867988};
ST (0.579283,0.417575,0,0.54646,0.410614,0,0.569028,0.384341,0) {-0.922434,-0.912155,-0.918943};
ST (0.556082,0.440494,0,0.54646,0.410614,0,0.579283,0.417575,0) {-0.854501,-0.851858,-0.861795};
ST (0.579283,0.417575,0,0.569028,0.384341,0,0.604995,0.392122,0) {-0.833219,-0.829248,-0.844278};
ST (0.594216,0.355923,0,0.580633,0.319076,0,0.621882,0.325457,0) {-0.83123,-0.825074,-0.845109};
ST (0.633056,0.364362,0,0.594216,0.355923,0,0.621882,0.325457,0) {-0.791192,-0.769628,-0.784631};
ST (0.604995,0.392122,0,0.594216,0.355923,0,0.633056,0.364362,0) {-0.806942,-0.801448,-0.822507};
ST (0.633056,0.364362,0,0.621882,0.325457,0,0.663398,0.334347,0) {-0.769968,-0.762823,-0.790777};
ST (0.529721,0.041966,0,0.5,0,0,0.5625,0,0) {-0.886049,-0.882708,-0.892248};
ST (0.589482,0.042323,0,0.529721,0.041966,0,0.5625,0,0) {-0.941262,-0.923655,-0.932241};
ST (0.556719,0.083924,0,0.529721,0.041966,0,0.589482,0.042323,0) {-0.852588,-0.845832,-0.86316};
ST (0.589482,0.042323,0,0.5625,0,0,0.625,0,0) {-0.845714,-0.834639,-0.862916};
ST (0.613735,0.085005,0,0.556719,0.083924,0,0.589482,0.042323,0) {-0.8824,-0.858522,-0.871299};
ST (0.649212,0.043063,0,0.613735,0.085005,0,0.589482,0.042323,0) {-0.830128,-0.80889,-0.796038};
ST (0.670674,0.086853,0,0.613735,0.085005,0,0.649212,0.043063,0) {-0.74688,-0.707957,-0.731365};
ST (0.649212,0.043063,0,0.589482,0.042323,0,0.625,0,0) {-0.805594,-0.770988,-0.790581};
ST (0.581024,0.125878,0,0.556719,0.083924,0,0.613735,0.085005,0) {-0.866844,-0.857775,-0.881271};
ST (0.635293,0.128021,0,0.581024,0.125878,0,0.613735,0.085005,0) {-0.825428,-0.79679,-0.813233};
ST (0.602656,0.167796,0,0.581024,0.125878,0,0.635293,0.128021,0) {-0.853669,-0.843263,-0.871434};
ST (0.635293,0.128021,0,0.613735,0.085005,0,0.670674,0.086853,0) {-0.811518,-0.797855,-0.836191};
ST (0.649212,0.043063,0,0.625,0,0,0.6875,0,0) {-0.781998,-0.765213,-0.811155};
ST (0.708884,0.04421,0,0.649212,0.043063,0,0.6875,0,0) {-0.648686,-0.598367,-0.629804};
ST (0.670674,0.086853,0,0.649212,0.043063,0,0.708884,0.04421,0) {-0.735087,-0.7181,-0.767721};
ST (0.708884,0.04421,0,0.6875,0,0,0.75,0,0) {-0.688439,-0.668118,-0.729981};
ST (0.654207,0.171325,0,0.602656,0.167796,0,0.635293,0.128021,0) {-0.768255,-0.736204,-0.755798};
ST (0.68944,0.131327,0,0.654207,0.171325,0,0.635293,0.128021,0) {-0.812192,-0.784664,-0.770994};
ST (0.70562,0.176369,0,0.654207,0.171325,0,0.68944,0.131327,0) {-0.631416,-0.587834,-0.61711};
ST (0.68944,0.131327,0,0.635293,0.128021,0,0.670674,0.086853,0) {-0.690026,-0.648188,-0.674815};
ST (0.743381,0.135883,0,0.70562,0.176369,0,0.68944,0.131327,0) {-0.736951,-0.699341,-0.68407};
ST (0.727474,0.089541,0,0.743381,0.135883,0,0.68944,0.131327,0) {-0.532192,-0.548583,-0.494949};
ST (0.784033,0.093162,0,0.743381,0.135883,0,0.727474,0.089541,0) {-0.671471,-0.625252,-0.607947};
ST (0.727474,0.089541,0,0.68944,0.131327,0,0.670674,0.086853,0) {-0.763387,-0.727949,-0.711537};
ST (0.756789,0.183062,0,0.70562,0.176369,0,0.743381,0.135883,0) {-0.49036,-0.436611,-0.475814};
ST (0.796964,0.141848,0,0.756789,0.183062,0,0.743381,0.135883,0) {-0.648417,-0.600919,-0.585662};
ST (0.80755,0.191555,0,0.756789,0.183062,0,0.796964,0.141848,0) {-0.3276,-0.265446,-0.314313};
ST (0.796964,0.141848,0,0.743381,0.135883,0,0.784033,0.093162,0) {-0.385886,-0.322338,-0.370129};
ST (0.727474,0.089541,0,0.670674,0.086853,0,0.708884,0.04421,0) {-0.598136,-0.54555,-0.58022};
ST (0.76845,0.045812,0,0.727474,0.089541,0,0.708884,0.04421,0) {-0.68075,-0.636484,-0.617412};
ST (0.784033,0.093162,0,0.727474,0.089541,0,0.76845,0.045812,0) {-0.435972,-0.371638,-0.417708};
ST (0.76845,0.045812,0,0.708884,0.04421,0,0.75,0,0) {-0.483176,-0.41903,-0.46263};
ST (0.621651,0.209661,0,0.602656,0.167796,0,0.654207,0.171325,0) {-0.828047,-0.817136,-0.848656};
ST (0.670558,0.214841,0,0.621651,0.209661,0,0.654207,0.171325,0) {-0.715308,-0.680988,-0.703248};
ST (0.638067,0.251402,0,0.621651,0.209661,0,0.670558,0.214841,0) {-0.797887,-0.787155,-0.820892};
ST (0.670558,0.214841,0,0.654207,0.171325,0,0.70562,0.176369,0) {-0.752081,-0.739035,-0.781943};
ST (0.684446,0.258479,0,0.638067,0.251402,0,0.670558,0.214841,0) {-0.663688,-0.628038,-0.652529};
ST (0.719349,0.221876,0,0.684446,0.258479,0,0.670558,0.214841,0) {-0.758549,-0.726792,-0.714846};
ST (0.730781,0.26767,0,0.684446,0.258479,0,0.719349,0.221876,0) {-0.525578,-0.481057,-0.514206};
ST (0.719349,0.221876,0,0.670558,0.214841,0,0.70562,0.176369,0) {-0.575608,-0.53121,-0.562633};
ST (0.65197,0.292987,0,0.638067,0.251402,0,0.684446,0.258479,0) {-0.767059,-0.757048,-0.792078};
ST (0.695959,0.302152,0,0.65197,0.292987,0,0.684446,0.258479,0) {-0.617231,-0.581003,-0.607358};
ST (0.663398,0.334347,0,0.65197,0.292987,0,0.695959,0.302152,0) {-0.730847,-0.721999,-0.757576};
ST (0.695959,0.302152,0,0.684446,0.258479,0,0.730781,0.26767,0) {-0.695743,-0.685253,-0.729066};
ST (0.719349,0.221876,0,0.70562,0.176369,0,0.756789,0.183062,0) {-0.674946,-0.661206,-0.714199};
ST (0.767912,0.230877,0,0.719349,0.221876,0,0.756789,0.183062,0) {-0.435415,-0.382201,-0.422861};
ST (0.730781,0.26767,0,0.719349,0.221876,0,0.767912,0.230877,0) {-0.648497,-0.636529,-0.688995};
ST (0.767912,0.230877,0,0.756789,0.183062,0,0.80755,0.191555,0) {-0.575518,-0.562416,-0.623804};
ST (0.76845,0.045812,0,0.75,0,0,0.8125,0,0) {-0.576062,-0.554438,-0.629878};
ST (0.827818,0.047962,0,0.76845,0.045812,0,0.8125,0,0) {-0.304673,-0.229165,-0.284708};
ST (0.784033,0.093162,0,0.76845,0.045812,0,0.827818,0.047962,0) {-0.52388,-0.504785,-0.57947};
ST (0.827818,0.047962,0,0.8125,0,0,0.875,0,0) {-0.437569,-0.416886,-0.503045};
ST (0.840152,0.09793,0,0.784033,0.093162,0,0.827818,0.047962,0) {-0.262023,-0.188413,-0.245483};
ST (0.886782,0.050867,0,0.840152,0.09793,0,0.827818,0.047962,0) {-0.466284,-0.400268,-0.383209};
ST (0.895424,0.104243,0,0.840152,0.09793,0,0.886782,0.050867,0) {-0.0749259,0.00483191,-0.0622639};
ST (0.886782,0.050867,0,0.827818,0.047962,0,0.875,0,0) {-0.104041,-0.0202347,-0.0870095};
ST (0.796964,0.141848,0,0.784033,0.093162,0,0.840152,0.09793,0) {-0.513023,-0.496637,-0.569454};
ST (0.849906,0.149502,0,0.796964,0.141848,0,0.840152,0.09793,0) {-0.209718,-0.138666,-0.196361};
ST (0.80755,0.191555,0,0.796964,0.141848,0,0.849906,0.149502,0) {-0.48519,-0.471431,-0.541736};
ST (0.849906,0.149502,0,0.840152,0.09793,0,0.895424,0.104243,0) {-0.389628,-0.375902,-0.454984};
ST (0.886782,0.050867,0,0.875,0,0,0.9375,0,0) {-0.283767,-0.266348,-0.359962};
ST (0.944796,0.055084,0,0.886782,0.050867,0,0.9375,0,0) {0.110222,0.198414,0.121422};
ST (0.895424,0.104243,0,0.886782,0.050867,0,0.944796,0.055084,0) {-0.259208,-0.246297,-0.333965};
ST (0.944796,0.055084,0,0.9375,0,0,1,0,0) {-0.122566,-0.111241,-0.208776};
ST (0.944835,0.944811,0,1,1,0,0.9375,1,0) {-0.122421,-0.20857,-0.111036};
ST (0.88685,0.948968,0,0.944835,0.944811,0,0.9375,1,0) {0.198021,0.109869,0.12113};
ST (0.895515,0.895445,0,0.944835,0.944811,0,0.88685,0.948968,0) {-0.258471,-0.333154,-0.245525};
ST (0.88685,0.948968,0,0.9375,1,0,0.875,1,0) {-0.283573,-0.359668,-0.266053};
ST (0.840286,0.901663,0,0.895515,0.895445,0,0.88685,0.948968,0) {0.00587087,-0.0738367,-0.0611397};
ST (0.827904,0.951824,0,0.840286,0.901663,0,0.88685,0.948968,0) {-0.382216,-0.399344,-0.465276};
ST (0.784206,0.906351,0,0.840286,0.901663,0,0.827904,0.951824,0) {-0.187521,-0.261102,-0.244494};
ST (0.827904,0.951824,0,0.88685,0.948968,0,0.875,1,0) {-0.0206802,-0.104469,-0.0873379};
ST (0.850032,0.849897,0,0.895515,0.895445,0,0.840286,0.901663,0) {-0.387854,-0.453171,-0.374138};
ST (0.797146,0.85743,0,0.850032,0.849897,0,0.840286,0.901663,0) {-0.139632,-0.210629,-0.19728};
ST (0.807691,0.807479,0,0.850032,0.849897,0,0.797146,0.85743,0) {-0.484268,-0.54081,-0.470558};
ST (0.797146,0.85743,0,0.840286,0.901663,0,0.784206,0.906351,0) {-0.511124,-0.567512,-0.49472};
ST (0.827904,0.951824,0,0.875,1,0,0.8125,1,0) {-0.437334,-0.502694,-0.416533};
ST (0.768546,0.95393,0,0.827904,0.951824,0,0.8125,1,0) {-0.229615,-0.305124,-0.285044};
ST (0.784206,0.906351,0,0.827904,0.951824,0,0.768546,0.95393,0) {-0.522588,-0.578084,-0.503393};
ST (0.768546,0.95393,0,0.8125,1,0,0.75,1,0) {-0.57583,-0.629535,-0.554091};
ST (0.757004,0.815849,0,0.807691,0.807479,0,0.797146,0.85743,0) {-0.265932,-0.328024,-0.314783};
ST (0.743606,0.863293,0,0.757004,0.815849,0,0.797146,0.85743,0) {-0.584604,-0.59986,-0.647345};
ST (0.705885,0.822435,0,0.757004,0.815849,0,0.743606,0.863293,0) {-0.43667,-0.490411,-0.475865};
ST (0.743606,0.863293,0,0.797146,0.85743,0,0.784206,0.906351,0) {-0.322788,-0.38632,-0.370544};
ST (0.689681,0.867765,0,0.705885,0.822435,0,0.743606,0.863293,0) {-0.682708,-0.698017,-0.735622};
ST (0.727652,0.909896,0,0.689681,0.867765,0,0.743606,0.863293,0) {-0.532757,-0.495545,-0.549209};
ST (0.670852,0.912524,0,0.689681,0.867765,0,0.727652,0.909896,0) {-0.708707,-0.725189,-0.760599};
ST (0.727652,0.909896,0,0.743606,0.863293,0,0.784206,0.906351,0) {-0.605305,-0.622672,-0.668859};
ST (0.654495,0.827406,0,0.705885,0.822435,0,0.689681,0.867765,0) {-0.587973,-0.631593,-0.617249};
ST (0.635534,0.871011,0,0.654495,0.827406,0,0.689681,0.867765,0) {-0.769066,-0.782792,-0.810322};
ST (0.602959,0.830889,0,0.654495,0.827406,0,0.635534,0.871011,0) {-0.735808,-0.767917,-0.755405};
ST (0.635534,0.871011,0,0.689681,0.867765,0,0.670852,0.912524,0) {-0.648407,-0.690298,-0.675019};
ST (0.727652,0.909896,0,0.784206,0.906351,0,0.768546,0.95393,0) {-0.370721,-0.43508,-0.416719};
ST (0.708979,0.955496,0,0.727652,0.909896,0,0.768546,0.95393,0) {-0.616073,-0.63524,-0.679437};
ST (0.670852,0.912524,0,0.727652,0.909896,0,0.708979,0.955496,0) {-0.54491,-0.597533,-0.579526};
ST (0.708979,0.955496,0,0.768546,0.95393,0,0.75,1,0) {-0.419256,-0.48342,-0.462764};
ST (0.768072,0.767775,0,0.807691,0.807479,0,0.757004,0.815849,0) {-0.57402,-0.622303,-0.560977};
ST (0.719586,0.776649,0,0.768072,0.767775,0,0.757004,0.815849,0) {-0.382677,-0.435841,-0.423342};
ST (0.730955,0.730566,0,0.768072,0.767775,0,0.719586,0.776649,0) {-0.647139,-0.687645,-0.635228};
ST (0.719586,0.776649,0,0.757004,0.815849,0,0.705885,0.822435,0) {-0.673804,-0.713066,-0.66008};
ST (0.684719,0.739653,0,0.730955,0.730566,0,0.719586,0.776649,0) {-0.48124,-0.525707,-0.514388};
ST (0.670855,0.783589,0,0.684719,0.739653,0,0.719586,0.776649,0) {-0.713603,-0.725544,-0.757305};
ST (0.638421,0.746652,0,0.684719,0.739653,0,0.670855,0.783589,0) {-0.627815,-0.663464,-0.652307};
ST (0.670855,0.783589,0,0.719586,0.776649,0,0.705885,0.822435,0) {-0.531243,-0.575639,-0.562676};
ST (0.696181,0.695691,0,0.730955,0.730566,0,0.684719,0.739653,0) {-0.694697,-0.728003,-0.684243};
ST (0.652295,0.704768,0,0.696181,0.695691,0,0.684719,0.739653,0) {-0.580399,-0.616593,-0.606751};
ST (0.663668,0.663099,0,0.696181,0.695691,0,0.652295,0.704768,0) {-0.729824,-0.756549,-0.721004};
ST (0.652295,0.704768,0,0.684719,0.739653,0,0.638421,0.746652,0) {-0.765955,-0.790977,-0.755945};
ST (0.670855,0.783589,0,0.705885,0.822435,0,0.654495,0.827406,0) {-0.750657,-0.780534,-0.737585};
ST (0.621987,0.78871,0,0.670855,0.783589,0,0.654495,0.827406,0) {-0.680906,-0.715266,-0.703178};
ST (0.638421,0.746652,0,0.670855,0.783589,0,0.621987,0.78871,0) {-0.796078,-0.81909,-0.785309};
ST (0.621987,0.78871,0,0.654495,0.827406,0,0.602959,0.830889,0) {-0.82636,-0.846985,-0.815403};
ST (0.708979,0.955496,0,0.75,1,0,0.6875,1,0) {-0.688154,-0.729607,-0.66774};
ST (0.649303,0.956618,0,0.708979,0.955496,0,0.6875,1,0) {-0.598522,-0.648864,-0.629893};
ST (0.670852,0.912524,0,0.708979,0.955496,0,0.649303,0.956618,0) {-0.733852,-0.766436,-0.716785};
ST (0.649303,0.956618,0,0.6875,1,0,0.625,1,0) {-0.781793,-0.810886,-0.764941};
ST (0.613911,0.914341,0,0.670852,0.912524,0,0.649303,0.956618,0) {-0.707386,-0.746353,-0.730761};
ST (0.589577,0.957347,0,0.613911,0.914341,0,0.649303,0.956618,0) {-0.794872,-0.807782,-0.828989};
ST (0.556912,0.915415,0,0.613911,0.914341,0,0.589577,0.957347,0) {-0.857955,-0.881873,-0.870718};
ST (0.589577,0.957347,0,0.649303,0.956618,0,0.625,1,0) {-0.771026,-0.80565,-0.790576};
ST (0.635534,0.871011,0,0.670852,0.912524,0,0.613911,0.914341,0) {-0.808753,-0.833414,-0.795029};
ST (0.581275,0.873134,0,0.635534,0.871011,0,0.613911,0.914341,0) {-0.796794,-0.825485,-0.813233};
ST (0.602959,0.830889,0,0.635534,0.871011,0,0.581275,0.873134,0) {-0.852198,-0.86997,-0.841739};
ST (0.581275,0.873134,0,0.613911,0.914341,0,0.556912,0.915415,0) {-0.863953,-0.878379,-0.854837};
ST (0.589577,0.957347,0,0.625,1,0,0.5625,1,0) {-0.845488,-0.862651,-0.834369};
ST (0.529825,0.957707,0,0.589577,0.957347,0,0.5625,1,0) {-0.923705,-0.941334,-0.932274};
ST (0.556912,0.915415,0,0.589577,0.957347,0,0.529825,0.957707,0) {-0.851472,-0.862035,-0.844675};
ST (0.529825,0.957707,0,0.5625,1,0,0.5,1,0) {-0.885758,-0.891945,-0.882399};
ST (0.622256,0.671971,0,0.663668,0.663099,0,0.652295,0.704768,0) {-0.678505,-0.707029,-0.698817};
ST (0.608502,0.71158,0,0.622256,0.671971,0,0.652295,0.704768,0) {-0.791449,-0.799499,-0.818573};
ST (0.581092,0.678357,0,0.622256,0.671971,0,0.608502,0.71158,0) {-0.799625,-0.820145,-0.812848};
ST (0.608502,0.71158,0,0.652295,0.704768,0,0.638421,0.746652,0) {-0.717354,-0.745012,-0.735782};
ST (0.564799,0.716141,0,0.581092,0.678357,0,0.608502,0.71158,0) {-0.853046,-0.859322,-0.871307};
ST (0.592097,0.75163,0,0.564799,0.716141,0,0.608502,0.71158,0) {-0.849697,-0.838584,-0.857226};
ST (0.545781,0.754622,0,0.564799,0.716141,0,0.592097,0.75163,0) {-0.88345,-0.889179,-0.898926};
ST (0.592097,0.75163,0,0.608502,0.71158,0,0.638421,0.746652,0) {-0.824509,-0.832982,-0.850038};
ST (0.540103,0.682241,0,0.581092,0.678357,0,0.564799,0.716141,0) {-0.904922,-0.917242,-0.911858};
ST (0.521159,0.718458,0,0.540103,0.682241,0,0.564799,0.716141,0) {-0.893548,-0.896937,-0.902672};
ST (0.499217,0.68359,0,0.540103,0.682241,0,0.521159,0.718458,0) {-0.999941,-1.00395,-1.00158};
ST (0.521159,0.718458,0,0.564799,0.716141,0,0.545781,0.754622,0) {-0.943563,-0.952888,-0.948252};
ST (0.592097,0.75163,0,0.638421,0.746652,0,0.621987,0.78871,0) {-0.766214,-0.792224,-0.782432};
ST (0.573043,0.792101,0,0.592097,0.75163,0,0.621987,0.78871,0) {-0.854177,-0.862449,-0.877149};
ST (0.545781,0.754622,0,0.592097,0.75163,0,0.573043,0.792101,0) {-0.882098,-0.897881,-0.890763};
ST (0.573043,0.792101,0,0.621987,0.78871,0,0.602959,0.830889,0) {-0.814835,-0.838224,-0.828463};
ST (0.477556,0.718522,0,0.499217,0.68359,0,0.521159,0.718458,0) {-0.912362,-0.911704,-0.912218};
ST (0.499472,0.755656,0,0.477556,0.718522,0,0.521159,0.718458,0) {-1.03752,-1.03817,-1.03804};
ST (0.453191,0.754718,0,0.477556,0.718522,0,0.499472,0.755656,0) {-0.93217,-0.928695,-0.926817};
ST (0.499472,0.755656,0,0.521159,0.718458,0,0.545781,0.754622,0) {-0.918421,-0.920156,-0.92353};
ST (0.475103,0.793838,0,0.453191,0.754718,0,0.499472,0.755656,0) {-1.07625,-1.07948,-1.07404};
ST (0.52407,0.793804,0,0.475103,0.793838,0,0.499472,0.755656,0) {-0.933388,-0.933493,-0.932701};
ST (0.499693,0.833665,0,0.475103,0.793838,0,0.52407,0.793804,0) {-1.03488,-1.03567,-1.03557};
ST (0.52407,0.793804,0,0.499472,0.755656,0,0.545781,0.754622,0) {-0.988373,-0.986257,-0.991477};
ST (0.426163,0.792199,0,0.453191,0.754718,0,0.475103,0.793838,0) {-0.937397,-0.930174,-0.925626};
ST (0.448062,0.833008,0,0.426163,0.792199,0,0.475103,0.793838,0) {-1.11348,-1.11956,-1.10759};
ST (0.396468,0.830974,0,0.426163,0.792199,0,0.448062,0.833008,0) {-0.926206,-0.914243,-0.906776};
ST (0.448062,0.833008,0,0.475103,0.793838,0,0.499693,0.833665,0) {-0.935848,-0.931576,-0.929253};
ST (0.52407,0.793804,0,0.545781,0.754622,0,0.573043,0.792101,0) {-0.904052,-0.908462,-0.915628};
ST (0.551339,0.832962,0,0.52407,0.793804,0,0.573043,0.792101,0) {-0.933046,-0.927199,-0.938995};
ST (0.499693,0.833665,0,0.52407,0.793804,0,0.551339,0.832962,0) {-0.917396,-0.919615,-0.923829};
ST (0.551339,0.832962,0,0.573043,0.792101,0,0.602959,0.830889,0) {-0.876945,-0.884275,-0.896231};
ST (0.458332,0.682397,0,0.499217,0.68359,0,0.477556,0.718522,0) {-1.07616,-1.07184,-1.07361};
ST (0.433941,0.716332,0,0.458332,0.682397,0,0.477556,0.718522,0) {-0.916316,-0.910486,-0.906916};
ST (0.417364,0.678671,0,0.458332,0.682397,0,0.433941,0.716332,0) {-1.12032,-1.10771,-1.11473};
ST (0.433941,0.716332,0,0.477556,0.718522,0,0.453191,0.754718,0) {-1.10714,-1.09755,-1.10234};
ST (0.39026,0.711891,0,0.417364,0.678671,0,0.433941,0.716332,0) {-0.898116,-0.886089,-0.879594};
ST (0.406905,0.751818,0,0.39026,0.711891,0,0.433941,0.716332,0) {-1.13304,-1.14077,-1.12188};
ST (0.360607,0.746926,0,0.39026,0.711891,0,0.406905,0.751818,0) {-0.886481,-0.869428,-0.860746};
ST (0.406905,0.751818,0,0.433941,0.716332,0,0.453191,0.754718,0) {-0.922251,-0.912453,-0.90655};
ST (0.376214,0.672437,0,0.417364,0.678671,0,0.39026,0.711891,0) {-1.14205,-1.12125,-1.13451};
ST (0.346476,0.705198,0,0.376214,0.672437,0,0.39026,0.711891,0) {-0.857808,-0.838743,-0.830435};
ST (0.334827,0.663719,0,0.376214,0.672437,0,0.346476,0.705198,0) {-1.15635,-1.12758,-1.14787};
ST (0.346476,0.705198,0,0.39026,0.711891,0,0.360607,0.746926,0) {-1.15475,-1.12686,-1.14528};
ST (0.406905,0.751818,0,0.453191,0.754718,0,0.426163,0.792199,0) {-1.13665,-1.12066,-1.12937};
ST (0.37725,0.788874,0,0.406905,0.751818,0,0.426163,0.792199,0) {-0.91118,-0.896475,-0.888034};
ST (0.360607,0.746926,0,0.406905,0.751818,0,0.37725,0.788874,0) {-1.15375,-1.12756,-1.14377};
ST (0.37725,0.788874,0,0.426163,0.792199,0,0.396468,0.830974,0) {-1.1516,-1.12805,-1.14168};
ST (0.551339,0.832962,0,0.602959,0.830889,0,0.581275,0.873134,0) {-0.867429,-0.887054,-0.878034};
ST (0.526961,0.874193,0,0.551339,0.832962,0,0.581275,0.873134,0) {-0.893511,-0.899046,-0.90782};
ST (0.499693,0.833665,0,0.551339,0.832962,0,0.526961,0.874193,0) {-0.982067,-0.988623,-0.984711};
ST (0.526961,0.874193,0,0.581275,0.873134,0,0.556912,0.915415,0) {-0.925661,-0.940214,-0.932799};
ST (0.472629,0.874208,0,0.499693,0.833665,0,0.526961,0.874193,0) {-0.925955,-0.925015,-0.925895};
ST (0.499877,0.915777,0,0.472629,0.874208,0,0.526961,0.874193,0) {-1.04045,-1.04138,-1.04133};
ST (0.442843,0.915433,0,0.472629,0.874208,0,0.499877,0.915777,0) {-0.916575,-0.911406,-0.908587};
ST (0.499877,0.915777,0,0.526961,0.874193,0,0.556912,0.915415,0) {-0.897619,-0.900379,-0.905531};
ST (0.448062,0.833008,0,0.499693,0.833665,0,0.472629,0.874208,0) {-1.0872,-1.0805,-1.08319};
ST (0.418319,0.873179,0,0.448062,0.833008,0,0.472629,0.874208,0) {-0.930741,-0.921953,-0.916317};
ST (0.396468,0.830974,0,0.448062,0.833008,0,0.418319,0.873179,0) {-1.14114,-1.12139,-1.132};
ST (0.418319,0.873179,0,0.472629,0.874208,0,0.442843,0.915433,0) {-1.11975,-1.10509,-1.11224};
ST (0.499877,0.915777,0,0.556912,0.915415,0,0.529825,0.957707,0) {-0.988296,-0.996341,-0.991524};
ST (0.47006,0.957712,0,0.499877,0.915777,0,0.529825,0.957707,0) {-0.877955,-0.876844,-0.877935};
ST (0.442843,0.915433,0,0.499877,0.915777,0,0.47006,0.957712,0) {-1.08565,-1.07754,-1.08079};
ST (0.47006,0.957712,0,0.529825,0.957707,0,0.5,1,0) {-1.03953,-1.03952,-1.03842};
ST (0.633351,0.632803,0,0.663668,0.663099,0,0.622256,0.671971,0) {-0.769249,-0.790082,-0.762138};
ST (0.594603,0.641264,0,0.633351,0.632803,0,0.622256,0.671971,0) {-0.768953,-0.790527,-0.783996};
ST (0.605276,0.604818,0,0.633351,0.632803,0,0.594603,0.641264,0) {-0.805749,-0.821361,-0.800293};
ST (0.594603,0.641264,0,0.622256,0.671971,0,0.581092,0.678357,0) {-0.830531,-0.844455,-0.824381};
ST (0.569413,0.612669,0,0.605276,0.604818,0,0.594603,0.641264,0) {-0.84598,-0.861449,-0.856527};
ST (0.556219,0.646987,0,0.569413,0.612669,0,0.594603,0.641264,0) {-0.845088,-0.849489,-0.859052};
ST (0.534007,0.617468,0,0.569413,0.612669,0,0.556219,0.646987,0) {-0.935178,-0.944301,-0.940544};
ST (0.556219,0.646987,0,0.594603,0.641264,0,0.581092,0.678357,0) {-0.871326,-0.885649,-0.880205};
ST (0.579546,0.579227,0,0.605276,0.604818,0,0.569413,0.612669,0) {-0.831937,-0.843039,-0.827997};
ST (0.546836,0.586259,0,0.579546,0.579227,0,0.569413,0.612669,0) {-0.911711,-0.922007,-0.918541};
ST (0.556326,0.556165,0,0.579546,0.579227,0,0.546836,0.586259,0) {-0.853463,-0.860793,-0.850842};
ST (0.546836,0.586259,0,0.569413,0.612669,0,0.534007,0.617468,0) {-0.861173,-0.867172,-0.858318};
ST (0.556219,0.646987,0,0.581092,0.678357,0,0.540103,0.682241,0) {-0.871799,-0.879589,-0.867553};
ST (0.518072,0.649904,0,0.556219,0.646987,0,0.540103,0.682241,0) {-0.964769,-0.971837,-0.968416};
ST (0.534007,0.617468,0,0.556219,0.646987,0,0.518072,0.649904,0) {-0.872661,-0.877099,-0.870222};
ST (0.518072,0.649904,0,0.540103,0.682241,0,0.499217,0.68359,0) {-0.889747,-0.892365,-0.888455};
ST (0.527119,0.562164,0,0.556326,0.556165,0,0.546836,0.586259,0) {-0.964098,-0.970215,-0.967998};
ST (0.514648,0.58987,0,0.527119,0.562164,0,0.546836,0.586259,0) {-0.870987,-0.872537,-0.875767};
ST (0.498435,0.564266,0,0.527119,0.562164,0,0.514648,0.58987,0) {-1.02712,-1.02898,-1.02792};
ST (0.514648,0.58987,0,0.546836,0.586259,0,0.534007,0.617468,0) {-0.988008,-0.992969,-0.990687};
ST (0.482641,0.589962,0,0.498435,0.564266,0,0.514648,0.58987,0) {-0.879075,-0.878651,-0.878855};
ST (0.498848,0.619139,0,0.482641,0.589962,0,0.514648,0.58987,0) {-1.05353,-1.05395,-1.05374};
ST (0.463687,0.617648,0,0.482641,0.589962,0,0.498848,0.619139,0) {-0.878524,-0.876416,-0.875315};
ST (0.498848,0.619139,0,0.514648,0.58987,0,0.534007,0.617468,0) {-0.873158,-0.874038,-0.875955};
ST (0.469759,0.562369,0,0.498435,0.564266,0,0.482641,0.589962,0) {-1.0787,-1.07641,-1.07742};
ST (0.45045,0.586548,0,0.469759,0.562369,0,0.482641,0.589962,0) {-0.877792,-0.874356,-0.872573};
ST (0.440554,0.556569,0,0.469759,0.562369,0,0.45045,0.586548,0) {-1.11363,-1.10708,-1.11118};
ST (0.45045,0.586548,0,0.482641,0.589962,0,0.463687,0.617648,0) {-1.10177,-1.09639,-1.09925};
ST (0.498848,0.619139,0,0.534007,0.617468,0,0.518072,0.649904,0) {-1.01589,-1.01879,-1.0171};
ST (0.480007,0.649993,0,0.498848,0.619139,0,0.518072,0.649904,0) {-0.881235,-0.880695,-0.881048};
ST (0.463687,0.617648,0,0.498848,0.619139,0,0.480007,0.649993,0) {-1.08038,-1.07709,-1.07847};
ST (0.480007,0.649993,0,0.518072,0.649904,0,0.499217,0.68359,0) {-1.04605,-1.04587,-1.04551};
ST (0.535877,0.535868,0,0.556326,0.556165,0,0.527119,0.562164,0) {-0.870561,-0.87488,-0.869024};
ST (0.510642,0.540568,0,0.535877,0.535868,0,0.527119,0.562164,0) {-1.00431,-1.00729,-1.00608};
ST (0.518591,0.518735,0,0.535877,0.535868,0,0.510642,0.540568,0) {-0.880607,-0.882692,-0.879895};
ST (0.510642,0.540568,0,0.527119,0.562164,0,0.498435,0.564266,0) {-0.87998,-0.881238,-0.87948};
ST (0.49804,0.521697,0,0.518591,0.518735,0,0.510642,0.540568,0) {-1.03327,-1.03415,-1.03369};
ST (0.485831,0.540686,0,0.49804,0.521697,0,0.510642,0.540568,0) {-0.885796,-0.885498,-0.885576};
ST (0.477494,0.518996,0,0.49804,0.521697,0,0.485831,0.540686,0) {-1.07203,-1.07076,-1.07139};
ST (0.485831,0.540686,0,0.510642,0.540568,0,0.498435,0.564266,0) {-1.05451,-1.0543,-1.05422};
ST (0.505197,0.505539,0,0.518591,0.518735,0,0.49804,0.521697,0) {-0.871624,-0.872257,-0.871467};
ST (0.490529,0.505682,0,0.505197,0.505539,0,0.49804,0.521697,0) {-1.05365,-1.05349,-1.0535};
ST (0.497739,0.498268,0,0.505197,0.505539,0,0.490529,0.505682,0) {-0.659092,-0.659079,-0.659235};
ST (0.490529,0.505682,0,0.49804,0.521697,0,0.477494,0.518996,0) {-0.873003,-0.872688,-0.873881};
ST (0.485831,0.540686,0,0.498435,0.564266,0,0.469759,0.562369,0) {-0.880467,-0.879746,-0.881954};
ST (0.460623,0.536197,0,0.485831,0.540686,0,0.469759,0.562369,0) {-1.09358,-1.09019,-1.09217};
ST (0.477494,0.518996,0,0.485831,0.540686,0,0.460623,0.536197,0) {-0.879943,-0.879044,-0.882283};
ST (0.460623,0.536197,0,0.469759,0.562369,0,0.440554,0.556569,0) {-0.872164,-0.870414,-0.876725};
ST (0.480007,0.649993,0,0.499217,0.68359,0,0.458332,0.682397,0) {-0.894076,-0.892598,-0.896835};
ST (0.441866,0.647247,0,0.480007,0.649993,0,0.458332,0.682397,0) {-1.10266,-1.09524,-1.09902};
ST (0.463687,0.617648,0,0.480007,0.649993,0,0.441866,0.647247,0) {-0.879138,-0.876473,-0.883721};
ST (0.441866,0.647247,0,0.458332,0.682397,0,0.417364,0.678671,0) {-0.885927,-0.881452,-0.893803};
ST (0.428288,0.613046,0,0.463687,0.617648,0,0.441866,0.647247,0) {-1.12051,-1.111,-1.1165};
ST (0.403501,0.64171,0,0.428288,0.613046,0,0.441866,0.647247,0) {-0.872815,-0.863159,-0.858494};
ST (0.392449,0.60541,0,0.428288,0.613046,0,0.403501,0.64171,0) {-1.13962,-1.12378,-1.13441};
ST (0.403501,0.64171,0,0.441866,0.647247,0,0.417364,0.678671,0) {-1.1312,-1.11655,-1.1255};
ST (0.45045,0.586548,0,0.463687,0.617648,0,0.428288,0.613046,0) {-0.868191,-0.865085,-0.874346};
ST (0.417764,0.579722,0,0.45045,0.586548,0,0.428288,0.613046,0) {-1.12894,-1.11824,-1.12522};
ST (0.440554,0.556569,0,0.45045,0.586548,0,0.417764,0.579722,0) {-0.858691,-0.85582,-0.866202};
ST (0.417764,0.579722,0,0.428288,0.613046,0,0.392449,0.60541,0) {-0.844786,-0.840571,-0.856003};
ST (0.403501,0.64171,0,0.417364,0.678671,0,0.376214,0.672437,0) {-0.855654,-0.849234,-0.869608};
ST (0.364797,0.633432,0,0.403501,0.64171,0,0.376214,0.672437,0) {-1.14767,-1.12579,-1.14085};
ST (0.392449,0.60541,0,0.403501,0.64171,0,0.364797,0.633432,0) {-0.827861,-0.822106,-0.843498};
ST (0.364797,0.633432,0,0.376214,0.672437,0,0.334827,0.663719,0) {-0.804471,-0.797068,-0.825284};
ST (0.47006,0.957712,0,0.5,1,0,0.4375,1,0) {-0.906517,-0.903138,-0.91269};
ST (0.410304,0.957358,0,0.47006,0.957712,0,0.4375,1,0) {-1.11706,-1.0994,-1.10795};
ST (0.442843,0.915433,0,0.47006,0.957712,0,0.410304,0.957358,0) {-0.883421,-0.876569,-0.89397};
ST (0.410304,0.957358,0,0.4375,1,0,0.375,1,0) {-0.895575,-0.8844,-0.912688};
ST (0.38584,0.914373,0,0.442843,0.915433,0,0.410304,0.957358,0) {-1.13699,-1.11301,-1.12576};
ST (0.350582,0.956633,0,0.38584,0.914373,0,0.410304,0.957358,0) {-0.882075,-0.860919,-0.847921};
ST (0.328922,0.912558,0,0.38584,0.914373,0,0.350582,0.956633,0) {-1.14689,-1.10788,-1.1312};
ST (0.350582,0.956633,0,0.410304,0.957358,0,0.375,1,0) {-1.1542,-1.11955,-1.13905};
ST (0.418319,0.873179,0,0.442843,0.915433,0,0.38584,0.914373,0) {-0.90029,-0.891077,-0.914696};
ST (0.364076,0.871075,0,0.418319,0.873179,0,0.38584,0.914373,0) {-1.14578,-1.11701,-1.13342};
ST (0.396468,0.830974,0,0.418319,0.873179,0,0.364076,0.871075,0) {-0.895998,-0.88541,-0.91374};
ST (0.364076,0.871075,0,0.38584,0.914373,0,0.328922,0.912558,0) {-0.863482,-0.849639,-0.888075};
ST (0.350582,0.956633,0,0.375,1,0,0.3125,1,0) {-0.84445,-0.827513,-0.873464};
ST (0.290922,0.955508,0,0.350582,0.956633,0,0.3125,1,0) {-1.13856,-1.08821,-1.1195};
ST (0.328922,0.912558,0,0.350582,0.956633,0,0.290922,0.955508,0) {-0.795616,-0.778446,-0.828115};
ST (0.290922,0.955508,0,0.3125,1,0,0.25,1,0) {-0.755774,-0.735262,-0.797134};
ST (0.344959,0.827525,0,0.396468,0.830974,0,0.364076,0.871075,0) {-1.15149,-1.11928,-1.13884};
ST (0.309966,0.867837,0,0.344959,0.827525,0,0.364076,0.871075,0) {-0.868329,-0.840884,-0.827008};
ST (0.293603,0.822579,0,0.344959,0.827525,0,0.309966,0.867837,0) {-1.12482,-1.08113,-1.11031};
ST (0.309966,0.867837,0,0.364076,0.871075,0,0.328922,0.912558,0) {-1.13567,-1.09373,-1.12027};
ST (0.256075,0.86337,0,0.293603,0.822579,0,0.309966,0.867837,0) {-0.796932,-0.759461,-0.743975};
ST (0.272151,0.909927,0,0.256075,0.86337,0,0.309966,0.867837,0) {-1.05834,-1.07494,-1.02124};
ST (0.215631,0.906371,0,0.256075,0.86337,0,0.272151,0.909927,0) {-0.722256,-0.676214,-0.6587};
ST (0.272151,0.909927,0,0.309966,0.867837,0,0.328922,0.912558,0) {-0.819765,-0.78446,-0.767844};
ST (0.242507,0.816022,0,0.293603,0.822579,0,0.256075,0.86337,0) {-1.05722,-1.00341,-1.04246};
ST (0.202557,0.857516,0,0.242507,0.816022,0,0.256075,0.86337,0) {-0.701371,-0.654063,-0.638596};
ST (0.191838,0.807676,0,0.242507,0.816022,0,0.202557,0.857516,0) {-0.985811,-0.923672,-0.972339};
ST (0.202557,0.857516,0,0.256075,0.86337,0,0.215631,0.906371,0) {-0.993975,-0.93042,-0.978025};
ST (0.272151,0.909927,0,0.328922,0.912558,0,0.290922,0.955508,0) {-1.10884,-1.0562,-1.09073};
ST (0.231374,0.953938,0,0.272151,0.909927,0,0.290922,0.955508,0) {-0.74119,-0.6971,-0.677823};
ST (0.215631,0.906371,0,0.272151,0.909927,0,0.231374,0.953938,0) {-1.02535,-0.960996,-1.00688};
ST (0.231374,0.953938,0,0.290922,0.955508,0,0.25,1,0) {-1.06852,-1.00436,-1.04777};
ST (0.37725,0.788874,0,0.396468,0.830974,0,0.344959,0.827525,0) {-0.868487,-0.857363,-0.889067};
ST (0.328405,0.783805,0,0.37725,0.788874,0,0.344959,0.827525,0) {-1.14841,-1.11391,-1.13613};
ST (0.360607,0.746926,0,0.37725,0.788874,0,0.328405,0.783805,0) {-0.84147,-0.830501,-0.864437};
ST (0.328405,0.783805,0,0.344959,0.827525,0,0.293603,0.822579,0) {-0.80163,-0.788358,-0.8314};
ST (0.314314,0.74001,0,0.360607,0.746926,0,0.328405,0.783805,0) {-1.14614,-1.11031,-1.13475};
ST (0.279693,0.776918,0,0.314314,0.74001,0,0.328405,0.783805,0) {-0.804181,-0.772529,-0.760343};
ST (0.268086,0.730996,0,0.314314,0.74001,0,0.279693,0.776918,0) {-1.11296,-1.06834,-1.10137};
ST (0.279693,0.776918,0,0.328405,0.783805,0,0.293603,0.822579,0) {-1.1168,-1.07229,-1.10361};
ST (0.346476,0.705198,0,0.360607,0.746926,0,0.314314,0.74001,0) {-0.81155,-0.801288,-0.836519};
ST (0.302604,0.696221,0,0.346476,0.705198,0,0.314314,0.74001,0) {-1.14619,-1.10979,-1.13609};
ST (0.334827,0.663719,0,0.346476,0.705198,0,0.302604,0.696221,0) {-0.774019,-0.764919,-0.800687};
ST (0.302604,0.696221,0,0.314314,0.74001,0,0.268086,0.730996,0) {-0.738751,-0.728021,-0.771956};
ST (0.279693,0.776918,0,0.293603,0.822579,0,0.242507,0.816022,0) {-0.725484,-0.711519,-0.764584};
ST (0.231231,0.768083,0,0.279693,0.776918,0,0.242507,0.816022,0) {-1.05343,-1.00018,-1.04067};
ST (0.268086,0.730996,0,0.279693,0.776918,0,0.231231,0.768083,0) {-0.694788,-0.682593,-0.735114};
ST (0.231231,0.768083,0,0.242507,0.816022,0,0.191838,0.807676,0) {-0.626041,-0.612731,-0.674118};
ST (0.231374,0.953938,0,0.25,1,0,0.1875,1,0) {-0.639091,-0.617257,-0.692703};
ST (0.172029,0.951826,0,0.231374,0.953938,0,0.1875,1,0) {-0.950993,-0.875491,-0.930824};
ST (0.215631,0.906371,0,0.231374,0.953938,0,0.172029,0.951826,0) {-0.577872,-0.558569,-0.63326};
ST (0.172029,0.951826,0,0.1875,1,0,0.125,1,0) {-0.495772,-0.47488,-0.561042};
ST (0.159563,0.901689,0,0.215631,0.906371,0,0.172029,0.951826,0) {-0.907428,-0.833842,-0.890704};
ST (0.113096,0.948968,0,0.159563,0.901689,0,0.172029,0.951826,0) {-0.517196,-0.451392,-0.434145};
ST (0.104357,0.895473,0,0.159563,0.901689,0,0.113096,0.948968,0) {-0.769112,-0.689424,-0.756305};
ST (0.113096,0.948968,0,0.172029,0.951826,0,0.125,1,0) {-0.80967,-0.725893,-0.79246};
ST (0.202557,0.857516,0,0.215631,0.906371,0,0.159563,0.901689,0) {-0.561956,-0.545374,-0.618179};
ST (0.149696,0.849989,0,0.202557,0.857516,0,0.159563,0.901689,0) {-0.888231,-0.817232,-0.874711};
ST (0.191838,0.807676,0,0.202557,0.857516,0,0.149696,0.849989,0) {-0.541202,-0.527255,-0.597518};
ST (0.149696,0.849989,0,0.159563,0.901689,0,0.104357,0.895473,0) {-0.441624,-0.427733,-0.506752};
ST (0.113096,0.948968,0,0.125,1,0,0.0625,1,0) {-0.335705,-0.318104,-0.41172};
ST (0.055126,0.944814,0,0.113096,0.948968,0,0.0625,1,0) {-0.657882,-0.56975,-0.646561};
ST (0.104357,0.895473,0,0.113096,0.948968,0,0.055126,0.944814,0) {-0.311887,-0.298829,-0.38644};
ST (0.055126,0.944814,0,0.0625,1,0,0,1,0) {-0.166137,-0.154691,-0.252226};
};