View "E " {
ST (0.905320,0.905320,0,0.848393,0.984391,0,0.785349,0.895241,0) {2.289230,2.395119,1.782440};
ST (0.905320,0.905320,0,0.895139,0.785253,0,0.984391,0.848393,0) {2.289232,1.781629,2.395118};
ST (0.839027,0.839027,0,0.905320,0.905320,0,0.785349,0.895241,0) {1.757481,2.289233,1.782438};
ST (0.839027,0.839027,0,0.895139,0.785253,0,0.905320,0.905320,0) {1.757481,1.781629,2.289231};
ST (0.994522,0.104528,0,1.094037,0.198761,0,0.978148,0.207912,0) {0.714285,1.327043,0.714288};
ST (0.207912,0.978148,0,0.198710,1.093919,0,0.104528,0.994522,0) {0.714287,1.326326,0.714287};
ST (0.913545,0.406737,0,0.983743,0.512947,0,0.866025,0.500000,0) {0.714284,1.312709,0.714284};
ST (0.500000,0.866025,0,0.512957,0.983753,0,0.406737,0.913545,0) {0.714284,1.312785,0.714285};
ST (0.809017,0.587785,0,0.852088,0.687852,0,0.743145,0.669131,0) {0.714284,1.230723,0.714288};
ST (0.669131,0.743145,0,0.688776,0.853016,0,0.587785,0.809017,0) {0.714288,1.238132,0.714285};
ST (0.913545,0.406737,0,0.997316,0.421290,0,0.983743,0.512947,0) {0.714283,1.160309,1.312711};
ST (0.406737,0.913545,0,0.512957,0.983753,0,0.421288,0.997308,0) {0.714283,1.312787,1.160263};
ST (1.322513,0.407941,0,1.288329,0.505632,0,1.205312,0.421615,0) {2.843112,2.843107,2.270416};
ST (0.505632,1.288329,0,0.407941,1.322513,0,0.421488,1.205043,0) {2.843109,2.843111,2.268772};
ST (0.809017,0.587785,0,0.914416,0.598468,0,0.852088,0.687852,0) {0.714285,1.218065,1.230722};
ST (0.587785,0.809017,0,0.688776,0.853016,0,0.598570,0.914519,0) {0.714286,1.238130,1.218871};
ST (0.743145,0.669131,0,0.852088,0.687852,0,0.777336,0.777372,0) {0.714288,1.230722,1.255015};
ST (0.669131,0.743145,0,0.777336,0.777372,0,0.688776,0.853016,0) {0.714288,1.255015,1.238131};
ST (1.246941,0.600495,0,1.198579,0.692000,0,1.130961,0.595377,0) {2.843108,2.843110,2.276955};
ST (0.692000,1.198579,0,0.600495,1.246941,0,0.595273,1.130948,0) {2.843107,2.843109,2.276625};
ST (1.098070,0.479124,0,0.983743,0.512947,0,0.997316,0.421290,0) {1.823605,1.312708,1.160311};
ST (0.479124,1.098070,0,0.421288,0.997308,0,0.512957,0.983753,0) {1.823606,1.160264,1.312787};
ST (1.098070,0.479124,0,0.997316,0.421290,0,1.056987,0.372376,0) {1.823605,1.160309,1.377085};
ST (0.479124,1.098070,0,0.372349,1.056922,0,0.421288,0.997308,0) {1.823605,1.376679,1.160263};
ST (0.994522,0.104528,0,1.100553,0.091395,0,1.094037,0.198761,0) {0.714286,1.283527,1.327043};
ST (0.104528,0.994522,0,0.198710,1.093919,0,0.091357,1.100466,0) {0.714286,1.326326,1.283015};
ST (0.000000,1.384000,0,0.088705,1.284520,0,0.103426,1.380130,0) {2.843108,2.329401,2.843108};
ST (1.384000,0.000000,0,1.380130,0.103426,0,1.284594,0.088737,0) {2.843111,2.843108,2.329818};
ST (0.951057,0.309017,0,1.056987,0.372376,0,0.997316,0.421290,0) {0.714289,1.377084,1.160309};
ST (0.309017,0.951057,0,0.421288,0.997308,0,0.372349,1.056922,0) {0.714289,1.160262,1.376680};
ST (0.307969,1.349300,0,0.206274,1.368542,0,0.187961,1.299225,0) {2.843106,2.843109,2.467127};
ST (1.368542,0.206274,0,1.349300,0.307969,0,1.299195,0.188086,0) {2.843111,2.843107,2.467062};
ST (0.000000,1.000000,0,0.104528,0.994522,0,0.091357,1.100466,0) {0.714285,0.714285,1.283015};
ST (1.000000,0.000000,0,1.100553,0.091395,0,0.994522,0.104528,0) {0.714285,1.283527,0.714286};
ST (1.023882,0.625971,0,0.914416,0.598468,0,0.983743,0.512947,0) {1.835248,1.218066,1.312709};
ST (0.625971,1.023882,0,0.512957,0.983753,0,0.598570,0.914519,0) {1.835248,1.312786,1.218871};
ST (0.866025,0.500000,0,0.983743,0.512947,0,0.914416,0.598468,0) {0.714284,1.312709,1.218066};
ST (0.500000,0.866025,0,0.598570,0.914519,0,0.512957,0.983753,0) {0.714284,1.218869,1.312787};
ST (0.307969,1.349300,0,0.187961,1.299225,0,0.258140,1.242706,0) {2.843108,2.467127,2.227603};
ST (1.349300,0.307969,0,1.241699,0.258954,0,1.299195,0.188086,0) {2.843106,2.223029,2.467062};
ST (1.288329,0.505632,0,1.193424,0.521605,0,1.205312,0.421615,0) {2.843109,2.410960,2.270413};
ST (0.505632,1.288329,0,0.421488,1.205043,0,0.520516,1.193287,0) {2.843107,2.268776,2.407889};
ST (0.406737,0.913545,0,0.421288,0.997308,0,0.309017,0.951057,0) {0.714285,1.160263,0.714288};
ST (0.951057,0.309017,0,0.997316,0.421290,0,0.913545,0.406737,0) {0.714288,1.160311,0.714284};
ST (1.246941,0.600495,0,1.130961,0.595377,0,1.193424,0.521605,0) {2.843109,2.276957,2.410959};
ST (0.600495,1.246941,0,0.520516,1.193287,0,0.595273,1.130948,0) {2.843109,2.407892,2.276624};
ST (0.000000,1.000000,0,0.091357,1.100466,0,0.000000,1.128000,0) {0.714285,1.283014,1.419306};
ST (1.000000,0.000000,0,1.128000,0.000000,0,1.100553,0.091395,0) {0.714287,1.419306,1.283529};
ST (0.000000,1.384000,0,0.000000,1.256000,0,0.088705,1.284520,0) {2.843111,2.153496,2.329398};
ST (1.384000,0.000000,0,1.284594,0.088737,0,1.256000,0.000000,0) {2.843110,2.329816,2.153495};
ST (1.150731,0.312252,0,1.056987,0.372376,0,1.045653,0.280041,0) {1.790785,1.377085,1.159499};
ST (0.312003,1.150150,0,0.279997,1.045551,0,0.372349,1.056922,0) {1.787180,1.158879,1.376679};
ST (1.203160,0.160686,0,1.094037,0.198761,0,1.100553,0.091395,0) {1.914236,1.327043,1.283528};
ST (0.160402,1.202495,0,0.091357,1.100466,0,0.198710,1.093919,0) {1.910247,1.283015,1.326324};
ST (1.023882,0.625971,0,1.130961,0.595377,0,1.113232,0.682006,0) {1.835248,2.276957,2.427877};
ST (0.625971,1.023882,0,0.681992,1.113230,0,0.595273,1.130948,0) {1.835248,2.427831,2.276624};
ST (0.852088,0.687852,0,0.895139,0.785253,0,0.777336,0.777372,0) {1.230722,1.781631,1.255014};
ST (0.777336,0.777372,0,0.785349,0.895241,0,0.688776,0.853016,0) {1.255015,1.782437,1.238132};
ST (1.150731,0.312252,0,1.256089,0.343584,0,1.205312,0.421615,0) {1.790783,2.409863,2.270416};
ST (0.312003,1.150150,0,0.421488,1.205043,0,0.343425,1.256110,0) {1.787179,2.268773,2.409744};
ST (0.978942,0.771232,0,0.984391,0.848393,0,0.895139,0.785253,0) {2.098536,2.395118,1.781634};
ST (0.771232,0.978942,0,0.785349,0.895241,0,0.848393,0.984391,0) {2.098536,1.782438,2.395118};
ST (1.098070,0.479124,0,1.205312,0.421615,0,1.193424,0.521605,0) {1.823607,2.270416,2.410959};
ST (0.479124,1.098070,0,0.520516,1.193287,0,0.421488,1.205043,0) {1.823606,2.407894,2.268772};
ST (1.098070,0.479124,0,1.059870,0.551938,0,0.983743,0.512947,0) {1.823605,1.805920,1.312710};
ST (0.479124,1.098070,0,0.512957,0.983753,0,0.551922,1.059869,0) {1.823608,1.312785,1.805871};
ST (1.098070,0.479124,0,1.193424,0.521605,0,1.130961,0.595377,0) {1.823605,2.410959,2.276959};
ST (0.479124,1.098070,0,0.595273,1.130948,0,0.520516,1.193287,0) {1.823607,2.276623,2.407893};
ST (1.150731,0.312252,0,1.045653,0.280041,0,1.094037,0.198761,0) {1.790782,1.159497,1.327043};
ST (0.312003,1.150150,0,0.198710,1.093919,0,0.279997,1.045551,0) {1.787179,1.326326,1.158879};
ST (1.380130,0.103426,0,1.368542,0.206274,0,1.299195,0.188086,0) {2.843110,2.843109,2.467062};
ST (0.206274,1.368542,0,0.103426,1.380130,0,0.187961,1.299225,0) {2.843111,2.843109,2.467125};
ST (1.023882,0.625971,0,0.983743,0.512947,0,1.059870,0.551938,0) {1.835248,1.312708,1.805919};
ST (0.625971,1.023882,0,0.551922,1.059869,0,0.512957,0.983753,0) {1.835249,1.805870,1.312787};
ST (0.951057,0.309017,0,1.045653,0.280041,0,1.056987,0.372376,0) {0.714288,1.159498,1.377083};
ST (0.309017,0.951057,0,0.372349,1.056922,0,0.279997,1.045551,0) {0.714289,1.376680,1.158878};
ST (1.098070,0.479124,0,1.056987,0.372376,0,1.126900,0.399588,0) {1.823607,1.377083,1.809805};
ST (0.479124,1.098070,0,0.399521,1.126747,0,0.372349,1.056922,0) {1.823606,1.808845,1.376681};
ST (1.150731,0.312252,0,1.126900,0.399588,0,1.056987,0.372376,0) {1.790784,1.809804,1.377084};
ST (0.312003,1.150150,0,0.372349,1.056922,0,0.399521,1.126747,0) {1.787180,1.376680,1.808844};
ST (0.839027,0.839027,0,0.777336,0.777372,0,0.895139,0.785253,0) {1.757480,1.255016,1.781632};
ST (0.839027,0.839027,0,0.785349,0.895241,0,0.777336,0.777372,0) {1.757481,1.782437,1.255016};
ST (0.978148,0.207912,0,1.094037,0.198761,0,1.045653,0.280041,0) {0.714288,1.327043,1.159498};
ST (0.207912,0.978148,0,0.279997,1.045551,0,0.198710,1.093919,0) {0.714288,1.158878,1.326325};
ST (1.150731,0.312252,0,1.241699,0.258954,0,1.256089,0.343584,0) {1.790784,2.223027,2.409863};
ST (0.258140,1.242706,0,0.312003,1.150150,0,0.343425,1.256110,0) {2.227603,1.787181,2.409741};
ST (1.023882,0.625971,0,1.113232,0.682006,0,1.048022,0.724336,0) {1.835248,2.427878,2.254021};
ST (0.625971,1.023882,0,0.724336,1.048022,0,0.681992,1.113230,0) {1.835248,2.254018,2.427830};
ST (1.380130,0.103426,0,1.299195,0.188086,0,1.284594,0.088737,0) {2.843109,2.467061,2.329818};
ST (0.103426,1.380130,0,0.088705,1.284520,0,0.187961,1.299225,0) {2.843109,2.329398,2.467127};
ST (0.852088,0.687852,0,0.914416,0.598468,0,0.950279,0.695604,0) {1.230722,1.218065,1.706146};
ST (0.688776,0.853016,0,0.695718,0.950394,0,0.598570,0.914519,0) {1.238131,1.707071,1.218872};
ST (0.866025,0.500000,0,0.914416,0.598468,0,0.809017,0.587785,0) {0.714284,1.218063,0.714284};
ST (0.587785,0.809017,0,0.598570,0.914519,0,0.500000,0.866025,0) {0.714286,1.218872,0.714286};
ST (1.150731,0.312252,0,1.205312,0.421615,0,1.126900,0.399588,0) {1.790784,2.270414,1.809803};
ST (0.312003,1.150150,0,0.399521,1.126747,0,0.421488,1.205043,0) {1.787180,1.808844,2.268773};
ST (1.198579,0.692000,0,1.113232,0.682006,0,1.130961,0.595377,0) {2.843108,2.427880,2.276956};
ST (0.692000,1.198579,0,0.595273,1.130948,0,0.681992,1.113230,0) {2.843110,2.276627,2.427828};
ST (1.014544,0.941359,0,0.941359,1.014544,0,0.905320,0.905320,0) {2.843110,2.843110,2.289231};
ST (1.023882,0.625971,0,1.059870,0.551938,0,1.130961,0.595377,0) {1.835248,1.805919,2.276959};
ST (0.625971,1.023882,0,0.595273,1.130948,0,0.551922,1.059869,0) {1.835247,2.276625,1.805871};
ST (1.098070,0.479124,0,1.126900,0.399588,0,1.205312,0.421615,0) {1.823605,1.809805,2.270416};
ST (0.479124,1.098070,0,0.421488,1.205043,0,0.399521,1.126747,0) {1.823604,2.268774,1.808847};
ST (0.743145,0.669131,0,0.777336,0.777372,0,0.669131,0.743145,0) {0.714289,1.255014,0.714288};
ST (1.322513,0.407941,0,1.205312,0.421615,0,1.256089,0.343584,0) {2.843111,2.270418,2.409862};
ST (0.407941,1.322513,0,0.343425,1.256110,0,0.421488,1.205043,0) {2.843110,2.409743,2.268772};
ST (1.098070,0.479124,0,1.130961,0.595377,0,1.059870,0.551938,0) {1.823606,2.276957,1.805919};
ST (0.479124,1.098070,0,0.551922,1.059869,0,0.595273,1.130948,0) {1.823606,1.805872,2.276626};
ST (1.150731,0.312252,0,1.094037,0.198761,0,1.172987,0.231821,0) {1.790784,1.327041,1.809963};
ST (0.312003,1.150150,0,0.231588,1.172927,0,0.198710,1.093919,0) {1.787181,1.809362,1.326324};
ST (0.978942,0.771232,0,0.950279,0.695604,0,1.048022,0.724336,0) {2.098536,1.706146,2.254023};
ST (0.771232,0.978942,0,0.724336,1.048022,0,0.695718,0.950394,0) {2.098534,2.254020,1.707070};
ST (1.023882,0.625971,0,1.048022,0.724336,0,0.950279,0.695604,0) {1.835245,2.254022,1.706144};
ST (0.625971,1.023882,0,0.695718,0.950394,0,0.724336,1.048022,0) {1.835249,1.707069,2.254020};
ST (1.203160,0.160686,0,1.100553,0.091395,0,1.195331,0.068264,0) {1.914235,1.283528,1.819184};
ST (0.160402,1.202495,0,0.068217,1.195221,0,0.091357,1.100466,0) {1.910246,1.818537,1.283013};
ST (0.978148,0.207912,0,1.045653,0.280041,0,0.951057,0.309017,0) {0.714287,1.159499,0.714288};
ST (0.309017,0.951057,0,0.279997,1.045551,0,0.207912,0.978148,0) {0.714287,1.158878,0.714286};
ST (1.203160,0.160686,0,1.172987,0.231821,0,1.094037,0.198761,0) {1.914234,1.809960,1.327042};
ST (0.160402,1.202495,0,0.198710,1.093919,0,0.231588,1.172927,0) {1.910247,1.326325,1.809361};
ST (1.023882,0.625971,0,0.950279,0.695604,0,0.914416,0.598468,0) {1.835249,1.706143,1.218064};
ST (0.625971,1.023882,0,0.598570,0.914519,0,0.695718,0.950394,0) {1.835249,1.218873,1.707070};
ST (0.307969,1.349300,0,0.258140,1.242706,0,0.343425,1.256110,0) {2.843108,2.227604,2.409743};
ST (1.349300,0.307969,0,1.256089,0.343584,0,1.241699,0.258954,0) {2.843108,2.409862,2.223027};
ST (1.288329,0.505632,0,1.246941,0.600495,0,1.193424,0.521605,0) {2.843110,2.843109,2.410959};
ST (0.600495,1.246941,0,0.505632,1.288329,0,0.520516,1.193287,0) {2.843110,2.843107,2.407891};
ST (0.941359,1.014544,0,0.862910,1.082055,0,0.848393,0.984391,0) {2.843109,2.843109,2.395119};
ST (1.082055,0.862910,0,1.014544,0.941359,0,0.984391,0.848393,0) {2.843109,2.843109,2.395119};
ST (1.143514,0.779635,0,1.082055,0.862910,0,1.045223,0.797736,0) {2.843109,2.843110,2.478593};
ST (0.862910,1.082055,0,0.779635,1.143514,0,0.797736,1.045223,0) {2.843110,2.843109,2.478593};
ST (0.779635,1.143514,0,0.692000,1.198579,0,0.681992,1.113230,0) {2.843109,2.843107,2.427828};
ST (1.198579,0.692000,0,1.143514,0.779635,0,1.113232,0.682006,0) {2.843110,2.843107,2.427878};
ST (0.407941,1.322513,0,0.307969,1.349300,0,0.343425,1.256110,0) {2.843111,2.843107,2.409745};
ST (1.349300,0.307969,0,1.322513,0.407941,0,1.256089,0.343584,0) {2.843109,2.843110,2.409863};
ST (1.143514,0.779635,0,1.045223,0.797736,0,1.048022,0.724336,0) {2.843107,2.478593,2.254021};
ST (0.779635,1.143514,0,0.724336,1.048022,0,0.797736,1.045223,0) {2.843107,2.254021,2.478593};
ST (1.143514,0.779635,0,1.048022,0.724336,0,1.113232,0.682006,0) {2.843106,2.254019,2.427879};
ST (0.779635,1.143514,0,0.681992,1.113230,0,0.724336,1.048022,0) {2.843106,2.427830,2.254020};
ST (1.014544,0.941359,0,0.905320,0.905320,0,0.984391,0.848393,0) {2.843110,2.289232,2.395118};
ST (0.941359,1.014544,0,0.848393,0.984391,0,0.905320,0.905320,0) {2.843110,2.395118,2.289232};
ST (1.150731,0.312252,0,1.172987,0.231821,0,1.241699,0.258954,0) {1.790783,1.809962,2.223027};
ST (0.258140,1.242706,0,0.231588,1.172927,0,0.312003,1.150150,0) {2.227605,1.809363,1.787180};
ST (0.771232,0.978942,0,0.695718,0.950394,0,0.785349,0.895241,0) {2.098535,1.707070,1.782438};
ST (0.978942,0.771232,0,0.895139,0.785253,0,0.950279,0.695604,0) {2.098536,1.781633,1.706145};
ST (0.688776,0.853016,0,0.785349,0.895241,0,0.695718,0.950394,0) {1.238132,1.782437,1.707069};
ST (0.852088,0.687852,0,0.950279,0.695604,0,0.895139,0.785253,0) {1.230724,1.706144,1.781630};
ST (1.128000,0.000000,0,1.256000,0.000000,0,1.195331,0.068264,0) {1.419307,2.153497,1.819184};
ST (0.000000,1.256000,0,0.000000,1.128000,0,0.068217,1.195221,0) {2.153495,1.419307,1.818538};
ST (0.258140,1.242706,0,0.160402,1.202495,0,0.231588,1.172927,0) {2.227604,1.910244,1.809365};
ST (1.203160,0.160686,0,1.241699,0.258954,0,1.172987,0.231821,0) {1.914235,2.223027,1.809961};
ST (0.258140,1.242706,0,0.187961,1.299225,0,0.160402,1.202495,0) {2.227602,2.467126,1.910246};
ST (1.203160,0.160686,0,1.299195,0.188086,0,1.241699,0.258954,0) {1.914234,2.467063,2.223028};
ST (0.978942,0.771232,0,1.048022,0.724336,0,1.045223,0.797736,0) {2.098535,2.254020,2.478594};
ST (0.771232,0.978942,0,0.797736,1.045223,0,0.724336,1.048022,0) {2.098535,2.478594,2.254020};
ST (1.082055,0.862910,0,0.984391,0.848393,0,1.045223,0.797736,0) {2.843109,2.395119,2.478595};
ST (0.862910,1.082055,0,0.797736,1.045223,0,0.848393,0.984391,0) {2.843109,2.478595,2.395119};
ST (1.128000,0.000000,0,1.195331,0.068264,0,1.100553,0.091395,0) {1.419307,1.819185,1.283527};
ST (0.000000,1.128000,0,0.091357,1.100466,0,0.068217,1.195221,0) {1.419307,1.283014,1.818537};
ST (1.203160,0.160686,0,1.284594,0.088737,0,1.299195,0.188086,0) {1.914235,2.329820,2.467062};
ST (0.160402,1.202495,0,0.187961,1.299225,0,0.088705,1.284520,0) {1.910245,2.467126,2.329399};
ST (0.978942,0.771232,0,1.045223,0.797736,0,0.984391,0.848393,0) {2.098537,2.478594,2.395121};
ST (0.771232,0.978942,0,0.848393,0.984391,0,0.797736,1.045223,0) {2.098537,2.395121,2.478594};
ST (0.160402,1.202495,0,0.088705,1.284520,0,0.068217,1.195221,0) {1.910245,2.329399,1.818539};
ST (1.203160,0.160686,0,1.195331,0.068264,0,1.284594,0.088737,0) {1.914235,1.819185,2.329817};
ST (0.000000,1.256000,0,0.068217,1.195221,0,0.088705,1.284520,0) {2.153496,1.818537,2.329400};
ST (1.256000,0.000000,0,1.284594,0.088737,0,1.195331,0.068264,0) {2.153498,2.329820,1.819186};
};