View "E " {
ST (0.905320,0.905320,0,0.848393,0.984391,0,0.785349,0.895241,0) {1.998059,2.299092,1.913201};
ST (0.905320,0.905320,0,0.895139,0.785253,0,0.984391,0.848393,0) {1.850516,1.777251,2.261287};
ST (0.839027,0.839027,0,0.905320,0.905320,0,0.785349,0.895241,0) {1.906043,1.850082,1.942413};
ST (0.839027,0.839027,0,0.895139,0.785253,0,0.905320,0.905320,0) {1.915424,1.965627,1.682404};
ST (0.994522,0.104528,0,1.094037,0.198761,0,0.978148,0.207912,0) {0.677856,1.239405,0.806799};
ST (0.207912,0.978148,0,0.198710,1.093919,0,0.104528,0.994522,0) {0.717570,1.144167,0.833832};
ST (0.913545,0.406737,0,0.983743,0.512947,0,0.866025,0.500000,0) {0.646593,1.342918,1.093130};
ST (0.500000,0.866025,0,0.512957,0.983753,0,0.406737,0.913545,0) {0.640653,1.263524,0.977760};
ST (0.809017,0.587785,0,0.852088,0.687852,0,0.743145,0.669131,0) {0.991148,0.812916,0.903442};
ST (0.669131,0.743145,0,0.688776,0.853016,0,0.587785,0.809017,0) {0.469302,1.283352,0.787835};
ST (0.913545,0.406737,0,0.997316,0.421290,0,0.983743,0.512947,0) {0.686841,1.182686,1.348282};
ST (0.406737,0.913545,0,0.512957,0.983753,0,0.421288,0.997308,0) {0.952403,1.268984,1.131608};
ST (1.322513,0.407941,0,1.288329,0.505632,0,1.205312,0.421615,0) {2.045371,1.850327,2.598607};
ST (0.505632,1.288329,0,0.407941,1.322513,0,0.421488,1.205043,0) {2.618777,2.587491,2.296964};
ST (0.809017,0.587785,0,0.914416,0.598468,0,0.852088,0.687852,0) {1.115554,0.679577,0.633586};
ST (0.587785,0.809017,0,0.688776,0.853016,0,0.598570,0.914519,0) {0.758799,1.282973,1.267130};
ST (0.743145,0.669131,0,0.852088,0.687852,0,0.777336,0.777372,0) {0.834618,1.057718,1.794397};
ST (0.669131,0.743145,0,0.777336,0.777372,0,0.688776,0.853016,0) {0.395745,1.603876,1.279018};
ST (1.246941,0.600495,0,1.198579,0.692000,0,1.130961,0.595377,0) {2.590266,2.646279,2.521673};
ST (0.692000,1.198579,0,0.600495,1.246941,0,0.595273,1.130948,0) {2.421065,2.165648,2.474318};
ST (1.098070,0.479124,0,0.983743,0.512947,0,0.997316,0.421290,0) {1.612687,1.106753,1.015300};
ST (0.479124,1.098070,0,0.421288,0.997308,0,0.512957,0.983753,0) {1.800859,1.156568,1.281365};
ST (1.098070,0.479124,0,0.997316,0.421290,0,1.056987,0.372376,0) {1.585430,0.927357,1.668546};
ST (0.479124,1.098070,0,0.372349,1.056922,0,0.421288,0.997308,0) {1.842611,1.269782,1.139634};
ST (0.994522,0.104528,0,1.100553,0.091395,0,1.094037,0.198761,0) {0.671638,0.985317,1.228016};
ST (0.104528,0.994522,0,0.198710,1.093919,0,0.091357,1.100466,0) {0.824616,1.173693,1.269371};
ST (0.000000,1.384000,0,0.088705,1.284520,0,0.103426,1.380130,0) {2.880819,2.433385,2.884446};
ST (1.384000,0.000000,0,1.380130,0.103426,0,1.284594,0.088737,0) {2.791951,2.083745,2.521322};
ST (0.951057,0.309017,0,1.056987,0.372376,0,0.997316,0.421290,0) {0.740774,1.529688,1.250399};
ST (0.309017,0.951057,0,0.421288,0.997308,0,0.372349,1.056922,0) {0.755376,1.120030,1.245433};
ST (0.307969,1.349300,0,0.206274,1.368542,0,0.187961,1.299225,0) {2.484840,2.507674,2.723825};
ST (1.368542,0.206274,0,1.349300,0.307969,0,1.299195,0.188086,0) {4.093909,2.118315,2.703242};
ST (0.000000,1.000000,0,0.104528,0.994522,0,0.091357,1.100466,0) {0.685539,0.872014,1.264653};
ST (1.000000,0.000000,0,1.100553,0.091395,0,0.994522,0.104528,0) {0.810365,1.022861,0.644022};
ST (1.023882,0.625971,0,0.914416,0.598468,0,0.983743,0.512947,0) {1.281275,1.111389,1.103533};
ST (0.625971,1.023882,0,0.512957,0.983753,0,0.598570,0.914519,0) {1.816379,1.214351,1.250413};
ST (0.866025,0.500000,0,0.983743,0.512947,0,0.914416,0.598468,0) {1.052545,1.316585,0.635635};
ST (0.500000,0.866025,0,0.598570,0.914519,0,0.512957,0.983753,0) {0.631817,1.231211,1.240852};
ST (0.307969,1.349300,0,0.187961,1.299225,0,0.258140,1.242706,0) {2.523891,2.743033,2.294914};
ST (1.349300,0.307969,0,1.241699,0.258954,0,1.299195,0.188086,0) {2.118570,2.348411,2.732583};
ST (1.288329,0.505632,0,1.193424,0.521605,0,1.205312,0.421615,0) {1.862431,2.200405,2.620580};
ST (0.505632,1.288329,0,0.421488,1.205043,0,0.520516,1.193287,0) {2.688737,2.366299,2.192553};
ST (0.406737,0.913545,0,0.421288,0.997308,0,0.309017,0.951057,0) {1.030225,1.105999,0.786454};
ST (0.951057,0.309017,0,0.997316,0.421290,0,0.913545,0.406737,0) {0.750587,1.315782,0.688159};
ST (1.246941,0.600495,0,1.130961,0.595377,0,1.193424,0.521605,0) {2.603006,2.737891,2.120864};
ST (0.600495,1.246941,0,0.520516,1.193287,0,0.595273,1.130948,0) {2.160427,2.362115,2.469628};
ST (0.000000,1.000000,0,0.091357,1.100466,0,0.000000,1.128000,0) {0.698521,1.270504,1.415564};
ST (1.000000,0.000000,0,1.128000,0.000000,0,1.100553,0.091395,0) {0.879696,1.481286,0.881062};
ST (0.000000,1.384000,0,0.000000,1.256000,0,0.088705,1.284520,0) {2.874989,2.131204,2.413793};
ST (1.384000,0.000000,0,1.284594,0.088737,0,1.256000,0.000000,0) {3.009808,2.550662,2.052367};
ST (1.150731,0.312252,0,1.056987,0.372376,0,1.045653,0.280041,0) {2.013598,1.604319,1.085391};
ST (0.312003,1.150150,0,0.279997,1.045551,0,0.372349,1.056922,0) {1.817339,1.158139,1.256742};
ST (1.203160,0.160686,0,1.094037,0.198761,0,1.100553,0.091395,0) {1.850430,1.130465,1.076161};
ST (0.160402,1.202495,0,0.091357,1.100466,0,0.198710,1.093919,0) {2.038490,1.270181,1.212204};
ST (1.023882,0.625971,0,1.130961,0.595377,0,1.113232,0.682006,0) {1.160073,3.029521,1.988635};
ST (0.625971,1.023882,0,0.681992,1.113230,0,0.595273,1.130948,0) {1.832171,2.351575,2.516295};
ST (0.852088,0.687852,0,0.895139,0.785253,0,0.777336,0.777372,0) {1.134276,1.680939,1.530222};
ST (0.777336,0.777372,0,0.785349,0.895241,0,0.688776,0.853016,0) {1.609352,1.917311,1.196858};
ST (1.150731,0.312252,0,1.256089,0.343584,0,1.205312,0.421615,0) {1.909873,2.039758,2.528843};
ST (0.312003,1.150150,0,0.421488,1.205043,0,0.343425,1.256110,0) {1.708978,2.357816,2.077352};
ST (0.978942,0.771232,0,0.984391,0.848393,0,0.895139,0.785253,0) {2.184956,2.265318,1.912412};
ST (0.771232,0.978942,0,0.785349,0.895241,0,0.848393,0.984391,0) {2.198417,1.967746,2.171281};
ST (1.098070,0.479124,0,1.205312,0.421615,0,1.193424,0.521605,0) {0.968991,2.573584,2.247920};
ST (0.479124,1.098070,0,0.520516,1.193287,0,0.421488,1.205043,0) {1.725107,2.243431,2.324428};
ST (1.098070,0.479124,0,1.059870,0.551938,0,0.983743,0.512947,0) {1.763826,1.409381,0.924955};
ST (0.479124,1.098070,0,0.512957,0.983753,0,0.551922,1.059869,0) {1.824059,1.242265,1.811590};
ST (1.098070,0.479124,0,1.193424,0.521605,0,1.130961,0.595377,0) {1.113235,2.332062,2.332383};
ST (0.479124,1.098070,0,0.595273,1.130948,0,0.520516,1.193287,0) {1.620114,2.535443,2.254929};
ST (1.150731,0.312252,0,1.045653,0.280041,0,1.094037,0.198761,0) {2.250362,1.038541,1.190845};
ST (0.312003,1.150150,0,0.198710,1.093919,0,0.279997,1.045551,0) {1.806750,1.150043,1.164718};
ST (1.380130,0.103426,0,1.368542,0.206274,0,1.299195,0.188086,0) {1.870126,3.858653,2.779516};
ST (0.206274,1.368542,0,0.103426,1.380130,0,0.187961,1.299225,0) {2.478522,3.006800,2.708553};
ST (1.023882,0.625971,0,0.983743,0.512947,0,1.059870,0.551938,0) {1.242937,0.869240,1.342765};
ST (0.625971,1.023882,0,0.551922,1.059869,0,0.512957,0.983753,0) {1.810284,1.819960,1.213637};
ST (0.951057,0.309017,0,1.045653,0.280041,0,1.056987,0.372376,0) {0.841009,1.008734,1.488145};
ST (0.309017,0.951057,0,0.372349,1.056922,0,0.279997,1.045551,0) {0.782571,1.278845,1.214394};
ST (1.098070,0.479124,0,1.056987,0.372376,0,1.126900,0.399588,0) {1.736708,1.711980,1.498812};
ST (0.479124,1.098070,0,0.399521,1.126747,0,0.372349,1.056922,0) {1.778936,1.881128,1.321697};
ST (1.150731,0.312252,0,1.126900,0.399588,0,1.056987,0.372376,0) {1.040481,1.627735,1.678379};
ST (0.312003,1.150150,0,0.372349,1.056922,0,0.399521,1.126747,0) {1.791676,1.301454,1.853111};
ST (0.839027,0.839027,0,0.777336,0.777372,0,0.895139,0.785253,0) {1.375332,1.215418,1.909929};
ST (0.839027,0.839027,0,0.785349,0.895241,0,0.777336,0.777372,0) {1.392322,1.804238,2.193298};
ST (0.978148,0.207912,0,1.094037,0.198761,0,1.045653,0.280041,0) {0.757697,1.239709,1.044416};
ST (0.207912,0.978148,0,0.279997,1.045551,0,0.198710,1.093919,0) {0.710354,1.214195,1.099446};
ST (1.150731,0.312252,0,1.241699,0.258954,0,1.256089,0.343584,0) {2.048425,2.399905,1.848689};
ST (0.258140,1.242706,0,0.312003,1.150150,0,0.343425,1.256110,0) {2.332241,1.739763,2.083281};
ST (1.023882,0.625971,0,1.113232,0.682006,0,1.048022,0.724336,0) {1.220349,2.049895,2.050675};
ST (0.625971,1.023882,0,0.724336,1.048022,0,0.681992,1.113230,0) {1.837436,1.960239,2.311519};
ST (1.380130,0.103426,0,1.299195,0.188086,0,1.284594,0.088737,0) {2.005645,2.835746,2.561884};
ST (0.103426,1.380130,0,0.088705,1.284520,0,0.187961,1.299225,0) {2.921565,2.428897,2.753289};
ST (0.852088,0.687852,0,0.914416,0.598468,0,0.950279,0.695604,0) {0.792699,0.790896,2.190874};
ST (0.688776,0.853016,0,0.695718,0.950394,0,0.598570,0.914519,0) {1.244262,1.389860,1.339881};
ST (0.866025,0.500000,0,0.914416,0.598468,0,0.809017,0.587785,0) {0.798415,0.491367,1.180766};
ST (0.587785,0.809017,0,0.598570,0.914519,0,0.500000,0.866025,0) {0.813116,1.261887,0.599239};
ST (1.150731,0.312252,0,1.205312,0.421615,0,1.126900,0.399588,0) {2.028782,2.303271,1.709263};
ST (0.312003,1.150150,0,0.399521,1.126747,0,0.421488,1.205043,0) {1.643700,1.785644,2.395546};
ST (1.198579,0.692000,0,1.113232,0.682006,0,1.130961,0.595377,0) {2.684893,2.033747,2.580384};
ST (0.692000,1.198579,0,0.595273,1.130948,0,0.681992,1.113230,0) {2.516712,2.544354,2.330253};
ST (1.014544,0.941359,0,0.941359,1.014544,0,0.905320,0.905320,0) {2.226522,2.855254,2.016404};
ST (1.023882,0.625971,0,1.059870,0.551938,0,1.130961,0.595377,0) {1.052321,0.946575,2.908638};
ST (0.625971,1.023882,0,0.595273,1.130948,0,0.551922,1.059869,0) {1.857498,2.479484,1.723470};
ST (1.098070,0.479124,0,1.126900,0.399588,0,1.205312,0.421615,0) {0.851341,1.762940,2.217237};
ST (0.479124,1.098070,0,0.421488,1.205043,0,0.399521,1.126747,0) {1.824874,2.363447,1.813828};
ST (0.743145,0.669131,0,0.777336,0.777372,0,0.669131,0.743145,0) {0.849798,1.667835,0.296293};
ST (1.322513,0.407941,0,1.205312,0.421615,0,1.256089,0.343584,0) {2.203029,2.655302,2.259225};
ST (0.407941,1.322513,0,0.343425,1.256110,0,0.421488,1.205043,0) {2.537796,2.144968,2.304325};
ST (1.098070,0.479124,0,1.130961,0.595377,0,1.059870,0.551938,0) {1.945582,1.938983,1.399409};
ST (0.479124,1.098070,0,0.551922,1.059869,0,0.595273,1.130948,0) {1.662757,1.757491,2.501131};
ST (1.150731,0.312252,0,1.094037,0.198761,0,1.172987,0.231821,0) {2.336059,1.054746,1.704408};
ST (0.312003,1.150150,0,0.231588,1.172927,0,0.198710,1.093919,0) {1.811904,1.761483,1.160936};
ST (0.978942,0.771232,0,0.950279,0.695604,0,1.048022,0.724336,0) {2.147072,2.246273,2.151022};
ST (0.771232,0.978942,0,0.724336,1.048022,0,0.695718,0.950394,0) {2.320792,2.113534,1.230522};
ST (1.023882,0.625971,0,1.048022,0.724336,0,0.950279,0.695604,0) {0.910685,2.468355,2.246132};
ST (0.625971,1.023882,0,0.695718,0.950394,0,0.724336,1.048022,0) {1.781735,1.346730,2.007955};
ST (1.203160,0.160686,0,1.100553,0.091395,0,1.195331,0.068264,0) {1.879362,1.014894,1.789823};
ST (0.160402,1.202495,0,0.068217,1.195221,0,0.091357,1.100466,0) {2.041924,1.742131,1.263188};
ST (0.978148,0.207912,0,1.045653,0.280041,0,0.951057,0.309017,0) {0.742574,1.064507,0.835638};
ST (0.309017,0.951057,0,0.279997,1.045551,0,0.207912,0.978148,0) {0.819727,1.232532,0.736685};
ST (1.203160,0.160686,0,1.172987,0.231821,0,1.094037,0.198761,0) {1.762630,1.755758,1.152912};
ST (0.160402,1.202495,0,0.198710,1.093919,0,0.231588,1.172927,0) {2.086610,1.179383,1.766983};
ST (1.023882,0.625971,0,0.950279,0.695604,0,0.914416,0.598468,0) {1.287031,2.298348,0.939268};
ST (0.625971,1.023882,0,0.598570,0.914519,0,0.695718,0.950394,0) {1.828523,1.316267,1.439392};
ST (0.307969,1.349300,0,0.258140,1.242706,0,0.343425,1.256110,0) {2.623140,2.341255,2.027670};
ST (1.349300,0.307969,0,1.256089,0.343584,0,1.241699,0.258954,0) {1.934384,2.187107,2.420766};
ST (1.288329,0.505632,0,1.246941,0.600495,0,1.193424,0.521605,0) {1.797900,2.713478,2.009439};
ST (0.600495,1.246941,0,0.505632,1.288329,0,0.520516,1.193287,0) {1.994874,2.745602,2.253578};
ST (0.941359,1.014544,0,0.862910,1.082055,0,0.848393,0.984391,0) {3.000528,3.331175,2.393884};
ST (1.082055,0.862910,0,1.014544,0.941359,0,0.984391,0.848393,0) {2.360344,2.377403,2.266520};
ST (1.143514,0.779635,0,1.082055,0.862910,0,1.045223,0.797736,0) {2.324255,2.509427,2.466463};
ST (0.862910,1.082055,0,0.779635,1.143514,0,0.797736,1.045223,0) {3.328982,2.415042,2.037142};
ST (0.779635,1.143514,0,0.692000,1.198579,0,0.681992,1.113230,0) {2.220367,2.550032,2.337324};
ST (1.198579,0.692000,0,1.143514,0.779635,0,1.113232,0.682006,0) {2.806063,2.770742,1.846665};
ST (0.407941,1.322513,0,0.307969,1.349300,0,0.343425,1.256110,0) {2.406978,2.660664,2.073440};
ST (1.349300,0.307969,0,1.322513,0.407941,0,1.256089,0.343584,0) {1.634887,2.316897,2.287642};
ST (1.143514,0.779635,0,1.045223,0.797736,0,1.048022,0.724336,0) {2.513890,2.370803,2.203840};
ST (0.779635,1.143514,0,0.724336,1.048022,0,0.797736,1.045223,0) {2.343652,1.936724,2.102758};
ST (1.143514,0.779635,0,1.048022,0.724336,0,1.113232,0.682006,0) {2.765426,2.068234,1.915957};
ST (0.779635,1.143514,0,0.681992,1.113230,0,0.724336,1.048022,0) {2.323647,2.294863,2.005468};
ST (1.014544,0.941359,0,0.905320,0.905320,0,0.984391,0.848393,0) {2.300090,2.006621,2.306554};
ST (0.941359,1.014544,0,0.848393,0.984391,0,0.905320,0.905320,0) {2.923751,2.418708,1.991247};
ST (1.150731,0.312252,0,1.172987,0.231821,0,1.241699,0.258954,0) {2.125131,1.692427,2.368404};
ST (0.258140,1.242706,0,0.231588,1.172927,0,0.312003,1.150150,0) {2.370507,1.771838,1.810757};
ST (0.771232,0.978942,0,0.695718,0.950394,0,0.785349,0.895241,0) {2.328000,1.230338,1.942912};
ST (0.978942,0.771232,0,0.895139,0.785253,0,0.950279,0.695604,0) {1.844640,2.082205,2.532485};
ST (0.688776,0.853016,0,0.785349,0.895241,0,0.695718,0.950394,0) {1.227148,1.844358,1.222148};
ST (0.852088,0.687852,0,0.950279,0.695604,0,0.895139,0.785253,0) {0.886424,2.167293,1.469919};
ST (1.128000,0.000000,0,1.256000,0.000000,0,1.195331,0.068264,0) {1.399751,2.110336,1.605414};
ST (0.000000,1.256000,0,0.000000,1.128000,0,0.068217,1.195221,0) {2.158316,1.426698,1.770562};
ST (0.258140,1.242706,0,0.160402,1.202495,0,0.231588,1.172927,0) {2.336735,2.142024,1.807942};
ST (1.203160,0.160686,0,1.241699,0.258954,0,1.172987,0.231821,0) {1.590112,2.530548,1.797564};
ST (0.258140,1.242706,0,0.187961,1.299225,0,0.160402,1.202495,0) {2.290218,2.744294,2.162077};
ST (1.203160,0.160686,0,1.299195,0.188086,0,1.241699,0.258954,0) {1.648186,3.089413,2.450855};
ST (0.978942,0.771232,0,1.048022,0.724336,0,1.045223,0.797736,0) {2.225125,2.245705,2.072442};
ST (0.771232,0.978942,0,0.797736,1.045223,0,0.724336,1.048022,0) {2.334685,2.038198,2.165773};
ST (1.082055,0.862910,0,0.984391,0.848393,0,1.045223,0.797736,0) {2.507260,2.347276,2.286592};
ST (0.862910,1.082055,0,0.797736,1.045223,0,0.848393,0.984391,0) {3.417975,1.773311,2.363031};
ST (1.128000,0.000000,0,1.195331,0.068264,0,1.100553,0.091395,0) {1.482241,1.737736,1.043193};
ST (0.000000,1.128000,0,0.091357,1.100466,0,0.068217,1.195221,0) {1.448381,1.261092,1.760365};
ST (1.203160,0.160686,0,1.284594,0.088737,0,1.299195,0.188086,0) {1.524580,2.460150,2.980787};
ST (0.160402,1.202495,0,0.187961,1.299225,0,0.088705,1.284520,0) {2.067918,2.765421,2.425152};
ST (0.978942,0.771232,0,1.045223,0.797736,0,0.984391,0.848393,0) {2.102496,2.401083,2.203983};
ST (0.771232,0.978942,0,0.848393,0.984391,0,0.797736,1.045223,0) {2.255920,2.001319,2.048085};
ST (0.160402,1.202495,0,0.088705,1.284520,0,0.068217,1.195221,0) {2.043666,2.416690,1.748928};
ST (1.203160,0.160686,0,1.195331,0.068264,0,1.284594,0.088737,0) {1.675396,1.675682,2.426370};
ST (0.000000,1.256000,0,0.068217,1.195221,0,0.088705,1.284520,0) {2.157035,1.764919,2.411549};
ST (1.256000,0.000000,0,1.284594,0.088737,0,1.195331,0.068264,0) {1.917275,2.514739,1.671635};
};