View "E " {
ST (0.905320,0.905320,0,0.848393,0.984391,0,0.785349,0.895241,0) {9.271203,9.544790,7.885844};
ST (0.905320,0.905320,0,0.895139,0.785253,0,0.984391,0.848393,0) {9.271209,7.883512,9.544787};
ST (0.839027,0.839027,0,0.905320,0.905320,0,0.785349,0.895241,0) {7.813907,9.271210,7.885839};
ST (0.839027,0.839027,0,0.895139,0.785253,0,0.905320,0.905320,0) {7.813907,7.883513,9.271205};
ST (0.994522,0.104528,0,1.094037,0.198761,0,0.978148,0.207912,0) {4.316963,6.504149,4.316972};
ST (0.207912,0.978148,0,0.198710,1.093919,0,0.104528,0.994522,0) {4.316971,6.501846,4.316970};
ST (0.913545,0.406737,0,0.983743,0.512947,0,0.866025,0.500000,0) {4.316956,6.457972,4.316958};
ST (0.500000,0.866025,0,0.512957,0.983753,0,0.406737,0.913545,0) {4.316956,6.458218,4.316961};
ST (0.809017,0.587785,0,0.852088,0.687852,0,0.743145,0.669131,0) {4.316957,6.190121,4.316972};
ST (0.669131,0.743145,0,0.688776,0.853016,0,0.587785,0.809017,0) {4.316972,6.214592,4.316963};
ST (0.913545,0.406737,0,0.997316,0.421290,0,0.983743,0.512947,0) {4.316954,5.954729,6.457979};
ST (0.406737,0.913545,0,0.512957,0.983753,0,0.421288,0.997308,0) {4.316953,6.458225,5.954572};
ST (1.322513,0.407941,0,1.288329,0.505632,0,1.205312,0.421615,0) {10.652471,10.652459,9.222073};
ST (0.505632,1.288329,0,0.407941,1.322513,0,0.421488,1.205043,0) {10.652465,10.652469,9.217771};
ST (0.809017,0.587785,0,0.914416,0.598468,0,0.852088,0.687852,0) {4.316961,6.148183,6.190118};
ST (0.587785,0.809017,0,0.688776,0.853016,0,0.598570,0.914519,0) {4.316963,6.214586,6.150856};
ST (0.743145,0.669131,0,0.852088,0.687852,0,0.777336,0.777372,0) {4.316972,6.190116,6.270158};
ST (0.669131,0.743145,0,0.777336,0.777372,0,0.688776,0.853016,0) {4.316972,6.270158,6.214592};
ST (1.246941,0.600495,0,1.198579,0.692000,0,1.130961,0.595377,0) {10.652460,10.652465,9.239165};
ST (0.692000,1.198579,0,0.600495,1.246941,0,0.595273,1.130948,0) {10.652458,10.652463,9.238305};
ST (1.098070,0.479124,0,0.983743,0.512947,0,0.997316,0.421290,0) {8.003650,6.457968,5.954733};
ST (0.479124,1.098070,0,0.421288,0.997308,0,0.512957,0.983753,0) {8.003651,5.954575,6.458224};
ST (1.098070,0.479124,0,0.997316,0.421290,0,1.056987,0.372376,0) {8.003650,5.954728,6.663928};
ST (0.479124,1.098070,0,0.372349,1.056922,0,0.421288,0.997308,0) {8.003650,6.662640,5.954571};
ST (0.994522,0.104528,0,1.100553,0.091395,0,1.094037,0.198761,0) {4.316964,6.363370,6.504154};
ST (0.104528,0.994522,0,0.198710,1.093919,0,0.091357,1.100466,0) {4.316964,6.501848,6.361704};
ST (0.000000,1.384000,0,0.088705,1.284520,0,0.103426,1.380130,0) {10.652461,9.375573,10.652460};
ST (1.384000,0.000000,0,1.380130,0.103426,0,1.284594,0.088737,0) {10.652467,10.652461,9.376650};
ST (0.951057,0.309017,0,1.056987,0.372376,0,0.997316,0.421290,0) {4.316975,6.663924,5.954728};
ST (0.309017,0.951057,0,0.421288,0.997308,0,0.372349,1.056922,0) {4.316975,5.954567,6.662643};
ST (0.307969,1.349300,0,0.206274,1.368542,0,0.187961,1.299225,0) {10.652454,10.652462,9.728099};
ST (1.368542,0.206274,0,1.349300,0.307969,0,1.299195,0.188086,0) {10.652470,10.652457,9.727936};
ST (0.000000,1.000000,0,0.104528,0.994522,0,0.091357,1.100466,0) {4.316962,4.316960,6.361702};
ST (1.000000,0.000000,0,1.100553,0.091395,0,0.994522,0.104528,0) {4.316963,6.363368,4.316965};
ST (1.023882,0.625971,0,0.914416,0.598468,0,0.983743,0.512947,0) {8.036783,6.148183,6.457973};
ST (0.625971,1.023882,0,0.512957,0.983753,0,0.598570,0.914519,0) {8.036781,6.458221,6.150857};
ST (0.866025,0.500000,0,0.983743,0.512947,0,0.914416,0.598468,0) {4.316957,6.457972,6.148185};
ST (0.500000,0.866025,0,0.598570,0.914519,0,0.512957,0.983753,0) {4.316955,6.150850,6.458223};
ST (0.307969,1.349300,0,0.187961,1.299225,0,0.258140,1.242706,0) {10.652459,9.728098,9.109672};
ST (1.349300,0.307969,0,1.241699,0.258954,0,1.299195,0.188086,0) {10.652455,9.097614,9.727935};
ST (1.288329,0.505632,0,1.193424,0.521605,0,1.205312,0.421615,0) {10.652462,9.585301,9.222064};
ST (0.505632,1.288329,0,0.421488,1.205043,0,0.520516,1.193287,0) {10.652458,9.217784,9.577454};
ST (0.406737,0.913545,0,0.421288,0.997308,0,0.309017,0.951057,0) {4.316960,5.954572,4.316973};
ST (0.951057,0.309017,0,0.997316,0.421290,0,0.913545,0.406737,0) {4.316975,5.954735,4.316958};
ST (1.246941,0.600495,0,1.130961,0.595377,0,1.193424,0.521605,0) {10.652463,9.239172,9.585300};
ST (0.600495,1.246941,0,0.520516,1.193287,0,0.595273,1.130948,0) {10.652463,9.577465,9.238303};
ST (0.000000,1.000000,0,0.091357,1.100466,0,0.000000,1.128000,0) {4.316959,6.361701,6.797041};
ST (1.000000,0.000000,0,1.128000,0.000000,0,1.100553,0.091395,0) {4.316965,6.797040,6.363376};
ST (0.000000,1.384000,0,0.000000,1.256000,0,0.088705,1.284520,0) {10.652469,8.913077,9.375563};
ST (1.384000,0.000000,0,1.284594,0.088737,0,1.256000,0.000000,0) {10.652465,9.376647,8.913072};
ST (1.150731,0.312252,0,1.056987,0.372376,0,1.045653,0.280041,0) {7.909810,6.663929,5.951987};
ST (0.312003,1.150150,0,0.279997,1.045551,0,0.372349,1.056922,0) {7.899462,5.949891,6.662639};
ST (1.203160,0.160686,0,1.094037,0.198761,0,1.100553,0.091395,0) {8.259450,6.504154,6.363372};
ST (0.160402,1.202495,0,0.091357,1.100466,0,0.198710,1.093919,0) {8.248292,6.361702,6.501843};
ST (1.023882,0.625971,0,1.130961,0.595377,0,1.113232,0.682006,0) {8.036779,9.239173,9.628450};
ST (0.625971,1.023882,0,0.681992,1.113230,0,0.595273,1.130948,0) {8.036781,9.628332,9.238302};
ST (0.852088,0.687852,0,0.895139,0.785253,0,0.777336,0.777372,0) {6.190118,7.883519,6.270158};
ST (0.777336,0.777372,0,0.785349,0.895241,0,0.688776,0.853016,0) {6.270160,7.885836,6.214596};
ST (1.150731,0.312252,0,1.256089,0.343584,0,1.205312,0.421615,0) {7.909806,9.582500,9.222071};
ST (0.312003,1.150150,0,0.421488,1.205043,0,0.343425,1.256110,0) {7.899458,9.217775,9.582196};
ST (0.978942,0.771232,0,0.984391,0.848393,0,0.895139,0.785253,0) {8.765554,9.544787,7.883528};
ST (0.771232,0.978942,0,0.785349,0.895241,0,0.848393,0.984391,0) {8.765555,7.885841,9.544787};
ST (1.098070,0.479124,0,1.205312,0.421615,0,1.193424,0.521605,0) {8.003654,9.222072,9.585298};
ST (0.479124,1.098070,0,0.520516,1.193287,0,0.421488,1.205043,0) {8.003651,9.577470,9.217772};
ST (1.098070,0.479124,0,1.059870,0.551938,0,0.983743,0.512947,0) {8.003650,7.953166,6.457974};
ST (0.479124,1.098070,0,0.512957,0.983753,0,0.551922,1.059869,0) {8.003657,6.458217,7.953025};
ST (1.098070,0.479124,0,1.193424,0.521605,0,1.130961,0.595377,0) {8.003649,9.585300,9.239178};
ST (0.479124,1.098070,0,0.595273,1.130948,0,0.520516,1.193287,0) {8.003655,9.238298,9.577466};
ST (1.150731,0.312252,0,1.045653,0.280041,0,1.094037,0.198761,0) {7.909802,5.951984,6.504152};
ST (0.312003,1.150150,0,0.198710,1.093919,0,0.279997,1.045551,0) {7.899460,6.501848,5.949892};
ST (1.380130,0.103426,0,1.368542,0.206274,0,1.299195,0.188086,0) {10.652464,10.652463,9.727933};
ST (0.206274,1.368542,0,0.103426,1.380130,0,0.187961,1.299225,0) {10.652470,10.652461,9.728094};
ST (1.023882,0.625971,0,0.983743,0.512947,0,1.059870,0.551938,0) {8.036782,6.457968,7.953164};
ST (0.625971,1.023882,0,0.551922,1.059869,0,0.512957,0.983753,0) {8.036784,7.953023,6.458223};
ST (0.951057,0.309017,0,1.045653,0.280041,0,1.056987,0.372376,0) {4.316970,5.951987,6.663921};
ST (0.309017,0.951057,0,0.372349,1.056922,0,0.279997,1.045551,0) {4.316974,6.662642,5.949890};
ST (1.098070,0.479124,0,1.056987,0.372376,0,1.126900,0.399588,0) {8.003657,6.663922,7.964271};
ST (0.479124,1.098070,0,0.399521,1.126747,0,0.372349,1.056922,0) {8.003651,7.961530,6.662647};
ST (1.150731,0.312252,0,1.126900,0.399588,0,1.056987,0.372376,0) {7.909809,7.964270,6.663926};
ST (0.312003,1.150150,0,0.372349,1.056922,0,0.399521,1.126747,0) {7.899461,6.662642,7.961525};
ST (0.839027,0.839027,0,0.777336,0.777372,0,0.895139,0.785253,0) {7.813904,6.270162,7.883522};
ST (0.839027,0.839027,0,0.785349,0.895241,0,0.777336,0.777372,0) {7.813907,7.885836,6.270162};
ST (0.978148,0.207912,0,1.094037,0.198761,0,1.045653,0.280041,0) {4.316974,6.504153,5.951983};
ST (0.207912,0.978148,0,0.279997,1.045551,0,0.198710,1.093919,0) {4.316973,5.949890,6.501842};
ST (1.150731,0.312252,0,1.241699,0.258954,0,1.256089,0.343584,0) {7.909806,9.097606,9.582500};
ST (0.258140,1.242706,0,0.312003,1.150150,0,0.343425,1.256110,0) {9.109671,7.899466,9.582187};
ST (1.023882,0.625971,0,1.113232,0.682006,0,1.048022,0.724336,0) {8.036781,9.628452,9.179128};
ST (0.625971,1.023882,0,0.724336,1.048022,0,0.681992,1.113230,0) {8.036784,9.179120,9.628331};
ST (1.380130,0.103426,0,1.299195,0.188086,0,1.284594,0.088737,0) {10.652462,9.727931,9.376652};
ST (0.103426,1.380130,0,0.088705,1.284520,0,0.187961,1.299225,0) {10.652461,9.375565,9.728100};
ST (0.852088,0.687852,0,0.914416,0.598468,0,0.950279,0.695604,0) {6.190117,6.148182,7.664701};
ST (0.688776,0.853016,0,0.695718,0.950394,0,0.598570,0.914519,0) {6.214591,7.667407,6.150860};
ST (0.866025,0.500000,0,0.914416,0.598468,0,0.809017,0.587785,0) {4.316958,6.148174,4.316958};
ST (0.587785,0.809017,0,0.598570,0.914519,0,0.500000,0.866025,0) {4.316965,6.150860,4.316964};
ST (1.150731,0.312252,0,1.205312,0.421615,0,1.126900,0.399588,0) {7.909810,9.222067,7.964267};
ST (0.312003,1.150150,0,0.399521,1.126747,0,0.421488,1.205043,0) {7.899464,7.961524,9.217775};
ST (1.198579,0.692000,0,1.113232,0.682006,0,1.130961,0.595377,0) {10.652461,9.628457,9.239169};
ST (0.692000,1.198579,0,0.595273,1.130948,0,0.681992,1.113230,0) {10.652465,9.238311,9.628323};
ST (1.014544,0.941359,0,0.941359,1.014544,0,0.905320,0.905320,0) {10.652467,10.652467,9.271204};
ST (1.023882,0.625971,0,1.059870,0.551938,0,1.130961,0.595377,0) {8.036781,7.953161,9.239176};
ST (0.625971,1.023882,0,0.595273,1.130948,0,0.551922,1.059869,0) {8.036780,9.238304,7.953028};
ST (1.098070,0.479124,0,1.126900,0.399588,0,1.205312,0.421615,0) {8.003648,7.964272,9.222075};
ST (0.479124,1.098070,0,0.421488,1.205043,0,0.399521,1.126747,0) {8.003646,9.217779,7.961533};
ST (0.743145,0.669131,0,0.777336,0.777372,0,0.669131,0.743145,0) {4.316976,6.270156,4.316974};
ST (1.322513,0.407941,0,1.205312,0.421615,0,1.256089,0.343584,0) {10.652469,9.222079,9.582497};
ST (0.407941,1.322513,0,0.343425,1.256110,0,0.421488,1.205043,0) {10.652463,9.582192,9.217773};
ST (1.098070,0.479124,0,1.130961,0.595377,0,1.059870,0.551938,0) {8.003653,9.239172,7.953164};
ST (0.479124,1.098070,0,0.551922,1.059869,0,0.595273,1.130948,0) {8.003652,7.953030,9.238306};
ST (1.150731,0.312252,0,1.094037,0.198761,0,1.172987,0.231821,0) {7.909807,6.504148,7.964724};
ST (0.312003,1.150150,0,0.231588,1.172927,0,0.198710,1.093919,0) {7.899464,7.963005,6.501841};
ST (0.978942,0.771232,0,0.950279,0.695604,0,1.048022,0.724336,0) {8.765553,7.664703,9.179135};
ST (0.771232,0.978942,0,0.724336,1.048022,0,0.695718,0.950394,0) {8.765549,9.179127,7.667405};
ST (1.023882,0.625971,0,1.048022,0.724336,0,0.950279,0.695604,0) {8.036773,9.179131,7.664698};
ST (0.625971,1.023882,0,0.695718,0.950394,0,0.724336,1.048022,0) {8.036786,7.667400,9.179125};
ST (1.203160,0.160686,0,1.100553,0.091395,0,1.195331,0.068264,0) {8.259449,6.363371,7.991046};
ST (0.160402,1.202495,0,0.068217,1.195221,0,0.091357,1.100466,0) {8.248290,7.989202,6.361695};
ST (0.978148,0.207912,0,1.045653,0.280041,0,0.951057,0.309017,0) {4.316970,5.951987,4.316975};
ST (0.309017,0.951057,0,0.279997,1.045551,0,0.207912,0.978148,0) {4.316971,5.949889,4.316967};
ST (1.203160,0.160686,0,1.172987,0.231821,0,1.094037,0.198761,0) {8.259445,7.964716,6.504150};
ST (0.160402,1.202495,0,0.198710,1.093919,0,0.231588,1.172927,0) {8.248293,6.501845,7.963004};
ST (1.023882,0.625971,0,0.950279,0.695604,0,0.914416,0.598468,0) {8.036786,7.664694,6.148178};
ST (0.625971,1.023882,0,0.598570,0.914519,0,0.695718,0.950394,0) {8.036787,6.150863,7.667403};
ST (0.307969,1.349300,0,0.258140,1.242706,0,0.343425,1.256110,0) {10.652460,9.109674,9.582194};
ST (1.349300,0.307969,0,1.256089,0.343584,0,1.241699,0.258954,0) {10.652459,9.582496,9.097606};
ST (1.288329,0.505632,0,1.246941,0.600495,0,1.193424,0.521605,0) {10.652465,10.652464,9.585298};
ST (0.600495,1.246941,0,0.505632,1.288329,0,0.520516,1.193287,0) {10.652465,10.652458,9.577462};
ST (0.941359,1.014544,0,0.862910,1.082055,0,0.848393,0.984391,0) {10.652463,10.652463,9.544791};
ST (1.082055,0.862910,0,1.014544,0.941359,0,0.984391,0.848393,0) {10.652463,10.652463,9.544791};
ST (1.143514,0.779635,0,1.082055,0.862910,0,1.045223,0.797736,0) {10.652463,10.652466,9.757090};
ST (0.862910,1.082055,0,0.779635,1.143514,0,0.797736,1.045223,0) {10.652466,10.652463,9.757090};
ST (0.779635,1.143514,0,0.692000,1.198579,0,0.681992,1.113230,0) {10.652465,10.652457,9.628324};
ST (1.198579,0.692000,0,1.143514,0.779635,0,1.113232,0.682006,0) {10.652466,10.652459,9.628450};
ST (0.407941,1.322513,0,0.307969,1.349300,0,0.343425,1.256110,0) {10.652467,10.652459,9.582200};
ST (1.349300,0.307969,0,1.322513,0.407941,0,1.256089,0.343584,0) {10.652462,10.652465,9.582499};
ST (1.143514,0.779635,0,1.045223,0.797736,0,1.048022,0.724336,0) {10.652458,9.757089,9.179131};
ST (0.779635,1.143514,0,0.724336,1.048022,0,0.797736,1.045223,0) {10.652458,9.179131,9.757089};
ST (1.143514,0.779635,0,1.048022,0.724336,0,1.113232,0.682006,0) {10.652455,9.179123,9.628455};
ST (0.779635,1.143514,0,0.681992,1.113230,0,0.724336,1.048022,0) {10.652455,9.628331,9.179127};
ST (1.014544,0.941359,0,0.905320,0.905320,0,0.984391,0.848393,0) {10.652465,9.271207,9.544786};
ST (0.941359,1.014544,0,0.848393,0.984391,0,0.905320,0.905320,0) {10.652465,9.544786,9.271207};
ST (1.150731,0.312252,0,1.172987,0.231821,0,1.241699,0.258954,0) {7.909805,7.964720,9.097607};
ST (0.258140,1.242706,0,0.231588,1.172927,0,0.312003,1.150150,0) {9.109678,7.963010,7.899464};
ST (0.771232,0.978942,0,0.695718,0.950394,0,0.785349,0.895241,0) {8.765553,7.667403,7.885838};
ST (0.978942,0.771232,0,0.895139,0.785253,0,0.950279,0.695604,0) {8.765556,7.883524,7.664701};
ST (0.688776,0.853016,0,0.785349,0.895241,0,0.695718,0.950394,0) {6.214596,7.885834,7.667400};
ST (0.852088,0.687852,0,0.950279,0.695604,0,0.895139,0.785253,0) {6.190125,7.664698,7.883515};
ST (1.128000,0.000000,0,1.256000,0.000000,0,1.195331,0.068264,0) {6.797045,8.913080,7.991048};
ST (0.000000,1.256000,0,0.000000,1.128000,0,0.068217,1.195221,0) {8.913073,6.797045,7.989204};
ST (0.258140,1.242706,0,0.160402,1.202495,0,0.231588,1.172927,0) {9.109674,8.248285,7.963017};
ST (1.203160,0.160686,0,1.241699,0.258954,0,1.172987,0.231821,0) {8.259449,9.097608,7.964717};
ST (0.258140,1.242706,0,0.187961,1.299225,0,0.160402,1.202495,0) {9.109669,9.728097,8.248289};
ST (1.203160,0.160686,0,1.299195,0.188086,0,1.241699,0.258954,0) {8.259445,9.727938,9.097610};
ST (0.978942,0.771232,0,1.048022,0.724336,0,1.045223,0.797736,0) {8.765551,9.179127,9.757094};
ST (0.771232,0.978942,0,0.797736,1.045223,0,0.724336,1.048022,0) {8.765551,9.757094,9.179127};
ST (1.082055,0.862910,0,0.984391,0.848393,0,1.045223,0.797736,0) {10.652461,9.544791,9.757096};
ST (0.862910,1.082055,0,0.797736,1.045223,0,0.848393,0.984391,0) {10.652461,9.757096,9.544791};
ST (1.128000,0.000000,0,1.195331,0.068264,0,1.100553,0.091395,0) {6.797046,7.991049,6.363370};
ST (0.000000,1.128000,0,0.091357,1.100466,0,0.068217,1.195221,0) {6.797043,6.361698,7.989202};
ST (1.203160,0.160686,0,1.284594,0.088737,0,1.299195,0.188086,0) {8.259451,9.376655,9.727936};
ST (0.160402,1.202495,0,0.187961,1.299225,0,0.088705,1.284520,0) {8.248289,9.728097,9.375565};
ST (0.978942,0.771232,0,1.045223,0.797736,0,0.984391,0.848393,0) {8.765558,9.757092,9.544794};
ST (0.771232,0.978942,0,0.848393,0.984391,0,0.797736,1.045223,0) {8.765558,9.544794,9.757092};
ST (0.160402,1.202495,0,0.088705,1.284520,0,0.068217,1.195221,0) {8.248288,9.375566,7.989207};
ST (1.203160,0.160686,0,1.195331,0.068264,0,1.284594,0.088737,0) {8.259449,7.991049,9.376649};
ST (0.000000,1.256000,0,0.068217,1.195221,0,0.088705,1.284520,0) {8.913076,7.989202,9.375568};
ST (1.256000,0.000000,0,1.284594,0.088737,0,1.195331,0.068264,0) {8.913083,9.376656,7.991052};
};