1024
0.497739 0.498268 0.505197 0.505539 0.505137 0.490934
0.505197 0.505539 0.521377 0.498180 0.505137 0.490934
0.505197 0.505539 0.518591 0.518735 0.521377 0.498180
0.505137 0.490934 0.521377 0.498180 0.518445 0.477736
0.518591 0.518735 0.540442 0.510619 0.521377 0.498180
0.540442 0.510619 0.540378 0.485809 0.521377 0.498180
0.540442 0.510619 0.564188 0.498221 0.540378 0.485809
0.521377 0.498180 0.540378 0.485809 0.518445 0.477736
0.518591 0.518735 0.535877 0.535868 0.540442 0.510619
0.535877 0.535868 0.562210 0.526941 0.540442 0.510619
0.535877 0.535868 0.556326 0.556165 0.562210 0.526941
0.540442 0.510619 0.562210 0.526941 0.564188 0.498221
0.518445 0.477736 0.540378 0.485809 0.535668 0.460691
0.540378 0.485809 0.562102 0.469571 0.535668 0.460691
0.540378 0.485809 0.564188 0.498221 0.562102 0.469571
0.535668 0.460691 0.562102 0.469571 0.556082 0.440494
0.556326 0.556165 0.586463 0.546507 0.562210 0.526941
0.586463 0.546507 0.589976 0.514272 0.562210 0.526941
0.586463 0.546507 0.617725 0.533498 0.589976 0.514272
0.562210 0.526941 0.589976 0.514272 0.564188 0.498221
0.617725 0.533498 0.619286 0.498297 0.589976 0.514272
0.619286 0.498297 0.589931 0.482258 0.589976 0.514272
0.619286 0.498297 0.617652 0.463138 0.589931 0.482258
0.589976 0.514272 0.589931 0.482258 0.564188 0.498221
0.617725 0.533498 0.650198 0.517420 0.619286 0.498297
0.650198 0.517420 0.650158 0.479324 0.619286 0.498297
0.650198 0.517420 0.683913 0.498445 0.650158 0.479324
0.619286 0.498297 0.650158 0.479324 0.617652 0.463138
0.564188 0.498221 0.589931 0.482258 0.562102 0.469571
0.589931 0.482258 0.586322 0.450136 0.562102 0.469571
0.589931 0.482258 0.617652 0.463138 0.586322 0.450136
0.562102 0.469571 0.586322 0.450136 0.556082 0.440494
0.556326 0.556165 0.579546 0.579227 0.586463 0.546507
0.579546 0.579227 0.613015 0.568952 0.586463 0.546507
0.579546 0.579227 0.605276 0.604818 0.613015 0.568952
0.586463 0.546507 0.613015 0.568952 0.617725 0.533498
0.605276 0.604818 0.641740 0.594045 0.613015 0.568952
0.641740 0.594045 0.647371 0.555622 0.613015 0.568952
0.641740 0.594045 0.678872 0.580436 0.647371 0.555622
0.613015 0.568952 0.647371 0.555622 0.617725 0.533498
0.605276 0.604818 0.633351 0.632803 0.641740 0.594045
0.633351 0.632803 0.672532 0.621662 0.641740 0.594045
0.633351 0.632803 0.663668 0.663099 0.672532 0.621662
0.641740 0.594045 0.672532 0.621662 0.678872 0.580436
0.617725 0.533498 0.647371 0.555622 0.650198 0.517420
0.647371 0.555622 0.682667 0.539388 0.650198 0.517420
0.647371 0.555622 0.678872 0.580436 0.682667 0.539388
0.650198 0.517420 0.682667 0.539388 0.683913 0.498445
0.556082 0.440494 0.586322 0.450136 0.579283 0.417575
0.586322 0.450136 0.612854 0.427824 0.579283 0.417575
0.586322 0.450136 0.617652 0.463138 0.612854 0.427824
0.579283 0.417575 0.612854 0.427824 0.604995 0.392122
0.617652 0.463138 0.647265 0.441204 0.612854 0.427824
0.647265 0.441204 0.641549 0.402918 0.612854 0.427824
0.647265 0.441204 0.678740 0.416600 0.641549 0.402918
0.612854 0.427824 0.641549 0.402918 0.604995 0.392122
0.617652 0.463138 0.650158 0.479324 0.647265 0.441204
0.650158 0.479324 0.682593 0.457557 0.647265 0.441204
0.650158 0.479324 0.683913 0.498445 0.682593 0.457557
0.647265 0.441204 0.682593 0.457557 0.678740 0.416600
0.604995 0.392122 0.641549 0.402918 0.633056 0.364362
0.641549 0.402918 0.672332 0.375556 0.633056 0.364362
0.641549 0.402918 0.678740 0.416600 0.672332 0.375556
0.633056 0.364362 0.672332 0.375556 0.663398 0.334347
0.663668 0.663099 0.705315 0.651756 0.672532 0.621662
0.705315 0.651756 0.712133 0.607882 0.672532 0.621662
0.705315 0.651756 0.747178 0.637903 0.712133 0.607882
0.672532 0.621662 0.712133 0.607882 0.678872 0.580436
0.747178 0.637903 0.752160 0.591477 0.712133 0.607882
0.752160 0.591477 0.716652 0.564095 0.712133 0.607882
0.752160 0.591477 0.755114 0.545065 0.716652 0.564095
0.712133 0.607882 0.716652 0.564095 0.678872 0.580436
0.747178 0.637903 0.789183 0.621504 0.752160 0.591477
0.789183 0.621504 0.792570 0.572457 0.752160 0.591477
0.789183 0.621504 0.831303 0.602525 0.792570 0.572457
0.752160 0.591477 0.792570 0.572457 0.755114 0.545065
0.678872 0.580436 0.716652 0.564095 0.682667 0.539388
0.716652 0.564095 0.718889 0.520392 0.682667 0.539388
0.716652 0.564095 0.755114 0.545065 0.718889 0.520392
0.682667 0.539388 0.718889 0.520392 0.683913 0.498445
0.831303 0.602525 0.833370 0.550814 0.792570 0.572457
0.833370 0.550814 0.794238 0.523404 0.792570 0.572457
0.833370 0.550814 0.834053 0.499094 0.794238 0.523404
0.792570 0.572457 0.794238 0.523404 0.755114 0.545065
0.834053 0.499094 0.794226 0.474387 0.794238 0.523404
0.794226 0.474387 0.756071 0.498714 0.794238 0.523404
0.794226 0.474387 0.755070 0.452388 0.756071 0.498714
0.794238 0.523404 0.756071 0.498714 0.755114 0.545065
0.834053 0.499094 0.833355 0.447431 0.794226 0.474387
0.833355 0.447431 0.792531 0.425431 0.794226 0.474387
0.833355 0.447431 0.831274 0.395830 0.792531 0.425431
0.794226 0.474387 0.792531 0.425431 0.755070 0.452388
0.755114 0.545065 0.756071 0.498714 0.718889 0.520392
0.756071 0.498714 0.718860 0.476755 0.718889 0.520392
0.756071 0.498714 0.755070 0.452388 0.718860 0.476755
0.718889 0.520392 0.718860 0.476755 0.683913 0.498445
0.831303 0.602525 0.873473 0.580922 0.833370 0.550814
0.873473 0.580922 0.874526 0.526526 0.833370 0.550814
0.873473 0.580922 0.915664 0.556655 0.874526 0.526526
0.833370 0.550814 0.874526 0.526526 0.834053 0.499094
0.915664 0.556655 0.916016 0.499563 0.874526 0.526526
0.916016 0.499563 0.874519 0.472145 0.874526 0.526526
0.916016 0.499563 0.915655 0.442499 0.874519 0.472145
0.874526 0.526526 0.874519 0.472145 0.834053 0.499094
0.915664 0.556655 0.957837 0.529687 0.916016 0.499563
0.957837 0.529687 0.957833 0.469897 0.916016 0.499563
0.957837 0.529687 1.000000 0.500000 0.957833 0.469897
0.916016 0.499563 0.957833 0.469897 0.915655 0.442499
0.834053 0.499094 0.874519 0.472145 0.833355 0.447431
0.874519 0.472145 0.873455 0.417822 0.833355 0.447431
0.874519 0.472145 0.915655 0.442499 0.873455 0.417822
0.833355 0.447431 0.873455 0.417822 0.831274 0.395830
0.683913 0.498445 0.718860 0.476755 0.682593 0.457557
0.718860 0.476755 0.716571 0.433133 0.682593 0.457557
0.718860 0.476755 0.755070 0.452388 0.716571 0.433133
0.682593 0.457557 0.716571 0.433133 0.678740 0.416600
0.755070 0.452388 0.752077 0.406123 0.716571 0.433133
0.752077 0.406123 0.712006 0.389497 0.716571 0.433133
0.752077 0.406123 0.747080 0.359866 0.712006 0.389497
0.716571 0.433133 0.712006 0.389497 0.678740 0.416600
0.755070 0.452388 0.792531 0.425431 0.752077 0.406123
0.792531 0.425431 0.789125 0.376541 0.752077 0.406123
0.792531 0.425431 0.831274 0.395830 0.789125 0.376541
0.752077 0.406123 0.789125 0.376541 0.747080 0.359866
0.678740 0.416600 0.712006 0.389497 0.672332 0.375556
0.712006 0.389497 0.705144 0.345828 0.672332 0.375556
0.712006 0.389497 0.747080 0.359866 0.705144 0.345828
0.672332 0.375556 0.705144 0.345828 0.663398 0.334347
0.663668 0.663099 0.696181 0.695691 0.705315 0.651756
0.696181 0.695691 0.740116 0.684285 0.705315 0.651756
0.696181 0.695691 0.730955 0.730566 0.740116 0.684285
0.705315 0.651756 0.740116 0.684285 0.747178 0.637903
0.730955 0.730566 0.777022 0.719265 0.740116 0.684285
0.777022 0.719265 0.784018 0.670464 0.740116 0.684285
0.777022 0.719265 0.822779 0.705609 0.784018 0.670464
0.740116 0.684285 0.784018 0.670464 0.747178 0.637903
0.730955 0.730566 0.768072 0.767775 0.777022 0.719265
0.768072 0.767775 0.816139 0.756775 0.777022 0.719265
0.768072 0.767775 0.807691 0.807479 0.816139 0.756775
0.777022 0.719265 0.816139 0.756775 0.822779 0.705609
0.747178 0.637903 0.784018 0.670464 0.789183 0.621504
0.784018 0.670464 0.827786 0.654145 0.789183 0.621504
0.784018 0.670464 0.822779 0.705609 0.827786 0.654145
0.789183 0.621504 0.827786 0.654145 0.831303 0.602525
0.807691 0.807479 0.857648 0.797011 0.816139 0.756775
0.857648 0.797011 0.863556 0.743426 0.816139 0.756775
0.857648 0.797011 0.906543 0.784128 0.863556 0.743426
0.816139 0.756775 0.863556 0.743426 0.822779 0.705609
0.906543 0.784128 0.910105 0.727527 0.863556 0.743426
0.910105 0.727527 0.868058 0.689449 0.863556 0.743426
0.910105 0.727527 0.912748 0.670690 0.868058 0.689449
0.863556 0.743426 0.868058 0.689449 0.822779 0.705609
0.906543 0.784128 0.954044 0.768507 0.910105 0.727527
0.954044 0.768507 0.955611 0.708912 0.910105 0.727527
0.954044 0.768507 1.000000 0.750000 0.955611 0.708912
0.910105 0.727527 0.955611 0.708912 0.912748 0.670690
0.822779 0.705609 0.868058 0.689449 0.827786 0.654145
0.868058 0.689449 0.871330 0.635251 0.827786 0.654145
0.868058 0.689449 0.912748 0.670690 0.871330 0.635251
0.827786 0.654145 0.871330 0.635251 0.831303 0.602525
0.807691 0.807479 0.850032 0.849897 0.857648 0.797011
0.850032 0.849897 0.901808 0.840230 0.857648 0.797011
0.850032 0.849897 0.895515 0.895445 0.901808 0.840230
0.857648 0.797011 0.901808 0.840230 0.906543 0.784128
0.895515 0.895445 0.949041 0.886842 0.901808 0.840230
0.949041 0.886842 0.951919 0.827883 0.901808 0.840230
0.949041 0.886842 1.000000 0.875000 0.951919 0.827883
0.901808 0.840230 0.951919 0.827883 0.906543 0.784128
0.895515 0.895445 0.944835 0.944811 0.949041 0.886842
0.944835 0.944811 1.000000 0.937500 0.949041 0.886842
0.944835 0.944811 1.000000 1.000000 1.000000 0.937500
0.949041 0.886842 1.000000 0.937500 1.000000 0.875000
0.906543 0.784128 0.951919 0.827883 0.954044 0.768507
0.951919 0.827883 1.000000 0.812500 0.954044 0.768507
0.951919 0.827883 1.000000 0.875000 1.000000 0.812500
0.954044 0.768507 1.000000 0.812500 1.000000 0.750000
0.831303 0.602525 0.871330 0.635251 0.873473 0.580922
0.871330 0.635251 0.914576 0.613710 0.873473 0.580922
0.871330 0.635251 0.912748 0.670690 0.914576 0.613710
0.873473 0.580922 0.914576 0.613710 0.915664 0.556655
0.912748 0.670690 0.956738 0.649219 0.914576 0.613710
0.956738 0.649219 0.957472 0.589469 0.914576 0.613710
0.956738 0.649219 1.000000 0.625000 0.957472 0.589469
0.914576 0.613710 0.957472 0.589469 0.915664 0.556655
0.912748 0.670690 0.955611 0.708912 0.956738 0.649219
0.955611 0.708912 1.000000 0.687500 0.956738 0.649219
0.955611 0.708912 1.000000 0.750000 1.000000 0.687500
0.956738 0.649219 1.000000 0.687500 1.000000 0.625000
0.915664 0.556655 0.957472 0.589469 0.957837 0.529687
0.957472 0.589469 1.000000 0.562500 0.957837 0.529687
0.957472 0.589469 1.000000 0.625000 1.000000 0.562500
0.957837 0.529687 1.000000 0.562500 1.000000 0.500000
0.663398 0.334347 0.705144 0.345828 0.695959 0.302152
0.705144 0.345828 0.739994 0.313706 0.695959 0.302152
0.705144 0.345828 0.747080 0.359866 0.739994 0.313706
0.695959 0.302152 0.739994 0.313706 0.730781 0.267670
0.747080 0.359866 0.783953 0.327752 0.739994 0.313706
0.783953 0.327752 0.776924 0.279154 0.739994 0.313706
0.783953 0.327752 0.822740 0.293026 0.776924 0.279154
0.739994 0.313706 0.776924 0.279154 0.730781 0.267670
0.747080 0.359866 0.789125 0.376541 0.783953 0.327752
0.789125 0.376541 0.827752 0.344352 0.783953 0.327752
0.789125 0.376541 0.831274 0.395830 0.827752 0.344352
0.783953 0.327752 0.827752 0.344352 0.822740 0.293026
0.730781 0.267670 0.776924 0.279154 0.767912 0.230877
0.776924 0.279154 0.816058 0.242041 0.767912 0.230877
0.776924 0.279154 0.822740 0.293026 0.816058 0.242041
0.767912 0.230877 0.816058 0.242041 0.807550 0.191555
0.831274 0.395830 0.871312 0.363581 0.827752 0.344352
0.871312 0.363581 0.868039 0.309476 0.827752 0.344352
0.871312 0.363581 0.912734 0.328577 0.868039 0.309476
0.827752 0.344352 0.868039 0.309476 0.822740 0.293026
0.912734 0.328577 0.910084 0.271804 0.868039 0.309476
0.910084 0.271804 0.863516 0.255620 0.868039 0.309476
0.910084 0.271804 0.906503 0.215296 0.863516 0.255620
0.868039 0.309476 0.863516 0.255620 0.822740 0.293026
0.912734 0.328577 0.955599 0.290749 0.910084 0.271804
0.955599 0.290749 0.954022 0.231195 0.910084 0.271804
0.955599 0.290749 1.000000 0.250000 0.954022 0.231195
0.910084 0.271804 0.954022 0.231195 0.906503 0.215296
0.822740 0.293026 0.863516 0.255620 0.816058 0.242041
0.863516 0.255620 0.857567 0.202196 0.816058 0.242041
0.863516 0.255620 0.906503 0.215296 0.857567 0.202196
0.816058 0.242041 0.857567 0.202196 0.807550 0.191555
0.831274 0.395830 0.873455 0.417822 0.871312 0.363581
0.873455 0.417822 0.914561 0.385503 0.871312 0.363581
0.873455 0.417822 0.915655 0.442499 0.914561 0.385503
0.871312 0.363581 0.914561 0.385503 0.912734 0.328577
0.915655 0.442499 0.957464 0.410136 0.914561 0.385503
0.957464 0.410136 0.956727 0.350414 0.914561 0.385503
0.957464 0.410136 1.000000 0.375000 0.956727 0.350414
0.914561 0.385503 0.956727 0.350414 0.912734 0.328577
0.915655 0.442499 0.957833 0.469897 0.957464 0.410136
0.957833 0.469897 1.000000 0.437500 0.957464 0.410136
0.957833 0.469897 1.000000 0.500000 1.000000 0.437500
0.957464 0.410136 1.000000 0.437500 1.000000 0.375000
0.912734 0.328577 0.956727 0.350414 0.955599 0.290749
0.956727 0.350414 1.000000 0.312500 0.955599 0.290749
0.956727 0.350414 1.000000 0.375000 1.000000 0.312500
0.955599 0.290749 1.000000 0.312500 1.000000 0.250000
0.807550 0.191555 0.857567 0.202196 0.849906 0.149502
0.857567 0.202196 0.901741 0.159316 0.849906 0.149502
0.857567 0.202196 0.906503 0.215296 0.901741 0.159316
0.849906 0.149502 0.901741 0.159316 0.895424 0.104243
0.906503 0.215296 0.951892 0.171865 0.901741 0.159316
0.951892 0.171865 0.948994 0.112981 0.901741 0.159316
0.951892 0.171865 1.000000 0.125000 0.948994 0.112981
0.901741 0.159316 0.948994 0.112981 0.895424 0.104243
0.906503 0.215296 0.954022 0.231195 0.951892 0.171865
0.954022 0.231195 1.000000 0.187500 0.951892 0.171865
0.954022 0.231195 1.000000 0.250000 1.000000 0.187500
0.951892 0.171865 1.000000 0.187500 1.000000 0.125000
0.895424 0.104243 0.948994 0.112981 0.944796 0.055084
0.948994 0.112981 1.000000 0.062500 0.944796 0.055084
0.948994 0.112981 1.000000 0.125000 1.000000 0.062500
0.944796 0.055084 1.000000 0.062500 1.000000 0.000000
0.497739 0.498268 0.490439 0.491071 0.490529 0.505682
0.490439 0.491071 0.474502 0.498530 0.490529 0.505682
0.490439 0.491071 0.477322 0.478029 0.474502 0.498530
0.490529 0.505682 0.474502 0.498530 0.477494 0.518996
0.477322 0.478029 0.455701 0.486269 0.474502 0.498530
0.455701 0.486269 0.455777 0.511060 0.474502 0.498530
0.455701 0.486269 0.432226 0.498792 0.455777 0.511060
0.474502 0.498530 0.455777 0.511060 0.477494 0.518996
0.477322 0.478029 0.460348 0.461043 0.455701 0.486269
0.460348 0.461043 0.434206 0.470083 0.455701 0.486269
0.460348 0.461043 0.440243 0.440884 0.434206 0.470083
0.455701 0.486269 0.434206 0.470083 0.432226 0.498792
0.477494 0.518996 0.455777 0.511060 0.460623 0.536197
0.455777 0.511060 0.434387 0.527450 0.460623 0.536197
0.455777 0.511060 0.432226 0.498792 0.434387 0.527450
0.460623 0.536197 0.434387 0.527450 0.440554 0.556569
0.440243 0.440884 0.410329 0.450682 0.434206 0.470083
0.410329 0.450682 0.406727 0.482900 0.434206 0.470083
0.410329 0.450682 0.379356 0.463881 0.406727 0.482900
0.434206 0.470083 0.406727 0.482900 0.432226 0.498792
0.379356 0.463881 0.377735 0.499087 0.406727 0.482900
0.377735 0.499087 0.406790 0.514937 0.406727 0.482900
0.377735 0.499087 0.379432 0.534277 0.406790 0.514937
0.406727 0.482900 0.406790 0.514937 0.432226 0.498792
0.379356 0.463881 0.347177 0.480219 0.377735 0.499087
0.347177 0.480219 0.347222 0.518341 0.377735 0.499087
0.347177 0.480219 0.313781 0.499494 0.347222 0.518341
0.377735 0.499087 0.347222 0.518341 0.379432 0.534277
0.432226 0.498792 0.406790 0.514937 0.434387 0.527450
0.406790 0.514937 0.410522 0.547106 0.434387 0.527450
0.406790 0.514937 0.379432 0.534277 0.410522 0.547106
0.434387 0.527450 0.410522 0.547106 0.440554 0.556569
0.440243 0.440884 0.417459 0.418020 0.410329 0.450682
0.417459 0.418020 0.384198 0.428472 0.410329 0.450682
0.417459 0.418020 0.392157 0.392667 0.384198 0.428472
0.410329 0.450682 0.384198 0.428472 0.379356 0.463881
0.392157 0.392667 0.355890 0.403652 0.384198 0.428472
0.355890 0.403652 0.350098 0.442035 0.384198 0.428472
0.355890 0.403652 0.318981 0.417508 0.350098 0.442035
0.384198 0.428472 0.350098 0.442035 0.379356 0.463881
0.392157 0.392667 0.364504 0.364979 0.355890 0.403652
0.364504 0.364979 0.325498 0.376344 0.355890 0.403652
0.364504 0.364979 0.334558 0.334992 0.325498 0.376344
0.355890 0.403652 0.325498 0.376344 0.318981 0.417508
0.379356 0.463881 0.350098 0.442035 0.347177 0.480219
0.350098 0.442035 0.315081 0.458543 0.347177 0.480219
0.350098 0.442035 0.318981 0.417508 0.315081 0.458543
0.347177 0.480219 0.315081 0.458543 0.313781 0.499494
0.440554 0.556569 0.410522 0.547106 0.417764 0.579722
0.410522 0.547106 0.384381 0.569651 0.417764 0.579722
0.410522 0.547106 0.379432 0.534277 0.384381 0.569651
0.417764 0.579722 0.384381 0.569651 0.392449 0.605410
0.379432 0.534277 0.350208 0.556496 0.384381 0.569651
0.350208 0.556496 0.356090 0.594816 0.384381 0.569651
0.350208 0.556496 0.319111 0.581386 0.356090 0.594816
0.384381 0.569651 0.356090 0.594816 0.392449 0.605410
0.379432 0.534277 0.347222 0.518341 0.350208 0.556496
0.347222 0.518341 0.315153 0.540413 0.350208 0.556496
0.347222 0.518341 0.313781 0.499494 0.315153 0.540413
0.350208 0.556496 0.315153 0.540413 0.319111 0.581386
0.392449 0.605410 0.356090 0.594816 0.364797 0.633432
0.356090 0.594816 0.325697 0.622451 0.364797 0.633432
0.356090 0.594816 0.319111 0.581386 0.325697 0.622451
0.364797 0.633432 0.325697 0.622451 0.334827 0.663719
0.334558 0.334992 0.293051 0.346579 0.325498 0.376344
0.293051 0.346579 0.286077 0.390392 0.325498 0.376344
0.293051 0.346579 0.251351 0.360692 0.286077 0.390392
0.325498 0.376344 0.286077 0.390392 0.318981 0.417508
0.251351 0.360692 0.246265 0.407080 0.286077 0.390392
0.246265 0.407080 0.281443 0.434146 0.286077 0.390392
0.246265 0.407080 0.243230 0.453474 0.281443 0.434146
0.286077 0.390392 0.281443 0.434146 0.318981 0.417508
0.251351 0.360692 0.209544 0.377364 0.246265 0.407080
0.209544 0.377364 0.206094 0.426393 0.246265 0.407080
0.209544 0.377364 0.167657 0.396623 0.206094 0.426393
0.246265 0.407080 0.206094 0.426393 0.243230 0.453474
0.318981 0.417508 0.281443 0.434146 0.315081 0.458543
0.281443 0.434146 0.279139 0.477847 0.315081 0.458543
0.281443 0.434146 0.243230 0.453474 0.279139 0.477847
0.315081 0.458543 0.279139 0.477847 0.313781 0.499494
0.167657 0.396623 0.165566 0.448324 0.206094 0.426393
0.165566 0.448324 0.204391 0.475435 0.206094 0.426393
0.165566 0.448324 0.164871 0.500036 0.204391 0.475435
0.206094 0.426393 0.204391 0.475435 0.243230 0.453474
0.164871 0.500036 0.204403 0.524449 0.204391 0.475435
0.204403 0.524449 0.242255 0.499830 0.204391 0.475435
0.204403 0.524449 0.243274 0.546170 0.242255 0.499830
0.204391 0.475435 0.242255 0.499830 0.243230 0.453474
0.164871 0.500036 0.165586 0.551673 0.204403 0.524449
0.165586 0.551673 0.206140 0.573400 0.204403 0.524449
0.165586 0.551673 0.167703 0.603268 0.206140 0.573400
0.204403 0.524449 0.206140 0.573400 0.243274 0.546170
0.243230 0.453474 0.242255 0.499830 0.279139 0.477847
0.242255 0.499830 0.279173 0.521500 0.279139 0.477847
0.242255 0.499830 0.243274 0.546170 0.279173 0.521500
0.279139 0.477847 0.279173 0.521500 0.313781 0.499494
0.167657 0.396623 0.125749 0.418489 0.165566 0.448324
0.125749 0.418489 0.124680 0.472890 0.165566 0.448324
0.125749 0.418489 0.083821 0.442984 0.124680 0.472890
0.165566 0.448324 0.124680 0.472890 0.164871 0.500036
0.083821 0.442984 0.083464 0.500059 0.124680 0.472890
0.083464 0.500059 0.124692 0.527238 0.124680 0.472890
0.083464 0.500059 0.083831 0.557103 0.124692 0.527238
0.124680 0.472890 0.124692 0.527238 0.164871 0.500036
0.083821 0.442984 0.041905 0.470135 0.083464 0.500059
0.041905 0.470135 0.041909 0.529913 0.083464 0.500059
0.041905 0.470135 0.000000 0.500000 0.041909 0.529913
0.083464 0.500059 0.041909 0.529913 0.083831 0.557103
0.164871 0.500036 0.124692 0.527238 0.165586 0.551673
0.124692 0.527238 0.125774 0.581539 0.165586 0.551673
0.124692 0.527238 0.083831 0.557103 0.125774 0.581539
0.165586 0.551673 0.125774 0.581539 0.167703 0.603268
0.313781 0.499494 0.279173 0.521500 0.315153 0.540413
0.279173 0.521500 0.281517 0.565152 0.315153 0.540413
0.279173 0.521500 0.243274 0.546170 0.281517 0.565152
0.315153 0.540413 0.281517 0.565152 0.319111 0.581386
0.243274 0.546170 0.246348 0.592445 0.281517 0.565152
0.246348 0.592445 0.286210 0.608789 0.281517 0.565152
0.246348 0.592445 0.251468 0.638703 0.286210 0.608789
0.281517 0.565152 0.286210 0.608789 0.319111 0.581386
0.243274 0.546170 0.206140 0.573400 0.246348 0.592445
0.206140 0.573400 0.209626 0.622293 0.246348 0.592445
0.206140 0.573400 0.167703 0.603268 0.209626 0.622293
0.246348 0.592445 0.209626 0.622293 0.251468 0.638703
0.319111 0.581386 0.286210 0.608789 0.325697 0.622451
0.286210 0.608789 0.293234 0.652479 0.325697 0.622451
0.286210 0.608789 0.251468 0.638703 0.293234 0.652479
0.325697 0.622451 0.293234 0.652479 0.334827 0.663719
0.334558 0.334992 0.302360 0.302733 0.293051 0.346579
0.302360 0.302733 0.258547 0.314369 0.293051 0.346579
0.302360 0.302733 0.267870 0.268168 0.258547 0.314369
0.293051 0.346579 0.258547 0.314369 0.251351 0.360692
0.267870 0.268168 0.221922 0.279688 0.258547 0.314369
0.221922 0.279688 0.214805 0.328437 0.258547 0.314369
0.221922 0.279688 0.176319 0.293571 0.214805 0.328437
0.258547 0.314369 0.214805 0.328437 0.251351 0.360692
0.267870 0.268168 0.231021 0.231250 0.221922 0.279688
0.231021 0.231250 0.183074 0.242449 0.221922 0.279688
0.231021 0.231250 0.191646 0.191809 0.183074 0.242449
0.221922 0.279688 0.183074 0.242449 0.176319 0.293571
0.251351 0.360692 0.214805 0.328437 0.209544 0.377364
0.214805 0.328437 0.171232 0.345010 0.209544 0.377364
0.214805 0.328437 0.176319 0.293571 0.171232 0.345010
0.209544 0.377364 0.171232 0.345010 0.167657 0.396623
0.191646 0.191809 0.141815 0.202461 0.183074 0.242449
0.141815 0.202461 0.135814 0.256005 0.183074 0.242449
0.141815 0.202461 0.093072 0.215525 0.135814 0.256005
0.183074 0.242449 0.135814 0.256005 0.176319 0.293571
0.093072 0.215525 0.089453 0.272103 0.135814 0.256005
0.089453 0.272103 0.131240 0.309958 0.135814 0.256005
0.089453 0.272103 0.086767 0.328935 0.131240 0.309958
0.135814 0.256005 0.131240 0.309958 0.176319 0.293571
0.093072 0.215525 0.045750 0.231320 0.089453 0.272103
0.045750 0.231320 0.044158 0.290907 0.089453 0.272103
0.045750 0.231320 0.000000 0.250000 0.044158 0.290907
0.089453 0.272103 0.044158 0.290907 0.086767 0.328935
0.176319 0.293571 0.131240 0.309958 0.171232 0.345010
0.131240 0.309958 0.127918 0.364151 0.171232 0.345010
0.131240 0.309958 0.086767 0.328935 0.127918 0.364151
0.171232 0.345010 0.127918 0.364151 0.167657 0.396623
0.191646 0.191809 0.149549 0.149652 0.141815 0.202461
0.149549 0.149652 0.097884 0.159464 0.141815 0.202461
0.149549 0.149652 0.104276 0.104322 0.097884 0.159464
0.141815 0.202461 0.097884 0.159464 0.093072 0.215525
0.104276 0.104322 0.050834 0.113030 0.097884 0.159464
0.050834 0.113030 0.047910 0.171959 0.097884 0.159464
0.050834 0.113030 0.000000 0.125000 0.047910 0.171959
0.097884 0.159464 0.047910 0.171959 0.093072 0.215525
0.104276 0.104322 0.055097 0.055111 0.050834 0.113030
0.055097 0.055111 0.000000 0.062500 0.050834 0.113030
0.055097 0.055111 0.000000 0.000000 0.000000 0.062500
0.050834 0.113030 0.000000 0.062500 0.000000 0.125000
0.093072 0.215525 0.047910 0.171959 0.045750 0.231320
0.047910 0.171959 0.000000 0.187500 0.045750 0.231320
0.047910 0.171959 0.000000 0.125000 0.000000 0.187500
0.045750 0.231320 0.000000 0.187500 0.000000 0.250000
0.167657 0.396623 0.127918 0.364151 0.125749 0.418489
0.127918 0.364151 0.084919 0.385917 0.125749 0.418489
0.127918 0.364151 0.086767 0.328935 0.084919 0.385917
0.125749 0.418489 0.084919 0.385917 0.083821 0.442984
0.086767 0.328935 0.043016 0.350600 0.084919 0.385917
0.043016 0.350600 0.042273 0.410353 0.084919 0.385917
0.043016 0.350600 0.000000 0.375000 0.042273 0.410353
0.084919 0.385917 0.042273 0.410353 0.083821 0.442984
0.086767 0.328935 0.044158 0.290907 0.043016 0.350600
0.044158 0.290907 0.000000 0.312500 0.043016 0.350600
0.044158 0.290907 0.000000 0.250000 0.000000 0.312500
0.043016 0.350600 0.000000 0.312500 0.000000 0.375000
0.083821 0.442984 0.042273 0.410353 0.041905 0.470135
0.042273 0.410353 0.000000 0.437500 0.041905 0.470135
0.042273 0.410353 0.000000 0.375000 0.000000 0.437500
0.041905 0.470135 0.000000 0.437500 0.000000 0.500000
0.334827 0.663719 0.293234 0.652479 0.302604 0.696221
0.293234 0.652479 0.258707 0.684893 0.302604 0.696221
0.293234 0.652479 0.251468 0.638703 0.258707 0.684893
0.302604 0.696221 0.258707 0.684893 0.268086 0.730996
0.251468 0.638703 0.214911 0.671092 0.258707 0.684893
0.214911 0.671092 0.222073 0.719727 0.258707 0.684893
0.214911 0.671092 0.176411 0.706079 0.222073 0.719727
0.258707 0.684893 0.222073 0.719727 0.268086 0.730996
0.251468 0.638703 0.209626 0.622293 0.214911 0.671092
0.209626 0.622293 0.171302 0.654742 0.214911 0.671092
0.209626 0.622293 0.167703 0.603268 0.171302 0.654742
0.214911 0.671092 0.171302 0.654742 0.176411 0.706079
0.268086 0.730996 0.222073 0.719727 0.231231 0.768083
0.222073 0.719727 0.183206 0.757110 0.231231 0.768083
0.222073 0.719727 0.176411 0.706079 0.183206 0.757110
0.231231 0.768083 0.183206 0.757110 0.191838 0.807676
0.167703 0.603268 0.127958 0.635760 0.171302 0.654742
0.127958 0.635760 0.131294 0.689862 0.171302 0.654742
0.127958 0.635760 0.086802 0.670992 0.131294 0.689862
0.171302 0.654742 0.131294 0.689862 0.176411 0.706079
0.086802 0.670992 0.089499 0.727767 0.131294 0.689862
0.089499 0.727767 0.135895 0.743737 0.131294 0.689862
0.089499 0.727767 0.093136 0.784295 0.135895 0.743737
0.131294 0.689862 0.135895 0.743737 0.176411 0.706079
0.086802 0.670992 0.044181 0.709038 0.089499 0.727767
0.044181 0.709038 0.045784 0.768598 0.089499 0.727767
0.044181 0.709038 0.000000 0.750000 0.045784 0.768598
0.089499 0.727767 0.045784 0.768598 0.093136 0.784295
0.176411 0.706079 0.135895 0.743737 0.183206 0.757110
0.135895 0.743737 0.141934 0.797209 0.183206 0.757110
0.135895 0.743737 0.093136 0.784295 0.141934 0.797209
0.183206 0.757110 0.141934 0.797209 0.191838 0.807676
0.167703 0.603268 0.125774 0.581539 0.127958 0.635760
0.125774 0.581539 0.084943 0.614076 0.127958 0.635760
0.125774 0.581539 0.083831 0.557103 0.084943 0.614076
0.127958 0.635760 0.084943 0.614076 0.086802 0.670992
0.083831 0.557103 0.042283 0.589662 0.084943 0.614076
0.042283 0.589662 0.043034 0.649375 0.084943 0.614076
0.042283 0.589662 0.000000 0.625000 0.043034 0.649375
0.084943 0.614076 0.043034 0.649375 0.086802 0.670992
0.083831 0.557103 0.041909 0.529913 0.042283 0.589662
0.041909 0.529913 0.000000 0.562500 0.042283 0.589662
0.041909 0.529913 0.000000 0.500000 0.000000 0.562500
0.042283 0.589662 0.000000 0.562500 0.000000 0.625000
0.086802 0.670992 0.043034 0.649375 0.044181 0.709038
0.043034 0.649375 0.000000 0.687500 0.044181 0.709038
0.043034 0.649375 0.000000 0.625000 0.000000 0.687500
0.044181 0.709038 0.000000 0.687500 0.000000 0.750000
0.191838 0.807676 0.141934 0.797209 0.149696 0.849989
0.141934 0.797209 0.097964 0.840323 0.149696 0.849989
0.141934 0.797209 0.093136 0.784295 0.097964 0.840323
0.149696 0.849989 0.097964 0.840323 0.104357 0.895473
0.093136 0.784295 0.047945 0.827945 0.097964 0.840323
0.047945 0.827945 0.050880 0.886861 0.097964 0.840323
0.047945 0.827945 0.000000 0.875000 0.050880 0.886861
0.097964 0.840323 0.050880 0.886861 0.104357 0.895473
0.093136 0.784295 0.045784 0.768598 0.047945 0.827945
0.045784 0.768598 0.000000 0.812500 0.047945 0.827945
0.045784 0.768598 0.000000 0.750000 0.000000 0.812500
0.047945 0.827945 0.000000 0.812500 0.000000 0.875000
0.104357 0.895473 0.050880 0.886861 0.055126 0.944814
0.050880 0.886861 0.000000 0.937500 0.055126 0.944814
0.050880 0.886861 0.000000 0.875000 0.000000 0.937500
0.055126 0.944814 0.000000 0.937500 0.000000 1.000000
0.000000 0.000000 0.055097 0.055111 0.062500 0.000000
0.055097 0.055111 0.113046 0.050904 0.062500 0.000000
0.055097 0.055111 0.104276 0.104322 0.113046 0.050904
0.062500 0.000000 0.113046 0.050904 0.125000 0.000000
0.104276 0.104322 0.159434 0.098002 0.113046 0.050904
0.159434 0.098002 0.171962 0.048001 0.113046 0.050904
0.159434 0.098002 0.215468 0.093235 0.171962 0.048001
0.113046 0.050904 0.171962 0.048001 0.125000 0.000000
0.104276 0.104322 0.149549 0.149652 0.159434 0.098002
0.149549 0.149652 0.202345 0.141977 0.159434 0.098002
0.149549 0.149652 0.191646 0.191809 0.202345 0.141977
0.159434 0.098002 0.202345 0.141977 0.215468 0.093235
0.125000 0.000000 0.171962 0.048001 0.187500 0.000000
0.171962 0.048001 0.231288 0.045849 0.187500 0.000000
0.171962 0.048001 0.215468 0.093235 0.231288 0.045849
0.187500 0.000000 0.231288 0.045849 0.250000 0.000000
0.191646 0.191809 0.242250 0.183284 0.202345 0.141977
0.242250 0.183284 0.255836 0.136013 0.202345 0.141977
0.242250 0.183284 0.293315 0.176572 0.255836 0.136013
0.202345 0.141977 0.255836 0.136013 0.215468 0.093235
0.293315 0.176572 0.309721 0.131451 0.255836 0.136013
0.309721 0.131451 0.271977 0.089617 0.255836 0.136013
0.309721 0.131451 0.328748 0.086927 0.271977 0.089617
0.255836 0.136013 0.271977 0.089617 0.215468 0.093235
0.293315 0.176572 0.344664 0.171501 0.309721 0.131451
0.344664 0.171501 0.363835 0.128132 0.309721 0.131451
0.344664 0.171501 0.396165 0.167932 0.363835 0.128132
0.309721 0.131451 0.363835 0.128132 0.328748 0.086927
0.215468 0.093235 0.271977 0.089617 0.231288 0.045849
0.271977 0.089617 0.290832 0.044246 0.231288 0.045849
0.271977 0.089617 0.328748 0.086927 0.290832 0.044246
0.231288 0.045849 0.290832 0.044246 0.250000 0.000000
0.191646 0.191809 0.231021 0.231250 0.242250 0.183284
0.231021 0.231250 0.279422 0.222202 0.242250 0.183284
0.231021 0.231250 0.267870 0.268168 0.279422 0.222202
0.242250 0.183284 0.279422 0.222202 0.293315 0.176572
0.267870 0.268168 0.314018 0.258893 0.279422 0.222202
0.314018 0.258893 0.328090 0.215120 0.279422 0.222202
0.314018 0.258893 0.360244 0.251734 0.328090 0.215120
0.279422 0.222202 0.328090 0.215120 0.293315 0.176572
0.267870 0.268168 0.302360 0.302733 0.314018 0.258893
0.302360 0.302733 0.346143 0.293458 0.314018 0.258893
0.302360 0.302733 0.334558 0.334992 0.346143 0.293458
0.314018 0.258893 0.346143 0.293458 0.360244 0.251734
0.293315 0.176572 0.328090 0.215120 0.344664 0.171501
0.328090 0.215120 0.376908 0.209881 0.344664 0.171501
0.328090 0.215120 0.360244 0.251734 0.376908 0.209881
0.344664 0.171501 0.376908 0.209881 0.396165 0.167932
0.250000 0.000000 0.290832 0.044246 0.312500 0.000000
0.290832 0.044246 0.350493 0.043096 0.312500 0.000000
0.290832 0.044246 0.328748 0.086927 0.350493 0.043096
0.312500 0.000000 0.350493 0.043096 0.375000 0.000000
0.328748 0.086927 0.385667 0.085066 0.350493 0.043096
0.385667 0.085066 0.410210 0.042348 0.350493 0.043096
0.385667 0.085066 0.442653 0.083959 0.410210 0.042348
0.350493 0.043096 0.410210 0.042348 0.375000 0.000000
0.328748 0.086927 0.363835 0.128132 0.385667 0.085066
0.363835 0.128132 0.418070 0.125955 0.385667 0.085066
0.363835 0.128132 0.396165 0.167932 0.418070 0.125955
0.385667 0.085066 0.418070 0.125955 0.442653 0.083959
0.375000 0.000000 0.410210 0.042348 0.437500 0.000000
0.410210 0.042348 0.469957 0.041975 0.437500 0.000000
0.410210 0.042348 0.442653 0.083959 0.469957 0.041975
0.437500 0.000000 0.469957 0.041975 0.500000 0.000000
0.334558 0.334992 0.375842 0.325938 0.346143 0.293458
0.375842 0.325938 0.389849 0.286493 0.346143 0.293458
0.375842 0.325938 0.416909 0.319402 0.389849 0.286493
0.346143 0.293458 0.389849 0.286493 0.360244 0.251734
0.416909 0.319402 0.433489 0.281819 0.389849 0.286493
0.433489 0.281819 0.406509 0.246645 0.389849 0.286493
0.433489 0.281819 0.452788 0.243564 0.406509 0.246645
0.389849 0.286493 0.406509 0.246645 0.360244 0.251734
0.416909 0.319402 0.457837 0.315436 0.433489 0.281819
0.457837 0.315436 0.477097 0.279444 0.433489 0.281819
0.457837 0.315436 0.498703 0.314046 0.477097 0.279444
0.433489 0.281819 0.477097 0.279444 0.452788 0.243564
0.360244 0.251734 0.406509 0.246645 0.376908 0.209881
0.406509 0.246645 0.425813 0.206406 0.376908 0.209881
0.406509 0.246645 0.452788 0.243564 0.425813 0.206406
0.376908 0.209881 0.425813 0.206406 0.396165 0.167932
0.498703 0.314046 0.520700 0.279368 0.477097 0.279444
0.520700 0.279368 0.499083 0.242503 0.477097 0.279444
0.520700 0.279368 0.545380 0.243441 0.499083 0.242503
0.477097 0.279444 0.499083 0.242503 0.452788 0.243564
0.545380 0.243441 0.523733 0.204600 0.499083 0.242503
0.523733 0.204600 0.474765 0.204653 0.499083 0.242503
0.523733 0.204600 0.499396 0.165068 0.474765 0.204653
0.499083 0.242503 0.474765 0.204653 0.452788 0.243564
0.545380 0.243441 0.572696 0.206264 0.523733 0.204600
0.572696 0.206264 0.551036 0.165733 0.523733 0.204600
0.572696 0.206264 0.602656 0.167796 0.551036 0.165733
0.523733 0.204600 0.551036 0.165733 0.499396 0.165068
0.452788 0.243564 0.474765 0.204653 0.425813 0.206406
0.474765 0.204653 0.447758 0.165808 0.425813 0.206406
0.474765 0.204653 0.499396 0.165068 0.447758 0.165808
0.425813 0.206406 0.447758 0.165808 0.396165 0.167932
0.498703 0.314046 0.539607 0.315274 0.520700 0.279368
0.539607 0.315274 0.564348 0.281607 0.520700 0.279368
0.539607 0.315274 0.580633 0.319076 0.564348 0.281607
0.520700 0.279368 0.564348 0.281607 0.545380 0.243441
0.580633 0.319076 0.608093 0.286144 0.564348 0.281607
0.608093 0.286144 0.591704 0.246413 0.564348 0.281607
0.608093 0.286144 0.638067 0.251402 0.591704 0.246413
0.564348 0.281607 0.591704 0.246413 0.545380 0.243441
0.580633 0.319076 0.621882 0.325457 0.608093 0.286144
0.621882 0.325457 0.651970 0.292987 0.608093 0.286144
0.621882 0.325457 0.663398 0.334347 0.651970 0.292987
0.608093 0.286144 0.651970 0.292987 0.638067 0.251402
0.545380 0.243441 0.591704 0.246413 0.572696 0.206264
0.591704 0.246413 0.621651 0.209661 0.572696 0.206264
0.591704 0.246413 0.638067 0.251402 0.621651 0.209661
0.572696 0.206264 0.621651 0.209661 0.602656 0.167796
0.396165 0.167932 0.447758 0.165808 0.418070 0.125955
0.447758 0.165808 0.472371 0.124863 0.418070 0.125955
0.447758 0.165808 0.499396 0.165068 0.472371 0.124863
0.418070 0.125955 0.472371 0.124863 0.442653 0.083959
0.499396 0.165068 0.526702 0.124836 0.472371 0.124863
0.526702 0.124836 0.499681 0.083585 0.472371 0.124863
0.526702 0.124836 0.556719 0.083924 0.499681 0.083585
0.472371 0.124863 0.499681 0.083585 0.442653 0.083959
0.499396 0.165068 0.551036 0.165733 0.526702 0.124836
0.551036 0.165733 0.581024 0.125878 0.526702 0.124836
0.551036 0.165733 0.602656 0.167796 0.581024 0.125878
0.526702 0.124836 0.581024 0.125878 0.556719 0.083924
0.442653 0.083959 0.499681 0.083585 0.469957 0.041975
0.499681 0.083585 0.529721 0.041966 0.469957 0.041975
0.499681 0.083585 0.556719 0.083924 0.529721 0.041966
0.469957 0.041975 0.529721 0.041966 0.500000 0.000000
0.334558 0.334992 0.364504 0.364979 0.375842 0.325938
0.364504 0.364979 0.403110 0.356347 0.375842 0.325938
0.364504 0.364979 0.392157 0.392667 0.403110 0.356347
0.375842 0.325938 0.403110 0.356347 0.416909 0.319402
0.392157 0.392667 0.427884 0.384682 0.403110 0.356347
0.427884 0.384682 0.441399 0.350512 0.403110 0.356347
0.427884 0.384682 0.463200 0.379782 0.441399 0.350512
0.403110 0.356347 0.441399 0.350512 0.416909 0.319402
0.392157 0.392667 0.417459 0.418020 0.427884 0.384682
0.417459 0.418020 0.450038 0.410875 0.427884 0.384682
0.417459 0.418020 0.440243 0.440884 0.450038 0.410875
0.427884 0.384682 0.450038 0.410875 0.463200 0.379782
0.416909 0.319402 0.441399 0.350512 0.457837 0.315436
0.441399 0.350512 0.479497 0.347533 0.457837 0.315436
0.441399 0.350512 0.463200 0.379782 0.479497 0.347533
0.457837 0.315436 0.479497 0.347533 0.498703 0.314046
0.440243 0.440884 0.469364 0.434799 0.450038 0.410875
0.469364 0.434799 0.482171 0.407204 0.450038 0.410875
0.469364 0.434799 0.498010 0.432647 0.482171 0.407204
0.450038 0.410875 0.482171 0.407204 0.463200 0.379782
0.498010 0.432647 0.514184 0.407115 0.482171 0.407204
0.514184 0.407115 0.498345 0.378103 0.482171 0.407204
0.514184 0.407115 0.533528 0.379619 0.498345 0.378103
0.482171 0.407204 0.498345 0.378103 0.463200 0.379782
0.498010 0.432647 0.526761 0.434596 0.514184 0.407115
0.526761 0.434596 0.546460 0.410614 0.514184 0.407115
0.526761 0.434596 0.556082 0.440494 0.546460 0.410614
0.514184 0.407115 0.546460 0.410614 0.533528 0.379619
0.463200 0.379782 0.498345 0.378103 0.479497 0.347533
0.498345 0.378103 0.517564 0.347452 0.479497 0.347533
0.498345 0.378103 0.533528 0.379619 0.517564 0.347452
0.479497 0.347533 0.517564 0.347452 0.498703 0.314046
0.440243 0.440884 0.460348 0.461043 0.469364 0.434799
0.460348 0.461043 0.485508 0.456256 0.469364 0.434799
0.460348 0.461043 0.477322 0.478029 0.485508 0.456256
0.469364 0.434799 0.485508 0.456256 0.498010 0.432647
0.477322 0.478029 0.497838 0.475009 0.485508 0.456256
0.497838 0.475009 0.510353 0.456136 0.485508 0.456256
0.497838 0.475009 0.518445 0.477736 0.510353 0.456136
0.485508 0.456256 0.510353 0.456136 0.498010 0.432647
0.477322 0.478029 0.490439 0.491071 0.497838 0.475009
0.490439 0.491071 0.505137 0.490934 0.497838 0.475009
0.490439 0.491071 0.497739 0.498268 0.505137 0.490934
0.497838 0.475009 0.505137 0.490934 0.518445 0.477736
0.498010 0.432647 0.510353 0.456136 0.526761 0.434596
0.510353 0.456136 0.535668 0.460691 0.526761 0.434596
0.510353 0.456136 0.518445 0.477736 0.535668 0.460691
0.526761 0.434596 0.535668 0.460691 0.556082 0.440494
0.498703 0.314046 0.517564 0.347452 0.539607 0.315274
0.517564 0.347452 0.555751 0.350261 0.539607 0.315274
0.517564 0.347452 0.533528 0.379619 0.555751 0.350261
0.539607 0.315274 0.555751 0.350261 0.580633 0.319076
0.533528 0.379619 0.569028 0.384341 0.555751 0.350261
0.569028 0.384341 0.594216 0.355923 0.555751 0.350261
0.569028 0.384341 0.604995 0.392122 0.594216 0.355923
0.555751 0.350261 0.594216 0.355923 0.580633 0.319076
0.533528 0.379619 0.546460 0.410614 0.569028 0.384341
0.546460 0.410614 0.579283 0.417575 0.569028 0.384341
0.546460 0.410614 0.556082 0.440494 0.579283 0.417575
0.569028 0.384341 0.579283 0.417575 0.604995 0.392122
0.580633 0.319076 0.594216 0.355923 0.621882 0.325457
0.594216 0.355923 0.633056 0.364362 0.621882 0.325457
0.594216 0.355923 0.604995 0.392122 0.633056 0.364362
0.621882 0.325457 0.633056 0.364362 0.663398 0.334347
0.500000 0.000000 0.529721 0.041966 0.562500 0.000000
0.529721 0.041966 0.589482 0.042323 0.562500 0.000000
0.529721 0.041966 0.556719 0.083924 0.589482 0.042323
0.562500 0.000000 0.589482 0.042323 0.625000 0.000000
0.556719 0.083924 0.613735 0.085005 0.589482 0.042323
0.613735 0.085005 0.649212 0.043063 0.589482 0.042323
0.613735 0.085005 0.670674 0.086853 0.649212 0.043063
0.589482 0.042323 0.649212 0.043063 0.625000 0.000000
0.556719 0.083924 0.581024 0.125878 0.613735 0.085005
0.581024 0.125878 0.635293 0.128021 0.613735 0.085005
0.581024 0.125878 0.602656 0.167796 0.635293 0.128021
0.613735 0.085005 0.635293 0.128021 0.670674 0.086853
0.625000 0.000000 0.649212 0.043063 0.687500 0.000000
0.649212 0.043063 0.708884 0.044210 0.687500 0.000000
0.649212 0.043063 0.670674 0.086853 0.708884 0.044210
0.687500 0.000000 0.708884 0.044210 0.750000 0.000000
0.602656 0.167796 0.654207 0.171325 0.635293 0.128021
0.654207 0.171325 0.689440 0.131327 0.635293 0.128021
0.654207 0.171325 0.705620 0.176369 0.689440 0.131327
0.635293 0.128021 0.689440 0.131327 0.670674 0.086853
0.705620 0.176369 0.743381 0.135883 0.689440 0.131327
0.743381 0.135883 0.727474 0.089541 0.689440 0.131327
0.743381 0.135883 0.784033 0.093162 0.727474 0.089541
0.689440 0.131327 0.727474 0.089541 0.670674 0.086853
0.705620 0.176369 0.756789 0.183062 0.743381 0.135883
0.756789 0.183062 0.796964 0.141848 0.743381 0.135883
0.756789 0.183062 0.807550 0.191555 0.796964 0.141848
0.743381 0.135883 0.796964 0.141848 0.784033 0.093162
0.670674 0.086853 0.727474 0.089541 0.708884 0.044210
0.727474 0.089541 0.768450 0.045812 0.708884 0.044210
0.727474 0.089541 0.784033 0.093162 0.768450 0.045812
0.708884 0.044210 0.768450 0.045812 0.750000 0.000000
0.602656 0.167796 0.621651 0.209661 0.654207 0.171325
0.621651 0.209661 0.670558 0.214841 0.654207 0.171325
0.621651 0.209661 0.638067 0.251402 0.670558 0.214841
0.654207 0.171325 0.670558 0.214841 0.705620 0.176369
0.638067 0.251402 0.684446 0.258479 0.670558 0.214841
0.684446 0.258479 0.719349 0.221876 0.670558 0.214841
0.684446 0.258479 0.730781 0.267670 0.719349 0.221876
0.670558 0.214841 0.719349 0.221876 0.705620 0.176369
0.638067 0.251402 0.651970 0.292987 0.684446 0.258479
0.651970 0.292987 0.695959 0.302152 0.684446 0.258479
0.651970 0.292987 0.663398 0.334347 0.695959 0.302152
0.684446 0.258479 0.695959 0.302152 0.730781 0.267670
0.705620 0.176369 0.719349 0.221876 0.756789 0.183062
0.719349 0.221876 0.767912 0.230877 0.756789 0.183062
0.719349 0.221876 0.730781 0.267670 0.767912 0.230877
0.756789 0.183062 0.767912 0.230877 0.807550 0.191555
0.750000 0.000000 0.768450 0.045812 0.812500 0.000000
0.768450 0.045812 0.827818 0.047962 0.812500 0.000000
0.768450 0.045812 0.784033 0.093162 0.827818 0.047962
0.812500 0.000000 0.827818 0.047962 0.875000 0.000000
0.784033 0.093162 0.840152 0.097930 0.827818 0.047962
0.840152 0.097930 0.886782 0.050867 0.827818 0.047962
0.840152 0.097930 0.895424 0.104243 0.886782 0.050867
0.827818 0.047962 0.886782 0.050867 0.875000 0.000000
0.784033 0.093162 0.796964 0.141848 0.840152 0.097930
0.796964 0.141848 0.849906 0.149502 0.840152 0.097930
0.796964 0.141848 0.807550 0.191555 0.849906 0.149502
0.840152 0.097930 0.849906 0.149502 0.895424 0.104243
0.875000 0.000000 0.886782 0.050867 0.937500 0.000000
0.886782 0.050867 0.944796 0.055084 0.937500 0.000000
0.886782 0.050867 0.895424 0.104243 0.944796 0.055084
0.937500 0.000000 0.944796 0.055084 1.000000 0.000000
1.000000 1.000000 0.944835 0.944811 0.937500 1.000000
0.944835 0.944811 0.886850 0.948968 0.937500 1.000000
0.944835 0.944811 0.895515 0.895445 0.886850 0.948968
0.937500 1.000000 0.886850 0.948968 0.875000 1.000000
0.895515 0.895445 0.840286 0.901663 0.886850 0.948968
0.840286 0.901663 0.827904 0.951824 0.886850 0.948968
0.840286 0.901663 0.784206 0.906351 0.827904 0.951824
0.886850 0.948968 0.827904 0.951824 0.875000 1.000000
0.895515 0.895445 0.850032 0.849897 0.840286 0.901663
0.850032 0.849897 0.797146 0.857430 0.840286 0.901663
0.850032 0.849897 0.807691 0.807479 0.797146 0.857430
0.840286 0.901663 0.797146 0.857430 0.784206 0.906351
0.875000 1.000000 0.827904 0.951824 0.812500 1.000000
0.827904 0.951824 0.768546 0.953930 0.812500 1.000000
0.827904 0.951824 0.784206 0.906351 0.768546 0.953930
0.812500 1.000000 0.768546 0.953930 0.750000 1.000000
0.807691 0.807479 0.757004 0.815849 0.797146 0.857430
0.757004 0.815849 0.743606 0.863293 0.797146 0.857430
0.757004 0.815849 0.705885 0.822435 0.743606 0.863293
0.797146 0.857430 0.743606 0.863293 0.784206 0.906351
0.705885 0.822435 0.689681 0.867765 0.743606 0.863293
0.689681 0.867765 0.727652 0.909896 0.743606 0.863293
0.689681 0.867765 0.670852 0.912524 0.727652 0.909896
0.743606 0.863293 0.727652 0.909896 0.784206 0.906351
0.705885 0.822435 0.654495 0.827406 0.689681 0.867765
0.654495 0.827406 0.635534 0.871011 0.689681 0.867765
0.654495 0.827406 0.602959 0.830889 0.635534 0.871011
0.689681 0.867765 0.635534 0.871011 0.670852 0.912524
0.784206 0.906351 0.727652 0.909896 0.768546 0.953930
0.727652 0.909896 0.708979 0.955496 0.768546 0.953930
0.727652 0.909896 0.670852 0.912524 0.708979 0.955496
0.768546 0.953930 0.708979 0.955496 0.750000 1.000000
0.807691 0.807479 0.768072 0.767775 0.757004 0.815849
0.768072 0.767775 0.719586 0.776649 0.757004 0.815849
0.768072 0.767775 0.730955 0.730566 0.719586 0.776649
0.757004 0.815849 0.719586 0.776649 0.705885 0.822435
0.730955 0.730566 0.684719 0.739653 0.719586 0.776649
0.684719 0.739653 0.670855 0.783589 0.719586 0.776649
0.684719 0.739653 0.638421 0.746652 0.670855 0.783589
0.719586 0.776649 0.670855 0.783589 0.705885 0.822435
0.730955 0.730566 0.696181 0.695691 0.684719 0.739653
0.696181 0.695691 0.652295 0.704768 0.684719 0.739653
0.696181 0.695691 0.663668 0.663099 0.652295 0.704768
0.684719 0.739653 0.652295 0.704768 0.638421 0.746652
0.705885 0.822435 0.670855 0.783589 0.654495 0.827406
0.670855 0.783589 0.621987 0.788710 0.654495 0.827406
0.670855 0.783589 0.638421 0.746652 0.621987 0.788710
0.654495 0.827406 0.621987 0.788710 0.602959 0.830889
0.750000 1.000000 0.708979 0.955496 0.687500 1.000000
0.708979 0.955496 0.649303 0.956618 0.687500 1.000000
0.708979 0.955496 0.670852 0.912524 0.649303 0.956618
0.687500 1.000000 0.649303 0.956618 0.625000 1.000000
0.670852 0.912524 0.613911 0.914341 0.649303 0.956618
0.613911 0.914341 0.589577 0.957347 0.649303 0.956618
0.613911 0.914341 0.556912 0.915415 0.589577 0.957347
0.649303 0.956618 0.589577 0.957347 0.625000 1.000000
0.670852 0.912524 0.635534 0.871011 0.613911 0.914341
0.635534 0.871011 0.581275 0.873134 0.613911 0.914341
0.635534 0.871011 0.602959 0.830889 0.581275 0.873134
0.613911 0.914341 0.581275 0.873134 0.556912 0.915415
0.625000 1.000000 0.589577 0.957347 0.562500 1.000000
0.589577 0.957347 0.529825 0.957707 0.562500 1.000000
0.589577 0.957347 0.556912 0.915415 0.529825 0.957707
0.562500 1.000000 0.529825 0.957707 0.500000 1.000000
0.663668 0.663099 0.622256 0.671971 0.652295 0.704768
0.622256 0.671971 0.608502 0.711580 0.652295 0.704768
0.622256 0.671971 0.581092 0.678357 0.608502 0.711580
0.652295 0.704768 0.608502 0.711580 0.638421 0.746652
0.581092 0.678357 0.564799 0.716141 0.608502 0.711580
0.564799 0.716141 0.592097 0.751630 0.608502 0.711580
0.564799 0.716141 0.545781 0.754622 0.592097 0.751630
0.608502 0.711580 0.592097 0.751630 0.638421 0.746652
0.581092 0.678357 0.540103 0.682241 0.564799 0.716141
0.540103 0.682241 0.521159 0.718458 0.564799 0.716141
0.540103 0.682241 0.499217 0.683590 0.521159 0.718458
0.564799 0.716141 0.521159 0.718458 0.545781 0.754622
0.638421 0.746652 0.592097 0.751630 0.621987 0.788710
0.592097 0.751630 0.573043 0.792101 0.621987 0.788710
0.592097 0.751630 0.545781 0.754622 0.573043 0.792101
0.621987 0.788710 0.573043 0.792101 0.602959 0.830889
0.499217 0.683590 0.477556 0.718522 0.521159 0.718458
0.477556 0.718522 0.499472 0.755656 0.521159 0.718458
0.477556 0.718522 0.453191 0.754718 0.499472 0.755656
0.521159 0.718458 0.499472 0.755656 0.545781 0.754622
0.453191 0.754718 0.475103 0.793838 0.499472 0.755656
0.475103 0.793838 0.524070 0.793804 0.499472 0.755656
0.475103 0.793838 0.499693 0.833665 0.524070 0.793804
0.499472 0.755656 0.524070 0.793804 0.545781 0.754622
0.453191 0.754718 0.426163 0.792199 0.475103 0.793838
0.426163 0.792199 0.448062 0.833008 0.475103 0.793838
0.426163 0.792199 0.396468 0.830974 0.448062 0.833008
0.475103 0.793838 0.448062 0.833008 0.499693 0.833665
0.545781 0.754622 0.524070 0.793804 0.573043 0.792101
0.524070 0.793804 0.551339 0.832962 0.573043 0.792101
0.524070 0.793804 0.499693 0.833665 0.551339 0.832962
0.573043 0.792101 0.551339 0.832962 0.602959 0.830889
0.499217 0.683590 0.458332 0.682397 0.477556 0.718522
0.458332 0.682397 0.433941 0.716332 0.477556 0.718522
0.458332 0.682397 0.417364 0.678671 0.433941 0.716332
0.477556 0.718522 0.433941 0.716332 0.453191 0.754718
0.417364 0.678671 0.390260 0.711891 0.433941 0.716332
0.390260 0.711891 0.406905 0.751818 0.433941 0.716332
0.390260 0.711891 0.360607 0.746926 0.406905 0.751818
0.433941 0.716332 0.406905 0.751818 0.453191 0.754718
0.417364 0.678671 0.376214 0.672437 0.390260 0.711891
0.376214 0.672437 0.346476 0.705198 0.390260 0.711891
0.376214 0.672437 0.334827 0.663719 0.346476 0.705198
0.390260 0.711891 0.346476 0.705198 0.360607 0.746926
0.453191 0.754718 0.406905 0.751818 0.426163 0.792199
0.406905 0.751818 0.377250 0.788874 0.426163 0.792199
0.406905 0.751818 0.360607 0.746926 0.377250 0.788874
0.426163 0.792199 0.377250 0.788874 0.396468 0.830974
0.602959 0.830889 0.551339 0.832962 0.581275 0.873134
0.551339 0.832962 0.526961 0.874193 0.581275 0.873134
0.551339 0.832962 0.499693 0.833665 0.526961 0.874193
0.581275 0.873134 0.526961 0.874193 0.556912 0.915415
0.499693 0.833665 0.472629 0.874208 0.526961 0.874193
0.472629 0.874208 0.499877 0.915777 0.526961 0.874193
0.472629 0.874208 0.442843 0.915433 0.499877 0.915777
0.526961 0.874193 0.499877 0.915777 0.556912 0.915415
0.499693 0.833665 0.448062 0.833008 0.472629 0.874208
0.448062 0.833008 0.418319 0.873179 0.472629 0.874208
0.448062 0.833008 0.396468 0.830974 0.418319 0.873179
0.472629 0.874208 0.418319 0.873179 0.442843 0.915433
0.556912 0.915415 0.499877 0.915777 0.529825 0.957707
0.499877 0.915777 0.470060 0.957712 0.529825 0.957707
0.499877 0.915777 0.442843 0.915433 0.470060 0.957712
0.529825 0.957707 0.470060 0.957712 0.500000 1.000000
0.663668 0.663099 0.633351 0.632803 0.622256 0.671971
0.633351 0.632803 0.594603 0.641264 0.622256 0.671971
0.633351 0.632803 0.605276 0.604818 0.594603 0.641264
0.622256 0.671971 0.594603 0.641264 0.581092 0.678357
0.605276 0.604818 0.569413 0.612669 0.594603 0.641264
0.569413 0.612669 0.556219 0.646987 0.594603 0.641264
0.569413 0.612669 0.534007 0.617468 0.556219 0.646987
0.594603 0.641264 0.556219 0.646987 0.581092 0.678357
0.605276 0.604818 0.579546 0.579227 0.569413 0.612669
0.579546 0.579227 0.546836 0.586259 0.569413 0.612669
0.579546 0.579227 0.556326 0.556165 0.546836 0.586259
0.569413 0.612669 0.546836 0.586259 0.534007 0.617468
0.581092 0.678357 0.556219 0.646987 0.540103 0.682241
0.556219 0.646987 0.518072 0.649904 0.540103 0.682241
0.556219 0.646987 0.534007 0.617468 0.518072 0.649904
0.540103 0.682241 0.518072 0.649904 0.499217 0.683590
0.556326 0.556165 0.527119 0.562164 0.546836 0.586259
0.527119 0.562164 0.514648 0.589870 0.546836 0.586259
0.527119 0.562164 0.498435 0.564266 0.514648 0.589870
0.546836 0.586259 0.514648 0.589870 0.534007 0.617468
0.498435 0.564266 0.482641 0.589962 0.514648 0.589870
0.482641 0.589962 0.498848 0.619139 0.514648 0.589870
0.482641 0.589962 0.463687 0.617648 0.498848 0.619139
0.514648 0.589870 0.498848 0.619139 0.534007 0.617468
0.498435 0.564266 0.469759 0.562369 0.482641 0.589962
0.469759 0.562369 0.450450 0.586548 0.482641 0.589962
0.469759 0.562369 0.440554 0.556569 0.450450 0.586548
0.482641 0.589962 0.450450 0.586548 0.463687 0.617648
0.534007 0.617468 0.498848 0.619139 0.518072 0.649904
0.498848 0.619139 0.480007 0.649993 0.518072 0.649904
0.498848 0.619139 0.463687 0.617648 0.480007 0.649993
0.518072 0.649904 0.480007 0.649993 0.499217 0.683590
0.556326 0.556165 0.535877 0.535868 0.527119 0.562164
0.535877 0.535868 0.510642 0.540568 0.527119 0.562164
0.535877 0.535868 0.518591 0.518735 0.510642 0.540568
0.527119 0.562164 0.510642 0.540568 0.498435 0.564266
0.518591 0.518735 0.498040 0.521697 0.510642 0.540568
0.498040 0.521697 0.485831 0.540686 0.510642 0.540568
0.498040 0.521697 0.477494 0.518996 0.485831 0.540686
0.510642 0.540568 0.485831 0.540686 0.498435 0.564266
0.518591 0.518735 0.505197 0.505539 0.498040 0.521697
0.505197 0.505539 0.490529 0.505682 0.498040 0.521697
0.505197 0.505539 0.497739 0.498268 0.490529 0.505682
0.498040 0.521697 0.490529 0.505682 0.477494 0.518996
0.498435 0.564266 0.485831 0.540686 0.469759 0.562369
0.485831 0.540686 0.460623 0.536197 0.469759 0.562369
0.485831 0.540686 0.477494 0.518996 0.460623 0.536197
0.469759 0.562369 0.460623 0.536197 0.440554 0.556569
0.499217 0.683590 0.480007 0.649993 0.458332 0.682397
0.480007 0.649993 0.441866 0.647247 0.458332 0.682397
0.480007 0.649993 0.463687 0.617648 0.441866 0.647247
0.458332 0.682397 0.441866 0.647247 0.417364 0.678671
0.463687 0.617648 0.428288 0.613046 0.441866 0.647247
0.428288 0.613046 0.403501 0.641710 0.441866 0.647247
0.428288 0.613046 0.392449 0.605410 0.403501 0.641710
0.441866 0.647247 0.403501 0.641710 0.417364 0.678671
0.463687 0.617648 0.450450 0.586548 0.428288 0.613046
0.450450 0.586548 0.417764 0.579722 0.428288 0.613046
0.450450 0.586548 0.440554 0.556569 0.417764 0.579722
0.428288 0.613046 0.417764 0.579722 0.392449 0.605410
0.417364 0.678671 0.403501 0.641710 0.376214 0.672437
0.403501 0.641710 0.364797 0.633432 0.376214 0.672437
0.403501 0.641710 0.392449 0.605410 0.364797 0.633432
0.376214 0.672437 0.364797 0.633432 0.334827 0.663719
0.500000 1.000000 0.470060 0.957712 0.437500 1.000000
0.470060 0.957712 0.410304 0.957358 0.437500 1.000000
0.470060 0.957712 0.442843 0.915433 0.410304 0.957358
0.437500 1.000000 0.410304 0.957358 0.375000 1.000000
0.442843 0.915433 0.385840 0.914373 0.410304 0.957358
0.385840 0.914373 0.350582 0.956633 0.410304 0.957358
0.385840 0.914373 0.328922 0.912558 0.350582 0.956633
0.410304 0.957358 0.350582 0.956633 0.375000 1.000000
0.442843 0.915433 0.418319 0.873179 0.385840 0.914373
0.418319 0.873179 0.364076 0.871075 0.385840 0.914373
0.418319 0.873179 0.396468 0.830974 0.364076 0.871075
0.385840 0.914373 0.364076 0.871075 0.328922 0.912558
0.375000 1.000000 0.350582 0.956633 0.312500 1.000000
0.350582 0.956633 0.290922 0.955508 0.312500 1.000000
0.350582 0.956633 0.328922 0.912558 0.290922 0.955508
0.312500 1.000000 0.290922 0.955508 0.250000 1.000000
0.396468 0.830974 0.344959 0.827525 0.364076 0.871075
0.344959 0.827525 0.309966 0.867837 0.364076 0.871075
0.344959 0.827525 0.293603 0.822579 0.309966 0.867837
0.364076 0.871075 0.309966 0.867837 0.328922 0.912558
0.293603 0.822579 0.256075 0.863370 0.309966 0.867837
0.256075 0.863370 0.272151 0.909927 0.309966 0.867837
0.256075 0.863370 0.215631 0.906371 0.272151 0.909927
0.309966 0.867837 0.272151 0.909927 0.328922 0.912558
0.293603 0.822579 0.242507 0.816022 0.256075 0.863370
0.242507 0.816022 0.202557 0.857516 0.256075 0.863370
0.242507 0.816022 0.191838 0.807676 0.202557 0.857516
0.256075 0.863370 0.202557 0.857516 0.215631 0.906371
0.328922 0.912558 0.272151 0.909927 0.290922 0.955508
0.272151 0.909927 0.231374 0.953938 0.290922 0.955508
0.272151 0.909927 0.215631 0.906371 0.231374 0.953938
0.290922 0.955508 0.231374 0.953938 0.250000 1.000000
0.396468 0.830974 0.377250 0.788874 0.344959 0.827525
0.377250 0.788874 0.328405 0.783805 0.344959 0.827525
0.377250 0.788874 0.360607 0.746926 0.328405 0.783805
0.344959 0.827525 0.328405 0.783805 0.293603 0.822579
0.360607 0.746926 0.314314 0.740010 0.328405 0.783805
0.314314 0.740010 0.279693 0.776918 0.328405 0.783805
0.314314 0.740010 0.268086 0.730996 0.279693 0.776918
0.328405 0.783805 0.279693 0.776918 0.293603 0.822579
0.360607 0.746926 0.346476 0.705198 0.314314 0.740010
0.346476 0.705198 0.302604 0.696221 0.314314 0.740010
0.346476 0.705198 0.334827 0.663719 0.302604 0.696221
0.314314 0.740010 0.302604 0.696221 0.268086 0.730996
0.293603 0.822579 0.279693 0.776918 0.242507 0.816022
0.279693 0.776918 0.231231 0.768083 0.242507 0.816022
0.279693 0.776918 0.268086 0.730996 0.231231 0.768083
0.242507 0.816022 0.231231 0.768083 0.191838 0.807676
0.250000 1.000000 0.231374 0.953938 0.187500 1.000000
0.231374 0.953938 0.172029 0.951826 0.187500 1.000000
0.231374 0.953938 0.215631 0.906371 0.172029 0.951826
0.187500 1.000000 0.172029 0.951826 0.125000 1.000000
0.215631 0.906371 0.159563 0.901689 0.172029 0.951826
0.159563 0.901689 0.113096 0.948968 0.172029 0.951826
0.159563 0.901689 0.104357 0.895473 0.113096 0.948968
0.172029 0.951826 0.113096 0.948968 0.125000 1.000000
0.215631 0.906371 0.202557 0.857516 0.159563 0.901689
0.202557 0.857516 0.149696 0.849989 0.159563 0.901689
0.202557 0.857516 0.191838 0.807676 0.149696 0.849989
0.159563 0.901689 0.149696 0.849989 0.104357 0.895473
0.125000 1.000000 0.113096 0.948968 0.062500 1.000000
0.113096 0.948968 0.055126 0.944814 0.062500 1.000000
0.113096 0.948968 0.104357 0.895473 0.055126 0.944814
0.062500 1.000000 0.055126 0.944814 0.000000 1.000000
