View "E " {
ST (0.905320,0.905320,0,0.848393,0.984391,0,0.785349,0.895241,0) {2.289198,22.948774,0.019888};
ST (0.905320,0.905320,0,0.895139,0.785253,0,0.984391,0.848393,0) {2.289215,741.239349,0.000100};
ST (0.839027,0.839027,0,0.905320,0.905320,0,0.785349,0.895241,0) {1.757506,36.682220,0.340852};
ST (0.839027,0.839027,0,0.895139,0.785253,0,0.905320,0.905320,0) {1.757506,7.316335,0.394320};
ST (0.994522,0.104528,0,1.094037,0.198761,0,0.978148,0.207912,0) {0.714186,24.487495,0.000100};
ST (0.207912,0.978148,0,0.198710,1.093919,0,0.104528,0.994522,0) {0.714283,181.418197,0.000100};
ST (0.913545,0.406737,0,0.983743,0.512947,0,0.866025,0.500000,0) {0.714213,7.099903,0.229968};
ST (0.500000,0.866025,0,0.512957,0.983753,0,0.406737,0.913545,0) {0.714236,242.352733,0.086466};
ST (0.809017,0.587785,0,0.852088,0.687852,0,0.743145,0.669131,0) {0.714212,29.868771,0.000100};
ST (0.669131,0.743145,0,0.688776,0.853016,0,0.587785,0.809017,0) {0.714198,13.721291,0.000100};
ST (0.913545,0.406737,0,0.997316,0.421290,0,0.983743,0.512947,0) {0.714185,24.255366,0.354469};
ST (0.406737,0.913545,0,0.512957,0.983753,0,0.421288,0.997308,0) {0.714277,10.902988,0.375326};
ST (1.322513,0.407941,0,1.288329,0.505632,0,1.205312,0.421615,0) {2.843022,21.891960,0.000100};
ST (0.505632,1.288329,0,0.407941,1.322513,0,0.421488,1.205043,0) {2.843049,147.869742,0.000100};
ST (0.809017,0.587785,0,0.914416,0.598468,0,0.852088,0.687852,0) {0.714200,75.700598,0.000100};
ST (0.587785,0.809017,0,0.688776,0.853016,0,0.598570,0.914519,0) {0.714245,24.048210,0.000100};
ST (0.743145,0.669131,0,0.852088,0.687852,0,0.777336,0.777372,0) {0.714173,6.177578,0.057841};
ST (0.669131,0.743145,0,0.777336,0.777372,0,0.688776,0.853016,0) {0.714202,29.203667,0.049885};
ST (1.246941,0.600495,0,1.198579,0.692000,0,1.130961,0.595377,0) {2.842997,62.250635,0.000100};
ST (0.692000,1.198579,0,0.600495,1.246941,0,0.595273,1.130948,0) {2.843048,25.469412,0.000100};
ST (1.098070,0.479124,0,0.983743,0.512947,0,0.997316,0.421290,0) {1.823533,6.703031,0.441353};
ST (0.479124,1.098070,0,0.421288,0.997308,0,0.512957,0.983753,0) {1.823601,467.479785,0.404734};
ST (1.098070,0.479124,0,0.997316,0.421290,0,1.056987,0.372376,0) {1.823568,21.404480,0.000100};
ST (0.479124,1.098070,0,0.372349,1.056922,0,0.421288,0.997308,0) {1.823586,1587.261545,0.000100};
ST (0.994522,0.104528,0,1.100553,0.091395,0,1.094037,0.198761,0) {0.714141,63.508891,0.000100};
ST (0.104528,0.994522,0,0.198710,1.093919,0,0.091357,1.100466,0) {0.714271,12.551153,0.000100};
ST (0.000000,1.384000,0,0.088705,1.284520,0,0.103426,1.380130,0) {2.843100,150.189098,0.000100};
ST (1.384000,0.000000,0,1.380130,0.103426,0,1.284594,0.088737,0) {2.843181,13.184442,0.000100};
ST (0.951057,0.309017,0,1.056987,0.372376,0,0.997316,0.421290,0) {0.714320,43.035034,0.338561};
ST (0.309017,0.951057,0,0.421288,0.997308,0,0.372349,1.056922,0) {0.714294,20.959472,0.293987};
ST (0.307969,1.349300,0,0.206274,1.368542,0,0.187961,1.299225,0) {2.843098,20.855748,0.069576};
ST (1.368542,0.206274,0,1.349300,0.307969,0,1.299195,0.188086,0) {2.842997,17.559943,0.025694};
ST (0.000000,1.000000,0,0.104528,0.994522,0,0.091357,1.100466,0) {0.714268,84.927551,0.313210};
ST (1.000000,0.000000,0,1.100553,0.091395,0,0.994522,0.104528,0) {0.714080,19.960165,0.359205};
ST (1.023882,0.625971,0,0.914416,0.598468,0,0.983743,0.512947,0) {1.835372,31.756153,0.008231};
ST (0.625971,1.023882,0,0.512957,0.983753,0,0.598570,0.914519,0) {1.835223,23.605359,0.000547};
ST (0.866025,0.500000,0,0.983743,0.512947,0,0.914416,0.598468,0) {0.714171,62.227479,0.336445};
ST (0.500000,0.866025,0,0.598570,0.914519,0,0.512957,0.983753,0) {0.714230,20.852519,0.288784};
ST (0.307969,1.349300,0,0.187961,1.299225,0,0.258140,1.242706,0) {2.843102,41.695228,0.000100};
ST (1.349300,0.307969,0,1.241699,0.258954,0,1.299195,0.188086,0) {2.842977,14.258646,0.000100};
ST (1.288329,0.505632,0,1.193424,0.521605,0,1.205312,0.421615,0) {2.842976,55.093040,0.293828};
ST (0.505632,1.288329,0,0.421488,1.205043,0,0.520516,1.193287,0) {2.843039,20.737130,0.336636};
ST (0.406737,0.913545,0,0.421288,0.997308,0,0.309017,0.951057,0) {0.714274,75.443267,0.000100};
ST (0.951057,0.309017,0,0.997316,0.421290,0,0.913545,0.406737,0) {0.714245,12.311592,0.000100};
ST (1.246941,0.600495,0,1.130961,0.595377,0,1.193424,0.521605,0) {2.842968,258.682755,0.000100};
ST (0.600495,1.246941,0,0.520516,1.193287,0,0.595273,1.130948,0) {2.843024,22.161189,0.000100};
ST (0.000000,1.000000,0,0.091357,1.100466,0,0.000000,1.128000,0) {0.714265,36.871690,0.000100};
ST (1.000000,0.000000,0,1.128000,0.000000,0,1.100553,0.091395,0) {0.714282,17.541421,0.000100};
ST (0.000000,1.384000,0,0.000000,1.256000,0,0.088705,1.284520,0) {2.843097,41.805860,0.392367};
ST (1.384000,0.000000,0,1.284594,0.088737,0,1.256000,0.000000,0) {2.843058,8.192706,0.345429};
ST (1.150731,0.312252,0,1.056987,0.372376,0,1.045653,0.280041,0) {1.790646,51.669364,0.000100};
ST (0.312003,1.150150,0,0.279997,1.045551,0,0.372349,1.056922,0) {1.787185,14.774133,0.000100};
ST (1.203160,0.160686,0,1.094037,0.198761,0,1.100553,0.091395,0) {1.914249,63.675653,0.000100};
ST (0.160402,1.202495,0,0.091357,1.100466,0,0.198710,1.093919,0) {1.910245,13.323619,0.030393};
ST (1.023882,0.625971,0,1.130961,0.595377,0,1.113232,0.682006,0) {1.835259,22.274130,0.000100};
ST (0.625971,1.023882,0,0.681992,1.113230,0,0.595273,1.130948,0) {1.835224,22.211195,0.000100};
ST (0.852088,0.687852,0,0.895139,0.785253,0,0.777336,0.777372,0) {1.230660,62.451505,0.333733};
ST (0.777336,0.777372,0,0.785349,0.895241,0,0.688776,0.853016,0) {1.254975,7.292458,0.369523};
ST (1.150731,0.312252,0,1.256089,0.343584,0,1.205312,0.421615,0) {1.790653,96.904457,0.349295};
ST (0.312003,1.150150,0,0.421488,1.205043,0,0.343425,1.256110,0) {1.787188,18.289681,0.628682};
ST (0.978942,0.771232,0,0.984391,0.848393,0,0.895139,0.785253,0) {2.098502,39.866986,0.288005};
ST (0.771232,0.978942,0,0.785349,0.895241,0,0.848393,0.984391,0) {2.098545,21.072303,0.334887};
ST (1.098070,0.479124,0,1.205312,0.421615,0,1.193424,0.521605,0) {1.823577,314.888661,0.000100};
ST (0.479124,1.098070,0,0.520516,1.193287,0,0.421488,1.205043,0) {1.823570,21.074700,0.000100};
ST (1.098070,0.479124,0,1.059870,0.551938,0,0.983743,0.512947,0) {1.823620,1.805878,1.312619};
ST (0.479124,1.098070,0,0.512957,0.983753,0,0.551922,1.059869,0) {1.823604,1.312759,1.805856};
ST (1.098070,0.479124,0,1.193424,0.521605,0,1.130961,0.595377,0) {1.823556,2.410895,2.276926};
ST (0.479124,1.098070,0,0.595273,1.130948,0,0.520516,1.193287,0) {1.823587,2.276621,2.407859};
ST (1.150731,0.312252,0,1.045653,0.280041,0,1.094037,0.198761,0) {1.790677,1.159393,1.327084};
ST (0.312003,1.150150,0,0.198710,1.093919,0,0.279997,1.045551,0) {1.787160,1.326305,1.158840};
ST (1.380130,0.103426,0,1.368542,0.206274,0,1.299195,0.188086,0) {2.842666,2.843136,2.466969};
ST (0.206274,1.368542,0,0.103426,1.380130,0,0.187961,1.299225,0) {2.843097,2.843101,2.467129};
ST (1.023882,0.625971,0,0.983743,0.512947,0,1.059870,0.551938,0) {1.835330,1.312698,1.805864};
ST (0.625971,1.023882,0,0.551922,1.059869,0,0.512957,0.983753,0) {1.835231,1.805863,1.312761};
ST (0.951057,0.309017,0,1.045653,0.280041,0,1.056987,0.372376,0) {0.714322,1.159375,1.377104};
ST (0.309017,0.951057,0,0.372349,1.056922,0,0.279997,1.045551,0) {0.714282,1.376690,1.158850};
ST (1.098070,0.479124,0,1.056987,0.372376,0,1.126900,0.399588,0) {1.823561,1.377091,1.809742};
ST (0.479124,1.098070,0,0.399521,1.126747,0,0.372349,1.056922,0) {1.823610,1.808849,1.376662};
ST (1.150731,0.312252,0,1.126900,0.399588,0,1.056987,0.372376,0) {1.790600,1.809751,1.377076};
ST (0.312003,1.150150,0,0.372349,1.056922,0,0.399521,1.126747,0) {1.787186,1.376661,1.808850};
ST (0.839027,0.839027,0,0.777336,0.777372,0,0.895139,0.785253,0) {1.757479,1.254967,1.781618};
ST (0.839027,0.839027,0,0.785349,0.895241,0,0.777336,0.777372,0) {1.757476,1.782437,1.254976};
ST (0.978148,0.207912,0,1.094037,0.198761,0,1.045653,0.280041,0) {0.714180,1.327060,1.159361};
ST (0.207912,0.978148,0,0.279997,1.045551,0,0.198710,1.093919,0) {0.714283,1.158845,1.326313};
ST (1.150731,0.312252,0,1.241699,0.258954,0,1.256089,0.343584,0) {1.790714,2.222768,2.409755};
ST (0.258140,1.242706,0,0.312003,1.150150,0,0.343425,1.256110,0) {2.227629,1.787176,2.409736};
ST (1.023882,0.625971,0,1.113232,0.682006,0,1.048022,0.724336,0) {1.835242,2.427853,2.253938};
ST (0.625971,1.023882,0,0.724336,1.048022,0,0.681992,1.113230,0) {1.835233,2.253958,2.427832};
ST (1.380130,0.103426,0,1.299195,0.188086,0,1.284594,0.088737,0) {2.842784,2.466923,2.329526};
ST (0.103426,1.380130,0,0.088705,1.284520,0,0.187961,1.299225,0) {2.843094,2.329395,2.467132};
ST (0.852088,0.687852,0,0.914416,0.598468,0,0.950279,0.695604,0) {1.230680,1.218006,1.706118};
ST (0.688776,0.853016,0,0.695718,0.950394,0,0.598570,0.914519,0) {1.238094,1.707042,1.218874};
ST (0.866025,0.500000,0,0.914416,0.598468,0,0.809017,0.587785,0) {0.714099,1.218031,0.714211};
ST (0.587785,0.809017,0,0.598570,0.914519,0,0.500000,0.866025,0) {0.714245,1.218876,0.714227};
ST (1.150731,0.312252,0,1.205312,0.421615,0,1.126900,0.399588,0) {1.790666,2.270221,1.809814};
ST (0.312003,1.150150,0,0.399521,1.126747,0,0.421488,1.205043,0) {1.787187,1.808845,2.268781};
ST (1.198579,0.692000,0,1.113232,0.682006,0,1.130961,0.595377,0) {2.842963,2.427878,2.276916};
ST (0.692000,1.198579,0,0.595273,1.130948,0,0.681992,1.113230,0) {2.843041,2.276636,2.427829};
ST (1.014544,0.941359,0,0.941359,1.014544,0,0.905320,0.905320,0) {2.843041,2.843076,2.289194};
ST (1.023882,0.625971,0,1.059870,0.551938,0,1.130961,0.595377,0) {1.835259,1.805935,2.276890};
ST (0.625971,1.023882,0,0.595273,1.130948,0,0.551922,1.059869,0) {1.835237,2.276616,1.805860};
ST (1.098070,0.479124,0,1.126900,0.399588,0,1.205312,0.421615,0) {1.823624,1.809822,2.270180};
ST (0.479124,1.098070,0,0.421488,1.205043,0,0.399521,1.126747,0) {1.823594,2.268782,1.808844};
ST (0.743145,0.669131,0,0.777336,0.777372,0,0.669131,0.743145,0) {0.714179,1.255015,0.714195};
ST (1.322513,0.407941,0,1.205312,0.421615,0,1.256089,0.343584,0) {2.843040,2.270283,2.409764};
ST (0.407941,1.322513,0,0.343425,1.256110,0,0.421488,1.205043,0) {2.843079,2.409747,2.268784};
ST (1.098070,0.479124,0,1.130961,0.595377,0,1.059870,0.551938,0) {1.823612,2.276897,1.805925};
ST (0.479124,1.098070,0,0.551922,1.059869,0,0.595273,1.130948,0) {1.823588,1.805862,2.276612};
ST (1.150731,0.312252,0,1.094037,0.198761,0,1.172987,0.231821,0) {1.790620,1.327127,1.809604};
ST (0.312003,1.150150,0,0.231588,1.172927,0,0.198710,1.093919,0) {1.787183,1.809350,1.326297};
ST (0.978942,0.771232,0,0.950279,0.695604,0,1.048022,0.724336,0) {2.098528,1.706139,2.253953};
ST (0.771232,0.978942,0,0.724336,1.048022,0,0.695718,0.950394,0) {2.098536,2.253973,1.707028};
ST (1.023882,0.625971,0,1.048022,0.724336,0,0.950279,0.695604,0) {1.835299,2.253899,1.706155};
ST (0.625971,1.023882,0,0.695718,0.950394,0,0.724336,1.048022,0) {1.835236,1.707035,2.253971};
ST (1.203160,0.160686,0,1.100553,0.091395,0,1.195331,0.068264,0) {1.914352,1.283309,1.819271};
ST (0.160402,1.202495,0,0.068217,1.195221,0,0.091357,1.100466,0) {1.910232,1.818530,1.283009};
ST (0.978148,0.207912,0,1.045653,0.280041,0,0.951057,0.309017,0) {0.714214,1.159358,0.714332};
ST (0.309017,0.951057,0,0.279997,1.045551,0,0.207912,0.978148,0) {0.714257,1.158855,0.714304};
ST (1.203160,0.160686,0,1.172987,0.231821,0,1.094037,0.198761,0) {1.914334,1.809629,1.327016};
ST (0.160402,1.202495,0,0.198710,1.093919,0,0.231588,1.172927,0) {1.910248,1.326294,1.809349};
ST (1.023882,0.625971,0,0.950279,0.695604,0,0.914416,0.598468,0) {1.835306,1.706117,1.217947};
ST (0.625971,1.023882,0,0.598570,0.914519,0,0.695718,0.950394,0) {1.835237,1.218870,1.707040};
ST (0.307969,1.349300,0,0.258140,1.242706,0,0.343425,1.256110,0) {2.843096,2.227638,2.409737};
ST (1.349300,0.307969,0,1.256089,0.343584,0,1.241699,0.258954,0) {2.843067,2.409772,2.222821};
ST (1.288329,0.505632,0,1.246941,0.600495,0,1.193424,0.521605,0) {2.842935,2.843001,2.410930};
ST (0.600495,1.246941,0,0.505632,1.288329,0,0.520516,1.193287,0) {2.843002,2.843057,2.407869};
ST (0.941359,1.014544,0,0.862910,1.082055,0,0.848393,0.984391,0) {2.843064,2.843065,2.395138};
ST (1.082055,0.862910,0,1.014544,0.941359,0,0.984391,0.848393,0) {2.843077,2.843044,2.395088};
ST (1.143514,0.779635,0,1.082055,0.862910,0,1.045223,0.797736,0) {2.843097,2.843079,2.478593};
ST (0.862910,1.082055,0,0.779635,1.143514,0,0.797736,1.045223,0) {2.843060,2.843104,2.478529};
ST (0.779635,1.143514,0,0.692000,1.198579,0,0.681992,1.113230,0) {2.843066,2.843052,2.427837};
ST (1.198579,0.692000,0,1.143514,0.779635,0,1.113232,0.682006,0) {2.842931,2.843130,2.427882};
ST (0.407941,1.322513,0,0.307969,1.349300,0,0.343425,1.256110,0) {2.843068,2.843107,2.409741};
ST (1.349300,0.307969,0,1.322513,0.407941,0,1.256089,0.343584,0) {2.843081,2.843040,2.409798};
ST (1.143514,0.779635,0,1.045223,0.797736,0,1.048022,0.724336,0) {2.843114,2.478607,2.253948};
ST (0.779635,1.143514,0,0.724336,1.048022,0,0.797736,1.045223,0) {2.843086,2.253970,2.478536};
ST (1.143514,0.779635,0,1.048022,0.724336,0,1.113232,0.682006,0) {2.843094,2.253967,2.427875};
ST (0.779635,1.143514,0,0.681992,1.113230,0,0.724336,1.048022,0) {2.843082,2.427834,2.253968};
ST (1.014544,0.941359,0,0.905320,0.905320,0,0.984391,0.848393,0) {2.843041,2.289208,2.395089};
ST (0.941359,1.014544,0,0.848393,0.984391,0,0.905320,0.905320,0) {2.843067,2.395150,2.289187};
ST (1.150731,0.312252,0,1.172987,0.231821,0,1.241699,0.258954,0) {1.790713,1.809848,2.222756};
ST (0.258140,1.242706,0,0.231588,1.172927,0,0.312003,1.150150,0) {2.227623,1.809350,1.787196};
ST (0.771232,0.978942,0,0.695718,0.950394,0,0.785349,0.895241,0) {2.098534,1.707038,1.782434};
ST (0.978942,0.771232,0,0.895139,0.785253,0,0.950279,0.695604,0) {2.098548,1.781587,1.706133};
ST (0.688776,0.853016,0,0.785349,0.895241,0,0.695718,0.950394,0) {1.238085,1.782433,1.707044};
ST (0.852088,0.687852,0,0.950279,0.695604,0,0.895139,0.785253,0) {1.230669,1.706143,1.781597};
ST (1.128000,0.000000,0,1.256000,0.000000,0,1.195331,0.068264,0) {1.419163,2.153424,1.819346};
ST (0.000000,1.256000,0,0.000000,1.128000,0,0.068217,1.195221,0) {2.153486,1.419279,1.818528};
ST (0.258140,1.242706,0,0.160402,1.202495,0,0.231588,1.172927,0) {2.227623,1.910235,1.809353};
ST (1.203160,0.160686,0,1.241699,0.258954,0,1.172987,0.231821,0) {1.914240,2.222735,1.809792};
ST (0.258140,1.242706,0,0.187961,1.299225,0,0.160402,1.202495,0) {2.227621,2.467129,1.910249};
ST (1.203160,0.160686,0,1.299195,0.188086,0,1.241699,0.258954,0) {1.914174,2.466961,2.222817};
ST (0.978942,0.771232,0,1.048022,0.724336,0,1.045223,0.797736,0) {2.098504,2.253984,2.478633};
ST (0.771232,0.978942,0,0.797736,1.045223,0,0.724336,1.048022,0) {2.098548,2.478539,2.253976};
ST (1.082055,0.862910,0,0.984391,0.848393,0,1.045223,0.797736,0) {2.843077,2.395103,2.478602};
ST (0.862910,1.082055,0,0.797736,1.045223,0,0.848393,0.984391,0) {2.843061,2.478536,2.395125};
ST (1.128000,0.000000,0,1.195331,0.068264,0,1.100553,0.091395,0) {1.419050,1.819320,1.283134};
ST (0.000000,1.128000,0,0.091357,1.100466,0,0.068217,1.195221,0) {1.419289,1.282995,1.818529};
ST (1.203160,0.160686,0,1.284594,0.088737,0,1.299195,0.188086,0) {1.914241,2.329493,2.466994};
ST (0.160402,1.202495,0,0.187961,1.299225,0,0.088705,1.284520,0) {1.910239,2.467128,2.329406};
ST (0.978942,0.771232,0,1.045223,0.797736,0,0.984391,0.848393,0) {2.098513,2.478606,2.395078};
ST (0.771232,0.978942,0,0.848393,0.984391,0,0.797736,1.045223,0) {2.098550,2.395121,2.478535};
ST (0.160402,1.202495,0,0.088705,1.284520,0,0.068217,1.195221,0) {1.910237,2.329408,1.818527};
ST (1.203160,0.160686,0,1.195331,0.068264,0,1.284594,0.088737,0) {1.914301,1.819452,2.329534};
ST (0.000000,1.256000,0,0.068217,1.195221,0,0.088705,1.284520,0) {2.153491,1.818525,2.329396};
ST (1.256000,0.000000,0,1.284594,0.088737,0,1.195331,0.068264,0) {2.153475,2.329624,1.819454};
};