View "E " {
ST (0.905320,0.905320,0,0.848393,0.984391,0,0.785349,0.895241,0) {6.843852,7.494130,6.689717};
ST (0.905320,0.905320,0,0.895139,0.785253,0,0.984391,0.848393,0) {6.865908,6.755595,6.898194};
ST (0.839027,0.839027,0,0.905320,0.905320,0,0.785349,0.895241,0) {6.844507,6.801221,6.708352};
ST (0.839027,0.839027,0,0.895139,0.785253,0,0.905320,0.905320,0) {6.837987,6.744270,6.794849};
ST (0.994522,0.104528,0,1.094037,0.198761,0,0.978148,0.207912,0) {4.180377,5.724607,2.868325};
ST (0.207912,0.978148,0,0.198710,1.093919,0,0.104528,0.994522,0) {4.386139,6.022231,4.641183};
ST (0.913545,0.406737,0,0.983743,0.512947,0,0.866025,0.500000,0) {3.082060,5.186678,4.138585};
ST (0.500000,0.866025,0,0.512957,0.983753,0,0.406737,0.913545,0) {3.790222,6.288905,3.474320};
ST (0.809017,0.587785,0,0.852088,0.687852,0,0.743145,0.669131,0) {4.143842,5.077781,4.186743};
ST (0.669131,0.743145,0,0.688776,0.853016,0,0.587785,0.809017,0) {4.576251,5.672274,4.219186};
ST (0.913545,0.406737,0,0.997316,0.421290,0,0.983743,0.512947,0) {2.969666,4.501634,5.227126};
ST (0.406737,0.913545,0,0.512957,0.983753,0,0.421288,0.997308,0) {3.645685,6.285259,5.754053};
ST (1.322513,0.407941,0,1.288329,0.505632,0,1.205312,0.421615,0) {8.830015,7.454265,7.427236};
ST (0.505632,1.288329,0,0.407941,1.322513,0,0.421488,1.205043,0) {7.924673,8.132290,7.739434};
ST (0.809017,0.587785,0,0.914416,0.598468,0,0.852088,0.687852,0) {4.360738,5.142227,5.187159};
ST (0.587785,0.809017,0,0.688776,0.853016,0,0.598570,0.914519,0) {4.498485,5.776045,5.858071};
ST (0.743145,0.669131,0,0.852088,0.687852,0,0.777336,0.777372,0) {4.568909,5.343362,5.813449};
ST (0.669131,0.743145,0,0.777336,0.777372,0,0.688776,0.853016,0) {4.830749,5.969972,5.751941};
ST (1.246941,0.600495,0,1.198579,0.692000,0,1.130961,0.595377,0) {7.700328,8.306344,7.812659};
ST (0.692000,1.198579,0,0.600495,1.246941,0,0.595273,1.130948,0) {7.858200,8.080573,7.721370};
ST (1.098070,0.479124,0,0.983743,0.512947,0,0.997316,0.421290,0) {6.367575,7.159639,3.850639};
ST (0.479124,1.098070,0,0.421288,0.997308,0,0.512957,0.983753,0) {7.198393,5.745773,6.330900};
ST (1.098070,0.479124,0,0.997316,0.421290,0,1.056987,0.372376,0) {6.334939,3.873498,6.705144};
ST (0.479124,1.098070,0,0.372349,1.056922,0,0.421288,0.997308,0) {7.211057,6.509098,5.735864};
ST (0.994522,0.104528,0,1.100553,0.091395,0,1.094037,0.198761,0) {4.367353,5.483577,5.893397};
ST (0.104528,0.994522,0,0.198710,1.093919,0,0.091357,1.100466,0) {4.882042,6.078281,6.167538};
ST (0.000000,1.384000,0,0.088705,1.284520,0,0.103426,1.380130,0) {7.360770,7.057054,7.296871};
ST (1.384000,0.000000,0,1.380130,0.103426,0,1.284594,0.088737,0) {7.010346,6.844824,7.085793};
ST (0.951057,0.309017,0,1.056987,0.372376,0,0.997316,0.421290,0) {3.760775,6.064673,4.495019};
ST (0.309017,0.951057,0,0.421288,0.997308,0,0.372349,1.056922,0) {4.062044,5.760856,6.448207};
ST (0.307969,1.349300,0,0.206274,1.368542,0,0.187961,1.299225,0) {7.541659,7.755605,7.339215};
ST (1.368542,0.206274,0,1.349300,0.307969,0,1.299195,0.188086,0) {6.901465,7.735813,7.152481};
ST (0.000000,1.000000,0,0.104528,0.994522,0,0.091357,1.100466,0) {4.733100,4.868825,6.166183};
ST (1.000000,0.000000,0,1.100553,0.091395,0,0.994522,0.104528,0) {4.085728,4.893054,3.932139};
ST (1.023882,0.625971,0,0.914416,0.598468,0,0.983743,0.512947,0) {5.854318,6.300909,7.455680};
ST (0.625971,1.023882,0,0.512957,0.983753,0,0.598570,0.914519,0) {6.987794,6.363996,5.850304};
ST (0.866025,0.500000,0,0.983743,0.512947,0,0.914416,0.598468,0) {4.456951,5.634473,5.138694};
ST (0.500000,0.866025,0,0.598570,0.914519,0,0.512957,0.983753,0) {3.769195,5.812215,6.296588};
ST (0.307969,1.349300,0,0.187961,1.299225,0,0.258140,1.242706,0) {7.546779,7.342676,7.380800};
ST (1.349300,0.307969,0,1.241699,0.258954,0,1.299195,0.188086,0) {7.503048,6.702115,7.000407};
ST (1.288329,0.505632,0,1.193424,0.521605,0,1.205312,0.421615,0) {7.209910,7.964201,7.334463};
ST (0.505632,1.288329,0,0.421488,1.205043,0,0.520516,1.193287,0) {8.004187,7.763656,7.884397};
ST (0.406737,0.913545,0,0.421288,0.997308,0,0.309017,0.951057,0) {3.631700,5.755986,3.811642};
ST (0.951057,0.309017,0,0.997316,0.421290,0,0.913545,0.406737,0) {3.104433,4.666727,2.716520};
ST (1.246941,0.600495,0,1.130961,0.595377,0,1.193424,0.521605,0) {7.789815,7.906203,7.904213};
ST (0.600495,1.246941,0,0.520516,1.193287,0,0.595273,1.130948,0) {7.883865,7.920414,7.686085};
ST (0.000000,1.000000,0,0.091357,1.100466,0,0.000000,1.128000,0) {4.896701,6.147888,6.276164};
ST (1.000000,0.000000,0,1.128000,0.000000,0,1.100553,0.091395,0) {5.276485,6.267140,5.450210};
ST (0.000000,1.384000,0,0.000000,1.256000,0,0.088705,1.284520,0) {7.215549,6.901367,7.084583};
ST (1.384000,0.000000,0,1.284594,0.088737,0,1.256000,0.000000,0) {6.847714,6.846963,6.746449};
ST (1.150731,0.312252,0,1.056987,0.372376,0,1.045653,0.280041,0) {6.069571,6.645635,5.497988};
ST (0.312003,1.150150,0,0.279997,1.045551,0,0.372349,1.056922,0) {6.931866,5.656737,6.504500};
ST (1.203160,0.160686,0,1.094037,0.198761,0,1.100553,0.091395,0) {6.014192,6.480592,6.353913};
ST (0.160402,1.202495,0,0.091357,1.100466,0,0.198710,1.093919,0) {6.829838,6.198372,6.146151};
ST (1.023882,0.625971,0,1.130961,0.595377,0,1.113232,0.682006,0) {7.455163,7.553717,7.788327};
ST (0.625971,1.023882,0,0.681992,1.113230,0,0.595273,1.130948,0) {7.211560,7.743500,7.617992};
ST (0.852088,0.687852,0,0.895139,0.785253,0,0.777336,0.777372,0) {6.025338,6.208963,6.442281};
ST (0.777336,0.777372,0,0.785349,0.895241,0,0.688776,0.853016,0) {6.499354,6.351518,6.111337};
ST (1.150731,0.312252,0,1.256089,0.343584,0,1.205312,0.421615,0) {6.315428,7.679499,6.957331};
ST (0.312003,1.150150,0,0.421488,1.205043,0,0.343425,1.256110,0) {7.029205,7.621480,7.745462};
ST (0.978942,0.771232,0,0.984391,0.848393,0,0.895139,0.785253,0) {6.819763,6.951116,6.820854};
ST (0.771232,0.978942,0,0.785349,0.895241,0,0.848393,0.984391,0) {7.113299,6.699792,7.453145};
ST (1.098070,0.479124,0,1.205312,0.421615,0,1.193424,0.521605,0) {7.718558,7.265024,7.800482};
ST (0.479124,1.098070,0,0.520516,1.193287,0,0.421488,1.205043,0) {7.301098,7.868293,7.692608};
ST (1.098070,0.479124,0,1.059870,0.551938,0,0.983743,0.512947,0) {7.183970,5.883690,8.288447};
ST (0.479124,1.098070,0,0.512957,0.983753,0,0.551922,1.059869,0) {7.187098,6.359979,7.071779};
ST (1.098070,0.479124,0,1.193424,0.521605,0,1.130961,0.595377,0) {7.709054,7.755040,7.416343};
ST (0.479124,1.098070,0,0.595273,1.130948,0,0.520516,1.193287,0) {7.271765,7.591383,7.875310};
ST (1.150731,0.312252,0,1.045653,0.280041,0,1.094037,0.198761,0) {6.056236,5.553626,5.967253};
ST (0.312003,1.150150,0,0.198710,1.093919,0,0.279997,1.045551,0) {6.924079,6.148039,5.653012};
ST (1.380130,0.103426,0,1.368542,0.206274,0,1.299195,0.188086,0) {6.779459,7.156525,7.140293};
ST (0.206274,1.368542,0,0.103426,1.380130,0,0.187961,1.299225,0) {7.556470,7.616439,7.422994};
ST (1.023882,0.625971,0,0.983743,0.512947,0,1.059870,0.551938,0) {6.171253,7.831251,5.820320};
ST (0.625971,1.023882,0,0.551922,1.059869,0,0.512957,0.983753,0) {7.064588,7.100262,6.400207};
ST (0.951057,0.309017,0,1.045653,0.280041,0,1.056987,0.372376,0) {3.619931,6.147910,5.995375};
ST (0.309017,0.951057,0,0.372349,1.056922,0,0.279997,1.045551,0) {4.117050,6.445708,5.665597};
ST (1.098070,0.479124,0,1.056987,0.372376,0,1.126900,0.399588,0) {6.420084,7.037137,6.764620};
ST (0.479124,1.098070,0,0.399521,1.126747,0,0.372349,1.056922,0) {7.256470,7.081497,6.539772};
ST (1.150731,0.312252,0,1.126900,0.399588,0,1.056987,0.372376,0) {6.018518,6.734461,7.150835};
ST (0.312003,1.150150,0,0.372349,1.056922,0,0.399521,1.126747,0) {6.943715,6.539155,7.071748};
ST (0.839027,0.839027,0,0.777336,0.777372,0,0.895139,0.785253,0) {6.699310,6.735567,6.780116};
ST (0.839027,0.839027,0,0.785349,0.895241,0,0.777336,0.777372,0) {6.586941,6.407601,6.627190};
ST (0.978148,0.207912,0,1.094037,0.198761,0,1.045653,0.280041,0) {3.002637,5.579889,6.169908};
ST (0.207912,0.978148,0,0.279997,1.045551,0,0.198710,1.093919,0) {4.366094,5.648388,6.043886};
ST (1.150731,0.312252,0,1.241699,0.258954,0,1.256089,0.343584,0) {6.348191,6.643121,7.726690};
ST (0.258140,1.242706,0,0.312003,1.150150,0,0.343425,1.256110,0) {7.365722,7.061267,7.733274};
ST (1.023882,0.625971,0,1.113232,0.682006,0,1.048022,0.724336,0) {7.370483,7.737529,6.876169};
ST (0.625971,1.023882,0,0.724336,1.048022,0,0.681992,1.113230,0) {7.181293,7.426027,7.754624};
ST (1.380130,0.103426,0,1.299195,0.188086,0,1.284594,0.088737,0) {6.526600,7.013373,6.977139};
ST (0.103426,1.380130,0,0.088705,1.284520,0,0.187961,1.299225,0) {7.407874,7.087078,7.368772};
ST (0.852088,0.687852,0,0.914416,0.598468,0,0.950279,0.695604,0) {5.871822,5.483063,5.415638};
ST (0.688776,0.853016,0,0.695718,0.950394,0,0.598570,0.914519,0) {5.982384,6.690261,5.888108};
ST (0.866025,0.500000,0,0.914416,0.598468,0,0.809017,0.587785,0) {3.542347,5.004645,3.997271};
ST (0.587785,0.809017,0,0.598570,0.914519,0,0.500000,0.866025,0) {4.388236,5.825540,3.561820};
ST (1.150731,0.312252,0,1.205312,0.421615,0,1.126900,0.399588,0) {5.919295,6.684380,7.158183};
ST (0.312003,1.150150,0,0.399521,1.126747,0,0.421488,1.205043,0) {7.025581,7.126378,7.620180};
ST (1.198579,0.692000,0,1.113232,0.682006,0,1.130961,0.595377,0) {8.131477,7.590770,7.728648};
ST (0.692000,1.198579,0,0.595273,1.130948,0,0.681992,1.113230,0) {7.934506,7.747027,7.721471};
ST (1.014544,0.941359,0,0.941359,1.014544,0,0.905320,0.905320,0) {6.775981,7.563665,6.959950};
ST (1.023882,0.625971,0,1.059870,0.551938,0,1.130961,0.595377,0) {7.379663,6.637982,7.012976};
ST (0.625971,1.023882,0,0.595273,1.130948,0,0.551922,1.059869,0) {7.149160,7.518476,7.166417};
ST (1.098070,0.479124,0,1.126900,0.399588,0,1.205312,0.421615,0) {7.522079,7.329412,6.848313};
ST (0.479124,1.098070,0,0.421488,1.205043,0,0.399521,1.126747,0) {7.218267,7.624620,7.114516};
ST (0.743145,0.669131,0,0.777336,0.777372,0,0.669131,0.743145,0) {4.394078,5.736442,4.466486};
ST (1.322513,0.407941,0,1.205312,0.421615,0,1.256089,0.343584,0) {8.706821,7.448148,8.246159};
ST (0.407941,1.322513,0,0.343425,1.256110,0,0.421488,1.205043,0) {7.923851,7.803044,7.691793};
ST (1.098070,0.479124,0,1.130961,0.595377,0,1.059870,0.551938,0) {7.392516,7.049167,6.564319};
ST (0.479124,1.098070,0,0.551922,1.059869,0,0.595273,1.130948,0) {7.261226,7.175652,7.560304};
ST (1.150731,0.312252,0,1.094037,0.198761,0,1.172987,0.231821,0) {5.861238,6.061260,6.687433};
ST (0.312003,1.150150,0,0.231588,1.172927,0,0.198710,1.093919,0) {6.983119,6.789623,6.181632};
ST (0.978942,0.771232,0,0.950279,0.695604,0,1.048022,0.724336,0) {6.470756,7.091399,6.966313};
ST (0.771232,0.978942,0,0.724336,1.048022,0,0.695718,0.950394,0) {7.016003,7.375146,6.852009};
ST (1.023882,0.625971,0,1.048022,0.724336,0,0.950279,0.695604,0) {7.441007,6.803078,6.974006};
ST (0.625971,1.023882,0,0.695718,0.950394,0,0.724336,1.048022,0) {7.158015,6.822429,7.374860};
ST (1.203160,0.160686,0,1.100553,0.091395,0,1.195331,0.068264,0) {6.281545,6.606292,5.327538};
ST (0.160402,1.202495,0,0.068217,1.195221,0,0.091357,1.100466,0) {6.845768,6.689040,6.205272};
ST (0.978148,0.207912,0,1.045653,0.280041,0,0.951057,0.309017,0) {3.136274,6.373018,3.392153};
ST (0.309017,0.951057,0,0.279997,1.045551,0,0.207912,0.978148,0) {4.000971,5.666029,4.117586};
ST (1.203160,0.160686,0,1.172987,0.231821,0,1.094037,0.198761,0) {6.635841,6.827439,6.662687};
ST (0.160402,1.202495,0,0.198710,1.093919,0,0.231588,1.172927,0) {6.835370,6.149790,6.785145};
ST (1.023882,0.625971,0,0.950279,0.695604,0,0.914416,0.598468,0) {6.572533,5.831262,6.604921};
ST (0.625971,1.023882,0,0.598570,0.914519,0,0.695718,0.950394,0) {7.031261,5.911451,6.742543};
ST (0.307969,1.349300,0,0.258140,1.242706,0,0.343425,1.256110,0) {7.632884,7.394318,7.746477};
ST (1.349300,0.307969,0,1.256089,0.343584,0,1.241699,0.258954,0) {7.411118,8.254107,6.645567};
ST (1.288329,0.505632,0,1.246941,0.600495,0,1.193424,0.521605,0) {7.330893,8.093230,7.985063};
ST (0.600495,1.246941,0,0.505632,1.288329,0,0.520516,1.193287,0) {7.835263,8.267075,7.882630};
ST (0.941359,1.014544,0,0.862910,1.082055,0,0.848393,0.984391,0) {7.347216,7.960602,7.606654};
ST (1.082055,0.862910,0,1.014544,0.941359,0,0.984391,0.848393,0) {6.935938,7.110610,6.956373};
ST (1.143514,0.779635,0,1.082055,0.862910,0,1.045223,0.797736,0) {7.448107,7.337945,7.108350};
ST (0.862910,1.082055,0,0.779635,1.143514,0,0.797736,1.045223,0) {7.657894,7.766502,7.646989};
ST (0.779635,1.143514,0,0.692000,1.198579,0,0.681992,1.113230,0) {7.358547,8.213365,7.738091};
ST (1.198579,0.692000,0,1.143514,0.779635,0,1.113232,0.682006,0) {8.000908,7.755482,7.440423};
ST (0.407941,1.322513,0,0.307969,1.349300,0,0.343425,1.256110,0) {7.890187,7.929266,7.764568};
ST (1.349300,0.307969,0,1.322513,0.407941,0,1.256089,0.343584,0) {7.664976,8.987222,8.496130};
ST (1.143514,0.779635,0,1.045223,0.797736,0,1.048022,0.724336,0) {7.410485,7.190637,6.739365};
ST (0.779635,1.143514,0,0.724336,1.048022,0,0.797736,1.045223,0) {7.484116,7.456390,7.652463};
ST (1.143514,0.779635,0,1.048022,0.724336,0,1.113232,0.682006,0) {7.553179,6.804436,7.526552};
ST (0.779635,1.143514,0,0.681992,1.113230,0,0.724336,1.048022,0) {7.375644,7.759685,7.430296};
ST (1.014544,0.941359,0,0.905320,0.905320,0,0.984391,0.848393,0) {6.845728,7.015775,6.945119};
ST (0.941359,1.014544,0,0.848393,0.984391,0,0.905320,0.905320,0) {7.360012,7.614190,6.940008};
ST (1.150731,0.312252,0,1.172987,0.231821,0,1.241699,0.258954,0) {6.130545,7.017615,6.407674};
ST (0.258140,1.242706,0,0.231588,1.172927,0,0.312003,1.150150,0) {7.354747,6.779134,6.982571};
ST (0.771232,0.978942,0,0.695718,0.950394,0,0.785349,0.895241,0) {7.002742,6.874533,6.736638};
ST (0.978942,0.771232,0,0.895139,0.785253,0,0.950279,0.695604,0) {6.280141,6.803276,6.598214};
ST (0.688776,0.853016,0,0.785349,0.895241,0,0.695718,0.950394,0) {6.170032,6.531360,6.787845};
ST (0.852088,0.687852,0,0.950279,0.695604,0,0.895139,0.785253,0) {6.366807,6.157220,6.484799};
ST (1.128000,0.000000,0,1.256000,0.000000,0,1.195331,0.068264,0) {7.433616,7.532260,5.736889};
ST (0.000000,1.256000,0,0.000000,1.128000,0,0.068217,1.195221,0) {6.887736,6.289009,6.680769};
ST (0.258140,1.242706,0,0.160402,1.202495,0,0.231588,1.172927,0) {7.331365,6.844166,6.779506};
ST (1.203160,0.160686,0,1.241699,0.258954,0,1.172987,0.231821,0) {7.452413,6.404501,7.065822};
ST (0.258140,1.242706,0,0.187961,1.299225,0,0.160402,1.202495,0) {7.336020,7.319794,6.818266};
ST (1.203160,0.160686,0,1.299195,0.188086,0,1.241699,0.258954,0) {7.456399,6.897588,6.555164};
ST (0.978942,0.771232,0,1.048022,0.724336,0,1.045223,0.797736,0) {6.848625,6.964247,7.214219};
ST (0.771232,0.978942,0,0.797736,1.045223,0,0.724336,1.048022,0) {7.135154,7.671318,7.448062};
ST (1.082055,0.862910,0,0.984391,0.848393,0,1.045223,0.797736,0) {7.051664,6.970092,7.121256};
ST (0.862910,1.082055,0,0.797736,1.045223,0,0.848393,0.984391,0) {7.733337,7.691966,7.559014};
ST (1.128000,0.000000,0,1.195331,0.068264,0,1.100553,0.091395,0) {7.477201,5.172610,6.610894};
ST (0.000000,1.128000,0,0.091357,1.100466,0,0.068217,1.195221,0) {6.281928,6.170372,6.674335};
ST (1.203160,0.160686,0,1.284594,0.088737,0,1.299195,0.188086,0) {7.528681,6.998893,6.952865};
ST (0.160402,1.202495,0,0.187961,1.299225,0,0.088705,1.284520,0) {6.843421,7.332968,7.118505};
ST (0.978942,0.771232,0,1.045223,0.797736,0,0.984391,0.848393,0) {6.868432,7.079735,6.938820};
ST (0.771232,0.978942,0,0.848393,0.984391,0,0.797736,1.045223,0) {7.181520,7.380325,7.685112};
ST (0.160402,1.202495,0,0.088705,1.284520,0,0.068217,1.195221,0) {6.843472,7.102438,6.690783};
ST (1.203160,0.160686,0,1.195331,0.068264,0,1.284594,0.088737,0) {7.370843,5.737365,6.500919};
ST (0.000000,1.256000,0,0.068217,1.195221,0,0.088705,1.284520,0) {6.902516,6.693893,7.097752};
ST (1.256000,0.000000,0,1.284594,0.088737,0,1.195331,0.068264,0) {6.648167,6.442915,5.859794};
};