View "Density " {
ST (0.075961,1.093609,0,0.000000,1.000000,0,0.104528,0.994522,0) {nan,nan,nan};
ST (0.000000,1.128000,0,0.000000,1.000000,0,0.075961,1.093609,0) {nan,nan,nan};
ST (1.384000,0.000000,0,1.380130,0.103426,0,1.256000,0.000000,0) {2.226450,2.227361,1.901814};
ST (0.172368,1.288067,0,0.206274,1.368542,0,0.103426,1.380130,0) {0.872769,3.560217,3.396442};
ST (0.215731,1.197403,0,0.172368,1.288067,0,0.105101,1.198853,0) {1.833935,2.030068,1.800127};
ST (0.215731,1.197403,0,0.105101,1.198853,0,0.175325,1.087760,0) {nan,nan,nan};
ST (0.175325,1.087760,0,0.105101,1.198853,0,0.075961,1.093609,0) {nan,nan,nan};
ST (0.175325,1.087760,0,0.244301,1.128080,0,0.215731,1.197403,0) {1.451397,1.633605,1.830197};
ST (0.315451,1.142996,0,0.215731,1.197403,0,0.244301,1.128080,0) {1.736908,1.829024,1.635643};
ST (0.315451,1.142996,0,0.424579,1.125421,0,0.395406,1.216154,0) {1.743253,1.793165,1.987568};
ST (1.270868,0.223515,0,1.368542,0.206274,0,1.349300,0.307969,0) {1.726611,2.463781,2.492064};
ST (0.291052,1.272161,0,0.307969,1.349300,0,0.206274,1.368542,0) {0.669568,3.849130,3.519354};
ST (0.206274,1.368542,0,0.172368,1.288067,0,0.291052,1.272161,0) {2.453691,1.961302,1.844260};
ST (0.291052,1.272161,0,0.172368,1.288067,0,0.215731,1.197403,0) {2.017885,2.018955,1.853570};
ST (0.407941,1.322513,0,0.307969,1.349300,0,0.291052,1.272161,0) {3.759060,3.953917,0.426667};
ST (0.407941,1.322513,0,0.291052,1.272161,0,0.395406,1.216154,0) {2.382864,1.923896,1.911463};
ST (0.315451,1.142996,0,0.291052,1.272161,0,0.215731,1.197403,0) {1.744734,2.049577,1.831393};
ST (0.291052,1.272161,0,0.315451,1.142996,0,0.395406,1.216154,0) {2.032123,1.762205,1.974548};
ST (1.233372,0.402615,0,1.322513,0.407941,0,1.288329,0.505632,0) {1.429680,2.797781,2.788871};
ST (0.852154,0.957168,0,0.941359,1.014544,0,0.862910,1.082055,0) {0.834085,3.490084,3.360885};
ST (0.779635,1.143514,0,0.692000,1.198579,0,0.676600,1.093830,0) {3.600716,3.536672,0.714269};
ST (0.779635,1.143514,0,0.676600,1.093830,0,0.754959,1.025560,0) {2.371880,1.909284,1.897919};
ST (1.246941,0.600495,0,1.198579,0.692000,0,1.130983,0.607418,0) {2.950514,3.003150,1.236926};
ST (1.246941,0.600495,0,1.130983,0.607418,0,1.174280,0.536412,0) {2.314085,1.901479,1.995591};
ST (0.502540,1.186920,0,0.600495,1.246941,0,0.505632,1.288329,0) {0.691674,3.652281,3.559644};
ST (0.424579,1.125421,0,0.514673,1.087639,0,0.502540,1.186920,0) {1.794971,1.796432,2.010390};
ST (0.424579,1.125421,0,0.502540,1.186920,0,0.395406,1.216154,0) {1.809655,1.993712,1.974056};
ST (1.288329,0.505632,0,1.246941,0.600495,0,1.174280,0.536412,0) {2.846553,2.938871,1.332736};
ST (0.862910,1.082055,0,0.779635,1.143514,0,0.754959,1.025560,0) {3.414223,3.348879,0.862262};
ST (0.754959,1.025560,0,0.852154,0.957168,0,0.862910,1.082055,0) {1.904828,1.915086,2.348823};
ST (1.036049,0.772703,0,1.143514,0.779635,0,1.082055,0.862910,0) {0.950417,3.287346,3.322526};
ST (1.056015,0.307792,0,0.951057,0.309017,0,0.978148,0.207912,0) {nan,nan,nan};
ST (1.162102,0.252612,0,1.149172,0.356955,0,1.056015,0.307792,0) {nan,nan,nan};
ST (0.363348,1.038048,0,0.309017,0.951057,0,0.406737,0.913545,0) {1.396441,1.038257,0.980728};
ST (0.315451,1.142996,0,0.363348,1.038048,0,0.424579,1.125421,0) {1.737422,1.437186,1.789484};
ST (0.861768,0.680129,0,0.743145,0.669131,0,0.809017,0.587785,0) {1.629752,0.617298,0.526943};
ST (1.040274,0.606148,0,0.972499,0.670776,0,0.958850,0.534482,0) {1.793045,1.718163,1.432307};
ST (0.958850,0.534482,0,0.866025,0.500000,0,0.913545,0.406737,0) {nan,nan,nan};
ST (1.001163,0.414397,0,0.958850,0.534482,0,0.913545,0.406737,0) {nan,nan,nan};
ST (0.595841,1.059611,0,0.514673,1.087639,0,0.552226,0.980912,0) {1.825437,1.789749,1.539218};
ST (0.000000,1.128000,0,0.105101,1.198853,0,0.000000,1.256000,0) {nan,nan,nan};
ST (0.075961,1.093609,0,0.105101,1.198853,0,0.000000,1.128000,0) {nan,nan,nan};
ST (0.505632,1.288329,0,0.407941,1.322513,0,0.395406,1.216154,0) {3.466549,3.408776,0.830918};
ST (0.505632,1.288329,0,0.395406,1.216154,0,0.502540,1.186920,0) {2.379567,1.906211,1.907440};
ST (1.001163,0.414397,0,0.913545,0.406737,0,0.951057,0.309017,0) {nan,nan,nan};
ST (1.056015,0.307792,0,1.001163,0.414397,0,0.951057,0.309017,0) {nan,nan,nan};
ST (0.500000,0.866025,0,0.587785,0.809017,0,0.622393,0.891966,0) {0.894255,0.791240,1.429919};
ST (0.500000,0.866025,0,0.622393,0.891966,0,0.552226,0.980912,0) {0.971210,1.359705,1.522545};
ST (1.242376,0.323918,0,1.162102,0.252612,0,1.270868,0.223515,0) {1.992894,1.761327,2.013008};
ST (1.270868,0.223515,0,1.349300,0.307969,0,1.242376,0.323918,0) {2.007166,2.233230,1.966190};
ST (0.502540,1.186920,0,0.514673,1.087639,0,0.598002,1.146038,0) {1.996164,1.813768,2.000963};
ST (0.598002,1.146038,0,0.600495,1.246941,0,0.502540,1.186920,0) {1.902847,2.403891,1.916447};
ST (1.149172,0.356955,0,1.233372,0.402615,0,1.162633,0.454540,0) {1.799440,2.024180,1.914466};
ST (0.861768,0.680129,0,0.809017,0.587785,0,0.895640,0.599756,0) {1.522429,0.686352,1.384856};
ST (0.958850,0.534482,0,0.972499,0.670776,0,0.895640,0.599756,0) {1.440789,1.698565,1.379418};
ST (0.895640,0.599756,0,0.972499,0.670776,0,0.861768,0.680129,0) {1.363519,1.702005,1.451838};
ST (1.380130,0.103426,0,1.368542,0.206274,0,1.300996,0.148481,0) {2.363030,2.400152,1.857939};
ST (1.300996,0.148481,0,1.368542,0.206274,0,1.270868,0.223515,0) {2.043986,2.228448,1.986683};
ST (0.105101,1.198853,0,0.172368,1.288067,0,0.076179,1.301410,0) {1.865300,1.980528,2.045052};
ST (0.076179,1.301410,0,0.000000,1.256000,0,0.105101,1.198853,0) {nan,nan,nan};
ST (0.076179,1.301410,0,0.172368,1.288067,0,0.103426,1.380130,0) {1.979965,1.825414,2.481172};
ST (0.269226,1.054348,0,0.207912,0.978148,0,0.309017,0.951057,0) {1.329251,1.066219,1.019079};
ST (0.309017,0.951057,0,0.363348,1.038048,0,0.269226,1.054348,0) {1.002186,1.397251,1.368022};
ST (1.168258,0.112695,0,1.128000,0.000000,0,1.256000,0.000000,0) {nan,nan,nan};
ST (1.036049,0.772703,0,0.972499,0.670776,0,1.088845,0.690371,0) {2.007079,1.746854,2.006224};
ST (1.088845,0.690371,0,1.143514,0.779635,0,1.036049,0.772703,0) {1.983599,2.338616,1.905453};
ST (1.001163,0.414397,0,1.056015,0.307792,0,1.080673,0.411363,0) {nan,nan,nan};
ST (1.080673,0.411363,0,1.056015,0.307792,0,1.149172,0.356955,0) {nan,nan,nan};
ST (0.654650,0.988307,0,0.552226,0.980912,0,0.622393,0.891966,0) {1.739876,1.529799,1.376061};
ST (0.595841,1.059611,0,0.552226,0.980912,0,0.654650,0.988307,0) {1.824422,1.538070,1.736447};
ST (1.078408,0.509252,0,0.958850,0.534482,0,1.001163,0.414397,0) {nan,nan,nan};
ST (1.040274,0.606148,0,0.958850,0.534482,0,1.078408,0.509252,0) {nan,nan,nan};
ST (0.514673,1.087639,0,0.424579,1.125421,0,0.460261,1.001932,0) {1.789936,1.790846,1.449683};
ST (0.460261,1.001932,0,0.424579,1.125421,0,0.363348,1.038048,0) {1.436483,1.798026,1.434662};
ST (1.162633,0.454540,0,1.080673,0.411363,0,1.149172,0.356955,0) {1.915337,1.644999,1.792587};
ST (0.000000,1.384000,0,0.000000,1.256000,0,0.076179,1.301410,0) {1.263614,0.846150,2.698880};
ST (0.000000,1.384000,0,0.076179,1.301410,0,0.103426,1.380130,0) {2.934302,1.233875,3.537936};
ST (1.242376,0.323918,0,1.349300,0.307969,0,1.322513,0.407941,0) {1.607864,2.568411,2.607958};
ST (1.233372,0.402615,0,1.242376,0.323918,0,1.322513,0.407941,0) {1.967396,1.987085,2.268963};
ST (1.242376,0.323918,0,1.233372,0.402615,0,1.149172,0.356955,0) {1.996453,2.021269,1.802923};
ST (1.162102,0.252612,0,1.242376,0.323918,0,1.149172,0.356955,0) {1.754104,2.000357,1.794540};
ST (0.692000,1.198579,0,0.600495,1.246941,0,0.598002,1.146038,0) {3.728641,3.628186,0.628472};
ST (0.692000,1.198579,0,0.598002,1.146038,0,0.676600,1.093830,0) {2.408543,1.910964,1.898534};
ST (0.598002,1.146038,0,0.514673,1.087639,0,0.595841,1.059611,0) {2.018844,1.796210,1.830577};
ST (0.676600,1.093830,0,0.598002,1.146038,0,0.595841,1.059611,0) {1.985063,2.000849,1.849489};
ST (1.198579,0.692000,0,1.143514,0.779635,0,1.088845,0.690371,0) {3.128684,3.168720,1.086823};
ST (1.198579,0.692000,0,1.088845,0.690371,0,1.130983,0.607418,0) {2.317441,1.909331,1.981554};
ST (1.088845,0.690371,0,0.972499,0.670776,0,1.040274,0.606148,0) {2.015897,1.731401,1.797045};
ST (1.130983,0.607418,0,1.088845,0.690371,0,1.040274,0.606148,0) {1.992724,1.997832,1.809909};
ST (1.162633,0.454540,0,1.233372,0.402615,0,1.288329,0.505632,0) {1.924052,1.999978,2.228659};
ST (1.174280,0.536412,0,1.162633,0.454540,0,1.288329,0.505632,0) {1.938257,1.927916,2.264463};
ST (0.315451,1.142996,0,0.244301,1.128080,0,0.269226,1.054348,0) {1.740285,1.632110,1.385047};
ST (0.315451,1.142996,0,0.269226,1.054348,0,0.363348,1.038048,0) {1.745168,1.382499,1.422628};
ST (0.895640,0.599756,0,0.809017,0.587785,0,0.866025,0.500000,0) {1.618557,0.401055,0.295875};
ST (0.958850,0.534482,0,0.895640,0.599756,0,0.866025,0.500000,0) {nan,nan,nan};
ST (1.270868,0.223515,0,1.168258,0.112695,0,1.300996,0.148481,0) {2.010605,1.719554,2.053724};
ST (0.972499,0.670776,0,1.036049,0.772703,0,0.921439,0.782935,0) {1.730334,2.022372,1.811840};
ST (0.921439,0.782935,0,0.861768,0.680129,0,0.972499,0.670776,0) {1.805921,1.435638,1.719878};
ST (0.785719,0.773635,0,0.743145,0.669131,0,0.861768,0.680129,0) {1.493633,0.806528,1.448111};
ST (0.669131,0.743145,0,0.743145,0.669131,0,0.785719,0.773635,0) {0.726784,0.646531,1.589841};
ST (0.175325,1.087760,0,0.104528,0.994522,0,0.207912,0.978148,0) {nan,nan,nan};
ST (0.175325,1.087760,0,0.207912,0.978148,0,0.269226,1.054348,0) {1.425116,1.005256,1.350138};
ST (0.075961,1.093609,0,0.104528,0.994522,0,0.175325,1.087760,0) {nan,nan,nan};
ST (0.175325,1.087760,0,0.269226,1.054348,0,0.244301,1.128080,0) {1.436103,1.369841,1.639878};
ST (0.363348,1.038048,0,0.406737,0.913545,0,0.460261,1.001932,0) {1.426978,0.981689,1.410000};
ST (0.552226,0.980912,0,0.514673,1.087639,0,0.460261,1.001932,0) {1.537684,1.787176,1.453807};
ST (0.552226,0.980912,0,0.460261,1.001932,0,0.500000,0.866025,0) {1.537911,1.454113,0.927163};
ST (0.460261,1.001932,0,0.406737,0.913545,0,0.500000,0.866025,0) {1.437283,0.996694,0.914259};
ST (1.256000,0.000000,0,1.380130,0.103426,0,1.300996,0.148481,0) {1.933315,2.201168,2.045018};
ST (1.256000,0.000000,0,1.300996,0.148481,0,1.168258,0.112695,0) {1.932057,2.055684,1.712248};
ST (1.014544,0.941359,0,0.941359,1.014544,0,0.932884,0.899974,0) {3.631989,3.487072,0.729261};
ST (0.932884,0.899974,0,0.941359,1.014544,0,0.852154,0.957168,0) {1.921037,2.378180,1.916154};
ST (0.654650,0.988307,0,0.754959,1.025560,0,0.676600,1.093830,0) {1.758730,1.963355,1.991957};
ST (0.676600,1.093830,0,0.595841,1.059611,0,0.654650,0.988307,0) {2.006575,1.829060,1.743188};
ST (0.852154,0.957168,0,0.754959,1.025560,0,0.748250,0.901317,0) {1.983530,1.966677,1.714433};
ST (1.078408,0.509252,0,1.174280,0.536412,0,1.130983,0.607418,0) {1.777507,2.009438,1.987127};
ST (1.130983,0.607418,0,1.040274,0.606148,0,1.078408,0.509252,0) {2.000535,1.797106,1.764208};
ST (0.861768,0.680129,0,0.921439,0.782935,0,0.785719,0.773635,0) {1.435595,1.802468,1.460446};
ST (0.622393,0.891966,0,0.748250,0.901317,0,0.654650,0.988307,0) {1.387234,1.687723,1.731802};
ST (0.748250,0.901317,0,0.754959,1.025560,0,0.654650,0.988307,0) {1.696311,1.979919,1.739207};
ST (1.080673,0.411363,0,1.078408,0.509252,0,1.001163,0.414397,0) {nan,nan,nan};
ST (1.174280,0.536412,0,1.078408,0.509252,0,1.162633,0.454540,0) {2.009481,1.769483,1.913895};
ST (1.162633,0.454540,0,1.078408,0.509252,0,1.080673,0.411363,0) {1.914523,1.760814,1.645253};
ST (0.688840,0.827738,0,0.785719,0.773635,0,0.748250,0.901317,0) {1.350883,1.443658,1.678664};
ST (0.748250,0.901317,0,0.622393,0.891966,0,0.688840,0.827738,0) {1.684472,1.391008,1.334976};
ST (0.669131,0.743145,0,0.785719,0.773635,0,0.688840,0.827738,0) {0.824194,1.454911,1.378131};
ST (0.669131,0.743145,0,0.688840,0.827738,0,0.587785,0.809017,0) {0.624451,1.454716,0.735974};
ST (0.587785,0.809017,0,0.688840,0.827738,0,0.622393,0.891966,0) {0.856898,1.328473,1.416157};
ST (1.082055,0.862910,0,1.014544,0.941359,0,0.997394,0.851976,0) {3.764837,3.722670,0.571653};
ST (0.997394,0.851976,0,1.014544,0.941359,0,0.932884,0.899974,0) {1.945392,2.430831,1.902933};
ST (0.997394,0.851976,0,1.036049,0.772703,0,1.082055,0.862910,0) {1.902857,1.967592,2.400778};
ST (0.785719,0.773635,0,0.921439,0.782935,0,0.848089,0.863006,0) {1.455881,1.807754,1.807965};
ST (0.848089,0.863006,0,0.921439,0.782935,0,0.932884,0.899974,0) {1.814957,1.814341,2.027315};
ST (1.056015,0.307792,0,0.978148,0.207912,0,1.059841,0.164257,0) {nan,nan,nan};
ST (1.059841,0.164257,0,1.162102,0.252612,0,1.056015,0.307792,0) {nan,nan,nan};
ST (0.921439,0.782935,0,1.036049,0.772703,0,0.997394,0.851976,0) {1.831083,2.009972,2.041348};
ST (0.921439,0.782935,0,0.997394,0.851976,0,0.932884,0.899974,0) {1.833779,2.042264,2.012325};
ST (1.162102,0.252612,0,1.168258,0.112695,0,1.270868,0.223515,0) {1.752815,1.704412,2.018747};
ST (1.168258,0.112695,0,1.162102,0.252612,0,1.059841,0.164257,0) {nan,nan,nan};
ST (0.848089,0.863006,0,0.852154,0.957168,0,0.748250,0.901317,0) {1.814401,1.996983,1.699011};
ST (0.748250,0.901317,0,0.785719,0.773635,0,0.848089,0.863006,0) {1.687167,1.447008,1.812309};
ST (0.932884,0.899974,0,0.852154,0.957168,0,0.848089,0.863006,0) {2.008077,1.982501,1.832015};
ST (1.059841,0.164257,0,0.978148,0.207912,0,0.994522,0.104528,0) {nan,nan,nan};
ST (1.168258,0.112695,0,1.059841,0.164257,0,1.128000,0.000000,0) {nan,nan,nan};
ST (0.994522,0.104528,0,1.000000,0.000000,0,1.128000,0.000000,0) {nan,nan,nan};
ST (0.994522,0.104528,0,1.128000,0.000000,0,1.059841,0.164257,0) {nan,nan,nan};
};