View "E " {
ST (0.905320,0.905320,0,0.848393,0.984391,0,0.785349,0.895241,0) {2.298585,2.393444,1.784588};
ST (0.905320,0.905320,0,0.895139,0.785253,0,0.984391,0.848393,0) {2.294538,1.784424,2.404669};
ST (0.839027,0.839027,0,0.905320,0.905320,0,0.785349,0.895241,0) {1.759809,2.297860,1.785451};
ST (0.839027,0.839027,0,0.895139,0.785253,0,0.905320,0.905320,0) {1.760687,1.782826,2.296109};
ST (0.994522,0.104528,0,1.094037,0.198761,0,0.978148,0.207912,0) {0.700551,1.337531,0.713859};
ST (0.207912,0.978148,0,0.198710,1.093919,0,0.104528,0.994522,0) {0.715654,1.325989,0.717097};
ST (0.913545,0.406737,0,0.983743,0.512947,0,0.866025,0.500000,0) {0.721501,1.308019,0.730951};
ST (0.500000,0.866025,0,0.512957,0.983753,0,0.406737,0.913545,0) {0.720564,1.313185,0.719027};
ST (0.809017,0.587785,0,0.852088,0.687852,0,0.743145,0.669131,0) {0.721269,1.234070,0.721041};
ST (0.669131,0.743145,0,0.688776,0.853016,0,0.587785,0.809017,0) {0.720504,1.242306,0.715615};
ST (0.913545,0.406737,0,0.997316,0.421290,0,0.983743,0.512947,0) {0.712978,1.153813,1.306946};
ST (0.406737,0.913545,0,0.512957,0.983753,0,0.421288,0.997308,0) {0.718290,1.314448,1.160076};
ST (1.322513,0.407941,0,1.288329,0.505632,0,1.205312,0.421615,0) {2.846432,2.840647,2.280605};
ST (0.505632,1.288329,0,0.407941,1.322513,0,0.421488,1.205043,0) {2.844614,2.848694,2.268967};
ST (0.809017,0.587785,0,0.914416,0.598468,0,0.852088,0.687852,0) {0.722130,1.221301,1.231593};
ST (0.587785,0.809017,0,0.688776,0.853016,0,0.598570,0.914519,0) {0.715243,1.242162,1.221451};
ST (0.743145,0.669131,0,0.852088,0.687852,0,0.777336,0.777372,0) {0.719429,1.234701,1.250889};
ST (0.669131,0.743145,0,0.777336,0.777372,0,0.688776,0.853016,0) {0.721050,1.252936,1.243341};
ST (1.246941,0.600495,0,1.198579,0.692000,0,1.130961,0.595377,0) {2.848116,2.847679,2.280722};
ST (0.692000,1.198579,0,0.600495,1.246941,0,0.595273,1.130948,0) {2.848181,2.849769,2.280333};
ST (1.098070,0.479124,0,0.983743,0.512947,0,0.997316,0.421290,0) {1.827690,1.309215,1.155755};
ST (0.479124,1.098070,0,0.421288,0.997308,0,0.512957,0.983753,0) {1.823686,1.161853,1.313607};
ST (1.098070,0.479124,0,0.997316,0.421290,0,1.056987,0.372376,0) {1.826189,1.153428,1.383285};
ST (0.479124,1.098070,0,0.372349,1.056922,0,0.421288,0.997308,0) {1.824732,1.378675,1.161321};
ST (0.994522,0.104528,0,1.100553,0.091395,0,1.094037,0.198761,0) {0.702811,1.321717,1.328616};
ST (0.104528,0.994522,0,0.198710,1.093919,0,0.091357,1.100466,0) {0.716477,1.326640,1.282737};
ST (0.000000,1.384000,0,0.088705,1.284520,0,0.103426,1.380130,0) {2.843193,2.330464,2.847919};
ST (1.384000,0.000000,0,1.380130,0.103426,0,1.284594,0.088737,0) {2.814673,2.903556,2.375829};
ST (0.951057,0.309017,0,1.056987,0.372376,0,0.997316,0.421290,0) {0.725589,1.370129,1.151121};
ST (0.309017,0.951057,0,0.421288,0.997308,0,0.372349,1.056922,0) {0.718278,1.160202,1.376996};
ST (0.307969,1.349300,0,0.206274,1.368542,0,0.187961,1.299225,0) {2.845865,2.846916,2.466477};
ST (1.368542,0.206274,0,1.349300,0.307969,0,1.299195,0.188086,0) {2.890982,2.855169,2.465723};
ST (0.000000,1.000000,0,0.104528,0.994522,0,0.091357,1.100466,0) {0.714702,0.716685,1.282434};
ST (1.000000,0.000000,0,1.100553,0.091395,0,0.994522,0.104528,0) {0.731886,1.342428,0.676399};
ST (1.023882,0.625971,0,0.914416,0.598468,0,0.983743,0.512947,0) {1.835517,1.225253,1.323397};
ST (0.625971,1.023882,0,0.512957,0.983753,0,0.598570,0.914519,0) {1.836766,1.314040,1.222666};
ST (0.866025,0.500000,0,0.983743,0.512947,0,0.914416,0.598468,0) {0.727601,1.309432,1.217339};
ST (0.500000,0.866025,0,0.598570,0.914519,0,0.512957,0.983753,0) {0.721964,1.222299,1.312161};
ST (0.307969,1.349300,0,0.187961,1.299225,0,0.258140,1.242706,0) {2.843910,2.466934,2.228252};
ST (1.349300,0.307969,0,1.241699,0.258954,0,1.299195,0.188086,0) {2.854493,2.241164,2.491215};
ST (1.288329,0.505632,0,1.193424,0.521605,0,1.205312,0.421615,0) {2.846279,2.406907,2.284417};
ST (0.505632,1.288329,0,0.421488,1.205043,0,0.520516,1.193287,0) {2.844538,2.267880,2.408116};
ST (0.406737,0.913545,0,0.421288,0.997308,0,0.309017,0.951057,0) {0.720244,1.159045,0.719197};
ST (0.951057,0.309017,0,0.997316,0.421290,0,0.913545,0.406737,0) {0.720614,1.152078,0.708170};
ST (1.246941,0.600495,0,1.130961,0.595377,0,1.193424,0.521605,0) {2.848956,2.279706,2.412403};
ST (0.600495,1.246941,0,0.520516,1.193287,0,0.595273,1.130948,0) {2.850344,2.406332,2.280996};
ST (0.000000,1.000000,0,0.091357,1.100466,0,0.000000,1.128000,0) {0.714250,1.283245,1.419299};
ST (1.000000,0.000000,0,1.128000,0.000000,0,1.100553,0.091395,0) {0.754447,1.453452,1.340696};
ST (0.000000,1.384000,0,0.000000,1.256000,0,0.088705,1.284520,0) {2.843162,2.153043,2.330574};
ST (1.384000,0.000000,0,1.284594,0.088737,0,1.256000,0.000000,0) {2.865727,2.392824,2.060981};
ST (1.150731,0.312252,0,1.056987,0.372376,0,1.045653,0.280041,0) {1.799593,1.376141,1.138513};
ST (0.312003,1.150150,0,0.279997,1.045551,0,0.372349,1.056922,0) {1.788933,1.158859,1.379410};
ST (1.203160,0.160686,0,1.094037,0.198761,0,1.100553,0.091395,0) {1.957401,1.351332,1.271856};
ST (0.160402,1.202495,0,0.091357,1.100466,0,0.198710,1.093919,0) {1.910733,1.283012,1.326822};
ST (1.023882,0.625971,0,1.130961,0.595377,0,1.113232,0.682006,0) {1.846614,2.280727,2.434711};
ST (0.625971,1.023882,0,0.681992,1.113230,0,0.595273,1.130948,0) {1.835844,2.432411,2.280773};
ST (0.852088,0.687852,0,0.895139,0.785253,0,0.777336,0.777372,0) {1.236226,1.786073,1.252491};
ST (0.777336,0.777372,0,0.785349,0.895241,0,0.688776,0.853016,0) {1.253980,1.789328,1.244190};
ST (1.150731,0.312252,0,1.256089,0.343584,0,1.205312,0.421615,0) {1.804494,2.433816,2.283827};
ST (0.312003,1.150150,0,0.421488,1.205043,0,0.343425,1.256110,0) {1.789616,2.270034,2.410565};
ST (0.978942,0.771232,0,0.984391,0.848393,0,0.895139,0.785253,0) {2.105656,2.403779,1.782854};
ST (0.771232,0.978942,0,0.785349,0.895241,0,0.848393,0.984391,0) {2.097202,1.787136,2.392473};
ST (1.098070,0.479124,0,1.205312,0.421615,0,1.193424,0.521605,0) {1.848667,2.283255,2.404759};
ST (0.479124,1.098070,0,0.520516,1.193287,0,0.421488,1.205043,0) {1.826895,2.408393,2.268384};
ST (1.098070,0.479124,0,1.059870,0.551938,0,0.983743,0.512947,0) {1.843572,1.803313,1.314320};
ST (0.479124,1.098070,0,0.512957,0.983753,0,0.551922,1.059869,0) {1.825546,1.310999,1.808832};
ST (1.098070,0.479124,0,1.193424,0.521605,0,1.130961,0.595377,0) {1.838100,2.404696,2.277204};
ST (0.479124,1.098070,0,0.595273,1.130948,0,0.520516,1.193287,0) {1.825905,2.281654,2.408791};
ST (1.150731,0.312252,0,1.045653,0.280041,0,1.094037,0.198761,0) {1.807120,1.136762,1.333051};
ST (0.312003,1.150150,0,0.198710,1.093919,0,0.279997,1.045551,0) {1.789817,1.326224,1.158818};
ST (1.380130,0.103426,0,1.368542,0.206274,0,1.299195,0.188086,0) {2.901673,2.866800,2.445065};
ST (0.206274,1.368542,0,0.103426,1.380130,0,0.187961,1.299225,0) {2.846839,2.847109,2.467792};
ST (1.023882,0.625971,0,0.983743,0.512947,0,1.059870,0.551938,0) {1.835251,1.323779,1.803069};
ST (0.625971,1.023882,0,0.551922,1.059869,0,0.512957,0.983753,0) {1.835455,1.808520,1.314151};
ST (0.951057,0.309017,0,1.045653,0.280041,0,1.056987,0.372376,0) {0.723700,1.149704,1.368948};
ST (0.309017,0.951057,0,0.372349,1.056922,0,0.279997,1.045551,0) {0.717855,1.377797,1.158240};
ST (1.098070,0.479124,0,1.056987,0.372376,0,1.126900,0.399588,0) {1.816129,1.385204,1.809572};
ST (0.479124,1.098070,0,0.399521,1.126747,0,0.372349,1.056922,0) {1.824803,1.812051,1.379757};
ST (1.150731,0.312252,0,1.126900,0.399588,0,1.056987,0.372376,0) {1.817493,1.805214,1.376739};
ST (0.312003,1.150150,0,0.372349,1.056922,0,0.399521,1.126747,0) {1.789369,1.378513,1.811408};
ST (0.839027,0.839027,0,0.777336,0.777372,0,0.895139,0.785253,0) {1.765835,1.253978,1.786255};
ST (0.839027,0.839027,0,0.785349,0.895241,0,0.777336,0.777372,0) {1.765273,1.789982,1.250938};
ST (0.978148,0.207912,0,1.094037,0.198761,0,1.045653,0.280041,0) {0.710398,1.335700,1.155303};
ST (0.207912,0.978148,0,0.279997,1.045551,0,0.198710,1.093919,0) {0.715443,1.159092,1.325855};
ST (1.150731,0.312252,0,1.241699,0.258954,0,1.256089,0.343584,0) {1.782009,2.245523,2.433633};
ST (0.258140,1.242706,0,0.312003,1.150150,0,0.343425,1.256110,0) {2.227599,1.790194,2.410169};
ST (1.023882,0.625971,0,1.113232,0.682006,0,1.048022,0.724336,0) {1.843078,2.434255,2.260244};
ST (0.625971,1.023882,0,0.724336,1.048022,0,0.681992,1.113230,0) {1.833351,2.260425,2.433894};
ST (1.380130,0.103426,0,1.299195,0.188086,0,1.284594,0.088737,0) {2.863917,2.473231,2.393052};
ST (0.103426,1.380130,0,0.088705,1.284520,0,0.187961,1.299225,0) {2.847745,2.330614,2.469276};
ST (0.852088,0.687852,0,0.914416,0.598468,0,0.950279,0.695604,0) {1.234758,1.215081,1.709691};
ST (0.688776,0.853016,0,0.695718,0.950394,0,0.598570,0.914519,0) {1.242595,1.714324,1.219951};
ST (0.866025,0.500000,0,0.914416,0.598468,0,0.809017,0.587785,0) {0.734153,1.218353,0.724567};
ST (0.587785,0.809017,0,0.598570,0.914519,0,0.500000,0.866025,0) {0.716054,1.221365,0.724093};
ST (1.150731,0.312252,0,1.205312,0.421615,0,1.126900,0.399588,0) {1.821618,2.287195,1.811991};
ST (0.312003,1.150150,0,0.399521,1.126747,0,0.421488,1.205043,0) {1.789595,1.810294,2.270490};
ST (1.198579,0.692000,0,1.113232,0.682006,0,1.130961,0.595377,0) {2.847849,2.432336,2.280516};
ST (0.692000,1.198579,0,0.595273,1.130948,0,0.681992,1.113230,0) {2.847838,2.280343,2.430818};
ST (1.014544,0.941359,0,0.941359,1.014544,0,0.905320,0.905320,0) {2.853624,2.854428,2.294962};
ST (1.023882,0.625971,0,1.059870,0.551938,0,1.130961,0.595377,0) {1.844147,1.812391,2.274586};
ST (0.625971,1.023882,0,0.595273,1.130948,0,0.551922,1.059869,0) {1.834196,2.281795,1.806534};
ST (1.098070,0.479124,0,1.126900,0.399588,0,1.205312,0.421615,0) {1.828710,1.820399,2.299338};
ST (0.479124,1.098070,0,0.421488,1.205043,0,0.399521,1.126747,0) {1.825103,2.269866,1.810835};
ST (0.743145,0.669131,0,0.777336,0.777372,0,0.669131,0.743145,0) {0.718723,1.252158,0.722559};
ST (1.322513,0.407941,0,1.205312,0.421615,0,1.256089,0.343584,0) {2.827239,2.278226,2.433367};
ST (0.407941,1.322513,0,0.343425,1.256110,0,0.421488,1.205043,0) {2.849181,2.409074,2.269470};
ST (1.098070,0.479124,0,1.130961,0.595377,0,1.059870,0.551938,0) {1.846013,2.272498,1.810390};
ST (0.479124,1.098070,0,0.551922,1.059869,0,0.595273,1.130948,0) {1.825850,1.805590,2.282082};
ST (1.150731,0.312252,0,1.094037,0.198761,0,1.172987,0.231821,0) {1.805550,1.352430,1.839523};
ST (0.312003,1.150150,0,0.231588,1.172927,0,0.198710,1.093919,0) {1.791024,1.810491,1.326533};
ST (0.978942,0.771232,0,0.950279,0.695604,0,1.048022,0.724336,0) {2.104861,1.709104,2.256694};
ST (0.771232,0.978942,0,0.724336,1.048022,0,0.695718,0.950394,0) {2.098687,2.258008,1.717324};
ST (1.023882,0.625971,0,1.048022,0.724336,0,0.950279,0.695604,0) {1.835493,2.264039,1.709485};
ST (0.625971,1.023882,0,0.695718,0.950394,0,0.724336,1.048022,0) {1.834262,1.716404,2.258847};
ST (1.203160,0.160686,0,1.100553,0.091395,0,1.195331,0.068264,0) {1.925851,1.258556,1.808974};
ST (0.160402,1.202495,0,0.068217,1.195221,0,0.091357,1.100466,0) {1.910392,1.817964,1.282986};
ST (0.978148,0.207912,0,1.045653,0.280041,0,0.951057,0.309017,0) {0.704749,1.152256,0.728602};
ST (0.309017,0.951057,0,0.279997,1.045551,0,0.207912,0.978148,0) {0.718751,1.158010,0.715867};
ST (1.203160,0.160686,0,1.172987,0.231821,0,1.094037,0.198761,0) {1.956157,1.828923,1.351481};
ST (0.160402,1.202495,0,0.198710,1.093919,0,0.231588,1.172927,0) {1.910375,1.326302,1.810503};
ST (1.023882,0.625971,0,0.950279,0.695604,0,0.914416,0.598468,0) {1.835644,1.711363,1.225292};
ST (0.625971,1.023882,0,0.598570,0.914519,0,0.695718,0.950394,0) {1.838183,1.220612,1.713609};
ST (0.307969,1.349300,0,0.258140,1.242706,0,0.343425,1.256110,0) {2.843769,2.226934,2.410269};
ST (1.349300,0.307969,0,1.256089,0.343584,0,1.241699,0.258954,0) {2.864475,2.418101,2.239085};
ST (1.288329,0.505632,0,1.246941,0.600495,0,1.193424,0.521605,0) {2.844584,2.850284,2.414242};
ST (0.600495,1.246941,0,0.505632,1.288329,0,0.520516,1.193287,0) {2.851498,2.844297,2.406577};
ST (0.941359,1.014544,0,0.862910,1.082055,0,0.848393,0.984391,0) {2.858160,2.843675,2.391144};
ST (1.082055,0.862910,0,1.014544,0.941359,0,0.984391,0.848393,0) {2.853530,2.853520,2.402935};
ST (1.143514,0.779635,0,1.082055,0.862910,0,1.045223,0.797736,0) {2.849337,2.853861,2.477250};
ST (0.862910,1.082055,0,0.779635,1.143514,0,0.797736,1.045223,0) {2.845003,2.851608,2.489783};
ST (0.779635,1.143514,0,0.692000,1.198579,0,0.681992,1.113230,0) {2.853858,2.847509,2.428435};
ST (1.198579,0.692000,0,1.143514,0.779635,0,1.113232,0.682006,0) {2.847465,2.846991,2.431897};
ST (0.407941,1.322513,0,0.307969,1.349300,0,0.343425,1.256110,0) {2.850571,2.843630,2.409181};
ST (1.349300,0.307969,0,1.322513,0.407941,0,1.256089,0.343584,0) {2.846439,2.823172,2.425069};
ST (1.143514,0.779635,0,1.045223,0.797736,0,1.048022,0.724336,0) {2.846822,2.475222,2.257182};
ST (0.779635,1.143514,0,0.724336,1.048022,0,0.797736,1.045223,0) {2.853329,2.259985,2.488213};
ST (1.143514,0.779635,0,1.048022,0.724336,0,1.113232,0.682006,0) {2.847512,2.256110,2.430125};
ST (0.779635,1.143514,0,0.681992,1.113230,0,0.724336,1.048022,0) {2.852690,2.430384,2.259856};
ST (1.014544,0.941359,0,0.905320,0.905320,0,0.984391,0.848393,0) {2.853390,2.293571,2.402830};
ST (0.941359,1.014544,0,0.848393,0.984391,0,0.905320,0.905320,0) {2.855121,2.389876,2.296800};
ST (1.150731,0.312252,0,1.172987,0.231821,0,1.241699,0.258954,0) {1.764641,1.806375,2.269645};
ST (0.258140,1.242706,0,0.231588,1.172927,0,0.312003,1.150150,0) {2.228817,1.810459,1.789051};
ST (0.771232,0.978942,0,0.695718,0.950394,0,0.785349,0.895241,0) {2.098272,1.716612,1.786677};
ST (0.978942,0.771232,0,0.895139,0.785253,0,0.950279,0.695604,0) {2.101999,1.787427,1.712081};
ST (0.688776,0.853016,0,0.785349,0.895241,0,0.695718,0.950394,0) {1.243916,1.789369,1.714671};
ST (0.852088,0.687852,0,0.950279,0.695604,0,0.895139,0.785253,0) {1.234756,1.708485,1.790857};
ST (1.128000,0.000000,0,1.256000,0.000000,0,1.195331,0.068264,0) {1.451627,2.137661,1.798230};
ST (0.000000,1.256000,0,0.000000,1.128000,0,0.068217,1.195221,0) {2.153327,1.419329,1.818633};
ST (0.258140,1.242706,0,0.160402,1.202495,0,0.231588,1.172927,0) {2.229188,1.910272,1.810049};
ST (1.203160,0.160686,0,1.241699,0.258954,0,1.172987,0.231821,0) {1.938182,2.261119,1.798317};
ST (0.258140,1.242706,0,0.187961,1.299225,0,0.160402,1.202495,0) {2.229479,2.468298,1.910309};
ST (1.203160,0.160686,0,1.299195,0.188086,0,1.241699,0.258954,0) {1.902336,2.506437,2.234626};
ST (0.978942,0.771232,0,1.048022,0.724336,0,1.045223,0.797736,0) {2.105990,2.255141,2.471520};
ST (0.771232,0.978942,0,0.797736,1.045223,0,0.724336,1.048022,0) {2.098779,2.487780,2.258588};
ST (1.082055,0.862910,0,0.984391,0.848393,0,1.045223,0.797736,0) {2.853133,2.400456,2.477273};
ST (0.862910,1.082055,0,0.797736,1.045223,0,0.848393,0.984391,0) {2.844437,2.486314,2.394060};
ST (1.128000,0.000000,0,1.195331,0.068264,0,1.100553,0.091395,0) {1.519743,1.805078,1.279672};
ST (0.000000,1.128000,0,0.091357,1.100466,0,0.068217,1.195221,0) {1.419563,1.283018,1.818244};
ST (1.203160,0.160686,0,1.284594,0.088737,0,1.299195,0.188086,0) {1.852475,2.386460,2.496294};
ST (0.160402,1.202495,0,0.187961,1.299225,0,0.088705,1.284520,0) {1.911111,2.468687,2.330328};
ST (0.978942,0.771232,0,1.045223,0.797736,0,0.984391,0.848393,0) {2.105965,2.475724,2.404041};
ST (0.771232,0.978942,0,0.848393,0.984391,0,0.797736,1.045223,0) {2.099314,2.395624,2.486354};
ST (0.160402,1.202495,0,0.088705,1.284520,0,0.068217,1.195221,0) {1.910775,2.330566,1.818166};
ST (1.203160,0.160686,0,1.195331,0.068264,0,1.284594,0.088737,0) {1.878240,1.774441,2.385258};
ST (0.000000,1.256000,0,0.068217,1.195221,0,0.088705,1.284520,0) {2.153349,1.818250,2.330452};
ST (1.256000,0.000000,0,1.284594,0.088737,0,1.195331,0.068264,0) {2.094819,2.320311,1.783223};
};