View "p " {
ST (0.905320,0.905320,0,0.848393,0.984391,0,0.785349,0.895241,0) {2.297967,2.397703,1.785292};
ST (0.905320,0.905320,0,0.895139,0.785253,0,0.984391,0.848393,0) {2.297146,1.785305,2.399695};
ST (0.839027,0.839027,0,0.905320,0.905320,0,0.785349,0.895241,0) {1.758971,2.299024,1.784202};
ST (0.839027,0.839027,0,0.895139,0.785253,0,0.905320,0.905320,0) {1.760805,1.789211,2.303514};
ST (0.994522,0.104528,0,1.094037,0.198761,0,0.978148,0.207912,0) {0.757431,1.298811,0.746393};
ST (0.207912,0.978148,0,0.198710,1.093919,0,0.104528,0.994522,0) {0.714986,1.325714,0.713986};
ST (0.913545,0.406737,0,0.983743,0.512947,0,0.866025,0.500000,0) {0.780529,1.239459,0.719569};
ST (0.500000,0.866025,0,0.512957,0.983753,0,0.406737,0.913545,0) {0.715270,1.311769,0.715068};
ST (0.809017,0.587785,0,0.852088,0.687852,0,0.743145,0.669131,0) {0.701074,1.229212,0.707334};
ST (0.669131,0.743145,0,0.688776,0.853016,0,0.587785,0.809017,0) {0.707413,1.232497,0.708753};
ST (0.913545,0.406737,0,0.997316,0.421290,0,0.983743,0.512947,0) {0.738183,1.305668,1.205061};
ST (0.406737,0.913545,0,0.512957,0.983753,0,0.421288,0.997308,0) {0.714758,1.312522,1.160924};
ST (1.322513,0.407941,0,1.288329,0.505632,0,1.205312,0.421615,0) {2.877536,2.862819,2.331526};
ST (0.505632,1.288329,0,0.407941,1.322513,0,0.421488,1.205043,0) {2.843808,2.843283,2.269340};
ST (0.809017,0.587785,0,0.914416,0.598468,0,0.852088,0.687852,0) {0.695722,1.198620,1.235124};
ST (0.587785,0.809017,0,0.688776,0.853016,0,0.598570,0.914519,0) {0.712151,1.234908,1.222561};
ST (0.743145,0.669131,0,0.852088,0.687852,0,0.777336,0.777372,0) {0.711250,1.234690,1.244647};
ST (0.669131,0.743145,0,0.777336,0.777372,0,0.688776,0.853016,0) {0.711278,1.249274,1.233208};
ST (1.246941,0.600495,0,1.198579,0.692000,0,1.130961,0.595377,0) {2.849861,2.845331,2.263443};
ST (0.692000,1.198579,0,0.600495,1.246941,0,0.595273,1.130948,0) {2.844064,2.843271,2.278771};
ST (1.098070,0.479124,0,0.983743,0.512947,0,0.997316,0.421290,0) {1.820081,1.251384,1.362108};
ST (0.479124,1.098070,0,0.421288,0.997308,0,0.512957,0.983753,0) {1.824711,1.160045,1.312674};
ST (1.098070,0.479124,0,0.997316,0.421290,0,1.056987,0.372376,0) {1.842024,1.386464,1.368359};
ST (0.479124,1.098070,0,0.372349,1.056922,0,0.421288,0.997308,0) {1.823962,1.376014,1.160210};
ST (0.994522,0.104528,0,1.100553,0.091395,0,1.094037,0.198761,0) {0.765795,1.347021,1.312153};
ST (0.104528,0.994522,0,0.198710,1.093919,0,0.091357,1.100466,0) {0.713473,1.325931,1.283453};
ST (0.000000,1.384000,0,0.088705,1.284520,0,0.103426,1.380130,0) {2.843153,2.329174,2.843380};
ST (1.384000,0.000000,0,1.380130,0.103426,0,1.284594,0.088737,0) {2.863931,2.854619,2.344740};
ST (0.951057,0.309017,0,1.056987,0.372376,0,0.997316,0.421290,0) {0.781972,1.370052,1.314635};
ST (0.309017,0.951057,0,0.421288,0.997308,0,0.372349,1.056922,0) {0.714650,1.161297,1.375573};
ST (0.307969,1.349300,0,0.206274,1.368542,0,0.187961,1.299225,0) {2.843380,2.843199,2.466857};
ST (1.368542,0.206274,0,1.349300,0.307969,0,1.299195,0.188086,0) {2.863298,2.826941,2.599251};
ST (0.000000,1.000000,0,0.104528,0.994522,0,0.091357,1.100466,0) {0.713341,0.713022,1.283435};
ST (1.000000,0.000000,0,1.100553,0.091395,0,0.994522,0.104528,0) {0.764117,1.286802,0.773951};
ST (1.023882,0.625971,0,0.914416,0.598468,0,0.983743,0.512947,0) {1.905643,1.265423,1.263059};
ST (0.625971,1.023882,0,0.512957,0.983753,0,0.598570,0.914519,0) {1.834838,1.311666,1.222734};
ST (0.866025,0.500000,0,0.983743,0.512947,0,0.914416,0.598468,0) {0.713308,1.265572,1.191977};
ST (0.500000,0.866025,0,0.598570,0.914519,0,0.512957,0.983753,0) {0.714826,1.222043,1.311200};
ST (0.307969,1.349300,0,0.187961,1.299225,0,0.258140,1.242706,0) {2.843459,2.467013,2.227259};
ST (1.349300,0.307969,0,1.241699,0.258954,0,1.299195,0.188086,0) {2.800407,2.302916,2.571742};
ST (1.288329,0.505632,0,1.193424,0.521605,0,1.205312,0.421615,0) {2.859364,2.409164,2.351318};
ST (0.505632,1.288329,0,0.421488,1.205043,0,0.520516,1.193287,0) {2.843936,2.269512,2.406758};
ST (0.406737,0.913545,0,0.421288,0.997308,0,0.309017,0.951057,0) {0.713697,1.160886,0.714162};
ST (0.951057,0.309017,0,0.997316,0.421290,0,0.913545,0.406737,0) {0.726909,1.296994,0.753890};
ST (1.246941,0.600495,0,1.130961,0.595377,0,1.193424,0.521605,0) {2.842299,2.266605,2.404166};
ST (0.600495,1.246941,0,0.520516,1.193287,0,0.595273,1.130948,0) {2.843247,2.406868,2.278960};
ST (0.000000,1.000000,0,0.091357,1.100466,0,0.000000,1.128000,0) {0.713377,1.283403,1.420108};
ST (1.000000,0.000000,0,1.128000,0.000000,0,1.100553,0.091395,0) {0.873439,1.496838,1.293178};
ST (0.000000,1.384000,0,0.000000,1.256000,0,0.088705,1.284520,0) {2.843207,2.153303,2.329142};
ST (1.384000,0.000000,0,1.284594,0.088737,0,1.256000,0.000000,0) {2.836649,2.320221,2.138082};
ST (1.150731,0.312252,0,1.056987,0.372376,0,1.045653,0.280041,0) {1.798875,1.366630,1.197993};
ST (0.312003,1.150150,0,0.279997,1.045551,0,0.372349,1.056922,0) {1.787453,1.161032,1.376784};
ST (1.203160,0.160686,0,1.094037,0.198761,0,1.100553,0.091395,0) {2.023613,1.326094,1.403649};
ST (0.160402,1.202495,0,0.091357,1.100466,0,0.198710,1.093919,0) {1.911409,1.283316,1.326177};
ST (1.023882,0.625971,0,1.130961,0.595377,0,1.113232,0.682006,0) {1.821828,2.277191,2.459032};
ST (0.625971,1.023882,0,0.681992,1.113230,0,0.595273,1.130948,0) {1.836020,2.428357,2.278813};
ST (0.852088,0.687852,0,0.895139,0.785253,0,0.777336,0.777372,0) {1.247703,1.778669,1.250725};
ST (0.777336,0.777372,0,0.785349,0.895241,0,0.688776,0.853016,0) {1.255698,1.793081,1.237553};
ST (1.150731,0.312252,0,1.256089,0.343584,0,1.205312,0.421615,0) {1.881901,2.402027,2.308039};
ST (0.312003,1.150150,0,0.421488,1.205043,0,0.343425,1.256110,0) {1.787335,2.269933,2.409442};
ST (0.978942,0.771232,0,0.984391,0.848393,0,0.895139,0.785253,0) {2.126493,2.405249,1.784202};
ST (0.771232,0.978942,0,0.785349,0.895241,0,0.848393,0.984391,0) {2.099541,1.785206,2.396726};
ST (1.098070,0.479124,0,1.205312,0.421615,0,1.193424,0.521605,0) {1.872436,2.352360,2.441313};
ST (0.479124,1.098070,0,0.520516,1.193287,0,0.421488,1.205043,0) {1.825588,2.407361,2.269283};
ST (1.098070,0.479124,0,1.059870,0.551938,0,0.983743,0.512947,0) {1.939619,1.847709,1.269863};
ST (0.479124,1.098070,0,0.512957,0.983753,0,0.551922,1.059869,0) {1.823664,1.310980,1.805779};
ST (1.098070,0.479124,0,1.193424,0.521605,0,1.130961,0.595377,0) {1.871259,2.432280,2.264120};
ST (0.479124,1.098070,0,0.595273,1.130948,0,0.520516,1.193287,0) {1.825820,2.279309,2.407465};
ST (1.150731,0.312252,0,1.045653,0.280041,0,1.094037,0.198761,0) {1.835694,1.203047,1.301538};
ST (0.312003,1.150150,0,0.198710,1.093919,0,0.279997,1.045551,0) {1.786958,1.325446,1.161117};
ST (1.380130,0.103426,0,1.368542,0.206274,0,1.299195,0.188086,0) {2.811856,2.837824,2.553342};
ST (0.206274,1.368542,0,0.103426,1.380130,0,0.187961,1.299225,0) {2.843276,2.843197,2.466907};
ST (1.023882,0.625971,0,0.983743,0.512947,0,1.059870,0.551938,0) {1.864785,1.228254,1.830811};
ST (0.625971,1.023882,0,0.551922,1.059869,0,0.512957,0.983753,0) {1.836696,1.806487,1.312197};
ST (0.951057,0.309017,0,1.045653,0.280041,0,1.056987,0.372376,0) {0.787130,1.204868,1.378331};
ST (0.309017,0.951057,0,0.372349,1.056922,0,0.279997,1.045551,0) {0.714396,1.375798,1.161922};
ST (1.098070,0.479124,0,1.056987,0.372376,0,1.126900,0.399588,0) {1.827933,1.348994,1.795364};
ST (0.479124,1.098070,0,0.399521,1.126747,0,0.372349,1.056922,0) {1.825230,1.808433,1.376899};
ST (1.150731,0.312252,0,1.126900,0.399588,0,1.056987,0.372376,0) {1.841538,1.799875,1.362047};
ST (0.312003,1.150150,0,0.372349,1.056922,0,0.399521,1.126747,0) {1.786813,1.375997,1.808738};
ST (0.839027,0.839027,0,0.777336,0.777372,0,0.895139,0.785253,0) {1.756845,1.260145,1.795135};
ST (0.839027,0.839027,0,0.785349,0.895241,0,0.777336,0.777372,0) {1.750809,1.784204,1.246338};
ST (0.978148,0.207912,0,1.094037,0.198761,0,1.045653,0.280041,0) {0.758957,1.338994,1.179384};
ST (0.207912,0.978148,0,0.279997,1.045551,0,0.198710,1.093919,0) {0.714663,1.162229,1.324559};
ST (1.150731,0.312252,0,1.241699,0.258954,0,1.256089,0.343584,0) {1.883070,2.311961,2.416661};
ST (0.258140,1.242706,0,0.312003,1.150150,0,0.343425,1.256110,0) {2.227458,1.787332,2.409350};
ST (1.023882,0.625971,0,1.113232,0.682006,0,1.048022,0.724336,0) {1.816744,2.447888,2.269642};
ST (0.625971,1.023882,0,0.724336,1.048022,0,0.681992,1.113230,0) {1.836616,2.256519,2.428601};
ST (1.380130,0.103426,0,1.299195,0.188086,0,1.284594,0.088737,0) {2.835059,2.564349,2.362490};
ST (0.103426,1.380130,0,0.088705,1.284520,0,0.187961,1.299225,0) {2.843306,2.329214,2.466925};
ST (0.852088,0.687852,0,0.914416,0.598468,0,0.950279,0.695604,0) {1.243027,1.198851,1.714313};
ST (0.688776,0.853016,0,0.695718,0.950394,0,0.598570,0.914519,0) {1.235093,1.711084,1.221731};
ST (0.866025,0.500000,0,0.914416,0.598468,0,0.809017,0.587785,0) {0.650125,1.176425,0.677519};
ST (0.587785,0.809017,0,0.598570,0.914519,0,0.500000,0.866025,0) {0.711788,1.221977,0.714329};
ST (1.150731,0.312252,0,1.205312,0.421615,0,1.126900,0.399588,0) {1.889056,2.308521,1.871940};
ST (0.312003,1.150150,0,0.399521,1.126747,0,0.421488,1.205043,0) {1.787530,1.809873,2.270372};
ST (1.198579,0.692000,0,1.113232,0.682006,0,1.130961,0.595377,0) {2.845743,2.430669,2.275733};
ST (0.692000,1.198579,0,0.595273,1.130948,0,0.681992,1.113230,0) {2.844355,2.279209,2.427408};
ST (1.014544,0.941359,0,0.941359,1.014544,0,0.905320,0.905320,0) {2.846945,2.846883,2.294021};
ST (1.023882,0.625971,0,1.059870,0.551938,0,1.130961,0.595377,0) {1.822125,1.873131,2.283209};
ST (0.625971,1.023882,0,0.595273,1.130948,0,0.551922,1.059869,0) {1.836604,2.279348,1.807394};
ST (1.098070,0.479124,0,1.126900,0.399588,0,1.205312,0.421615,0) {1.867831,1.871885,2.354529};
ST (0.479124,1.098070,0,0.421488,1.205043,0,0.399521,1.126747,0) {1.826140,2.269762,1.809901};
ST (0.743145,0.669131,0,0.777336,0.777372,0,0.669131,0.743145,0) {0.711492,1.245928,0.709550};
ST (1.322513,0.407941,0,1.205312,0.421615,0,1.256089,0.343584,0) {2.876914,2.330344,2.385461};
ST (0.407941,1.322513,0,0.343425,1.256110,0,0.421488,1.205043,0) {2.843297,2.409032,2.269627};
ST (1.098070,0.479124,0,1.130961,0.595377,0,1.059870,0.551938,0) {1.904040,2.281561,1.884380};
ST (0.479124,1.098070,0,0.551922,1.059869,0,0.595273,1.130948,0) {1.825657,1.807182,2.279339};
ST (1.150731,0.312252,0,1.094037,0.198761,0,1.172987,0.231821,0) {1.837872,1.289914,1.802793};
ST (0.312003,1.150150,0,0.231588,1.172927,0,0.198710,1.093919,0) {1.787959,1.810164,1.325991};
ST (0.978942,0.771232,0,0.950279,0.695604,0,1.048022,0.724336,0) {2.108800,1.732467,2.243326};
ST (0.771232,0.978942,0,0.724336,1.048022,0,0.695718,0.950394,0) {2.099347,2.254078,1.708667};
ST (1.023882,0.625971,0,1.048022,0.724336,0,0.950279,0.695604,0) {1.861512,2.291992,1.765473};
ST (0.625971,1.023882,0,0.695718,0.950394,0,0.724336,1.048022,0) {1.836291,1.709810,2.255922};
ST (1.203160,0.160686,0,1.100553,0.091395,0,1.195331,0.068264,0) {1.980652,1.383879,1.814878};
ST (0.160402,1.202495,0,0.068217,1.195221,0,0.091357,1.100466,0) {1.910619,1.819101,1.283082};
ST (0.978148,0.207912,0,1.045653,0.280041,0,0.951057,0.309017,0) {0.715109,1.156004,0.767351};
ST (0.309017,0.951057,0,0.279997,1.045551,0,0.207912,0.978148,0) {0.713176,1.162534,0.714508};
ST (1.203160,0.160686,0,1.172987,0.231821,0,1.094037,0.198761,0) {2.034132,1.826513,1.326167};
ST (0.160402,1.202495,0,0.198710,1.093919,0,0.231588,1.172927,0) {1.910835,1.325073,1.810377};
ST (1.023882,0.625971,0,0.950279,0.695604,0,0.914416,0.598468,0) {1.851413,1.717908,1.245238};
ST (0.625971,1.023882,0,0.598570,0.914519,0,0.695718,0.950394,0) {1.834849,1.222822,1.710713};
ST (0.307969,1.349300,0,0.258140,1.242706,0,0.343425,1.256110,0) {2.843450,2.227234,2.409003};
ST (1.349300,0.307969,0,1.256089,0.343584,0,1.241699,0.258954,0) {2.831206,2.392990,2.303864};
ST (1.288329,0.505632,0,1.246941,0.600495,0,1.193424,0.521605,0) {2.837273,2.839602,2.390897};
ST (0.600495,1.246941,0,0.505632,1.288329,0,0.520516,1.193287,0) {2.843155,2.843754,2.406473};
ST (0.941359,1.014544,0,0.862910,1.082055,0,0.848393,0.984391,0) {2.845622,2.844889,2.394460};
ST (1.082055,0.862910,0,1.014544,0.941359,0,0.984391,0.848393,0) {2.844143,2.846872,2.395287};
ST (1.143514,0.779635,0,1.082055,0.862910,0,1.045223,0.797736,0) {2.847801,2.842325,2.477339};
ST (0.862910,1.082055,0,0.779635,1.143514,0,0.797736,1.045223,0) {2.843995,2.842979,2.479771};
ST (0.779635,1.143514,0,0.692000,1.198579,0,0.681992,1.113230,0) {2.842382,2.844114,2.426884};
ST (1.198579,0.692000,0,1.143514,0.779635,0,1.113232,0.682006,0) {2.827208,2.837196,2.415456};
ST (0.407941,1.322513,0,0.307969,1.349300,0,0.343425,1.256110,0) {2.843270,2.843360,2.408850};
ST (1.349300,0.307969,0,1.322513,0.407941,0,1.256089,0.343584,0) {2.828207,2.877361,2.373243};
ST (1.143514,0.779635,0,1.045223,0.797736,0,1.048022,0.724336,0) {2.852292,2.488319,2.232724};
ST (0.779635,1.143514,0,0.724336,1.048022,0,0.797736,1.045223,0) {2.842487,2.256049,2.479723};
ST (1.143514,0.779635,0,1.048022,0.724336,0,1.113232,0.682006,0) {2.839971,2.232101,2.420202};
ST (0.779635,1.143514,0,0.681992,1.113230,0,0.724336,1.048022,0) {2.842791,2.427616,2.255691};
ST (1.014544,0.941359,0,0.905320,0.905320,0,0.984391,0.848393,0) {2.847428,2.295914,2.394164};
ST (0.941359,1.014544,0,0.848393,0.984391,0,0.905320,0.905320,0) {2.846270,2.395008,2.294439};
ST (1.150731,0.312252,0,1.172987,0.231821,0,1.241699,0.258954,0) {1.875587,1.868692,2.318456};
ST (0.258140,1.242706,0,0.231588,1.172927,0,0.312003,1.150150,0) {2.227886,1.810686,1.787949};
ST (0.771232,0.978942,0,0.695718,0.950394,0,0.785349,0.895241,0) {2.103565,1.711126,1.790577};
ST (0.978942,0.771232,0,0.895139,0.785253,0,0.950279,0.695604,0) {2.120963,1.799676,1.732969};
ST (0.688776,0.853016,0,0.785349,0.895241,0,0.695718,0.950394,0) {1.237720,1.788301,1.710682};
ST (0.852088,0.687852,0,0.950279,0.695604,0,0.895139,0.785253,0) {1.247171,1.736990,1.792449};
ST (1.128000,0.000000,0,1.256000,0.000000,0,1.195331,0.068264,0) {1.495525,2.182658,1.867642};
ST (0.000000,1.256000,0,0.000000,1.128000,0,0.068217,1.195221,0) {2.154141,1.418887,1.818928};
ST (0.258140,1.242706,0,0.160402,1.202495,0,0.231588,1.172927,0) {2.227723,1.910451,1.810602};
ST (1.203160,0.160686,0,1.241699,0.258954,0,1.172987,0.231821,0) {2.022237,2.315960,1.889098};
ST (0.258140,1.242706,0,0.187961,1.299225,0,0.160402,1.202495,0) {2.227558,2.467189,1.910191};
ST (1.203160,0.160686,0,1.299195,0.188086,0,1.241699,0.258954,0) {1.973526,2.596731,2.294133};
ST (0.978942,0.771232,0,1.048022,0.724336,0,1.045223,0.797736,0) {2.123594,2.238347,2.494064};
ST (0.771232,0.978942,0,0.797736,1.045223,0,0.724336,1.048022,0) {2.098143,2.481147,2.255398};
ST (1.082055,0.862910,0,0.984391,0.848393,0,1.045223,0.797736,0) {2.843985,2.396683,2.480006};
ST (0.862910,1.082055,0,0.797736,1.045223,0,0.848393,0.984391,0) {2.844893,2.479454,2.394916};
ST (1.128000,0.000000,0,1.195331,0.068264,0,1.100553,0.091395,0) {1.566814,1.854110,1.486890};
ST (0.000000,1.128000,0,0.091357,1.100466,0,0.068217,1.195221,0) {1.419265,1.283255,1.819308};
ST (1.203160,0.160686,0,1.284594,0.088737,0,1.299195,0.188086,0) {1.961387,2.405822,2.623412};
ST (0.160402,1.202495,0,0.187961,1.299225,0,0.088705,1.284520,0) {1.910157,2.467132,2.329199};
ST (0.978942,0.771232,0,1.045223,0.797736,0,0.984391,0.848393,0) {2.118775,2.478881,2.405665};
ST (0.771232,0.978942,0,0.848393,0.984391,0,0.797736,1.045223,0) {2.097485,2.394455,2.478835};
ST (0.160402,1.202495,0,0.088705,1.284520,0,0.068217,1.195221,0) {1.910399,2.329307,1.818570};
ST (1.203160,0.160686,0,1.195331,0.068264,0,1.284594,0.088737,0) {2.012304,1.896656,2.419254};
ST (0.000000,1.256000,0,0.068217,1.195221,0,0.088705,1.284520,0) {2.153760,1.818512,2.329119};
ST (1.256000,0.000000,0,1.284594,0.088737,0,1.195331,0.068264,0) {1.985403,2.305218,1.922227};
};