View "Density " {
ST (0.905320,0.905320,0,0.848393,0.984391,0,0.785349,0.895241,0) {4.219637,4.837240,3.911266};
ST (0.905320,0.905320,0,0.895139,0.785253,0,0.984391,0.848393,0) {4.130538,4.003910,4.087580};
ST (0.839027,0.839027,0,0.905320,0.905320,0,0.785349,0.895241,0) {4.063025,4.272081,3.842855};
ST (0.839027,0.839027,0,0.895139,0.785253,0,0.905320,0.905320,0) {4.104225,3.958252,4.251577};
ST (0.994522,0.104528,0,1.094037,0.198761,0,0.978148,0.207912,0) {2.549023,3.624134,2.758442};
ST (0.207912,0.978148,0,0.198710,1.093919,0,0.104528,0.994522,0) {2.070041,2.572201,1.094904};
ST (0.913545,0.406737,0,0.983743,0.512947,0,0.866025,0.500000,0) {3.251505,3.106574,3.414373};
ST (0.500000,0.866025,0,0.512957,0.983753,0,0.406737,0.913545,0) {2.006975,3.220127,2.299213};
ST (0.809017,0.587785,0,0.852088,0.687852,0,0.743145,0.669131,0) {2.395322,3.138960,0.924461};
ST (0.669131,0.743145,0,0.688776,0.853016,0,0.587785,0.809017,0) {1.744542,2.281275,1.992114};
ST (0.913545,0.406737,0,0.997316,0.421290,0,0.983743,0.512947,0) {3.221547,3.673340,3.084508};
ST (0.406737,0.913545,0,0.512957,0.983753,0,0.421288,0.997308,0) {2.298168,3.270220,3.634945};
ST (1.322513,0.407941,0,1.288329,0.505632,0,1.205312,0.421615,0) {3.876520,3.989948,3.345002};
ST (0.505632,1.288329,0,0.407941,1.322513,0,0.421488,1.205043,0) {3.229940,3.586049,2.979002};
ST (0.809017,0.587785,0,0.914416,0.598468,0,0.852088,0.687852,0) {2.340755,2.857513,3.268636};
ST (0.587785,0.809017,0,0.688776,0.853016,0,0.598570,0.914519,0) {1.996861,2.315561,2.732424};
ST (0.743145,0.669131,0,0.852088,0.687852,0,0.777336,0.777372,0) {0.997417,3.211899,2.871183};
ST (0.669131,0.743145,0,0.777336,0.777372,0,0.688776,0.853016,0) {1.741457,2.759465,2.191660};
ST (1.246941,0.600495,0,1.198579,0.692000,0,1.130961,0.595377,0) {4.013757,4.143425,3.713296};
ST (0.692000,1.198579,0,0.600495,1.246941,0,0.595273,1.130948,0) {2.823213,3.053465,2.831206};
ST (1.098070,0.479124,0,0.983743,0.512947,0,0.997316,0.421290,0) {2.826638,2.949006,3.671300};
ST (0.479124,1.098070,0,0.421288,0.997308,0,0.512957,0.983753,0) {2.786513,3.657557,3.456147};
ST (1.098070,0.479124,0,0.997316,0.421290,0,1.056987,0.372376,0) {2.841443,3.706016,3.652296};
ST (0.479124,1.098070,0,0.372349,1.056922,0,0.421288,0.997308,0) {2.700836,2.531320,3.637606};
ST (0.994522,0.104528,0,1.100553,0.091395,0,1.094037,0.198761,0) {2.610386,3.786778,3.591473};
ST (0.104528,0.994522,0,0.198710,1.093919,0,0.091357,1.100466,0) {1.084372,2.663673,2.451526};
ST (0.000000,1.384000,0,0.088705,1.284520,0,0.103426,1.380130,0) {5.098959,4.241745,4.274379};
ST (1.384000,0.000000,0,1.380130,0.103426,0,1.284594,0.088737,0) {5.089169,2.718467,3.486885};
ST (0.951057,0.309017,0,1.056987,0.372376,0,0.997316,0.421290,0) {2.976743,3.674032,3.824676};
ST (0.309017,0.951057,0,0.421288,0.997308,0,0.372349,1.056922,0) {3.145180,3.529461,2.681261};
ST (0.307969,1.349300,0,0.206274,1.368542,0,0.187961,1.299225,0) {3.738331,4.062708,3.811062};
ST (1.368542,0.206274,0,1.349300,0.307969,0,1.299195,0.188086,0) {3.703661,3.703486,3.557630};
ST (0.000000,1.000000,0,0.104528,0.994522,0,0.091357,1.100466,0) {0.919613,1.199941,2.364413};
ST (1.000000,0.000000,0,1.100553,0.091395,0,0.994522,0.104528,0) {1.895686,4.041618,2.603450};
ST (1.023882,0.625971,0,0.914416,0.598468,0,0.983743,0.512947,0) {3.422059,2.804144,2.908049};
ST (0.625971,1.023882,0,0.512957,0.983753,0,0.598570,0.914519,0) {3.597800,3.232667,2.736944};
ST (0.866025,0.500000,0,0.983743,0.512947,0,0.914416,0.598468,0) {3.419863,3.062558,2.719897};
ST (0.500000,0.866025,0,0.598570,0.914519,0,0.512957,0.983753,0) {1.997391,2.669814,3.198094};
ST (0.307969,1.349300,0,0.187961,1.299225,0,0.258140,1.242706,0) {3.759070,3.801511,3.400541};
ST (1.349300,0.307969,0,1.241699,0.258954,0,1.299195,0.188086,0) {3.704189,3.242815,3.560894};
ST (1.288329,0.505632,0,1.193424,0.521605,0,1.205312,0.421615,0) {3.970649,3.720033,3.343703};
ST (0.505632,1.288329,0,0.421488,1.205043,0,0.520516,1.193287,0) {3.244845,2.963849,2.868171};
ST (0.406737,0.913545,0,0.421288,0.997308,0,0.309017,0.951057,0) {2.334054,3.572604,3.027410};
ST (0.951057,0.309017,0,0.997316,0.421290,0,0.913545,0.406737,0) {2.953473,3.806226,3.088076};
ST (1.246941,0.600495,0,1.130961,0.595377,0,1.193424,0.521605,0) {4.043682,3.698421,3.733233};
ST (0.600495,1.246941,0,0.520516,1.193287,0,0.595273,1.130948,0) {3.017245,2.836432,2.831428};
ST (0.000000,1.000000,0,0.091357,1.100466,0,0.000000,1.128000,0) {0.946002,2.408443,2.673291};
ST (1.000000,0.000000,0,1.128000,0.000000,0,1.100553,0.091395,0) {1.683180,2.727982,4.216105};
ST (0.000000,1.384000,0,0.000000,1.256000,0,0.088705,1.284520,0) {5.077589,4.071767,4.280454};
ST (1.384000,0.000000,0,1.284594,0.088737,0,1.256000,0.000000,0) {4.792142,3.840210,4.321025};
ST (1.150731,0.312252,0,1.056987,0.372376,0,1.045653,0.280041,0) {3.416355,3.622648,3.762564};
ST (0.312003,1.150150,0,0.279997,1.045551,0,0.372349,1.056922,0) {2.674472,2.723968,2.612586};
ST (1.203160,0.160686,0,1.094037,0.198761,0,1.100553,0.091395,0) {3.672174,3.802435,3.720717};
ST (0.160402,1.202495,0,0.091357,1.100466,0,0.198710,1.093919,0) {3.639236,2.541892,2.743580};
ST (1.023882,0.625971,0,1.130961,0.595377,0,1.113232,0.682006,0) {3.522744,3.735002,3.939455};
ST (0.625971,1.023882,0,0.681992,1.113230,0,0.595273,1.130948,0) {3.536220,2.933452,2.836724};
ST (0.852088,0.687852,0,0.895139,0.785253,0,0.777336,0.777372,0) {3.400279,4.082694,2.967221};
ST (0.777336,0.777372,0,0.785349,0.895241,0,0.688776,0.853016,0) {2.816363,3.439399,2.153686};
ST (1.150731,0.312252,0,1.256089,0.343584,0,1.205312,0.421615,0) {3.244267,3.509259,3.338522};
ST (0.312003,1.150150,0,0.421488,1.205043,0,0.343425,1.256110,0) {2.726534,2.969670,3.381923};
ST (0.978942,0.771232,0,0.984391,0.848393,0,0.895139,0.785253,0) {3.895915,4.125627,3.972192};
ST (0.771232,0.978942,0,0.785349,0.895241,0,0.848393,0.984391,0) {3.701060,3.742443,4.931271};
ST (1.098070,0.479124,0,1.205312,0.421615,0,1.193424,0.521605,0) {3.017230,3.350864,3.731179};
ST (0.479124,1.098070,0,0.520516,1.193287,0,0.421488,1.205043,0) {2.675714,2.865562,2.960122};
ST (1.098070,0.479124,0,1.059870,0.551938,0,0.983743,0.512947,0) {2.916939,3.323451,2.879228};
ST (0.479124,1.098070,0,0.512957,0.983753,0,0.551922,1.059869,0) {2.787198,3.449182,3.114979};
ST (1.098070,0.479124,0,1.193424,0.521605,0,1.130961,0.595377,0) {3.025895,3.718403,3.727833};
ST (0.479124,1.098070,0,0.595273,1.130948,0,0.520516,1.193287,0) {2.677818,2.802157,2.854691};
ST (1.150731,0.312252,0,1.045653,0.280041,0,1.094037,0.198761,0) {3.415254,3.785934,3.832128};
ST (0.312003,1.150150,0,0.198710,1.093919,0,0.279997,1.045551,0) {2.688181,2.729880,2.699992};
ST (1.380130,0.103426,0,1.368542,0.206274,0,1.299195,0.188086,0) {2.905265,3.734835,3.624327};
ST (0.206274,1.368542,0,0.103426,1.380130,0,0.187961,1.299225,0) {4.025553,4.380012,3.816763};
ST (1.023882,0.625971,0,0.983743,0.512947,0,1.059870,0.551938,0) {3.434518,2.890700,3.298517};
ST (0.625971,1.023882,0,0.551922,1.059869,0,0.512957,0.983753,0) {3.507301,3.146648,3.377556};
ST (0.951057,0.309017,0,1.045653,0.280041,0,1.056987,0.372376,0) {2.937905,3.682943,3.660073};
ST (0.309017,0.951057,0,0.372349,1.056922,0,0.279997,1.045551,0) {3.211282,2.689208,2.753896};
ST (1.098070,0.479124,0,1.056987,0.372376,0,1.126900,0.399588,0) {2.877688,3.644930,3.360226};
ST (0.479124,1.098070,0,0.399521,1.126747,0,0.372349,1.056922,0) {2.682536,2.687527,2.541497};
ST (1.150731,0.312252,0,1.126900,0.399588,0,1.056987,0.372376,0) {3.387032,3.383982,3.626133};
ST (0.312003,1.150150,0,0.372349,1.056922,0,0.399521,1.126747,0) {2.684405,2.587378,2.668621};
ST (0.839027,0.839027,0,0.777336,0.777372,0,0.895139,0.785253,0) {4.119901,2.961428,4.049305};
ST (0.839027,0.839027,0,0.785349,0.895241,0,0.777336,0.777372,0) {4.185803,3.556092,2.814075};
ST (0.978148,0.207912,0,1.094037,0.198761,0,1.045653,0.280041,0) {2.735012,3.691645,3.786910};
ST (0.207912,0.978148,0,0.279997,1.045551,0,0.198710,1.093919,0) {2.045921,2.742037,2.623436};
ST (1.150731,0.312252,0,1.241699,0.258954,0,1.256089,0.343584,0) {3.212654,3.265873,3.535658};
ST (0.258140,1.242706,0,0.312003,1.150150,0,0.343425,1.256110,0) {3.411659,2.729008,3.380021};
ST (1.023882,0.625971,0,1.113232,0.682006,0,1.048022,0.724336,0) {3.519051,3.941305,3.858847};
ST (0.625971,1.023882,0,0.724336,1.048022,0,0.681992,1.113230,0) {3.541347,3.507453,2.917213};
ST (1.380130,0.103426,0,1.299195,0.188086,0,1.284594,0.088737,0) {2.827033,3.643689,3.595453};
ST (0.103426,1.380130,0,0.088705,1.284520,0,0.187961,1.299225,0) {4.324894,4.204766,3.810993};
ST (0.852088,0.687852,0,0.914416,0.598468,0,0.950279,0.695604,0) {3.450923,2.855572,3.680441};
ST (0.688776,0.853016,0,0.695718,0.950394,0,0.598570,0.914519,0) {2.263801,2.714528,2.847031};
ST (0.866025,0.500000,0,0.914416,0.598468,0,0.809017,0.587785,0) {3.396090,2.720241,2.391972};
ST (0.587785,0.809017,0,0.598570,0.914519,0,0.500000,0.866025,0) {2.002182,2.676855,1.959190};
ST (1.150731,0.312252,0,1.205312,0.421615,0,1.126900,0.399588,0) {3.281551,3.332979,3.350346};
ST (0.312003,1.150150,0,0.399521,1.126747,0,0.421488,1.205043,0) {2.708607,2.669361,2.975462};
ST (1.198579,0.692000,0,1.113232,0.682006,0,1.130961,0.595377,0) {4.111582,3.922125,3.724390};
ST (0.692000,1.198579,0,0.595273,1.130948,0,0.681992,1.113230,0) {2.768899,2.860028,2.870807};
ST (1.014544,0.941359,0,0.941359,1.014544,0,0.905320,0.905320,0) {4.431195,4.200732,4.059132};
ST (1.023882,0.625971,0,1.059870,0.551938,0,1.130961,0.595377,0) {3.503476,3.298515,3.747729};
ST (0.625971,1.023882,0,0.595273,1.130948,0,0.551922,1.059869,0) {3.512168,2.829442,3.077896};
ST (1.098070,0.479124,0,1.126900,0.399588,0,1.205312,0.421615,0) {2.964921,3.291363,3.369345};
ST (0.479124,1.098070,0,0.421488,1.205043,0,0.399521,1.126747,0) {2.676610,2.962181,2.679988};
ST (0.743145,0.669131,0,0.777336,0.777372,0,0.669131,0.743145,0) {1.175739,2.783206,1.760468};
ST (1.322513,0.407941,0,1.205312,0.421615,0,1.256089,0.343584,0) {3.906700,3.324564,3.523695};
ST (0.407941,1.322513,0,0.343425,1.256110,0,0.421488,1.205043,0) {3.556797,3.365892,2.984899};
ST (1.098070,0.479124,0,1.130961,0.595377,0,1.059870,0.551938,0) {3.003379,3.746502,3.306494};
ST (0.479124,1.098070,0,0.551922,1.059869,0,0.595273,1.130948,0) {2.699382,3.092447,2.795773};
ST (1.150731,0.312252,0,1.094037,0.198761,0,1.172987,0.231821,0) {3.357226,3.911597,3.852360};
ST (0.312003,1.150150,0,0.231588,1.172927,0,0.198710,1.093919,0) {2.692692,3.221011,2.772461};
ST (0.978942,0.771232,0,0.950279,0.695604,0,1.048022,0.724336,0) {3.911588,3.560036,3.874628};
ST (0.771232,0.978942,0,0.724336,1.048022,0,0.695718,0.950394,0) {3.597797,3.421181,2.569135};
ST (1.023882,0.625971,0,1.048022,0.724336,0,0.950279,0.695604,0) {3.493956,3.872819,3.581229};
ST (0.625971,1.023882,0,0.695718,0.950394,0,0.724336,1.048022,0) {3.602153,2.679155,3.436998};
ST (1.203160,0.160686,0,1.100553,0.091395,0,1.195331,0.068264,0) {3.560961,3.834919,4.516061};
ST (0.160402,1.202495,0,0.068217,1.195221,0,0.091357,1.100466,0) {3.648853,3.549100,2.546150};
ST (0.978148,0.207912,0,1.045653,0.280041,0,0.951057,0.309017,0) {2.756863,3.752854,2.819774};
ST (0.309017,0.951057,0,0.279997,1.045551,0,0.207912,0.978148,0) {3.174365,2.724536,2.054552};
ST (1.203160,0.160686,0,1.172987,0.231821,0,1.094037,0.198761,0) {3.647776,3.909105,3.904110};
ST (0.160402,1.202495,0,0.198710,1.093919,0,0.231588,1.172927,0) {3.611628,2.779230,3.200440};
ST (1.023882,0.625971,0,0.950279,0.695604,0,0.914416,0.598468,0) {3.436796,3.660443,2.842662};
ST (0.625971,1.023882,0,0.598570,0.914519,0,0.695718,0.950394,0) {3.607954,2.792143,2.766356};
ST (0.307969,1.349300,0,0.258140,1.242706,0,0.343425,1.256110,0) {3.772058,3.393571,3.378788};
ST (1.349300,0.307969,0,1.256089,0.343584,0,1.241699,0.258954,0) {3.712345,3.552904,3.249639};
ST (1.288329,0.505632,0,1.246941,0.600495,0,1.193424,0.521605,0) {3.937832,4.069731,3.737983};
ST (0.600495,1.246941,0,0.505632,1.288329,0,0.520516,1.193287,0) {2.992695,3.271489,2.859996};
ST (0.941359,1.014544,0,0.862910,1.082055,0,0.848393,0.984391,0) {4.133432,5.712584,4.729092};
ST (1.082055,0.862910,0,1.014544,0.941359,0,0.984391,0.848393,0) {4.166873,4.519691,4.136285};
ST (1.143514,0.779635,0,1.082055,0.862910,0,1.045223,0.797736,0) {4.275041,4.233449,4.105804};
ST (0.862910,1.082055,0,0.779635,1.143514,0,0.797736,1.045223,0) {5.717322,4.305865,5.220560};
ST (0.779635,1.143514,0,0.692000,1.198579,0,0.681992,1.113230,0) {4.019153,2.748789,2.830146};
ST (1.198579,0.692000,0,1.143514,0.779635,0,1.113232,0.682006,0) {4.092149,4.340576,3.922183};
ST (0.407941,1.322513,0,0.307969,1.349300,0,0.343425,1.256110,0) {3.523695,3.794093,3.377504};
ST (1.349300,0.307969,0,1.322513,0.407941,0,1.256089,0.343584,0) {3.718352,3.924298,3.543901};
ST (1.143514,0.779635,0,1.045223,0.797736,0,1.048022,0.724336,0) {4.276493,4.100090,3.852485};
ST (0.779635,1.143514,0,0.724336,1.048022,0,0.797736,1.045223,0) {4.239345,3.479608,5.187434};
ST (1.143514,0.779635,0,1.048022,0.724336,0,1.113232,0.682006,0) {4.300884,3.833620,3.937300};
ST (0.779635,1.143514,0,0.681992,1.113230,0,0.724336,1.048022,0) {4.111176,2.847536,3.555162};
ST (1.014544,0.941359,0,0.905320,0.905320,0,0.984391,0.848393,0) {4.483775,4.028187,4.136290};
ST (0.941359,1.014544,0,0.848393,0.984391,0,0.905320,0.905320,0) {4.189895,4.720310,4.056915};
ST (1.150731,0.312252,0,1.172987,0.231821,0,1.241699,0.258954,0) {3.240237,3.839528,3.274377};
ST (0.258140,1.242706,0,0.231588,1.172927,0,0.312003,1.150150,0) {3.418138,3.182069,2.713654};
ST (0.771232,0.978942,0,0.695718,0.950394,0,0.785349,0.895241,0) {3.624145,2.486530,3.572576};
ST (0.978942,0.771232,0,0.895139,0.785253,0,0.950279,0.695604,0) {3.912984,3.934518,3.545407};
ST (0.688776,0.853016,0,0.785349,0.895241,0,0.695718,0.950394,0) {2.188761,3.425069,2.621436};
ST (0.852088,0.687852,0,0.950279,0.695604,0,0.895139,0.785253,0) {3.508793,3.619398,3.999528};
ST (1.128000,0.000000,0,1.256000,0.000000,0,1.195331,0.068264,0) {2.917877,3.989820,4.691034};
ST (0.000000,1.256000,0,0.000000,1.128000,0,0.068217,1.195221,0) {4.069374,2.679164,3.526311};
ST (0.258140,1.242706,0,0.160402,1.202495,0,0.231588,1.172927,0) {3.396585,3.575744,3.182184};
ST (1.203160,0.160686,0,1.241699,0.258954,0,1.172987,0.231821,0) {3.716204,3.363211,3.831861};
ST (0.258140,1.242706,0,0.187961,1.299225,0,0.160402,1.202495,0) {3.390754,3.789467,3.576771};
ST (1.203160,0.160686,0,1.299195,0.188086,0,1.241699,0.258954,0) {3.790136,3.608336,3.327504};
ST (0.978942,0.771232,0,1.048022,0.724336,0,1.045223,0.797736,0) {3.913589,3.877719,4.119552};
ST (0.771232,0.978942,0,0.797736,1.045223,0,0.724336,1.048022,0) {3.704741,5.132235,3.438709};
ST (1.082055,0.862910,0,0.984391,0.848393,0,1.045223,0.797736,0) {4.192557,4.125865,4.117831};
ST (0.862910,1.082055,0,0.797736,1.045223,0,0.848393,0.984391,0) {5.733855,5.155591,4.699629};
ST (1.128000,0.000000,0,1.195331,0.068264,0,1.100553,0.091395,0) {3.012933,4.627339,3.971865};
ST (0.000000,1.128000,0,0.091357,1.100466,0,0.068217,1.195221,0) {2.666830,2.523582,3.549807};
ST (1.203160,0.160686,0,1.284594,0.088737,0,1.299195,0.188086,0) {3.750244,3.680852,3.670803};
ST (0.160402,1.202495,0,0.187961,1.299225,0,0.088705,1.284520,0) {3.598059,3.777757,4.245275};
ST (0.978942,0.771232,0,1.045223,0.797736,0,0.984391,0.848393,0) {3.918725,4.118775,4.136984};
ST (0.771232,0.978942,0,0.848393,0.984391,0,0.797736,1.045223,0) {3.807751,4.794325,5.089763};
ST (0.160402,1.202495,0,0.088705,1.284520,0,0.068217,1.195221,0) {3.603165,4.275357,3.569498};
ST (1.203160,0.160686,0,1.195331,0.068264,0,1.284594,0.088737,0) {3.604218,4.511322,3.847418};
ST (0.000000,1.256000,0,0.068217,1.195221,0,0.088705,1.284520,0) {4.072894,3.547373,4.289755};
ST (1.256000,0.000000,0,1.284594,0.088737,0,1.195331,0.068264,0) {4.294892,3.825625,4.623655};
};