View "E " {
ST (0.829400,1.107949,0,0.797284,1.089301,0,0.830306,1.044141,0) {16.765819,16.590525,15.611022};
ST (0.797284,1.089301,0,0.798190,1.025493,0,0.830306,1.044141,0) {16.567933,14.925506,15.591569};
ST (0.797284,1.089301,0,0.765168,1.070653,0,0.798190,1.025493,0) {16.527394,16.472284,14.918277};
ST (0.830306,1.044141,0,0.798190,1.025493,0,0.831212,0.980334,0) {15.580989,14.960898,14.278385};
ST (1.045957,0.906327,0,1.012942,0.943082,0,0.983355,0.895779,0) {14.658787,14.895572,13.904808};
ST (1.012942,0.943082,0,0.949694,0.931934,0,0.983355,0.895779,0) {14.835191,14.179087,13.918785};
ST (1.012942,0.943082,0,0.978636,0.978636,0,0.949694,0.931934,0) {14.816338,15.198135,14.182389};
ST (0.983355,0.895779,0,0.949694,0.931934,0,0.920753,0.885232,0) {13.911673,14.202416,13.245743};
ST (1.045957,0.906327,0,0.983355,0.895779,0,1.028689,0.863570,0) {14.698467,13.885468,13.947402};
ST (0.983355,0.895779,0,0.966086,0.853022,0,1.028689,0.863570,0) {13.903312,12.993274,13.925016};
ST (0.983355,0.895779,0,0.920753,0.885232,0,0.966086,0.853022,0) {13.911917,13.241692,12.991980};
ST (1.028689,0.863570,0,0.966086,0.853022,0,1.011420,0.820813,0) {13.932493,12.980916,13.188994};
ST (0.906327,1.045957,0,0.868417,1.077640,0,0.868770,1.013146,0) {15.780410,16.477783,15.173597};
ST (0.868417,1.077640,0,0.830306,1.044141,0,0.868770,1.013146,0) {16.431987,15.554032,15.180527};
ST (0.868417,1.077640,0,0.829400,1.107949,0,0.830306,1.044141,0) {16.370433,16.856617,15.603538};
ST (0.868770,1.013146,0,0.830306,1.044141,0,0.831212,0.980334,0) {15.134940,15.540227,14.307080};
ST (0.995185,0.098017,0,1.044053,0.126862,0,0.989177,0.146730,0) {7.408183,8.509744,7.796443};
ST (1.044053,0.126862,0,1.036853,0.175399,0,0.989177,0.146730,0) {8.524876,8.877515,7.810034};
ST (1.044053,0.126862,0,1.092921,0.155707,0,1.036853,0.175399,0) {8.535634,9.799956,9.008181};
ST (0.989177,0.146730,0,1.036853,0.175399,0,0.980785,0.195090,0) {7.846222,8.827788,7.745306};
ST (0.195090,0.980785,0,0.175398,1.036853,0,0.146730,0.989177,0) {6.506174,6.827249,5.963377};
ST (0.175398,1.036853,0,0.126862,1.044053,0,0.146730,0.989177,0) {6.787693,5.668248,6.013766};
ST (0.175398,1.036853,0,0.155707,1.092921,0,0.126862,1.044053,0) {6.691827,7.241325,5.635861};
ST (0.146730,0.989177,0,0.126862,1.044053,0,0.098017,0.995185,0) {5.992530,5.720383,5.425548};
ST (1.107573,0.458886,0,1.049733,0.434905,0,1.086315,0.405740,0) {9.699249,10.533439,10.372199};
ST (1.049733,0.434905,0,1.028475,0.381759,0,1.086315,0.405740,0) {10.802309,11.056477,10.520492};
ST (1.049733,0.434905,0,0.991893,0.410924,0,1.028475,0.381759,0) {10.907434,10.332373,10.865850};
ST (1.086315,0.405740,0,1.028475,0.381759,0,1.065056,0.352593,0) {10.583988,10.986995,11.702359};
ST (1.107573,0.458886,0,1.054063,0.481200,0,1.049733,0.434905,0) {9.654552,8.946306,10.524200};
ST (1.054063,0.481200,0,0.996223,0.457219,0,1.049733,0.434905,0) {8.894726,11.010630,10.732537};
ST (1.054063,0.481200,0,1.000553,0.503514,0,0.996223,0.457219,0) {8.863608,8.530584,11.023495};
ST (1.049733,0.434905,0,0.996223,0.457219,0,0.991893,0.410924,0) {10.829422,10.990298,10.436555};
ST (0.458842,1.107125,0,0.405672,1.086050,0,0.434841,1.049533,0) {9.148817,8.907173,9.541929};
ST (0.405672,1.086050,0,0.381671,1.028458,0,0.434841,1.049533,0) {8.936716,9.246473,9.541828};
ST (0.405672,1.086050,0,0.352501,1.064976,0,0.381671,1.028458,0) {8.928980,8.708786,9.267363};
ST (0.434841,1.049533,0,0.381671,1.028458,0,0.410840,0.991940,0) {9.556985,9.172678,9.634816};
ST (0.458842,1.107125,0,0.434841,1.049533,0,0.480868,1.054314,0) {9.137810,9.554953,9.936176};
ST (0.434841,1.049533,0,0.456867,0.996722,0,0.480868,1.054314,0) {9.601373,9.699682,9.952290};
ST (0.434841,1.049533,0,0.410840,0.991940,0,0.456867,0.996722,0) {9.632877,9.591688,9.661780};
ST (0.480868,1.054314,0,0.456867,0.996722,0,0.502893,1.001504,0) {10.023240,9.661660,9.787831};
ST (0.926208,0.760187,0,0.878077,0.720629,0,0.921097,0.702382,0) {11.153613,9.877699,10.162400};
ST (0.878077,0.720629,0,0.872965,0.662824,0,0.921097,0.702382,0) {9.868752,8.761172,10.137856};
ST (0.878077,0.720629,0,0.829945,0.681072,0,0.872965,0.662824,0) {9.833494,8.325712,8.776444};
ST (0.921097,0.702382,0,0.872965,0.662824,0,0.915985,0.644577,0) {10.145296,8.760034,9.165918};
ST (0.811548,0.773841,0,0.820747,0.727456,0,0.868878,0.767014,0) {9.826809,9.022952,10.456779};
ST (0.820747,0.727456,0,0.878077,0.720629,0,0.868878,0.767014,0) {9.007165,9.860747,10.477982};
ST (0.820747,0.727456,0,0.829945,0.681072,0,0.878077,0.720629,0) {8.995964,8.359674,9.812008};
ST (0.868878,0.767014,0,0.878077,0.720629,0,0.926208,0.760187,0) {10.509519,9.875355,11.154875};
ST (0.000000,1.288000,0,0.043075,1.291096,0,0.000000,1.336000,0) {14.115287,14.352750,15.837223};
ST (0.043075,1.291096,0,0.043075,1.339096,0,0.000000,1.336000,0) {14.346653,15.684189,15.837885};
ST (0.043075,1.291096,0,0.086150,1.294192,0,0.043075,1.339096,0) {14.376609,13.957725,15.643618};
ST (0.000000,1.336000,0,0.043075,1.339096,0,0.000000,1.384000,0) {15.847640,15.680753,17.350815};
ST (1.384000,0.000000,0,1.339096,0.043076,0,1.336000,0.000000,0) {17.450072,14.954039,15.021880};
ST (1.339096,0.043076,0,1.291096,0.043076,0,1.336000,0.000000,0) {15.029715,13.357655,15.307967};
ST (1.339096,0.043076,0,1.294193,0.086151,0,1.291096,0.043076,0) {15.072166,13.812494,13.405664};
ST (1.336000,0.000000,0,1.291096,0.043076,0,1.288000,0.000000,0) {15.200972,13.697219,13.449909};
ST (0.707107,0.707107,0,0.768526,0.694089,0,0.759327,0.740474,0) {5.937554,5.454121,5.830185};
ST (0.768526,0.694089,0,0.820747,0.727456,0,0.759327,0.740474,0) {5.492888,9.057154,5.675824};
ST (0.768526,0.694089,0,0.829945,0.681072,0,0.820747,0.727456,0) {5.572945,8.590301,9.029805};
ST (0.759327,0.740474,0,0.820747,0.727456,0,0.811548,0.773841,0) {5.612702,9.070997,9.749565};
ST (0.956940,0.290285,0,1.010998,0.321439,0,0.974417,0.350605,0) {8.463430,9.517870,9.770067};
ST (1.010998,0.321439,0,1.028475,0.381759,0,0.974417,0.350605,0) {9.421739,10.555267,9.301587};
ST (1.010998,0.321439,0,1.065056,0.352593,0,1.028475,0.381759,0) {9.286613,11.597924,10.662329};
ST (0.974417,0.350605,0,1.028475,0.381759,0,0.991893,0.410924,0) {9.164307,10.604327,10.065932};
ST (0.290285,0.956940,0,0.350563,0.974440,0,0.321393,1.010958,0) {9.454577,9.663319,9.027922};
ST (0.350563,0.974440,0,0.381671,1.028458,0,0.321393,1.010958,0) {9.554991,9.088592,8.986351};
ST (0.350563,0.974440,0,0.410840,0.991940,0,0.381671,1.028458,0) {9.541463,9.693682,9.110712};
ST (0.321393,1.010958,0,0.381671,1.028458,0,0.352501,1.064976,0) {8.963584,9.192479,8.747907};
ST (0.471397,0.881921,0,0.487145,0.941713,0,0.441119,0.936931,0) {6.957632,8.302229,8.322646};
ST (0.487145,0.941713,0,0.456867,0.996722,0,0.441119,0.936931,0) {8.268164,9.494651,8.157139};
ST (0.487145,0.941713,0,0.502893,1.001504,0,0.456867,0.996722,0) {8.224373,9.716226,9.547218};
ST (0.441119,0.936931,0,0.456867,0.996722,0,0.410840,0.991940,0) {8.099726,9.501094,9.562137};
ST (0.881921,0.471397,0,0.936907,0.441161,0,0.941237,0.487455,0) {9.079039,9.548514,10.555774};
ST (0.936907,0.441161,0,0.996223,0.457219,0,0.941237,0.487455,0) {9.426448,10.894273,10.587881};
ST (0.936907,0.441161,0,0.991893,0.410924,0,0.996223,0.457219,0) {9.469869,10.354005,10.891892};
ST (0.941237,0.487455,0,0.996223,0.457219,0,1.000553,0.503514,0) {10.671100,11.019849,8.716766};
ST (1.327938,0.389918,0,1.313175,0.437067,0,1.271034,0.394733,0) {12.787496,13.019855,12.215756};
ST (1.313175,0.437067,0,1.255434,0.441603,0,1.271034,0.394733,0) {12.966544,12.214225,12.221770};
ST (1.313175,0.437067,0,1.296738,0.483658,0,1.255434,0.441603,0) {12.933875,13.113992,12.235851};
ST (1.271034,0.394733,0,1.255434,0.441603,0,1.214130,0.399548,0) {12.227798,12.215661,11.399485};
ST (0.483658,1.296738,0,0.437067,1.313175,0,0.442036,1.255142,0) {11.643351,12.000129,10.887341};
ST (0.437067,1.313175,0,0.395166,1.270742,0,0.442036,1.255142,0) {11.951899,11.216167,10.891324};
ST (0.437067,1.313175,0,0.389918,1.327938,0,0.395166,1.270742,0) {11.929676,12.290658,11.225763};
ST (0.442036,1.255142,0,0.395166,1.270742,0,0.400414,1.213545,0) {10.867362,11.217117,10.062513};
ST (0.663281,1.214708,0,0.619502,1.237608,0,0.623874,1.175904,0) {10.947731,10.722722,10.182563};
ST (0.619502,1.237608,0,0.579701,1.198016,0,0.623874,1.175904,0) {10.669141,10.098153,10.220039};
ST (0.619502,1.237608,0,0.574934,1.258931,0,0.579701,1.198016,0) {10.691731,10.987958,10.108501};
ST (0.623874,1.175904,0,0.579701,1.198016,0,0.584467,1.137101,0) {10.260059,10.084836,10.034600};
ST (1.258931,0.574934,0,1.237608,0.619502,0,1.199258,0.575852,0) {13.353339,13.634291,12.684490};
ST (1.237608,0.619502,0,1.177147,0.620025,0,1.199258,0.575852,0) {13.583629,12.856699,12.682607};
ST (1.237608,0.619502,0,1.214708,0.663281,0,1.177147,0.620025,0) {13.558207,13.797808,12.867715};
ST (1.199258,0.575852,0,1.177147,0.620025,0,1.139585,0.576769,0) {12.677551,12.869915,11.887417};
ST (0.831470,0.555570,0,0.873727,0.600074,0,0.830707,0.618321,0) {9.204621,6.986522,6.814418};
ST (0.873727,0.600074,0,0.872965,0.662824,0,0.830707,0.618321,0) {7.107906,8.751613,6.690010};
ST (0.873727,0.600074,0,0.915985,0.644577,0,0.872965,0.662824,0) {7.141748,9.231388,8.733416};
ST (0.830707,0.618321,0,0.872965,0.662824,0,0.829945,0.681072,0) {6.685478,8.678657,8.342217};
ST (0.000000,1.384000,0,0.043075,1.339096,0,0.049398,1.383118,0) {17.399441,15.603464,15.854737};
ST (0.043075,1.339096,0,0.092442,1.337333,0,0.049398,1.383118,0) {15.550433,14.532476,15.936306};
ST (0.043075,1.339096,0,0.086150,1.294192,0,0.092442,1.337333,0) {15.613201,13.945286,14.465834};
ST (0.049398,1.383118,0,0.092442,1.337333,0,0.098733,1.380474,0) {16.044317,14.541368,15.390290};
ST (1.384000,0.000000,0,1.383118,0.049398,0,1.339096,0.043076,0) {18.976561,11.426823,14.109552};
ST (1.383118,0.049398,0,1.337333,0.092442,0,1.339096,0.043076,0) {10.676645,12.507893,15.385511};
ST (1.383118,0.049398,0,1.380474,0.098733,0,1.337333,0.092442,0) {10.666244,11.070249,12.626139};
ST (1.339096,0.043076,0,1.337333,0.092442,0,1.294193,0.086151,0) {15.029984,12.950047,14.248883};
ST (0.741705,1.006326,0,0.786459,0.993330,0,0.753436,1.038490,0) {12.782544,14.572587,14.923321};
ST (0.786459,0.993330,0,0.798190,1.025493,0,0.753436,1.038490,0) {14.245334,15.139462,15.088062};
ST (0.786459,0.993330,0,0.831212,0.980334,0,0.798190,1.025493,0) {14.244438,14.236301,15.067428};
ST (0.753436,1.038490,0,0.798190,1.025493,0,0.765168,1.070653,0) {15.219793,15.066587,16.595097};
ST (1.164295,0.748247,0,1.136846,0.789327,0,1.106212,0.739519,0) {13.987496,14.139069,13.199569};
ST (1.136846,0.789327,0,1.078039,0.780095,0,1.106212,0.739519,0) {14.086418,13.329366,13.204720};
ST (1.136846,0.789327,0,1.107949,0.829400,0,1.078039,0.780095,0) {14.058890,14.332557,13.344606};
ST (1.106212,0.739519,0,1.078039,0.780095,0,1.048129,0.730790,0) {13.189583,13.333100,12.381350};
ST (0.773010,0.634393,0,0.801478,0.657733,0,0.740951,0.671559,0) {5.231171,5.389140,4.563071};
ST (0.801478,0.657733,0,0.768526,0.694089,0,0.740951,0.671559,0) {5.489069,5.387285,4.575822};
ST (0.801478,0.657733,0,0.829945,0.681072,0,0.768526,0.694089,0) {5.936428,8.576257,5.547764};
ST (0.740951,0.671559,0,0.768526,0.694089,0,0.707107,0.707107,0) {4.881883,5.339083,5.864050};
ST (0.831470,0.555570,0,0.830707,0.618321,0,0.803208,0.595699,0) {9.119621,6.985539,6.638297};
ST (0.830707,0.618321,0,0.801478,0.657733,0,0.803208,0.595699,0) {7.162478,5.587809,6.430798};
ST (0.830707,0.618321,0,0.829945,0.681072,0,0.801478,0.657733,0) {6.807902,8.349599,6.012266};
ST (0.803208,0.595699,0,0.801478,0.657733,0,0.773010,0.634393,0) {6.573529,5.288109,5.170358};
ST (0.956940,0.290285,0,0.974417,0.350605,0,0.941544,0.336890,0) {8.304393,9.890400,8.618651};
ST (0.974417,0.350605,0,0.957886,0.396804,0,0.941544,0.336890,0) {9.682573,8.754415,8.685134};
ST (0.974417,0.350605,0,0.991893,0.410924,0,0.957886,0.396804,0) {9.342838,9.985941,8.599192};
ST (0.941544,0.336890,0,0.957886,0.396804,0,0.923880,0.382683,0) {8.658460,8.742752,8.906578};
ST (0.382683,0.923880,0,0.396762,0.957910,0,0.336890,0.941544,0) {8.619053,8.344592,8.381129};
ST (0.396762,0.957910,0,0.350563,0.974440,0,0.336890,0.941544,0) {8.340215,9.547223,8.358844};
ST (0.396762,0.957910,0,0.410840,0.991940,0,0.350563,0.974440,0) {8.380409,9.658396,9.540623};
ST (0.336890,0.941544,0,0.350563,0.974440,0,0.290285,0.956940,0) {8.361124,9.589807,9.267938};
ST (0.471397,0.881921,0,0.441119,0.936931,0,0.427555,0.903989,0) {6.939168,8.362425,7.572557};
ST (0.441119,0.936931,0,0.396762,0.957910,0,0.427555,0.903989,0) {8.304372,8.555983,7.618084};
ST (0.441119,0.936931,0,0.410840,0.991940,0,0.396762,0.957910,0) {8.164372,9.517723,8.471578};
ST (0.427555,0.903989,0,0.396762,0.957910,0,0.382683,0.923880,0) {7.640013,8.557912,8.443646};
ST (0.923880,0.382683,0,0.957886,0.396804,0,0.903989,0.427555,0) {9.120668,8.445061,8.074689};
ST (0.957886,0.396804,0,0.936907,0.441161,0,0.903989,0.427555,0) {8.429419,9.485490,8.052441};
ST (0.957886,0.396804,0,0.991893,0.410924,0,0.936907,0.441161,0) {8.456109,10.330018,9.465920};
ST (0.903989,0.427555,0,0.936907,0.441161,0,0.881921,0.471397,0) {8.109924,9.502527,8.926625};
ST (0.584467,1.137101,0,0.591262,1.082815,0,0.634091,1.108352,0) {10.175700,10.934139,11.135102};
ST (0.591262,1.082815,0,0.640886,1.054066,0,0.634091,1.108352,0) {10.900764,11.061381,11.183036};
ST (0.591262,1.082815,0,0.598057,1.028530,0,0.640886,1.054066,0) {10.874490,10.697233,11.076561};
ST (0.634091,1.108352,0,0.640886,1.054066,0,0.683715,1.079603,0) {11.154171,11.062331,11.713653};
ST (0.809332,0.870924,0,0.865042,0.878078,0,0.820272,0.925629,0) {11.778630,12.524341,12.879282};
ST (0.865042,0.878078,0,0.875983,0.932783,0,0.820272,0.925629,0) {12.536124,13.668374,12.789141};
ST (0.865042,0.878078,0,0.920753,0.885232,0,0.875983,0.932783,0) {12.580830,13.221077,13.627040};
ST (0.820272,0.925629,0,0.875983,0.932783,0,0.831212,0.980334,0) {12.844895,13.628683,14.232056};
ST (0.980785,0.195090,0,1.036853,0.175399,0,1.023657,0.224521,0) {7.788172,8.847990,8.887282};
ST (1.036853,0.175399,0,1.079725,0.204829,0,1.023657,0.224521,0) {8.946149,10.037738,8.967958};
ST (1.036853,0.175399,0,1.092921,0.155707,0,1.079725,0.204829,0) {8.966003,9.837301,10.010294};
ST (1.023657,0.224521,0,1.079725,0.204829,0,1.066528,0.253951,0) {9.004359,10.001996,10.039440};
ST (0.195090,0.980785,0,0.224472,1.023637,0,0.175398,1.036853,0) {6.462275,7.912803,6.852183};
ST (0.224472,1.023637,0,0.204780,1.079705,0,0.175398,1.036853,0) {7.986282,7.981116,6.699162};
ST (0.224472,1.023637,0,0.253854,1.066489,0,0.204780,1.079705,0) {8.020949,8.430048,8.013670};
ST (0.175398,1.036853,0,0.204780,1.079705,0,0.155707,1.092921,0) {6.644520,8.050223,7.263319};
ST (0.574934,1.258931,0,0.537504,1.231262,0,0.579701,1.198016,0) {10.930352,10.444502,10.128385};
ST (0.537504,1.231262,0,0.542270,1.170347,0,0.579701,1.198016,0) {10.457879,9.742838,10.113617};
ST (0.537504,1.231262,0,0.500074,1.203593,0,0.542270,1.170347,0) {10.458535,10.006248,9.751521};
ST (0.579701,1.198016,0,0.542270,1.170347,0,0.584467,1.137101,0) {10.074340,9.730248,10.045228};
ST (1.258931,0.574934,0,1.199258,0.575852,0,1.231496,0.536936,0) {13.388762,12.664680,12.707732};
ST (1.199258,0.575852,0,1.171824,0.537853,0,1.231496,0.536936,0) {12.672176,11.911358,12.705167};
ST (1.199258,0.575852,0,1.139585,0.576769,0,1.171824,0.537853,0) {12.675955,11.890505,11.897241};
ST (1.231496,0.536936,0,1.171824,0.537853,0,1.204062,0.498938,0) {12.702598,11.910104,12.008444};
ST (1.296738,0.483658,0,1.250400,0.491298,0,1.255434,0.441603,0) {13.059318,12.528219,12.246824};
ST (1.250400,0.491298,0,1.209096,0.449243,0,1.255434,0.441603,0) {12.537040,11.692864,12.231206};
ST (1.250400,0.491298,0,1.204062,0.498938,0,1.209096,0.449243,0) {12.543787,12.017639,11.685763};
ST (1.255434,0.441603,0,1.209096,0.449243,0,1.214130,0.399548,0) {12.222890,11.706714,11.405701};
ST (0.483658,1.296738,0,0.442036,1.255142,0,0.491866,1.250166,0) {11.673768,10.871774,10.793728};
ST (0.442036,1.255142,0,0.450244,1.208569,0,0.491866,1.250166,0) {10.872275,9.906729,10.767413};
ST (0.442036,1.255142,0,0.400414,1.213545,0,0.450244,1.208569,0) {10.868657,10.051127,9.916405};
ST (0.491866,1.250166,0,0.450244,1.208569,0,0.500074,1.203593,0) {10.753996,9.899445,9.997245};
ST (1.213285,0.150006,0,1.153103,0.152857,0,1.179526,0.113270,0) {11.985196,11.086700,11.297690};
ST (1.153103,0.152857,0,1.119344,0.116121,0,1.179526,0.113270,0) {11.005571,10.467411,11.483940};
ST (1.153103,0.152857,0,1.092921,0.155707,0,1.119344,0.116121,0) {11.074446,9.785870,10.334891};
ST (1.179526,0.113270,0,1.119344,0.116121,0,1.145767,0.076534,0) {11.538154,10.569257,10.165533};
ST (0.149998,1.213282,0,0.113265,1.179525,0,0.152852,1.153101,0) {11.409254,10.575339,9.840071};
ST (0.113265,1.179525,0,0.116120,1.119344,0,0.152852,1.153101,0) {10.514657,8.028808,9.882804};
ST (0.113265,1.179525,0,0.076533,1.145767,0,0.116120,1.119344,0) {10.496207,8.670693,8.013416};
ST (0.152852,1.153101,0,0.116120,1.119344,0,0.155707,1.092921,0) {9.933099,8.002326,7.403936};
ST (0.956940,0.290285,0,1.011734,0.272118,0,1.010998,0.321439,0) {8.396113,9.063563,9.560370};
ST (1.011734,0.272118,0,1.065792,0.303272,0,1.010998,0.321439,0) {8.999615,10.145637,9.412642};
ST (1.011734,0.272118,0,1.066528,0.253951,0,1.065792,0.303272,0) {9.023671,10.011614,10.106249};
ST (1.010998,0.321439,0,1.065792,0.303272,0,1.065056,0.352593,0) {9.301335,10.284626,11.622167};
ST (0.290285,0.956940,0,0.321393,1.010958,0,0.272069,1.011715,0) {9.476220,8.971885,8.625957};
ST (0.321393,1.010958,0,0.303178,1.065732,0,0.272069,1.011715,0) {8.954690,8.444731,8.706044};
ST (0.321393,1.010958,0,0.352501,1.064976,0,0.303178,1.065732,0) {8.987370,8.694113,8.434736};
ST (0.272069,1.011715,0,0.303178,1.065732,0,0.253854,1.066489,0) {8.723671,8.388425,8.425487};
ST (0.471397,0.881921,0,0.524906,0.904133,0,0.487145,0.941713,0) {6.931060,7.438098,8.337967};
ST (0.524906,0.904133,0,0.540655,0.963924,0,0.487145,0.941713,0) {7.406783,8.791944,8.269634};
ST (0.524906,0.904133,0,0.578416,0.926344,0,0.540655,0.963924,0) {7.416605,8.104690,8.777923};
ST (0.487145,0.941713,0,0.540655,0.963924,0,0.502893,1.001504,0) {8.229504,8.845014,9.720332};
ST (0.920753,0.885232,0,0.923481,0.822709,0,0.966086,0.853022,0) {13.228387,12.094577,12.979429};
ST (0.923481,0.822709,0,0.968814,0.790500,0,0.966086,0.853022,0) {12.096780,12.134416,12.966391};
ST (0.923481,0.822709,0,0.926208,0.760187,0,0.968814,0.790500,0) {12.123438,11.163260,12.129028};
ST (0.966086,0.853022,0,0.968814,0.790500,0,1.011420,0.820813,0) {12.968427,12.156526,13.203173};
ST (0.584467,1.137101,0,0.634091,1.108352,0,0.624156,1.142862,0) {10.130140,11.137347,10.391456};
ST (0.634091,1.108352,0,0.673780,1.114113,0,0.624156,1.142862,0) {11.127928,11.773856,10.377888};
ST (0.634091,1.108352,0,0.683715,1.079603,0,0.673780,1.114113,0) {11.126719,11.716846,11.719110};
ST (0.624156,1.142862,0,0.673780,1.114113,0,0.663844,1.148622,0) {10.356346,11.798620,11.047212};
ST (1.022427,0.612418,0,0.976198,0.584711,0,1.011490,0.557966,0) {10.417095,9.142721,9.400881};
ST (0.976198,0.584711,0,0.965261,0.530259,0,1.011490,0.557966,0) {9.158973,8.185974,9.324750};
ST (0.976198,0.584711,0,0.929969,0.557004,0,0.965261,0.530259,0) {9.141400,7.826533,8.223111};
ST (1.011490,0.557966,0,0.965261,0.530259,0,1.000553,0.503514,0) {9.339479,8.180031,8.453847};
ST (1.214130,0.399548,0,1.187808,0.351828,0,1.238785,0.364366,0) {11.299306,10.158536,11.271959};
ST (1.187808,0.351828,0,1.212463,0.316646,0,1.238785,0.364366,0) {10.207989,10.605991,11.192326};
ST (1.187808,0.351828,0,1.161486,0.304108,0,1.212463,0.316646,0) {10.271285,12.521021,10.800114};
ST (1.238785,0.364366,0,1.212463,0.316646,0,1.263440,0.329183,0) {11.262208,10.532620,11.436520};
ST (0.303324,1.161211,0,0.351869,1.187378,0,0.316254,1.212266,0) {9.169552,9.593755,10.240806};
ST (0.351869,1.187378,0,0.364799,1.238433,0,0.316254,1.212266,0) {9.618767,10.703218,10.253008};
ST (0.351869,1.187378,0,0.400414,1.213545,0,0.364799,1.238433,0) {9.636697,10.061609,10.694772};
ST (0.316254,1.212266,0,0.364799,1.238433,0,0.329183,1.263321,0) {10.264682,10.687543,11.272183};
ST (0.707107,0.707107,0,0.759327,0.740474,0,0.712631,0.764823,0) {5.839627,5.890323,6.093771};
ST (0.759327,0.740474,0,0.764851,0.798190,0,0.712631,0.764823,0) {5.859172,7.081255,6.206127};
ST (0.759327,0.740474,0,0.811548,0.773841,0,0.764851,0.798190,0) {5.598053,9.697619,7.084494};
ST (0.712631,0.764823,0,0.764851,0.798190,0,0.718155,0.822540,0) {6.127862,7.117338,6.729140};
ST (1.022427,0.612418,0,0.969206,0.628497,0,0.976198,0.584711,0) {10.427055,9.898277,9.147747};
ST (0.969206,0.628497,0,0.922977,0.600790,0,0.976198,0.584711,0) {9.928806,8.184422,9.130055};
ST (0.969206,0.628497,0,0.915985,0.644577,0,0.922977,0.600790,0) {9.931094,9.209952,8.175972};
ST (0.976198,0.584711,0,0.922977,0.600790,0,0.929969,0.557004,0) {9.142693,8.076225,7.838565};
ST (1.161486,0.304108,0,1.113271,0.328350,0,1.114007,0.279030,0) {12.818594,12.641957,10.778913};
ST (1.113271,0.328350,0,1.065792,0.303272,0,1.114007,0.279030,0) {12.620015,10.326688,10.892185};
ST (1.113271,0.328350,0,1.065056,0.352593,0,1.065792,0.303272,0) {12.600270,11.692395,10.297462};
ST (1.114007,0.279030,0,1.065792,0.303272,0,1.066528,0.253951,0) {10.932878,10.215517,9.960819};
ST (0.303324,1.161211,0,0.278589,1.113850,0,0.327913,1.113093,0) {9.144909,8.320877,8.430238};
ST (0.278589,1.113850,0,0.303178,1.065732,0,0.327913,1.113093,0) {8.362343,8.389173,8.510216};
ST (0.278589,1.113850,0,0.253854,1.066489,0,0.303178,1.065732,0) {8.374166,8.275481,8.365111};
ST (0.327913,1.113093,0,0.303178,1.065732,0,0.352501,1.064976,0) {8.492786,8.384930,8.668082};
ST (0.598057,1.028530,0,0.550475,1.015017,0,0.588236,0.977437,0) {10.608566,10.110416,9.387961};
ST (0.550475,1.015017,0,0.540655,0.963924,0,0.588236,0.977437,0) {10.128518,8.820920,9.356023};
ST (0.550475,1.015017,0,0.502893,1.001504,0,0.540655,0.963924,0) {10.127345,9.754236,8.827659};
ST (0.588236,0.977437,0,0.540655,0.963924,0,0.578416,0.926344,0) {9.363970,8.790624,8.093599};
ST (1.213285,0.150006,0,1.186528,0.184000,0,1.153103,0.152857,0) {12.040422,12.328395,11.131633};
ST (1.186528,0.184000,0,1.126346,0.186851,0,1.153103,0.152857,0) {12.285804,11.068555,11.140761};
ST (1.186528,0.184000,0,1.159770,0.217995,0,1.126346,0.186851,0) {12.241719,11.581414,11.049623};
ST (1.153103,0.152857,0,1.126346,0.186851,0,1.092921,0.155707,0) {11.120726,11.094250,9.822469};
ST (0.149998,1.213282,0,0.152852,1.153101,0,0.183931,1.186503,0) {11.378420,9.875611,10.549748};
ST (0.152852,1.153101,0,0.186786,1.126322,0,0.183931,1.186503,0) {9.878189,8.911395,10.552330};
ST (0.152852,1.153101,0,0.155707,1.092921,0,0.186786,1.126322,0) {9.929039,7.435131,8.967003};
ST (0.183931,1.186503,0,0.186786,1.126322,0,0.217865,1.159724,0) {10.545897,8.922742,9.585535};
ST (1.048129,0.730790,0,1.035278,0.671604,0,1.082928,0.699124,0) {12.388119,11.445935,12.411600};
ST (1.035278,0.671604,0,1.070077,0.639938,0,1.082928,0.699124,0) {11.444139,11.525856,12.414618};
ST (1.035278,0.671604,0,1.022427,0.612418,0,1.070077,0.639938,0) {11.449166,10.413905,11.514113};
ST (1.082928,0.699124,0,1.070077,0.639938,0,1.117726,0.667458,0) {12.413833,11.537943,12.599890};
ST (0.811548,0.773841,0,0.810440,0.822383,0,0.764851,0.798190,0) {9.848276,10.976880,7.006546};
ST (0.810440,0.822383,0,0.763743,0.846732,0,0.764851,0.798190,0) {11.033637,8.683180,6.984246};
ST (0.810440,0.822383,0,0.809332,0.870924,0,0.763743,0.846732,0) {10.929873,11.802975,8.857340};
ST (0.764851,0.798190,0,0.763743,0.846732,0,0.718155,0.822540,0) {7.141660,8.439335,6.508436};
ST (1.352371,0.294190,0,1.300000,0.271208,0,1.328231,0.237578,0) {12.489647,11.377543,11.909403};
ST (1.300000,0.271208,0,1.275859,0.214595,0,1.328231,0.237578,0) {11.301783,11.207621,11.842637};
ST (1.300000,0.271208,0,1.247628,0.248225,0,1.275859,0.214595,0) {11.237059,10.910014,11.285959};
ST (1.328231,0.237578,0,1.275859,0.214595,0,1.304090,0.180965,0) {11.786360,11.332688,11.210884};
ST (0.294190,1.352371,0,0.237572,1.328229,0,0.271164,1.299985,0) {13.019497,12.940622,12.155360};
ST (0.237572,1.328229,0,0.214546,1.275842,0,0.271164,1.299985,0) {12.911948,12.069227,12.143550};
ST (0.237572,1.328229,0,0.180955,1.304086,0,0.214546,1.275842,0) {12.901070,12.940734,12.081730};
ST (0.271164,1.299985,0,0.214546,1.275842,0,0.248138,1.247598,0) {12.145650,12.070936,11.304238};
ST (1.139585,0.576769,0,1.128656,0.622113,0,1.081006,0.594593,0) {11.881306,12.271056,11.173868};
ST (1.128656,0.622113,0,1.070077,0.639938,0,1.081006,0.594593,0) {12.276282,11.524171,11.165806};
ST (1.128656,0.622113,0,1.117726,0.667458,0,1.070077,0.639938,0) {12.267085,12.600879,11.538183};
ST (1.081006,0.594593,0,1.070077,0.639938,0,1.022427,0.612418,0) {11.167097,11.514609,10.405484};
ST (0.881921,0.471397,0,0.941237,0.487455,0,0.905945,0.514200,0) {9.140541,10.490086,10.351757};
ST (0.941237,0.487455,0,0.965261,0.530259,0,0.905945,0.514200,0) {10.620277,8.314890,9.996605};
ST (0.941237,0.487455,0,1.000553,0.503514,0,0.965261,0.530259,0) {10.790665,8.614656,8.254390};
ST (0.905945,0.514200,0,0.965261,0.530259,0,0.929969,0.557004,0) {9.901822,8.253112,7.721264};
ST (0.663281,1.214708,0,0.623874,1.175904,0,0.663563,1.181665,0) {10.959621,10.174113,10.761079};
ST (0.623874,1.175904,0,0.624156,1.142862,0,0.663563,1.181665,0) {10.220657,10.353292,10.766659};
ST (0.623874,1.175904,0,0.584467,1.137101,0,0.624156,1.142862,0) {10.229204,10.072269,10.353585};
ST (0.663563,1.181665,0,0.624156,1.142862,0,0.663844,1.148622,0) {10.758713,10.355827,11.033288};
ST (1.369913,0.196964,0,1.362010,0.245734,0,1.337001,0.188964,0) {11.533533,12.785398,11.340116};
ST (1.362010,0.245734,0,1.328231,0.237578,0,1.337001,0.188964,0) {12.726589,11.980387,11.401144};
ST (1.362010,0.245734,0,1.352371,0.294190,0,1.328231,0.237578,0) {12.642255,12.506983,11.969003};
ST (1.337001,0.188964,0,1.328231,0.237578,0,1.304090,0.180965,0) {11.423746,11.920881,11.095735};
ST (0.294190,1.352371,0,0.245734,1.362010,0,0.237572,1.328229,0) {12.974679,13.582622,12.959639};
ST (0.245734,1.362010,0,0.188959,1.337000,0,0.237572,1.328229,0) {13.504295,13.411768,12.954994};
ST (0.245734,1.362010,0,0.196964,1.369913,0,0.188959,1.337000,0) {13.486444,14.016537,13.413640};
ST (0.237572,1.328229,0,0.188959,1.337000,0,0.180955,1.304086,0) {12.916176,13.412713,12.933528};
ST (0.995185,0.098017,0,1.030835,0.082950,0,1.044053,0.126862,0) {7.382640,7.845765,8.513372};
ST (1.030835,0.082950,0,1.079703,0.111795,0,1.044053,0.126862,0) {7.991641,9.698640,8.442405};
ST (1.030835,0.082950,0,1.066485,0.067883,0,1.079703,0.111795,0) {7.956991,8.207440,9.888496};
ST (1.044053,0.126862,0,1.079703,0.111795,0,1.092921,0.155707,0) {8.512125,9.581741,9.770325};
ST (0.098017,0.995185,0,0.126862,1.044053,0,0.082950,1.030835,0) {5.465369,5.681285,4.992984};
ST (0.126862,1.044053,0,0.111795,1.079703,0,0.082950,1.030835,0) {5.717462,6.326479,5.006436};
ST (0.126862,1.044053,0,0.155707,1.092921,0,0.111795,1.079703,0) {5.650016,7.311149,6.366267};
ST (0.082950,1.030835,0,0.111795,1.079703,0,0.067883,1.066485,0) {4.991513,6.324533,5.634877};
ST (1.161486,0.304108,0,1.204557,0.276166,0,1.212463,0.316646,0) {12.513848,12.011007,10.796615};
ST (1.204557,0.276166,0,1.255534,0.288704,0,1.212463,0.316646,0) {11.968763,10.963585,10.682754};
ST (1.204557,0.276166,0,1.247628,0.248225,0,1.255534,0.288704,0) {11.912289,11.149438,11.050096};
ST (1.212463,0.316646,0,1.255534,0.288704,0,1.263440,0.329183,0) {10.546776,11.082707,11.420816};
ST (0.303324,1.161211,0,0.316254,1.212266,0,0.275731,1.204404,0) {9.173604,10.246934,10.298101};
ST (0.316254,1.212266,0,0.288660,1.255459,0,0.275731,1.204404,0) {10.258348,11.231603,10.316087};
ST (0.316254,1.212266,0,0.329183,1.263321,0,0.288660,1.255459,0) {10.263197,11.270207,11.230442};
ST (0.275731,1.204404,0,0.288660,1.255459,0,0.248138,1.247598,0) {10.319706,11.230245,11.308329};
ST (0.831470,0.555570,0,0.880719,0.556287,0,0.873727,0.600074,0) {9.196857,8.612516,6.968480};
ST (0.880719,0.556287,0,0.922977,0.600790,0,0.873727,0.600074,0) {8.191244,7.884641,6.980505};
ST (0.880719,0.556287,0,0.929969,0.557004,0,0.922977,0.600790,0) {8.148642,7.885934,7.932285};
ST (0.873727,0.600074,0,0.922977,0.600790,0,0.915985,0.644577,0) {7.109943,8.113751,9.261529};
ST (0.098733,1.380474,0,0.092442,1.337333,0,0.139844,1.342280,0) {15.429829,14.517553,14.211256};
ST (0.092442,1.337333,0,0.133552,1.299139,0,0.139844,1.342280,0) {14.491395,13.299660,14.222125};
ST (0.092442,1.337333,0,0.086150,1.294192,0,0.133552,1.299139,0) {14.479798,13.918832,13.270750};
ST (0.139844,1.342280,0,0.133552,1.299139,0,0.180955,1.304086,0) {14.191070,13.322153,12.972621};
ST (1.380474,0.098733,0,1.342282,0.139849,0,1.337333,0.092442,0) {11.143536,11.630419,12.634200};
ST (1.342282,0.139849,0,1.299141,0.133558,0,1.337333,0.092442,0) {11.613451,13.676405,12.902644};
ST (1.342282,0.139849,0,1.304090,0.180965,0,1.299141,0.133558,0) {11.491608,11.260904,13.750481};
ST (1.337333,0.092442,0,1.299141,0.133558,0,1.294193,0.086151,0) {13.008778,13.757993,14.174837};
ST (0.920753,0.885232,0,0.915112,0.925864,0,0.875983,0.932783,0) {13.220832,13.827434,13.603013};
ST (0.915112,0.925864,0,0.870342,0.973415,0,0.875983,0.932783,0) {13.799531,14.415040,13.606323};
ST (0.915112,0.925864,0,0.909471,0.966496,0,0.870342,0.973415,0) {13.805704,14.529133,14.400308};
ST (0.875983,0.932783,0,0.870342,0.973415,0,0.831212,0.980334,0) {13.593001,14.422536,14.284453};
ST (0.584467,1.137101,0,0.542270,1.170347,0,0.521655,1.122113,0) {10.087170,9.743155,9.538019};
ST (0.542270,1.170347,0,0.479458,1.155359,0,0.521655,1.122113,0) {9.755597,9.340065,9.549324};
ST (0.542270,1.170347,0,0.500074,1.203593,0,0.479458,1.155359,0) {9.765903,10.017797,9.310004};
ST (0.521655,1.122113,0,0.479458,1.155359,0,0.458842,1.107125,0) {9.529209,9.361736,9.074889};
ST (1.139585,0.576769,0,1.123579,0.517827,0,1.171824,0.537853,0) {11.899528,11.018847,11.900491};
ST (1.123579,0.517827,0,1.155817,0.478912,0,1.171824,0.537853,0) {11.007512,11.110927,11.905441};
ST (1.123579,0.517827,0,1.107573,0.458886,0,1.155817,0.478912,0) {11.006285,9.957306,11.109419};
ST (1.171824,0.537853,0,1.155817,0.478912,0,1.204062,0.498938,0) {11.910362,11.123537,12.015770};
ST (1.214130,0.399548,0,1.209096,0.449243,0,1.160852,0.429217,0) {11.406145,11.721294,10.922938};
ST (1.209096,0.449243,0,1.155817,0.478912,0,1.160852,0.429217,0) {11.731196,11.099840,10.878113};
ST (1.209096,0.449243,0,1.204062,0.498938,0,1.155817,0.478912,0) {11.699233,12.016672,11.121557};
ST (1.160852,0.429217,0,1.155817,0.478912,0,1.107573,0.458886,0) {10.852841,11.095594,9.957732};
ST (0.458842,1.107125,0,0.479458,1.155359,0,0.429628,1.160335,0) {9.079300,9.358422,9.161923};
ST (0.479458,1.155359,0,0.450244,1.208569,0,0.429628,1.160335,0) {9.299936,9.868165,9.150211};
ST (0.479458,1.155359,0,0.500074,1.203593,0,0.450244,1.208569,0) {9.297012,10.026508,9.879991};
ST (0.429628,1.160335,0,0.450244,1.208569,0,0.400414,1.213545,0) {9.140301,9.904672,10.037696};
ST (1.161486,0.304108,0,1.149025,0.339404,0,1.113271,0.328350,0) {12.881395,11.397998,12.682177};
ST (1.149025,0.339404,0,1.100811,0.363646,0,1.113271,0.328350,0) {11.398694,11.231422,12.745246};
ST (1.149025,0.339404,0,1.136565,0.374700,0,1.100811,0.363646,0) {11.352339,10.471230,11.227918};
ST (1.113271,0.328350,0,1.100811,0.363646,0,1.065056,0.352593,0) {12.575503,11.439934,11.771392};
ST (0.303324,1.161211,0,0.327913,1.113093,0,0.339008,1.148772,0) {9.156848,8.406096,8.891885};
ST (0.327913,1.113093,0,0.363596,1.100655,0,0.339008,1.148772,0) {8.426061,8.560193,8.826041};
ST (0.327913,1.113093,0,0.352501,1.064976,0,0.363596,1.100655,0) {8.492684,8.661646,8.670614};
ST (0.339008,1.148772,0,0.363596,1.100655,0,0.374691,1.136334,0) {8.836230,8.543161,8.842853};
ST (1.022427,0.612418,0,1.011490,0.557966,0,1.044083,0.576140,0) {10.397464,9.418347,10.328705};
ST (1.011490,0.557966,0,1.033146,0.521688,0,1.044083,0.576140,0) {9.401995,9.419425,10.339921};
ST (1.011490,0.557966,0,1.000553,0.503514,0,1.033146,0.521688,0) {9.336558,8.467206,9.450190};
ST (1.044083,0.576140,0,1.033146,0.521688,0,1.065739,0.539862,0) {10.338329,9.426736,10.317790};
ST (0.598057,1.028530,0,0.568349,1.047478,0,0.550475,1.015017,0) {10.593000,10.619353,10.103880};
ST (0.568349,1.047478,0,0.520767,1.033965,0,0.550475,1.015017,0) {10.623358,10.149894,10.098887};
ST (0.568349,1.047478,0,0.538641,1.066426,0,0.520767,1.033965,0) {10.619701,10.362596,10.183353};
ST (0.550475,1.015017,0,0.520767,1.033965,0,0.502893,1.001504,0) {10.126144,10.135358,9.792912};
ST (0.196964,1.369913,0,0.147943,1.376070,0,0.188959,1.337000,0) {13.932208,14.632739,13.444570};
ST (0.147943,1.376070,0,0.139844,1.342280,0,0.188959,1.337000,0) {14.518306,14.113632,13.445427};
ST (0.147943,1.376070,0,0.098733,1.380474,0,0.139844,1.342280,0) {14.422905,15.473109,14.171554};
ST (0.188959,1.337000,0,0.139844,1.342280,0,0.180955,1.304086,0) {13.398378,14.151779,12.968101};
ST (1.380474,0.098733,0,1.376070,0.147943,0,1.342282,0.139849,0) {11.140146,11.914773,11.576091};
ST (1.376070,0.147943,0,1.337001,0.188964,0,1.342282,0.139849,0) {11.790299,11.209267,11.503550};
ST (1.376070,0.147943,0,1.369913,0.196964,0,1.337001,0.188964,0) {11.772877,11.642705,11.209176};
ST (1.342282,0.139849,0,1.337001,0.188964,0,1.304090,0.180965,0) {11.520549,11.274773,11.149281};
ST (0.811548,0.773841,0,0.837588,0.799131,0,0.810440,0.822383,0) {9.851874,10.495359,10.950235};
ST (0.837588,0.799131,0,0.836480,0.847673,0,0.810440,0.822383,0) {10.549263,11.424199,10.917119};
ST (0.837588,0.799131,0,0.863629,0.824422,0,0.836480,0.847673,0) {10.557321,11.440570,11.443504};
ST (0.810440,0.822383,0,0.836480,0.847673,0,0.809332,0.870924,0) {10.971649,11.366259,11.671841};
ST (1.092921,0.155707,0,1.126346,0.186851,0,1.079725,0.204829,0) {9.852157,11.013616,9.924830};
ST (1.126346,0.186851,0,1.113149,0.235973,0,1.079725,0.204829,0) {10.999243,10.773752,9.912790};
ST (1.126346,0.186851,0,1.159770,0.217995,0,1.113149,0.235973,0) {10.966468,11.657675,10.859555};
ST (1.079725,0.204829,0,1.113149,0.235973,0,1.066528,0.253951,0) {9.941981,10.743899,9.994654};
ST (0.155707,1.092921,0,0.204780,1.079705,0,0.186786,1.126322,0) {7.368236,7.947063,8.940639};
ST (0.204780,1.079705,0,0.235859,1.113106,0,0.186786,1.126322,0) {7.986925,8.414077,8.920399};
ST (0.204780,1.079705,0,0.253854,1.066489,0,0.235859,1.113106,0) {8.003175,8.236037,8.359267};
ST (0.186786,1.126322,0,0.235859,1.113106,0,0.217865,1.159724,0) {8.891037,8.398614,9.590135};
ST (1.107573,0.458886,0,1.086315,0.405740,0,1.122069,0.416793,0) {9.793670,10.252642,9.968691};
ST (1.086315,0.405740,0,1.100811,0.363646,0,1.122069,0.416793,0) {10.229440,11.246949,9.863306};
ST (1.086315,0.405740,0,1.065056,0.352593,0,1.100811,0.363646,0) {10.464435,11.805226,11.384300};
ST (1.122069,0.416793,0,1.100811,0.363646,0,1.136565,0.374700,0) {9.914019,11.193387,10.529238};
ST (0.458842,1.107125,0,0.416767,1.121729,0,0.405672,1.086050,0) {9.171036,8.861977,8.887182};
ST (0.416767,1.121729,0,0.363596,1.100655,0,0.405672,1.086050,0) {8.858640,8.576883,8.910811};
ST (0.416767,1.121729,0,0.374691,1.136334,0,0.363596,1.100655,0) {8.884761,8.834170,8.547870};
ST (0.405672,1.086050,0,0.363596,1.100655,0,0.352501,1.064976,0) {8.910719,8.667944,8.659611};
ST (1.107573,0.458886,0,1.086656,0.499374,0,1.054063,0.481200,0) {9.767401,10.267043,9.035007};
ST (1.086656,0.499374,0,1.033146,0.521688,0,1.054063,0.481200,0) {10.247505,9.442749,9.059585};
ST (1.086656,0.499374,0,1.065739,0.539862,0,1.033146,0.521688,0) {10.213923,10.309830,9.450404};
ST (1.054063,0.481200,0,1.033146,0.521688,0,1.000553,0.503514,0) {9.028995,9.496895,8.437801};
ST (0.458842,1.107125,0,0.480868,1.054314,0,0.498742,1.086775,0) {9.127701,9.962760,9.880939};
ST (0.480868,1.054314,0,0.520767,1.033965,0,0.498742,1.086775,0) {9.972342,10.184056,9.944861};
ST (0.480868,1.054314,0,0.502893,1.001504,0,0.520767,1.033965,0) {10.005544,9.822538,10.109397};
ST (0.498742,1.086775,0,0.520767,1.033965,0,0.538641,1.066426,0) {9.922133,10.202157,10.348029};
ST (1.022427,0.612418,0,1.000718,0.648833,0,0.969206,0.628497,0) {10.414484,10.687820,9.910254};
ST (1.000718,0.648833,0,0.947497,0.664913,0,0.969206,0.628497,0) {10.693907,10.051145,9.893687};
ST (1.000718,0.648833,0,0.979010,0.685249,0,0.947497,0.664913,0) {10.687281,10.863221,10.058261};
ST (0.969206,0.628497,0,0.947497,0.664913,0,0.915985,0.644577,0) {9.928923,10.047584,9.188163};
ST (1.048129,0.730790,0,1.029774,0.775802,0,0.987169,0.745489,0) {12.393896,12.798835,11.859129};
ST (1.029774,0.775802,0,0.968814,0.790500,0,0.987169,0.745489,0) {12.811482,12.153156,11.840168};
ST (1.029774,0.775802,0,1.011420,0.820813,0,0.968814,0.790500,0) {12.796841,13.202747,12.168293};
ST (0.987169,0.745489,0,0.968814,0.790500,0,0.926208,0.760187,0) {11.827479,12.136312,11.146018};
ST (1.107949,0.829400,0,1.059684,0.825107,0,1.078039,0.780095,0) {14.273314,13.728963,13.355717};
ST (1.059684,0.825107,0,1.029774,0.775802,0,1.078039,0.780095,0) {13.740672,12.777783,13.339458};
ST (1.059684,0.825107,0,1.011420,0.820813,0,1.029774,0.775802,0) {13.746854,13.200361,12.775225};
ST (1.078039,0.780095,0,1.029774,0.775802,0,1.048129,0.730790,0) {13.336795,12.780377,12.378951};
ST (0.926208,0.760187,0,0.921097,0.702382,0,0.952609,0.722718,0) {11.140031,10.166381,10.965737};
ST (0.921097,0.702382,0,0.947497,0.664913,0,0.952609,0.722718,0) {10.149277,10.049492,10.974893};
ST (0.921097,0.702382,0,0.915985,0.644577,0,0.947497,0.664913,0) {10.143731,9.174370,10.055998};
ST (0.952609,0.722718,0,0.947497,0.664913,0,0.979010,0.685249,0) {10.972998,10.058417,10.860451};
ST (0.811548,0.773841,0,0.868878,0.767014,0,0.837588,0.799131,0) {9.809716,10.452174,10.519550};
ST (0.868878,0.767014,0,0.894919,0.792304,0,0.837588,0.799131,0) {10.512107,11.346925,10.536285};
ST (0.868878,0.767014,0,0.926208,0.760187,0,0.894919,0.792304,0) {10.521946,11.148065,11.339833};
ST (0.837588,0.799131,0,0.894919,0.792304,0,0.863629,0.824422,0) {10.566122,11.337550,11.425971};
ST (1.161486,0.304108,0,1.114007,0.279030,0,1.160628,0.261051,0) {12.769091,10.766309,12.218007};
ST (1.114007,0.279030,0,1.113149,0.235973,0,1.160628,0.261051,0) {10.725748,10.800051,12.274217};
ST (1.114007,0.279030,0,1.066528,0.253951,0,1.113149,0.235973,0) {10.882395,9.987642,10.732470};
ST (1.160628,0.261051,0,1.113149,0.235973,0,1.159770,0.217995,0) {12.245965,10.879059,11.665339};
ST (0.303324,1.161211,0,0.260594,1.160467,0,0.278589,1.113850,0) {9.174066,9.304298,8.316947};
ST (0.260594,1.160467,0,0.235859,1.113106,0,0.278589,1.113850,0) {9.295459,8.394282,8.324146};
ST (0.260594,1.160467,0,0.217865,1.159724,0,0.235859,1.113106,0) {9.307067,9.586397,8.406615};
ST (0.278589,1.113850,0,0.235859,1.113106,0,0.253854,1.066489,0) {8.380429,8.373649,8.251981};
ST (0.666597,0.898877,0,0.668164,0.938014,0,0.622506,0.912611,0) {7.957092,8.969905,8.030826};
ST (0.668164,0.938014,0,0.624074,0.951748,0,0.622506,0.912611,0) {8.959115,8.869506,8.024758};
ST (0.668164,0.938014,0,0.669731,0.977152,0,0.624074,0.951748,0) {8.974254,9.776035,8.852148};
ST (0.622506,0.912611,0,0.624074,0.951748,0,0.578416,0.926344,0) {8.020200,8.898411,8.108229};
ST (0.666597,0.898877,0,0.692376,0.860708,0,0.702782,0.912742,0) {7.886969,7.577774,8.572586};
ST (0.692376,0.860708,0,0.728561,0.874574,0,0.702782,0.912742,0) {7.661326,7.663509,8.573261};
ST (0.692376,0.860708,0,0.718155,0.822540,0,0.728561,0.874574,0) {7.714046,6.669476,7.573413};
ST (0.702782,0.912742,0,0.728561,0.874574,0,0.738968,0.926608,0) {8.614657,7.496271,9.189798};
ST (1.164295,0.748247,0,1.106212,0.739519,0,1.141011,0.707853,0) {14.023592,13.178822,13.354830};
ST (1.106212,0.739519,0,1.082928,0.699124,0,1.141011,0.707853,0) {13.184906,12.419734,13.339900};
ST (1.106212,0.739519,0,1.048129,0.730790,0,1.082928,0.699124,0) {13.191332,12.380480,12.413950};
ST (1.141011,0.707853,0,1.082928,0.699124,0,1.117726,0.667458,0) {13.342662,12.415245,12.591566};
ST (0.978636,0.978636,0,0.944053,0.972566,0,0.949694,0.931934,0) {15.130883,14.874343,14.209001};
ST (0.944053,0.972566,0,0.915112,0.925864,0,0.949694,0.931934,0) {14.890486,13.825332,14.202666};
ST (0.944053,0.972566,0,0.909471,0.966496,0,0.915112,0.925864,0) {14.897879,14.531327,13.816602};
ST (0.949694,0.931934,0,0.915112,0.925864,0,0.920753,0.885232,0) {14.209936,13.823692,13.239957};
ST (1.214708,0.663281,0,1.166217,0.665369,0,1.177147,0.620025,0) {13.742800,13.223761,12.874670};
ST (1.166217,0.665369,0,1.128656,0.622113,0,1.177147,0.620025,0) {13.233107,12.270091,12.872630};
ST (1.166217,0.665369,0,1.117726,0.667458,0,1.128656,0.622113,0) {13.236756,12.596708,12.265344};
ST (1.177147,0.620025,0,1.128656,0.622113,0,1.139585,0.576769,0) {12.875159,12.268584,11.876930};
ST (1.048129,0.730790,0,0.987169,0.745489,0,1.013569,0.708020,0) {12.405348,11.851757,11.655429};
ST (0.987169,0.745489,0,0.952609,0.722718,0,1.013569,0.708020,0) {11.835803,10.980184,11.668689};
ST (0.987169,0.745489,0,0.926208,0.760187,0,0.952609,0.722718,0) {11.833882,11.134654,10.970072};
ST (1.013569,0.708020,0,0.952609,0.722718,0,0.979010,0.685249,0) {11.674929,10.978896,10.870062};
ST (1.048129,0.730790,0,1.013569,0.708020,0,1.035278,0.671604,0) {12.400823,11.657848,11.435402};
ST (1.013569,0.708020,0,1.000718,0.648833,0,1.035278,0.671604,0) {11.663052,10.710555,11.433708};
ST (1.013569,0.708020,0,0.979010,0.685249,0,1.000718,0.648833,0) {11.674988,10.870639,10.699171};
ST (1.035278,0.671604,0,1.000718,0.648833,0,1.022427,0.612418,0) {11.447357,10.703706,10.412611};
ST (0.598057,1.028530,0,0.588236,0.977437,0,0.633894,1.002841,0) {10.604678,9.418169,10.043597};
ST (0.588236,0.977437,0,0.624074,0.951748,0,0.633894,1.002841,0) {9.414897,8.887334,10.045246};
ST (0.588236,0.977437,0,0.578416,0.926344,0,0.624074,0.951748,0) {9.371575,8.103129,8.904714};
ST (0.633894,1.002841,0,0.624074,0.951748,0,0.669731,0.977152,0) {10.017470,8.879332,9.746078};
ST (0.809332,0.870924,0,0.774150,0.898766,0,0.763743,0.846732,0) {11.845638,11.418189,8.816079};
ST (0.774150,0.898766,0,0.728561,0.874574,0,0.763743,0.846732,0) {11.187621,7.133772,8.811160};
ST (0.774150,0.898766,0,0.738968,0.926608,0,0.728561,0.874574,0) {11.180033,9.153000,7.188510};
ST (0.763743,0.846732,0,0.728561,0.874574,0,0.718155,0.822540,0) {8.430973,7.437268,6.498247};
ST (1.214130,0.399548,0,1.160852,0.429217,0,1.175348,0.387124,0) {11.377025,10.932456,10.033458};
ST (1.160852,0.429217,0,1.122069,0.416793,0,1.175348,0.387124,0) {10.905473,9.877212,10.047139};
ST (1.160852,0.429217,0,1.107573,0.458886,0,1.122069,0.416793,0) {10.857868,9.887320,9.884734};
ST (1.175348,0.387124,0,1.122069,0.416793,0,1.136565,0.374700,0) {9.966179,9.894555,10.424609};
ST (0.458842,1.107125,0,0.429628,1.160335,0,0.416767,1.121729,0) {9.084480,9.150109,8.850651};
ST (0.429628,1.160335,0,0.387553,1.174939,0,0.416767,1.121729,0) {9.198158,9.263635,8.838798};
ST (0.429628,1.160335,0,0.400414,1.213545,0,0.387553,1.174939,0) {9.161739,10.031976,9.292236};
ST (0.416767,1.121729,0,0.387553,1.174939,0,0.374691,1.136334,0) {8.865983,9.254313,8.824174};
ST (0.584467,1.137101,0,0.521655,1.122113,0,0.561554,1.101763,0) {10.117398,9.527946,10.506014};
ST (0.521655,1.122113,0,0.498742,1.086775,0,0.561554,1.101763,0) {9.530795,9.877665,10.482231};
ST (0.521655,1.122113,0,0.458842,1.107125,0,0.498742,1.086775,0) {9.535785,9.097174,9.876483};
ST (0.561554,1.101763,0,0.498742,1.086775,0,0.538641,1.066426,0) {10.482423,9.880571,10.320724};
ST (1.139585,0.576769,0,1.102662,0.558316,0,1.123579,0.517827,0) {11.908013,11.196297,11.008433};
ST (1.102662,0.558316,0,1.086656,0.499374,0,1.123579,0.517827,0) {11.195766,10.215164,10.984252};
ST (1.102662,0.558316,0,1.065739,0.539862,0,1.086656,0.499374,0) {11.206062,10.339951,10.206437};
ST (1.123579,0.517827,0,1.086656,0.499374,0,1.107573,0.458886,0) {11.026316,10.200991,9.922868};
ST (0.980785,0.195090,0,1.023657,0.224521,0,0.970031,0.242980,0) {7.853336,8.845949,7.794067};
ST (1.023657,0.224521,0,1.011734,0.272118,0,0.970031,0.242980,0) {8.871649,9.087169,7.838098};
ST (1.023657,0.224521,0,1.066528,0.253951,0,1.011734,0.272118,0) {8.981371,10.048259,9.024184};
ST (0.970031,0.242980,0,1.011734,0.272118,0,0.956940,0.290285,0) {7.859467,9.088860,8.303128};
ST (0.290285,0.956940,0,0.272069,1.011715,0,0.242980,0.970031,0) {9.513625,8.585539,8.037090};
ST (0.272069,1.011715,0,0.224472,1.023637,0,0.242980,0.970031,0) {8.648822,7.911628,7.960607};
ST (0.272069,1.011715,0,0.253854,1.066489,0,0.224472,1.023637,0) {8.647006,8.461341,8.004073};
ST (0.242980,0.970031,0,0.224472,1.023637,0,0.195090,0.980785,0) {7.983341,7.815438,6.432285};
ST (0.555570,0.831470,0,0.566993,0.878907,0,0.514103,0.857729,0) {6.245539,6.836746,6.491987};
ST (0.566993,0.878907,0,0.524906,0.904133,0,0.514103,0.857729,0) {6.872381,7.426138,6.509188};
ST (0.566993,0.878907,0,0.578416,0.926344,0,0.524906,0.904133,0) {6.936155,8.106981,7.420858};
ST (0.514103,0.857729,0,0.524906,0.904133,0,0.471397,0.881921,0) {6.538008,7.414106,6.876384};
ST (0.707107,0.707107,0,0.712631,0.764823,0,0.671559,0.740951,0) {5.908936,6.043950,5.561788};
ST (0.712631,0.764823,0,0.676274,0.797775,0,0.671559,0.740951,0) {6.072930,6.349673,5.636709};
ST (0.712631,0.764823,0,0.718155,0.822540,0,0.676274,0.797775,0) {6.089986,6.872915,6.352386};
ST (0.671559,0.740951,0,0.676274,0.797775,0,0.634393,0.773010,0) {5.668269,6.326006,5.812717};
ST (0.920753,0.885232,0,0.892191,0.854827,0,0.923481,0.822709,0) {13.224176,12.285138,12.106247};
ST (0.892191,0.854827,0,0.894919,0.792304,0,0.923481,0.822709,0) {12.273353,11.334721,12.131100};
ST (0.892191,0.854827,0,0.863629,0.824422,0,0.894919,0.792304,0) {12.288701,11.426086,11.322243};
ST (0.923481,0.822709,0,0.894919,0.792304,0,0.926208,0.760187,0) {12.134469,11.337304,11.151239};
ST (1.214130,0.399548,0,1.175348,0.387124,0,1.187808,0.351828,0) {11.267177,10.009391,10.225682};
ST (1.175348,0.387124,0,1.149025,0.339404,0,1.187808,0.351828,0) {9.940554,11.108720,10.390582};
ST (1.175348,0.387124,0,1.136565,0.374700,0,1.149025,0.339404,0) {9.895281,10.408861,11.201352};
ST (1.187808,0.351828,0,1.149025,0.339404,0,1.161486,0.304108,0) {10.212160,11.197950,12.529737};
ST (0.303324,1.161211,0,0.339008,1.148772,0,0.351869,1.187378,0) {9.160465,8.897691,9.591166};
ST (0.339008,1.148772,0,0.387553,1.174939,0,0.351869,1.187378,0) {8.887206,9.284906,9.604742};
ST (0.339008,1.148772,0,0.374691,1.136334,0,0.387553,1.174939,0) {8.871485,8.822775,9.274980};
ST (0.351869,1.187378,0,0.387553,1.174939,0,0.400414,1.213545,0) {9.630651,9.300314,10.061265};
ST (0.584467,1.137101,0,0.561554,1.101763,0,0.591262,1.082815,0) {10.182817,10.504895,10.908012};
ST (0.561554,1.101763,0,0.568349,1.047478,0,0.591262,1.082815,0) {10.476484,10.623337,10.851647};
ST (0.561554,1.101763,0,0.538641,1.066426,0,0.568349,1.047478,0) {10.472353,10.339380,10.613126};
ST (0.591262,1.082815,0,0.568349,1.047478,0,0.598057,1.028530,0) {10.895800,10.623926,10.656736};
ST (1.139585,0.576769,0,1.081006,0.594593,0,1.102662,0.558316,0) {11.895789,11.166612,11.194753};
ST (1.081006,0.594593,0,1.044083,0.576140,0,1.102662,0.558316,0) {11.170235,10.347526,11.193194};
ST (1.081006,0.594593,0,1.022427,0.612418,0,1.044083,0.576140,0) {11.178131,10.392930,10.338727};
ST (1.102662,0.558316,0,1.044083,0.576140,0,1.065739,0.539862,0) {11.205522,10.340803,10.335321};
ST (1.327938,0.389918,0,1.271034,0.394733,0,1.295689,0.359551,0) {12.816913,12.209869,12.281837};
ST (1.271034,0.394733,0,1.238785,0.364366,0,1.295689,0.359551,0) {12.235845,11.371254,12.267316};
ST (1.271034,0.394733,0,1.214130,0.399548,0,1.238785,0.364366,0) {12.256759,11.362763,11.349083};
ST (1.295689,0.359551,0,1.238785,0.364366,0,1.263440,0.329183,0) {12.271161,11.360480,11.435843};
ST (0.389918,1.327938,0,0.359550,1.295630,0,0.395166,1.270742,0) {12.237375,11.732503,11.235851};
ST (0.359550,1.295630,0,0.364799,1.238433,0,0.395166,1.270742,0) {11.740763,10.688275,11.218553};
ST (0.359550,1.295630,0,0.329183,1.263321,0,0.364799,1.238433,0) {11.746997,11.280132,10.683558};
ST (0.395166,1.270742,0,0.364799,1.238433,0,0.400414,1.213545,0) {11.223918,10.689644,10.061018};
ST (0.809332,0.870924,0,0.836480,0.847673,0,0.865042,0.878078,0) {11.700948,11.434511,12.584421};
ST (0.836480,0.847673,0,0.892191,0.854827,0,0.865042,0.878078,0) {11.451979,12.311271,12.592345};
ST (0.836480,0.847673,0,0.863629,0.824422,0,0.892191,0.854827,0) {11.469165,11.428549,12.291976};
ST (0.865042,0.878078,0,0.892191,0.854827,0,0.920753,0.885232,0) {12.588418,12.302967,13.226298};
ST (0.666597,0.898877,0,0.622506,0.912611,0,0.647410,0.873004,0) {7.934237,8.034043,7.199564};
ST (0.622506,0.912611,0,0.603320,0.886738,0,0.647410,0.873004,0) {8.009859,7.283176,7.224847};
ST (0.622506,0.912611,0,0.578416,0.926344,0,0.603320,0.886738,0) {7.992699,8.112950,7.292836};
ST (0.647410,0.873004,0,0.603320,0.886738,0,0.628223,0.847131,0) {7.238739,7.298775,6.710927};
ST (0.809332,0.870924,0,0.820272,0.925629,0,0.774150,0.898766,0) {11.682203,13.018966,11.744048};
ST (0.820272,0.925629,0,0.785090,0.953471,0,0.774150,0.898766,0) {12.988276,13.745333,11.747282};
ST (0.820272,0.925629,0,0.831212,0.980334,0,0.785090,0.953471,0) {12.844895,14.190187,13.759850};
ST (0.774150,0.898766,0,0.785090,0.953471,0,0.738968,0.926608,0) {11.556375,13.744982,9.137547};
ST (0.741705,1.006326,0,0.740336,0.966467,0,0.786459,0.993330,0) {12.596564,11.082749,14.785384};
ST (0.740336,0.966467,0,0.785090,0.953471,0,0.786459,0.993330,0) {11.125085,13.729857,14.737739};
ST (0.740336,0.966467,0,0.738968,0.926608,0,0.785090,0.953471,0) {10.985230,9.201022,13.741988};
ST (0.786459,0.993330,0,0.785090,0.953471,0,0.831212,0.980334,0) {14.424750,13.803237,14.108029};
ST (0.598057,1.028530,0,0.633894,1.002841,0,0.640886,1.054066,0) {10.671764,10.037246,11.126018};
ST (0.633894,1.002841,0,0.676723,1.028377,0,0.640886,1.054066,0) {10.024781,10.833385,11.111357};
ST (0.633894,1.002841,0,0.669731,0.977152,0,0.676723,1.028377,0) {9.974348,9.811261,10.883798};
ST (0.640886,1.054066,0,0.676723,1.028377,0,0.683715,1.079603,0) {11.051432,10.881942,11.767450};
ST (0.741705,1.006326,0,0.712710,1.042964,0,0.705718,0.991739,0) {12.296937,10.999912,9.611901};
ST (0.712710,1.042964,0,0.676723,1.028377,0,0.705718,0.991739,0) {11.141102,11.009423,9.764654};
ST (0.712710,1.042964,0,0.683715,1.079603,0,0.676723,1.028377,0) {11.250147,11.790299,10.913562};
ST (0.705718,0.991739,0,0.676723,1.028377,0,0.669731,0.977152,0) {9.896905,10.924943,9.864159};
ST (0.666597,0.898877,0,0.647410,0.873004,0,0.692376,0.860708,0) {7.913086,7.179263,7.517047};
ST (0.647410,0.873004,0,0.673189,0.834836,0,0.692376,0.860708,0) {7.197639,6.836094,7.531037};
ST (0.647410,0.873004,0,0.628223,0.847131,0,0.673189,0.834836,0) {7.241641,6.706883,6.793714};
ST (0.692376,0.860708,0,0.673189,0.834836,0,0.718155,0.822540,0) {7.596614,6.871323,6.844903};
ST (0.881921,0.471397,0,0.905945,0.514200,0,0.857729,0.514103,0) {9.032045,10.528078,9.840087};
ST (0.905945,0.514200,0,0.880719,0.556287,0,0.857729,0.514103,0) {10.224555,8.665556,9.981764};
ST (0.905945,0.514200,0,0.929969,0.557004,0,0.880719,0.556287,0) {9.959197,7.572021,8.348230};
ST (0.857729,0.514103,0,0.880719,0.556287,0,0.831470,0.555570,0) {9.884424,8.694748,9.152158};
ST (1.247628,0.248225,0,1.203699,0.233110,0,1.230457,0.199115,0) {11.335264,13.262883,13.726504};
ST (1.203699,0.233110,0,1.186528,0.184000,0,1.230457,0.199115,0) {13.038693,12.110086,13.421059};
ST (1.203699,0.233110,0,1.159770,0.217995,0,1.186528,0.184000,0) {13.092559,11.526697,12.107987};
ST (1.230457,0.199115,0,1.186528,0.184000,0,1.213285,0.150006,0) {13.391773,12.179272,12.086419};
ST (0.248138,1.247598,0,0.199068,1.230440,0,0.233001,1.203661,0) {11.314294,11.226154,10.502085};
ST (0.199068,1.230440,0,0.183931,1.186503,0,0.233001,1.203661,0) {11.209967,10.510398,10.479505};
ST (0.199068,1.230440,0,0.149998,1.213282,0,0.183931,1.186503,0) {11.209776,11.333953,10.514791};
ST (0.233001,1.203661,0,0.183931,1.186503,0,0.217865,1.159724,0) {10.471603,10.523852,9.597167};
ST (1.161486,0.304108,0,1.160628,0.261051,0,1.204557,0.276166,0) {12.650934,12.347534,12.041718};
ST (1.160628,0.261051,0,1.203699,0.233110,0,1.204557,0.276166,0) {12.393320,13.199279,12.003811};
ST (1.160628,0.261051,0,1.159770,0.217995,0,1.203699,0.233110,0) {12.281648,11.515509,13.175950};
ST (1.204557,0.276166,0,1.203699,0.233110,0,1.247628,0.248225,0) {11.965330,13.337110,11.220796};
ST (0.303324,1.161211,0,0.275731,1.204404,0,0.260594,1.160467,0) {9.185969,10.291761,9.307746};
ST (0.275731,1.204404,0,0.233001,1.203661,0,0.260594,1.160467,0) {10.297734,10.476906,9.311831};
ST (0.275731,1.204404,0,0.248138,1.247598,0,0.233001,1.203661,0) {10.311244,11.318421,10.496980};
ST (0.260594,1.160467,0,0.233001,1.203661,0,0.217865,1.159724,0) {9.308614,10.475628,9.587258};
ST (0.000000,1.192000,0,0.000000,1.144000,0,0.038266,1.168883,0) {10.348359,8.367103,9.458434};
ST (0.000000,1.144000,0,0.038266,1.120883,0,0.038266,1.168883,0) {8.363570,7.509921,9.467113};
ST (0.000000,1.144000,0,0.000000,1.096000,0,0.038266,1.120883,0) {8.362136,6.503348,7.500165};
ST (0.038266,1.168883,0,0.038266,1.120883,0,0.076533,1.145767,0) {9.469369,7.512991,8.685524};
ST (1.096000,0.000000,0,1.144000,0.000000,0,1.120883,0.038267,0) {8.052948,9.218103,10.822107};
ST (1.144000,0.000000,0,1.168883,0.038267,0,1.120883,0.038267,0) {9.625761,10.985784,10.859921};
ST (1.144000,0.000000,0,1.192000,0.000000,0,1.168883,0.038267,0) {9.326367,10.587451,11.408417};
ST (1.120883,0.038267,0,1.168883,0.038267,0,1.145767,0.076534,0) {10.208513,11.191725,9.706812};
ST (0.555570,0.831470,0,0.591897,0.839301,0,0.566993,0.878907,0) {6.238823,6.311957,6.851399};
ST (0.591897,0.839301,0,0.603320,0.886738,0,0.566993,0.878907,0) {6.295399,7.301843,6.905579};
ST (0.591897,0.839301,0,0.628223,0.847131,0,0.603320,0.886738,0) {6.307784,6.703060,7.305863};
ST (0.566993,0.878907,0,0.603320,0.886738,0,0.578416,0.926344,0) {6.944089,7.294875,8.121777};
ST (0.634393,0.773010,0,0.676274,0.797775,0,0.631308,0.810071,0) {5.861077,6.297495,6.050654};
ST (0.676274,0.797775,0,0.673189,0.834836,0,0.631308,0.810071,0) {6.298243,6.791409,6.071022};
ST (0.676274,0.797775,0,0.718155,0.822540,0,0.673189,0.834836,0) {6.320958,6.893830,6.843883};
ST (0.631308,0.810071,0,0.673189,0.834836,0,0.628223,0.847131,0) {6.059071,6.784995,6.705041};
ST (1.214708,0.663281,0,1.190260,0.706214,0,1.166217,0.665369,0) {13.712047,14.002724,13.239372};
ST (1.190260,0.706214,0,1.141011,0.707853,0,1.166217,0.665369,0) {13.939688,13.331167,13.240000};
ST (1.190260,0.706214,0,1.164295,0.748247,0,1.141011,0.707853,0) {13.897589,14.085188,13.357973};
ST (1.166217,0.665369,0,1.141011,0.707853,0,1.117726,0.667458,0) {13.234808,13.337232,12.599027};
ST (1.107949,0.829400,0,1.077640,0.868417,0,1.059684,0.825107,0) {14.237507,14.515596,13.745949};
ST (1.077640,0.868417,0,1.028689,0.863570,0,1.059684,0.825107,0) {14.451193,13.923679,13.751362};
ST (1.077640,0.868417,0,1.045957,0.906327,0,1.028689,0.863570,0) {14.405638,14.760925,13.954072};
ST (1.059684,0.825107,0,1.028689,0.863570,0,1.011420,0.820813,0) {13.745477,13.926799,13.201752};
ST (1.352371,0.294190,0,1.307906,0.311687,0,1.300000,0.271208,0) {12.454600,12.193575,11.440997};
ST (1.307906,0.311687,0,1.255534,0.288704,0,1.300000,0.271208,0) {12.206041,11.209057,11.451666};
ST (1.307906,0.311687,0,1.263440,0.329183,0,1.255534,0.288704,0) {12.195612,11.412613,11.174470};
ST (1.300000,0.271208,0,1.255534,0.288704,0,1.247628,0.248225,0) {11.315566,11.219956,10.903281};
ST (0.294190,1.352371,0,0.271164,1.299985,0,0.311687,1.307846,0) {13.038063,12.141732,12.166222};
ST (0.271164,1.299985,0,0.288660,1.255459,0,0.311687,1.307846,0) {12.141474,11.226664,12.161683};
ST (0.271164,1.299985,0,0.248138,1.247598,0,0.288660,1.255459,0) {12.140081,11.306418,11.227484};
ST (0.311687,1.307846,0,0.288660,1.255459,0,0.329183,1.263321,0) {12.156368,11.227800,11.274665};
ST (1.296738,0.483658,0,1.278649,0.529634,0,1.250400,0.491298,0) {13.023390,13.244065,12.546611};
ST (1.278649,0.529634,0,1.231496,0.536936,0,1.250400,0.491298,0) {13.181113,12.686946,12.552509};
ST (1.278649,0.529634,0,1.258931,0.574934,0,1.231496,0.536936,0) {13.137407,13.443255,12.713213};
ST (1.250400,0.491298,0,1.231496,0.536936,0,1.204062,0.498938,0) {12.543540,12.697244,12.019691};
ST (0.574934,1.258931,0,0.529634,1.278649,0,0.537504,1.231262,0) {10.902544,11.285001,10.471458};
ST (0.529634,1.278649,0,0.491866,1.250166,0,0.537504,1.231262,0) {11.232638,10.772663,10.471276};
ST (0.529634,1.278649,0,0.483658,1.296738,0,0.491866,1.250166,0) {11.203299,11.736416,10.797236};
ST (0.537504,1.231262,0,0.491866,1.250166,0,0.500074,1.203593,0) {10.469184,10.756989,9.998725};
ST (0.000000,1.000000,0,0.049068,0.998795,0,0.033942,1.033242,0) {4.682373,5.021623,4.716304};
ST (0.049068,0.998795,0,0.082950,1.030835,0,0.033942,1.033242,0) {4.915847,5.036068,4.771262};
ST (0.049068,0.998795,0,0.098017,0.995185,0,0.082950,1.030835,0) {4.961955,5.495822,4.976185};
ST (0.033942,1.033242,0,0.082950,1.030835,0,0.067883,1.066485,0) {4.797275,5.078753,5.598176};
ST (0.995185,0.098017,0,0.998795,0.049068,0,1.030835,0.082950,0) {7.393494,7.227779,7.741183};
ST (0.998795,0.049068,0,1.033242,0.033942,0,1.030835,0.082950,0) {7.419364,8.489201,7.679478};
ST (0.998795,0.049068,0,1.000000,0.000000,0,1.033242,0.033942,0) {7.243977,6.239684,9.080229};
ST (1.030835,0.082950,0,1.033242,0.033942,0,1.066485,0.067883,0) {7.990527,8.285884,8.000742};
ST (0.000000,1.096000,0,0.000000,1.048000,0,0.033942,1.081242,0) {6.484906,5.051978,6.052626};
ST (0.000000,1.048000,0,0.033942,1.033242,0,0.033942,1.081242,0) {5.038509,4.767543,6.022532};
ST (0.000000,1.048000,0,0.000000,1.000000,0,0.033942,1.033242,0) {4.997933,4.707947,4.831321};
ST (0.033942,1.081242,0,0.033942,1.033242,0,0.067883,1.066485,0) {6.019195,4.768704,5.671752};
ST (1.096000,0.000000,0,1.081242,0.033942,0,1.048000,0.000000,0) {7.667676,10.767601,6.848454};
ST (1.081242,0.033942,0,1.033242,0.033942,0,1.048000,0.000000,0) {10.671671,8.648277,7.052629};
ST (1.081242,0.033942,0,1.066485,0.067883,0,1.033242,0.033942,0) {9.921143,7.712642,8.614633};
ST (1.048000,0.000000,0,1.033242,0.033942,0,1.000000,0.000000,0) {6.170943,8.910539,5.967516};
ST (1.192000,0.000000,0,1.240000,0.000000,0,1.207915,0.032541,0) {10.681939,12.069476,11.893034};
ST (1.240000,0.000000,0,1.255915,0.032541,0,1.207915,0.032541,0) {12.324379,12.289094,11.775710};
ST (1.240000,0.000000,0,1.288000,0.000000,0,1.255915,0.032541,0) {12.195268,13.630889,12.721833};
ST (1.207915,0.032541,0,1.255915,0.032541,0,1.223830,0.065083,0) {11.548557,12.457898,10.972311};
ST (0.000000,1.288000,0,0.000000,1.240000,0,0.032541,1.255915,0) {14.130701,12.294701,12.974645};
ST (0.000000,1.240000,0,0.032541,1.207915,0,0.032541,1.255915,0) {12.293977,11.052893,12.977918};
ST (0.000000,1.240000,0,0.000000,1.192000,0,0.032541,1.207915,0) {12.296529,10.349979,11.046076};
ST (0.032541,1.255915,0,0.032541,1.207915,0,0.065082,1.223829,0) {12.979473,11.044874,11.877154};
ST (1.213285,0.150006,0,1.179526,0.113270,0,1.218558,0.107544,0) {11.894472,11.325880,12.377699};
ST (1.179526,0.113270,0,1.184798,0.070808,0,1.218558,0.107544,0) {11.397510,11.003338,12.440951};
ST (1.179526,0.113270,0,1.145767,0.076534,0,1.184798,0.070808,0) {11.600556,10.094717,10.944612};
ST (1.218558,0.107544,0,1.184798,0.070808,0,1.223830,0.065083,0) {12.585324,10.934527,11.176189};
ST (0.149998,1.213282,0,0.107540,1.218556,0,0.113265,1.179525,0) {11.384165,11.953440,10.617049};
ST (0.107540,1.218556,0,0.070807,1.184798,0,0.113265,1.179525,0) {11.956039,10.268437,10.538419};
ST (0.107540,1.218556,0,0.065082,1.223829,0,0.070807,1.184798,0) {11.933068,11.887344,10.284661};
ST (0.113265,1.179525,0,0.070807,1.184798,0,0.076533,1.145767,0) {10.489433,10.277696,8.669600};
ST (1.247628,0.248225,0,1.230457,0.199115,0,1.275859,0.214595,0) {11.112303,14.058237,11.670634};
ST (1.230457,0.199115,0,1.258688,0.165486,0,1.275859,0.214595,0) {13.898427,13.674727,11.949914};
ST (1.230457,0.199115,0,1.213285,0.150006,0,1.258688,0.165486,0) {13.506668,11.919570,13.319252};
ST (1.275859,0.214595,0,1.258688,0.165486,0,1.304090,0.180965,0) {11.753538,13.894171,11.368723};
ST (0.248138,1.247598,0,0.214546,1.275842,0,0.199068,1.230440,0) {11.296681,12.077868,11.232697};
ST (0.214546,1.275842,0,0.165476,1.258684,0,0.199068,1.230440,0) {12.089008,12.132197,11.225352};
ST (0.214546,1.275842,0,0.180955,1.304086,0,0.165476,1.258684,0) {12.090076,12.965873,12.141408};
ST (0.199068,1.230440,0,0.165476,1.258684,0,0.149998,1.213282,0) {11.223012,12.127049,11.329686};
ST (0.748247,1.164295,0,0.706046,1.156459,0,0.715981,1.121949,0) {14.934235,11.787984,12.805552};
ST (0.706046,1.156459,0,0.673780,1.114113,0,0.715981,1.121949,0) {11.810609,11.757512,12.735045};
ST (0.706046,1.156459,0,0.663844,1.148622,0,0.673780,1.114113,0) {11.814247,11.058815,11.777119};
ST (0.715981,1.121949,0,0.673780,1.114113,0,0.683715,1.079603,0) {12.693950,11.738710,11.692840};
ST (0.748247,1.164295,0,0.706214,1.190260,0,0.706046,1.156459,0) {14.748581,11.514161,11.828678};
ST (0.706214,1.190260,0,0.663563,1.181665,0,0.706046,1.156459,0) {11.505787,10.762559,11.811182};
ST (0.706214,1.190260,0,0.663281,1.214708,0,0.663563,1.181665,0) {11.523369,11.083443,10.719526};
ST (0.706046,1.156459,0,0.663563,1.181665,0,0.663844,1.148622,0) {11.808446,10.763415,11.040942};
ST (0.389918,1.327938,0,0.342272,1.341009,0,0.359550,1.295630,0) {12.208808,12.635713,11.747135};
ST (0.342272,1.341009,0,0.311687,1.307846,0,0.359550,1.295630,0) {12.564758,12.142382,11.757733};
ST (0.342272,1.341009,0,0.294190,1.352371,0,0.311687,1.307846,0) {12.529481,13.098839,12.162981};
ST (0.359550,1.295630,0,0.311687,1.307846,0,0.329183,1.263321,0) {11.747679,12.154703,11.279405};
ST (1.352371,0.294190,0,1.341009,0.342272,0,1.307906,0.311687,0) {12.438589,12.876591,12.178174};
ST (1.341009,0.342272,0,1.295689,0.359551,0,1.307906,0.311687,0) {12.823998,12.238291,12.156848};
ST (1.341009,0.342272,0,1.327938,0.389918,0,1.295689,0.359551,0) {12.770335,12.884014,12.274364};
ST (1.307906,0.311687,0,1.295689,0.359551,0,1.263440,0.329183,0) {12.138155,12.248992,11.448450};
ST (1.092921,0.155707,0,1.079703,0.111795,0,1.119344,0.116121,0) {9.719809,9.651388,10.422007};
ST (1.079703,0.111795,0,1.106126,0.072208,0,1.119344,0.116121,0) {9.748763,9.326294,10.540789};
ST (1.079703,0.111795,0,1.066485,0.067883,0,1.106126,0.072208,0) {9.948173,8.098656,9.112425};
ST (1.119344,0.116121,0,1.106126,0.072208,0,1.145767,0.076534,0) {10.663195,9.223312,10.052984};
ST (0.155707,1.092921,0,0.116120,1.119344,0,0.111795,1.079703,0) {7.344678,7.998535,6.377875};
ST (0.116120,1.119344,0,0.072208,1.106126,0,0.111795,1.079703,0) {7.992033,7.112502,6.365412};
ST (0.116120,1.119344,0,0.076533,1.145767,0,0.072208,1.106126,0) {7.991211,8.676130,7.111551};
ST (0.111795,1.079703,0,0.072208,1.106126,0,0.067883,1.066485,0) {6.374196,7.093751,5.662090};
ST (0.000000,1.288000,0,0.032541,1.255915,0,0.043075,1.291096,0) {14.115521,12.992748,14.356071};
ST (0.032541,1.255915,0,0.075616,1.259011,0,0.043075,1.291096,0) {12.988742,13.253907,14.363706};
ST (0.032541,1.255915,0,0.065082,1.223829,0,0.075616,1.259011,0) {12.981800,11.878248,13.270798};
ST (0.043075,1.291096,0,0.075616,1.259011,0,0.086150,1.294192,0) {14.359526,13.231534,13.949392};
ST (1.288000,0.000000,0,1.291096,0.043076,0,1.255915,0.032541,0) {13.662316,13.494470,12.588340};
ST (1.291096,0.043076,0,1.259011,0.075617,0,1.255915,0.032541,0) {13.509808,12.125839,12.543130};
ST (1.291096,0.043076,0,1.294193,0.086151,0,1.259011,0.075617,0) {13.398119,13.742742,12.185972};
ST (1.255915,0.032541,0,1.259011,0.075617,0,1.223830,0.065083,0) {12.283070,12.191148,11.064343};
ST (0.906327,1.045957,0,0.868770,1.013146,0,0.907899,1.006227,0) {15.833162,15.142494,15.197971};
ST (0.868770,1.013146,0,0.870342,0.973415,0,0.907899,1.006227,0) {15.136949,14.412502,15.168400};
ST (0.868770,1.013146,0,0.831212,0.980334,0,0.870342,0.973415,0) {15.138292,14.302332,14.418500};
ST (0.907899,1.006227,0,0.870342,0.973415,0,0.909471,0.966496,0) {15.160585,14.406801,14.525423};
ST (0.978636,0.978636,0,0.943082,1.012942,0,0.944053,0.972566,0) {15.092649,15.568604,14.893683};
ST (0.943082,1.012942,0,0.907899,1.006227,0,0.944053,0.972566,0) {15.468854,15.145046,14.905929};
ST (0.943082,1.012942,0,0.906327,1.045957,0,0.907899,1.006227,0) {15.387817,15.924809,15.196733};
ST (0.944053,0.972566,0,0.907899,1.006227,0,0.909471,0.966496,0) {14.897843,15.147745,14.533977};
ST (0.748247,1.164295,0,0.715981,1.121949,0,0.756707,1.117474,0) {15.119828,12.716422,16.849239};
ST (0.715981,1.121949,0,0.724441,1.075128,0,0.756707,1.117474,0) {12.644755,12.546382,16.831778};
ST (0.715981,1.121949,0,0.683715,1.079603,0,0.724441,1.075128,0) {12.680859,11.754449,12.473001};
ST (0.756707,1.117474,0,0.724441,1.075128,0,0.765168,1.070653,0) {16.840476,12.544847,16.611869};
ST (0.149998,1.213282,0,0.165476,1.258684,0,0.118074,1.253737,0) {11.343949,12.126400,12.637690};
ST (0.165476,1.258684,0,0.133552,1.299139,0,0.118074,1.253737,0) {12.126131,13.277625,12.632575};
ST (0.165476,1.258684,0,0.180955,1.304086,0,0.133552,1.299139,0) {12.135277,12.980144,13.288702};
ST (0.118074,1.253737,0,0.133552,1.299139,0,0.086150,1.294192,0) {12.653117,13.257736,13.928295};
ST (1.213285,0.150006,0,1.253739,0.118079,0,1.258688,0.165486,0) {11.930407,13.272154,13.205527};
ST (1.253739,0.118079,0,1.299141,0.133558,0,1.258688,0.165486,0) {13.261013,13.829064,13.317274};
ST (1.253739,0.118079,0,1.294193,0.086151,0,1.299141,0.133558,0) {13.414269,14.024859,13.812092};
ST (1.258688,0.165486,0,1.299141,0.133558,0,1.304090,0.180965,0) {13.719421,13.692065,11.446978};
ST (0.829400,1.107949,0,0.789327,1.136846,0,0.797284,1.089301,0) {16.672266,17.907809,16.563628};
ST (0.789327,1.136846,0,0.756707,1.117474,0,0.797284,1.089301,0) {17.781240,16.731739,16.657670};
ST (0.789327,1.136846,0,0.748247,1.164295,0,0.756707,1.117474,0) {17.781519,15.094451,16.860253};
ST (0.797284,1.089301,0,0.756707,1.117474,0,0.765168,1.070653,0) {16.568399,16.707156,16.443627};
ST (0.741705,1.006326,0,0.753436,1.038490,0,0.712710,1.042964,0) {12.570625,14.816433,10.902042};
ST (0.753436,1.038490,0,0.724441,1.075128,0,0.712710,1.042964,0) {14.732843,12.383725,11.004645};
ST (0.753436,1.038490,0,0.765168,1.070653,0,0.724441,1.075128,0) {14.977493,16.757459,12.348785};
ST (0.712710,1.042964,0,0.724441,1.075128,0,0.683715,1.079603,0) {11.226190,12.381552,11.883956};
ST (0.000000,1.096000,0,0.033942,1.081242,0,0.038266,1.120883,0) {6.501458,6.056633,7.500924};
ST (0.033942,1.081242,0,0.072208,1.106126,0,0.038266,1.120883,0) {6.062397,7.105207,7.504160};
ST (0.033942,1.081242,0,0.067883,1.066485,0,0.072208,1.106126,0) {6.049250,5.653545,7.105487};
ST (0.038266,1.120883,0,0.072208,1.106126,0,0.076533,1.145767,0) {7.514577,7.108924,8.684594};
ST (1.096000,0.000000,0,1.120883,0.038267,0,1.081242,0.033942,0) {8.369480,10.493896,10.283018};
ST (1.120883,0.038267,0,1.106126,0.072208,0,1.081242,0.033942,0) {10.306175,8.641584,9.703111};
ST (1.120883,0.038267,0,1.145767,0.076534,0,1.106126,0.072208,0) {10.085103,9.919522,8.962688};
ST (1.081242,0.033942,0,1.106126,0.072208,0,1.066485,0.067883,0) {9.484713,8.838000,7.955189};
ST (0.634393,0.773010,0,0.631308,0.810071,0,0.595699,0.803208,0) {5.896312,6.038856,5.952694};
ST (0.631308,0.810071,0,0.591897,0.839301,0,0.595699,0.803208,0) {6.061230,6.295340,5.996695};
ST (0.631308,0.810071,0,0.628223,0.847131,0,0.591897,0.839301,0) {6.091964,6.685491,6.327974};
ST (0.595699,0.803208,0,0.591897,0.839301,0,0.555570,0.831470,0) {6.054012,6.264642,6.203076};
ST (0.000000,1.192000,0,0.038266,1.168883,0,0.032541,1.207915,0) {10.347832,9.467075,11.053954};
ST (0.038266,1.168883,0,0.070807,1.184798,0,0.032541,1.207915,0) {9.467133,10.277568,11.053385};
ST (0.038266,1.168883,0,0.076533,1.145767,0,0.070807,1.184798,0) {9.476347,8.689002,10.270534};
ST (0.032541,1.207915,0,0.070807,1.184798,0,0.065082,1.223829,0) {11.050144,10.292827,11.881302};
ST (1.192000,0.000000,0,1.207915,0.032541,0,1.168883,0.038267,0) {10.822533,11.315909,11.650093};
ST (1.207915,0.032541,0,1.184798,0.070808,0,1.168883,0.038267,0) {11.613139,10.724334,11.099456};
ST (1.207915,0.032541,0,1.223830,0.065083,0,1.184798,0.070808,0) {11.412328,11.166851,10.778582};
ST (1.168883,0.038267,0,1.184798,0.070808,0,1.145767,0.076534,0) {11.017147,10.915796,9.878321};
ST (0.149998,1.213282,0,0.118074,1.253737,0,0.107540,1.218556,0) {11.317462,12.652409,11.928679};
ST (0.118074,1.253737,0,0.075616,1.259011,0,0.107540,1.218556,0) {12.628074,13.256596,11.930395};
ST (0.118074,1.253737,0,0.086150,1.294192,0,0.075616,1.259011,0) {12.645244,13.936719,13.233961};
ST (0.107540,1.218556,0,0.075616,1.259011,0,0.065082,1.223829,0) {11.917172,13.266582,11.882615};
ST (1.213285,0.150006,0,1.218558,0.107544,0,1.253739,0.118079,0) {11.861659,12.461846,13.350667};
ST (1.218558,0.107544,0,1.259011,0.075617,0,1.253739,0.118079,0) {12.560780,12.296479,13.341653};
ST (1.218558,0.107544,0,1.223830,0.065083,0,1.259011,0.075617,0) {12.672243,11.160081,12.193545};
ST (1.253739,0.118079,0,1.259011,0.075617,0,1.294193,0.086151,0) {13.407343,12.135826,13.945226};
ST (0.666597,0.898877,0,0.702782,0.912742,0,0.668164,0.938014,0) {7.956826,8.515641,8.998666};
ST (0.702782,0.912742,0,0.704350,0.951880,0,0.668164,0.938014,0) {8.501504,9.186354,9.014562};
ST (0.702782,0.912742,0,0.738968,0.926608,0,0.704350,0.951880,0) {8.503453,9.319687,9.093983};
ST (0.668164,0.938014,0,0.704350,0.951880,0,0.669731,0.977152,0) {9.019873,9.172052,9.817517};
ST (0.741705,1.006326,0,0.705718,0.991739,0,0.740336,0.966467,0) {12.326082,9.538304,11.114870};
ST (0.705718,0.991739,0,0.704350,0.951880,0,0.740336,0.966467,0) {9.692125,8.969045,10.902031};
ST (0.705718,0.991739,0,0.669731,0.977152,0,0.704350,0.951880,0) {9.842636,9.910550,9.070862};
ST (0.740336,0.966467,0,0.704350,0.951880,0,0.738968,0.926608,0) {10.865870,8.987930,9.402041};
};